[ 2017-05-29T09:57:36+08:00 ] 127.0.0.1 /Api/Cart/reduceNum
INFO: [ app_init ] --START--
INFO: Run Behavior\BuildLiteBehavior [ RunTime:0.000009s ]
INFO: [ app_init ] --END-- [ RunTime:0.000063s ]
INFO: [ app_begin ] --START--
INFO: Run Behavior\ReadHtmlCacheBehavior [ RunTime:0.000046s ]
INFO: [ app_begin ] --END-- [ RunTime:0.000091s ]
SQL: SHOW COLUMNS FROM `shop_shopcart` [ RunTime:0.0004s ]
SQL: SELECT * FROM `shop_shopcart` WHERE (  userid=2 and id=1  ) ORDER BY pid	 LIMIT 1   [ RunTime:0.0002s ]
SQL: UPDATE `shop_shopcart` SET `nums`='49' WHERE (  userid=2 and id=1  ) [ RunTime:0.0012s ]

[ 2017-05-29T09:57:36+08:00 ] 127.0.0.1 /Api/Cart/reduceNum
INFO: [ app_init ] --START--
INFO: Run Behavior\BuildLiteBehavior [ RunTime:0.000011s ]
INFO: [ app_init ] --END-- [ RunTime:0.000071s ]
INFO: [ app_begin ] --START--
INFO: Run Behavior\ReadHtmlCacheBehavior [ RunTime:0.000029s ]
INFO: [ app_begin ] --END-- [ RunTime:0.000060s ]
SQL: SHOW COLUMNS FROM `shop_shopcart` [ RunTime:0.0005s ]
SQL: SELECT * FROM `shop_shopcart` WHERE (  userid=2 and id=1  ) ORDER BY pid	 LIMIT 1   [ RunTime:0.0002s ]
SQL: UPDATE `shop_shopcart` SET `nums`='48' WHERE (  userid=2 and id=1  ) [ RunTime:0.0002s ]

[ 2017-05-29T09:57:36+08:00 ] 127.0.0.1 /Api/Cart/reduceNum
INFO: [ app_init ] --START--
INFO: Run Behavior\BuildLiteBehavior [ RunTime:0.000009s ]
INFO: [ app_init ] --END-- [ RunTime:0.000058s ]
INFO: [ app_begin ] --START--
INFO: Run Behavior\ReadHtmlCacheBehavior [ RunTime:0.000021s ]
INFO: [ app_begin ] --END-- [ RunTime:0.000043s ]
SQL: SHOW COLUMNS FROM `shop_shopcart` [ RunTime:0.0010s ]
SQL: SELECT * FROM `shop_shopcart` WHERE (  userid=2 and id=1  ) ORDER BY pid	 LIMIT 1   [ RunTime:0.0004s ]
SQL: UPDATE `shop_shopcart` SET `nums`='47' WHERE (  userid=2 and id=1  ) [ RunTime:0.0004s ]

[ 2017-05-29T09:57:36+08:00 ] 127.0.0.1 /Api/Cart/reduceNum
INFO: [ app_init ] --START--
INFO: Run Behavior\BuildLiteBehavior [ RunTime:0.000022s ]
INFO: [ app_init ] --END-- [ RunTime:0.000148s ]
INFO: [ app_begin ] --START--
INFO: Run Behavior\ReadHtmlCacheBehavior [ RunTime:0.000058s ]
INFO: [ app_begin ] --END-- [ RunTime:0.000125s ]
SQL: SHOW COLUMNS FROM `shop_shopcart` [ RunTime:0.0009s ]
SQL: SELECT * FROM `shop_shopcart` WHERE (  userid=2 and id=1  ) ORDER BY pid	 LIMIT 1   [ RunTime:0.0004s ]
SQL: UPDATE `shop_shopcart` SET `nums`='46' WHERE (  userid=2 and id=1  ) [ RunTime:0.0003s ]

[ 2017-05-29T09:57:36+08:00 ] 127.0.0.1 /Api/Cart/reduceNum
INFO: [ app_init ] --START--
INFO: Run Behavior\BuildLiteBehavior [ RunTime:0.000016s ]
INFO: [ app_init ] --END-- [ RunTime:0.000107s ]
INFO: [ app_begin ] --START--
INFO: Run Behavior\ReadHtmlCacheBehavior [ RunTime:0.000041s ]
INFO: [ app_begin ] --END-- [ RunTime:0.000088s ]
SQL: SHOW COLUMNS FROM `shop_shopcart` [ RunTime:0.0007s ]
SQL: SELECT * FROM `shop_shopcart` WHERE (  userid=2 and id=1  ) ORDER BY pid	 LIMIT 1   [ RunTime:0.0003s ]
SQL: UPDATE `shop_shopcart` SET `nums`='45' WHERE (  userid=2 and id=1  ) [ RunTime:0.0002s ]

[ 2017-05-29T09:57:37+08:00 ] 127.0.0.1 /Api/Cart/reduceNum
INFO: [ app_init ] --START--
INFO: Run Behavior\BuildLiteBehavior [ RunTime:0.000011s ]
INFO: [ app_init ] --END-- [ RunTime:0.000072s ]
INFO: [ app_begin ] --START--
INFO: Run Behavior\ReadHtmlCacheBehavior [ RunTime:0.000028s ]
INFO: [ app_begin ] --END-- [ RunTime:0.000060s ]
SQL: SHOW COLUMNS FROM `shop_shopcart` [ RunTime:0.0005s ]
SQL: SELECT * FROM `shop_shopcart` WHERE (  userid=2 and id=1  ) ORDER BY pid	 LIMIT 1   [ RunTime:0.0002s ]
SQL: UPDATE `shop_shopcart` SET `nums`='44' WHERE (  userid=2 and id=1  ) [ RunTime:0.0002s ]

[ 2017-05-29T09:57:37+08:00 ] 127.0.0.1 /Api/Cart/reduceNum
INFO: [ app_init ] --START--
INFO: Run Behavior\BuildLiteBehavior [ RunTime:0.000018s ]
INFO: [ app_init ] --END-- [ RunTime:0.000122s ]
INFO: [ app_begin ] --START--
INFO: Run Behavior\ReadHtmlCacheBehavior [ RunTime:0.000048s ]
INFO: [ app_begin ] --END-- [ RunTime:0.000105s ]
SQL: SHOW COLUMNS FROM `shop_shopcart` [ RunTime:0.0005s ]
SQL: SELECT * FROM `shop_shopcart` WHERE (  userid=2 and id=1  ) ORDER BY pid	 LIMIT 1   [ RunTime:0.0002s ]
SQL: UPDATE `shop_shopcart` SET `nums`='43' WHERE (  userid=2 and id=1  ) [ RunTime:0.0001s ]

[ 2017-05-29T09:57:37+08:00 ] 127.0.0.1 /Api/Cart/reduceNum
INFO: [ app_init ] --START--
INFO: Run Behavior\BuildLiteBehavior [ RunTime:0.000010s ]
INFO: [ app_init ] --END-- [ RunTime:0.000056s ]
INFO: [ app_begin ] --START--
INFO: Run Behavior\ReadHtmlCacheBehavior [ RunTime:0.000050s ]
INFO: [ app_begin ] --END-- [ RunTime:0.000105s ]
SQL: SHOW COLUMNS FROM `shop_shopcart` [ RunTime:0.0006s ]
SQL: SELECT * FROM `shop_shopcart` WHERE (  userid=2 and id=1  ) ORDER BY pid	 LIMIT 1   [ RunTime:0.0003s ]
SQL: UPDATE `shop_shopcart` SET `nums`='42' WHERE (  userid=2 and id=1  ) [ RunTime:0.0002s ]

[ 2017-05-29T09:57:37+08:00 ] 127.0.0.1 /Api/Cart/reduceNum
INFO: [ app_init ] --START--
INFO: Run Behavior\BuildLiteBehavior [ RunTime:0.000013s ]
INFO: [ app_init ] --END-- [ RunTime:0.000118s ]
INFO: [ app_begin ] --START--
INFO: Run Behavior\ReadHtmlCacheBehavior [ RunTime:0.000034s ]
INFO: [ app_begin ] --END-- [ RunTime:0.000073s ]
SQL: SHOW COLUMNS FROM `shop_shopcart` [ RunTime:0.0006s ]
SQL: SELECT * FROM `shop_shopcart` WHERE (  userid=2 and id=1  ) ORDER BY pid	 LIMIT 1   [ RunTime:0.0002s ]
SQL: UPDATE `shop_shopcart` SET `nums`='41' WHERE (  userid=2 and id=1  ) [ RunTime:0.0002s ]

[ 2017-05-29T09:57:38+08:00 ] 127.0.0.1 /Api/Cart/reduceNum
INFO: [ app_init ] --START--
INFO: Run Behavior\BuildLiteBehavior [ RunTime:0.000009s ]
INFO: [ app_init ] --END-- [ RunTime:0.000058s ]
INFO: [ app_begin ] --START--
INFO: Run Behavior\ReadHtmlCacheBehavior [ RunTime:0.000022s ]
INFO: [ app_begin ] --END-- [ RunTime:0.000045s ]
SQL: SHOW COLUMNS FROM `shop_shopcart` [ RunTime:0.0012s ]
SQL: SELECT * FROM `shop_shopcart` WHERE (  userid=2 and id=1  ) ORDER BY pid	 LIMIT 1   [ RunTime:0.0004s ]
SQL: UPDATE `shop_shopcart` SET `nums`='40' WHERE (  userid=2 and id=1  ) [ RunTime:0.0003s ]

[ 2017-05-29T09:57:38+08:00 ] 127.0.0.1 /Api/Cart/reduceNum
INFO: [ app_init ] --START--
INFO: Run Behavior\BuildLiteBehavior [ RunTime:0.000010s ]
INFO: [ app_init ] --END-- [ RunTime:0.000061s ]
INFO: [ app_begin ] --START--
INFO: Run Behavior\ReadHtmlCacheBehavior [ RunTime:0.000021s ]
INFO: [ app_begin ] --END-- [ RunTime:0.000044s ]
SQL: SHOW COLUMNS FROM `shop_shopcart` [ RunTime:0.0007s ]
SQL: SELECT * FROM `shop_shopcart` WHERE (  userid=2 and id=1  ) ORDER BY pid	 LIMIT 1   [ RunTime:0.0002s ]
SQL: UPDATE `shop_shopcart` SET `nums`='39' WHERE (  userid=2 and id=1  ) [ RunTime:0.0001s ]

[ 2017-05-29T09:57:45+08:00 ] 127.0.0.1 /Api/Address/getProvice
INFO: [ app_init ] --START--
INFO: Run Behavior\BuildLiteBehavior [ RunTime:0.000009s ]
INFO: [ app_init ] --END-- [ RunTime:0.000060s ]
INFO: [ app_begin ] --START--
INFO: Run Behavior\ReadHtmlCacheBehavior [ RunTime:0.000022s ]
INFO: [ app_begin ] --END-- [ RunTime:0.000046s ]
SQL: SHOW COLUMNS FROM `shop_city` [ RunTime:0.0004s ]
SQL: SELECT * FROM `shop_city` WHERE (  pid=0  )  [ RunTime:0.0016s ]

[ 2017-05-29T10:38:08+08:00 ] 127.0.0.1 /Api/Goods/selformat
INFO: [ app_init ] --START--
INFO: Run Behavior\BuildLiteBehavior [ RunTime:0.000009s ]
INFO: [ app_init ] --END-- [ RunTime:0.000057s ]
INFO: [ app_begin ] --START--
INFO: Run Behavior\ReadHtmlCacheBehavior [ RunTime:0.000022s ]
INFO: [ app_begin ] --END-- [ RunTime:0.000044s ]
SQL: SHOW COLUMNS FROM `shop_goods_detail` [ RunTime:0.0004s ]
SQL: SELECT * FROM `shop_goods_detail` WHERE (  goodsid=4  ) LIMIT 1   [ RunTime:0.0002s ]

[ 2017-05-29T10:38:14+08:00 ] 127.0.0.1 /Api/Cart/addbasket
INFO: [ app_init ] --START--
INFO: Run Behavior\BuildLiteBehavior [ RunTime:0.000013s ]
INFO: [ app_init ] --END-- [ RunTime:0.000102s ]
INFO: [ app_begin ] --START--
INFO: Run Behavior\ReadHtmlCacheBehavior [ RunTime:0.000047s ]
INFO: [ app_begin ] --END-- [ RunTime:0.000079s ]
SQL: SHOW COLUMNS FROM `shop_shopcart` [ RunTime:0.0004s ]
SQL: SELECT * FROM `shop_shopcart` WHERE (  userid=2 and goodsid=4  ) LIMIT 1   [ RunTime:0.0002s ]
SQL: INSERT INTO `shop_shopcart` (`goodsid`,`nums`,`userid`,`pid`) VALUES ('4','10','2','2') [ RunTime:0.0001s ]

[ 2017-05-29T10:38:16+08:00 ] 127.0.0.1 /Api/Cart/addbasket
INFO: [ app_init ] --START--
INFO: Run Behavior\BuildLiteBehavior [ RunTime:0.000010s ]
INFO: [ app_init ] --END-- [ RunTime:0.000065s ]
INFO: [ app_begin ] --START--
INFO: Run Behavior\ReadHtmlCacheBehavior [ RunTime:0.000024s ]
INFO: [ app_begin ] --END-- [ RunTime:0.000051s ]
SQL: SHOW COLUMNS FROM `shop_shopcart` [ RunTime:0.0005s ]
SQL: SELECT * FROM `shop_shopcart` WHERE (  userid=2 and goodsid=4  ) LIMIT 1   [ RunTime:0.0002s ]
SQL: UPDATE `shop_shopcart` SET `goodsid`='4',`nums`='20',`userid`='2',`pid`='2' WHERE (  userid=2 and goodsid=4  ) [ RunTime:0.0001s ]

[ 2017-05-29T10:38:22+08:00 ] 127.0.0.1 /Api/Cart/addNum
INFO: [ app_init ] --START--
INFO: Run Behavior\BuildLiteBehavior [ RunTime:0.000009s ]
INFO: [ app_init ] --END-- [ RunTime:0.000061s ]
INFO: [ app_begin ] --START--
INFO: Run Behavior\ReadHtmlCacheBehavior [ RunTime:0.000024s ]
INFO: [ app_begin ] --END-- [ RunTime:0.000047s ]
SQL: SHOW COLUMNS FROM `shop_shopcart` [ RunTime:0.0005s ]
SQL: SELECT * FROM `shop_shopcart` WHERE (  userid=2 and id=3  ) LIMIT 1   [ RunTime:0.0002s ]
SQL: SHOW COLUMNS FROM `shop_goods_detail` [ RunTime:0.0006s ]
SQL: SELECT * FROM `shop_goods_detail` WHERE ( goodsid=4  ) LIMIT 1   [ RunTime:0.0002s ]

[ 2017-05-29T10:38:27+08:00 ] 127.0.0.1 /Api/Cart/addbasket
INFO: [ app_init ] --START--
INFO: Run Behavior\BuildLiteBehavior [ RunTime:0.000011s ]
INFO: [ app_init ] --END-- [ RunTime:0.000078s ]
INFO: [ app_begin ] --START--
INFO: Run Behavior\ReadHtmlCacheBehavior [ RunTime:0.000032s ]
INFO: [ app_begin ] --END-- [ RunTime:0.000077s ]
SQL: SHOW COLUMNS FROM `shop_shopcart` [ RunTime:0.0005s ]
SQL: SELECT * FROM `shop_shopcart` WHERE (  userid=2 and goodsid=4  ) LIMIT 1   [ RunTime:0.0002s ]
SQL: UPDATE `shop_shopcart` SET `goodsid`='4',`nums`='30',`userid`='2',`pid`='2' WHERE (  userid=2 and goodsid=4  ) [ RunTime:0.0002s ]

[ 2017-05-29T10:38:32+08:00 ] 127.0.0.1 /Api/Address/getProvice
INFO: [ app_init ] --START--
INFO: Run Behavior\BuildLiteBehavior [ RunTime:0.000008s ]
INFO: [ app_init ] --END-- [ RunTime:0.000053s ]
INFO: [ app_begin ] --START--
INFO: Run Behavior\ReadHtmlCacheBehavior [ RunTime:0.000020s ]
INFO: [ app_begin ] --END-- [ RunTime:0.000042s ]
SQL: SHOW COLUMNS FROM `shop_city` [ RunTime:0.0004s ]
SQL: SELECT * FROM `shop_city` WHERE (  pid=0  )  [ RunTime:0.0001s ]

[ 2017-05-29T10:38:34+08:00 ] 127.0.0.1 /Api/Order/cartorder
INFO: [ app_init ] --START--
INFO: Run Behavior\BuildLiteBehavior [ RunTime:0.000009s ]
INFO: [ app_init ] --END-- [ RunTime:0.000059s ]
INFO: [ app_begin ] --START--
INFO: Run Behavior\ReadHtmlCacheBehavior [ RunTime:0.000022s ]
INFO: [ app_begin ] --END-- [ RunTime:0.000046s ]

[ 2017-05-29T10:38:39+08:00 ] 127.0.0.1 /Api/Order/cartorder
INFO: [ app_init ] --START--
INFO: Run Behavior\BuildLiteBehavior [ RunTime:0.000012s ]
INFO: [ app_init ] --END-- [ RunTime:0.000078s ]
INFO: [ app_begin ] --START--
INFO: Run Behavior\ReadHtmlCacheBehavior [ RunTime:0.000032s ]
INFO: [ app_begin ] --END-- [ RunTime:0.000063s ]

[ 2017-05-29T10:39:25+08:00 ] 127.0.0.1 /Api/Address/getProvice
INFO: [ app_init ] --START--
INFO: Run Behavior\BuildLiteBehavior [ RunTime:0.000010s ]
INFO: [ app_init ] --END-- [ RunTime:0.000060s ]
INFO: [ app_begin ] --START--
INFO: Run Behavior\ReadHtmlCacheBehavior [ RunTime:0.000022s ]
INFO: [ app_begin ] --END-- [ RunTime:0.000046s ]
SQL: SHOW COLUMNS FROM `shop_city` [ RunTime:0.0004s ]
SQL: SELECT * FROM `shop_city` WHERE (  pid=0  )  [ RunTime:0.0001s ]

[ 2017-05-29T10:39:29+08:00 ] 127.0.0.1 /Api/Order/cartorder
INFO: [ app_init ] --START--
INFO: Run Behavior\BuildLiteBehavior [ RunTime:0.000010s ]
INFO: [ app_init ] --END-- [ RunTime:0.000061s ]
INFO: [ app_begin ] --START--
INFO: Run Behavior\ReadHtmlCacheBehavior [ RunTime:0.000025s ]
INFO: [ app_begin ] --END-- [ RunTime:0.000048s ]

[ 2017-05-29T10:40:40+08:00 ] 127.0.0.1 /Api/Address/getProvice
INFO: [ app_init ] --START--
INFO: Run Behavior\BuildLiteBehavior [ RunTime:0.000009s ]
INFO: [ app_init ] --END-- [ RunTime:0.000060s ]
INFO: [ app_begin ] --START--
INFO: Run Behavior\ReadHtmlCacheBehavior [ RunTime:0.000022s ]
INFO: [ app_begin ] --END-- [ RunTime:0.000045s ]
SQL: SHOW COLUMNS FROM `shop_city` [ RunTime:0.0004s ]
SQL: SELECT * FROM `shop_city` WHERE (  pid=0  )  [ RunTime:0.0001s ]

[ 2017-05-29T10:41:15+08:00 ] 127.0.0.1 /Api/Address/getProvice
INFO: [ app_init ] --START--
INFO: Run Behavior\BuildLiteBehavior [ RunTime:0.000009s ]
INFO: [ app_init ] --END-- [ RunTime:0.000059s ]
INFO: [ app_begin ] --START--
INFO: Run Behavior\ReadHtmlCacheBehavior [ RunTime:0.000022s ]
INFO: [ app_begin ] --END-- [ RunTime:0.000046s ]
SQL: SHOW COLUMNS FROM `shop_city` [ RunTime:0.0004s ]
SQL: SELECT * FROM `shop_city` WHERE (  pid=0  )  [ RunTime:0.0001s ]

[ 2017-05-29T10:41:16+08:00 ] 127.0.0.1 /Api/Order/cartorder
INFO: [ app_init ] --START--
INFO: Run Behavior\BuildLiteBehavior [ RunTime:0.000015s ]
INFO: [ app_init ] --END-- [ RunTime:0.000106s ]
INFO: [ app_begin ] --START--
INFO: Run Behavior\ReadHtmlCacheBehavior [ RunTime:0.000042s ]
INFO: [ app_begin ] --END-- [ RunTime:0.000091s ]

[ 2017-05-29T10:41:34+08:00 ] 127.0.0.1 /Api/Address/getProvice
INFO: [ app_init ] --START--
INFO: Run Behavior\BuildLiteBehavior [ RunTime:0.000009s ]
INFO: [ app_init ] --END-- [ RunTime:0.000061s ]
INFO: [ app_begin ] --START--
INFO: Run Behavior\ReadHtmlCacheBehavior [ RunTime:0.000023s ]
INFO: [ app_begin ] --END-- [ RunTime:0.000046s ]
SQL: SHOW COLUMNS FROM `shop_city` [ RunTime:0.0004s ]
SQL: SELECT * FROM `shop_city` WHERE (  pid=0  )  [ RunTime:0.0001s ]

[ 2017-05-29T10:41:38+08:00 ] 127.0.0.1 /Api/Order/cartorder
INFO: [ app_init ] --START--
INFO: Run Behavior\BuildLiteBehavior [ RunTime:0.000009s ]
INFO: [ app_init ] --END-- [ RunTime:0.000063s ]
INFO: [ app_begin ] --START--
INFO: Run Behavior\ReadHtmlCacheBehavior [ RunTime:0.000025s ]
INFO: [ app_begin ] --END-- [ RunTime:0.000048s ]
SQL: SHOW COLUMNS FROM `shop_shopcart` [ RunTime:0.0004s ]
SQL: SHOW COLUMNS FROM `shop_order` [ RunTime:0.0003s ]
SQL: SHOW COLUMNS FROM `shop_goods_detail` [ RunTime:0.0003s ]
SQL: SELECT * FROM `shop_shopcart` WHERE (  id=2  ) LIMIT 1   [ RunTime:0.0001s ]
SQL: SELECT * FROM `shop_goods_detail` WHERE (  goodsid=2  ) LIMIT 1   [ RunTime:0.0000s ]
NOTIC: [8] Undefined index: num /var/www/html/thinkphp_shop.com/Application/Api/Controller/OrderController.class.php 第 65 行.
SQL: INSERT INTO `shop_order` (`userid`,`adrid`,`goodsid`,`num`,`ordernum`,`time`) VALUES ('2','4','2','10','149602569850495053','1496025698') [ RunTime:0.0017s ]
SQL: SELECT * FROM `shop_goods_detail` WHERE (  goodsid=2  ) LIMIT 1   [ RunTime:0.0001s ]
SQL: UPDATE `shop_goods_detail` SET `stock`='369' WHERE (  goodsid=2  ) [ RunTime:0.0002s ]
SQL: SHOW COLUMNS FROM `shop_goods` [ RunTime:0.0004s ]
SQL: SELECT * FROM `shop_goods` WHERE (  id=1  ) LIMIT 1   [ RunTime:0.0001s ]
SQL: UPDATE `shop_goods` SET `sales`='40' WHERE (  id=1  ) [ RunTime:0.0002s ]
SQL: DELETE FROM `shop_shopcart` WHERE (  id=2 ) [ RunTime:0.0001s ]
SQL: SELECT * FROM `shop_shopcart` WHERE (  id=3  ) LIMIT 1   [ RunTime:0.0001s ]
ERR: 1054:Unknown column 'goodsid' in 'where clause'
 [ SQL语句 ] : SELECT * FROM `shop_goods` WHERE (  goodsid=4  ) LIMIT 1  
ERR: 1054:Unknown column 'goodsid' in 'where clause'
 [ SQL语句 ] : SELECT * FROM `shop_goods` WHERE (  goodsid=4  ) LIMIT 1  

[ 2017-05-29T10:46:35+08:00 ] 127.0.0.1 /Api/Address/getProvice
INFO: [ app_init ] --START--
INFO: Run Behavior\BuildLiteBehavior [ RunTime:0.000009s ]
INFO: [ app_init ] --END-- [ RunTime:0.000060s ]
INFO: [ app_begin ] --START--
INFO: Run Behavior\ReadHtmlCacheBehavior [ RunTime:0.000023s ]
INFO: [ app_begin ] --END-- [ RunTime:0.000046s ]
SQL: SHOW COLUMNS FROM `shop_city` [ RunTime:0.0004s ]
SQL: SELECT * FROM `shop_city` WHERE (  pid=0  )  [ RunTime:0.0001s ]

[ 2017-05-29T10:46:48+08:00 ] 127.0.0.1 /Api/Order/cartorder
INFO: [ app_init ] --START--
INFO: Run Behavior\BuildLiteBehavior [ RunTime:0.000011s ]
INFO: [ app_init ] --END-- [ RunTime:0.000073s ]
INFO: [ app_begin ] --START--
INFO: Run Behavior\ReadHtmlCacheBehavior [ RunTime:0.000029s ]
INFO: [ app_begin ] --END-- [ RunTime:0.000057s ]
SQL: SHOW COLUMNS FROM `shop_shopcart` [ RunTime:0.0005s ]
SQL: SHOW COLUMNS FROM `shop_order` [ RunTime:0.0004s ]
SQL: SHOW COLUMNS FROM `shop_goods_detail` [ RunTime:0.0004s ]
SQL: SELECT * FROM `shop_shopcart` WHERE (  id=1  ) LIMIT 1   [ RunTime:0.0002s ]
SQL: SELECT * FROM `shop_goods_detail` WHERE (  goodsid=1  ) LIMIT 1   [ RunTime:0.0001s ]
NOTIC: [8] Undefined index: num /var/www/html/thinkphp_shop.com/Application/Api/Controller/OrderController.class.php 第 65 行.
SQL: INSERT INTO `shop_order` (`userid`,`adrid`,`goodsid`,`num`,`ordernum`,`time`) VALUES ('2','5','1','39','149602600856995553','1496026008') [ RunTime:0.0015s ]
SQL: SELECT * FROM `shop_goods_detail` WHERE (  goodsid=1  ) LIMIT 1   [ RunTime:0.0001s ]
SQL: UPDATE `shop_goods_detail` SET `stock`='452' WHERE (  goodsid=1  ) [ RunTime:0.0002s ]
SQL: SHOW COLUMNS FROM `shop_goods` [ RunTime:0.0004s ]
SQL: SELECT * FROM `shop_goods` WHERE (  id=1  ) LIMIT 1   [ RunTime:0.0001s ]
SQL: UPDATE `shop_goods` SET `sales`='79' WHERE (  id=1  ) [ RunTime:0.0002s ]
SQL: DELETE FROM `shop_shopcart` WHERE (  id=1 ) [ RunTime:0.0001s ]
SQL: SELECT * FROM `shop_shopcart` WHERE (  id=3  ) LIMIT 1   [ RunTime:0.0001s ]
ERR: 1054:Unknown column 'goodsid' in 'where clause'
 [ SQL语句 ] : SELECT * FROM `shop_goods` WHERE (  goodsid=4  ) LIMIT 1  
ERR: 1054:Unknown column 'goodsid' in 'where clause'
 [ SQL语句 ] : SELECT * FROM `shop_goods` WHERE (  goodsid=4  ) LIMIT 1  

[ 2017-05-29T10:47:13+08:00 ] 127.0.0.1 /Api/Goods/selformat
INFO: [ app_init ] --START--
INFO: Run Behavior\BuildLiteBehavior [ RunTime:0.000011s ]
INFO: [ app_init ] --END-- [ RunTime:0.000076s ]
INFO: [ app_begin ] --START--
INFO: Run Behavior\ReadHtmlCacheBehavior [ RunTime:0.000031s ]
INFO: [ app_begin ] --END-- [ RunTime:0.000059s ]
SQL: SHOW COLUMNS FROM `shop_goods_detail` [ RunTime:0.0005s ]
SQL: SELECT * FROM `shop_goods_detail` WHERE (  goodsid=4  ) LIMIT 1   [ RunTime:0.0002s ]

[ 2017-05-29T10:47:14+08:00 ] 127.0.0.1 /Api/Cart/addbasket
INFO: [ app_init ] --START--
INFO: Run Behavior\BuildLiteBehavior [ RunTime:0.000009s ]
INFO: [ app_init ] --END-- [ RunTime:0.000054s ]
INFO: [ app_begin ] --START--
INFO: Run Behavior\ReadHtmlCacheBehavior [ RunTime:0.000020s ]
INFO: [ app_begin ] --END-- [ RunTime:0.000040s ]
SQL: SHOW COLUMNS FROM `shop_shopcart` [ RunTime:0.0009s ]
SQL: SELECT * FROM `shop_shopcart` WHERE (  userid=2 and goodsid=4  ) LIMIT 1   [ RunTime:0.0004s ]
SQL: UPDATE `shop_shopcart` SET `goodsid`='4',`nums`='40',`userid`='2',`pid`='2' WHERE (  userid=2 and goodsid=4  ) [ RunTime:0.0004s ]

[ 2017-05-29T10:47:20+08:00 ] 127.0.0.1 /Api/Address/getProvice
INFO: [ app_init ] --START--
INFO: Run Behavior\BuildLiteBehavior [ RunTime:0.000010s ]
INFO: [ app_init ] --END-- [ RunTime:0.000060s ]
INFO: [ app_begin ] --START--
INFO: Run Behavior\ReadHtmlCacheBehavior [ RunTime:0.000023s ]
INFO: [ app_begin ] --END-- [ RunTime:0.000048s ]
SQL: SHOW COLUMNS FROM `shop_city` [ RunTime:0.0004s ]
SQL: SELECT * FROM `shop_city` WHERE (  pid=0  )  [ RunTime:0.0001s ]

[ 2017-05-29T10:47:23+08:00 ] 127.0.0.1 /Api/Order/cartorder
INFO: [ app_init ] --START--
INFO: Run Behavior\BuildLiteBehavior [ RunTime:0.000008s ]
INFO: [ app_init ] --END-- [ RunTime:0.000059s ]
INFO: [ app_begin ] --START--
INFO: Run Behavior\ReadHtmlCacheBehavior [ RunTime:0.000023s ]
INFO: [ app_begin ] --END-- [ RunTime:0.000045s ]
SQL: SHOW COLUMNS FROM `shop_shopcart` [ RunTime:0.0004s ]
SQL: SHOW COLUMNS FROM `shop_order` [ RunTime:0.0003s ]
SQL: SHOW COLUMNS FROM `shop_goods_detail` [ RunTime:0.0003s ]
SQL: SELECT * FROM `shop_shopcart` WHERE (  id=3  ) LIMIT 1   [ RunTime:0.0001s ]
SQL: SELECT * FROM `shop_goods_detail` WHERE (  goodsid=4  ) LIMIT 1   [ RunTime:0.0000s ]
NOTIC: [8] Undefined index: num /var/www/html/thinkphp_shop.com/Application/Api/Controller/OrderController.class.php 第 65 行.
SQL: INSERT INTO `shop_order` (`userid`,`adrid`,`goodsid`,`num`,`ordernum`,`time`) VALUES ('2','4','4','40','149602604398571025','1496026043') [ RunTime:0.0018s ]
SQL: SELECT * FROM `shop_goods_detail` WHERE (  goodsid=4  ) LIMIT 1   [ RunTime:0.0001s ]
SQL: UPDATE `shop_goods_detail` SET `stock`='-20' WHERE (  goodsid=4  ) [ RunTime:0.0002s ]
SQL: SHOW COLUMNS FROM `shop_goods` [ RunTime:0.0004s ]
SQL: SELECT * FROM `shop_goods` WHERE (  id=2  ) LIMIT 1   [ RunTime:0.0001s ]
SQL: UPDATE `shop_goods` SET `sales`='80' WHERE (  id=2  ) [ RunTime:0.0002s ]
SQL: DELETE FROM `shop_shopcart` WHERE (  id=3 ) [ RunTime:0.0001s ]

[ 2017-05-29T10:48:13+08:00 ] 127.0.0.1 /Api/Goods/selformat
INFO: [ app_init ] --START--
INFO: Run Behavior\BuildLiteBehavior [ RunTime:0.000026s ]
INFO: [ app_init ] --END-- [ RunTime:0.000183s ]
INFO: [ app_begin ] --START--
INFO: Run Behavior\ReadHtmlCacheBehavior [ RunTime:0.000072s ]
INFO: [ app_begin ] --END-- [ RunTime:0.000154s ]
SQL: SHOW COLUMNS FROM `shop_goods_detail` [ RunTime:0.0005s ]
SQL: SELECT * FROM `shop_goods_detail` WHERE (  goodsid=4  ) LIMIT 1   [ RunTime:0.0003s ]

[ 2017-05-29T10:48:16+08:00 ] 127.0.0.1 /Api/Cart/addbasket
INFO: [ app_init ] --START--
INFO: Run Behavior\BuildLiteBehavior [ RunTime:0.000027s ]
INFO: [ app_init ] --END-- [ RunTime:0.000197s ]
INFO: [ app_begin ] --START--
INFO: Run Behavior\ReadHtmlCacheBehavior [ RunTime:0.000083s ]
INFO: [ app_begin ] --END-- [ RunTime:0.000168s ]
SQL: SHOW COLUMNS FROM `shop_shopcart` [ RunTime:0.0004s ]
SQL: SELECT * FROM `shop_shopcart` WHERE (  userid=2 and goodsid=4  ) LIMIT 1   [ RunTime:0.0001s ]
SQL: INSERT INTO `shop_shopcart` (`goodsid`,`nums`,`userid`,`pid`) VALUES ('4','10','2','2') [ RunTime:0.0001s ]

[ 2017-05-29T10:48:17+08:00 ] 127.0.0.1 /Api/Cart/addbasket
INFO: [ app_init ] --START--
INFO: Run Behavior\BuildLiteBehavior [ RunTime:0.000027s ]
INFO: [ app_init ] --END-- [ RunTime:0.000182s ]
INFO: [ app_begin ] --START--
INFO: Run Behavior\ReadHtmlCacheBehavior [ RunTime:0.000071s ]
INFO: [ app_begin ] --END-- [ RunTime:0.000154s ]
SQL: SHOW COLUMNS FROM `shop_shopcart` [ RunTime:0.0004s ]
SQL: SELECT * FROM `shop_shopcart` WHERE (  userid=2 and goodsid=4  ) LIMIT 1   [ RunTime:0.0002s ]
SQL: UPDATE `shop_shopcart` SET `goodsid`='4',`nums`='20',`userid`='2',`pid`='2' WHERE (  userid=2 and goodsid=4  ) [ RunTime:0.0002s ]

[ 2017-05-29T10:48:17+08:00 ] 127.0.0.1 /Api/Cart/addbasket
INFO: [ app_init ] --START--
INFO: Run Behavior\BuildLiteBehavior [ RunTime:0.000014s ]
INFO: [ app_init ] --END-- [ RunTime:0.000096s ]
INFO: [ app_begin ] --START--
INFO: Run Behavior\ReadHtmlCacheBehavior [ RunTime:0.000036s ]
INFO: [ app_begin ] --END-- [ RunTime:0.000078s ]
SQL: SHOW COLUMNS FROM `shop_shopcart` [ RunTime:0.0004s ]
SQL: SELECT * FROM `shop_shopcart` WHERE (  userid=2 and goodsid=4  ) LIMIT 1   [ RunTime:0.0002s ]
SQL: UPDATE `shop_shopcart` SET `goodsid`='4',`nums`='30',`userid`='2',`pid`='2' WHERE (  userid=2 and goodsid=4  ) [ RunTime:0.0001s ]

[ 2017-05-29T10:49:17+08:00 ] 127.0.0.1 /Api/Address/getProvice
INFO: [ app_init ] --START--
INFO: Run Behavior\BuildLiteBehavior [ RunTime:0.000008s ]
INFO: [ app_init ] --END-- [ RunTime:0.000062s ]
INFO: [ app_begin ] --START--
INFO: Run Behavior\ReadHtmlCacheBehavior [ RunTime:0.000028s ]
INFO: [ app_begin ] --END-- [ RunTime:0.000051s ]
SQL: SHOW COLUMNS FROM `shop_city` [ RunTime:0.0004s ]
SQL: SELECT * FROM `shop_city` WHERE (  pid=0  )  [ RunTime:0.0001s ]

[ 2017-05-29T10:49:23+08:00 ] 127.0.0.1 /Api/Address/getProvice
INFO: [ app_init ] --START--
INFO: Run Behavior\BuildLiteBehavior [ RunTime:0.000010s ]
INFO: [ app_init ] --END-- [ RunTime:0.000059s ]
INFO: [ app_begin ] --START--
INFO: Run Behavior\ReadHtmlCacheBehavior [ RunTime:0.000023s ]
INFO: [ app_begin ] --END-- [ RunTime:0.000046s ]
SQL: SHOW COLUMNS FROM `shop_city` [ RunTime:0.0004s ]
SQL: SELECT * FROM `shop_city` WHERE (  pid=0  )  [ RunTime:0.0001s ]

[ 2017-05-29T10:49:26+08:00 ] 127.0.0.1 /Api/Order/cartorder
INFO: [ app_init ] --START--
INFO: Run Behavior\BuildLiteBehavior [ RunTime:0.000011s ]
INFO: [ app_init ] --END-- [ RunTime:0.000071s ]
INFO: [ app_begin ] --START--
INFO: Run Behavior\ReadHtmlCacheBehavior [ RunTime:0.000028s ]
INFO: [ app_begin ] --END-- [ RunTime:0.000056s ]
SQL: SHOW COLUMNS FROM `shop_shopcart` [ RunTime:0.0012s ]
SQL: SHOW COLUMNS FROM `shop_order` [ RunTime:0.0012s ]
SQL: SHOW COLUMNS FROM `shop_goods_detail` [ RunTime:0.0011s ]
SQL: SELECT * FROM `shop_shopcart` WHERE (  id=4  ) LIMIT 1   [ RunTime:0.0005s ]
SQL: SELECT * FROM `shop_goods_detail` WHERE (  goodsid=4  ) LIMIT 1   [ RunTime:0.0002s ]
NOTIC: [8] Undefined index: falvor /var/www/html/thinkphp_shop.com/Application/Api/Controller/OrderController.class.php 第 66 行.

[ 2017-05-29T10:49:30+08:00 ] 127.0.0.1 /Api/Order/cartorder
INFO: [ app_init ] --START--
INFO: Run Behavior\BuildLiteBehavior [ RunTime:0.000009s ]
INFO: [ app_init ] --END-- [ RunTime:0.000058s ]
INFO: [ app_begin ] --START--
INFO: Run Behavior\ReadHtmlCacheBehavior [ RunTime:0.000022s ]
INFO: [ app_begin ] --END-- [ RunTime:0.000044s ]
SQL: SHOW COLUMNS FROM `shop_shopcart` [ RunTime:0.0004s ]
SQL: SHOW COLUMNS FROM `shop_order` [ RunTime:0.0003s ]
SQL: SHOW COLUMNS FROM `shop_goods_detail` [ RunTime:0.0003s ]
SQL: SELECT * FROM `shop_shopcart` WHERE (  id=4  ) LIMIT 1   [ RunTime:0.0001s ]
SQL: SELECT * FROM `shop_goods_detail` WHERE (  goodsid=4  ) LIMIT 1   [ RunTime:0.0000s ]
NOTIC: [8] Undefined index: falvor /var/www/html/thinkphp_shop.com/Application/Api/Controller/OrderController.class.php 第 66 行.

[ 2017-05-29T10:49:58+08:00 ] 127.0.0.1 /Api/Address/getProvice
INFO: [ app_init ] --START--
INFO: Run Behavior\BuildLiteBehavior [ RunTime:0.000009s ]
INFO: [ app_init ] --END-- [ RunTime:0.000060s ]
INFO: [ app_begin ] --START--
INFO: Run Behavior\ReadHtmlCacheBehavior [ RunTime:0.000022s ]
INFO: [ app_begin ] --END-- [ RunTime:0.000045s ]
SQL: SHOW COLUMNS FROM `shop_city` [ RunTime:0.0004s ]
SQL: SELECT * FROM `shop_city` WHERE (  pid=0  )  [ RunTime:0.0001s ]

[ 2017-05-29T10:50:09+08:00 ] 127.0.0.1 /Api/Order/cartorder
INFO: [ app_init ] --START--
INFO: Run Behavior\BuildLiteBehavior [ RunTime:0.000009s ]
INFO: [ app_init ] --END-- [ RunTime:0.000064s ]
INFO: [ app_begin ] --START--
INFO: Run Behavior\ReadHtmlCacheBehavior [ RunTime:0.000025s ]
INFO: [ app_begin ] --END-- [ RunTime:0.000048s ]
SQL: SHOW COLUMNS FROM `shop_shopcart` [ RunTime:0.0004s ]
SQL: SHOW COLUMNS FROM `shop_order` [ RunTime:0.0004s ]
SQL: SHOW COLUMNS FROM `shop_goods_detail` [ RunTime:0.0003s ]
SQL: SELECT * FROM `shop_shopcart` WHERE (  id=4  ) LIMIT 1   [ RunTime:0.0001s ]
SQL: SELECT * FROM `shop_goods_detail` WHERE (  goodsid=4  ) LIMIT 1   [ RunTime:0.0001s ]

[ 2017-05-29T10:51:31+08:00 ] 127.0.0.1 /Api/Address/getProvice
INFO: [ app_init ] --START--
INFO: Run Behavior\BuildLiteBehavior [ RunTime:0.000010s ]
INFO: [ app_init ] --END-- [ RunTime:0.000060s ]
INFO: [ app_begin ] --START--
INFO: Run Behavior\ReadHtmlCacheBehavior [ RunTime:0.000025s ]
INFO: [ app_begin ] --END-- [ RunTime:0.000049s ]
SQL: SHOW COLUMNS FROM `shop_city` [ RunTime:0.0004s ]
SQL: SELECT * FROM `shop_city` WHERE (  pid=0  )  [ RunTime:0.0001s ]

[ 2017-05-29T10:51:36+08:00 ] 127.0.0.1 /Api/Order/cartorder
INFO: [ app_init ] --START--
INFO: Run Behavior\BuildLiteBehavior [ RunTime:0.000010s ]
INFO: [ app_init ] --END-- [ RunTime:0.000071s ]
INFO: [ app_begin ] --START--
INFO: Run Behavior\ReadHtmlCacheBehavior [ RunTime:0.000028s ]
INFO: [ app_begin ] --END-- [ RunTime:0.000056s ]
SQL: SHOW COLUMNS FROM `shop_shopcart` [ RunTime:0.0004s ]
SQL: SHOW COLUMNS FROM `shop_order` [ RunTime:0.0004s ]
SQL: SHOW COLUMNS FROM `shop_goods_detail` [ RunTime:0.0004s ]
SQL: SELECT * FROM `shop_shopcart` WHERE (  id=4  ) LIMIT 1   [ RunTime:0.0001s ]
SQL: SELECT * FROM `shop_goods_detail` WHERE (  goodsid=4  ) LIMIT 1   [ RunTime:0.0001s ]

[ 2017-05-29T10:51:37+08:00 ] 127.0.0.1 /Api/Order/cartorder
INFO: [ app_init ] --START--
INFO: Run Behavior\BuildLiteBehavior [ RunTime:0.000010s ]
INFO: [ app_init ] --END-- [ RunTime:0.000067s ]
INFO: [ app_begin ] --START--
INFO: Run Behavior\ReadHtmlCacheBehavior [ RunTime:0.000025s ]
INFO: [ app_begin ] --END-- [ RunTime:0.000053s ]
SQL: SHOW COLUMNS FROM `shop_shopcart` [ RunTime:0.0004s ]
SQL: SHOW COLUMNS FROM `shop_order` [ RunTime:0.0004s ]
SQL: SHOW COLUMNS FROM `shop_goods_detail` [ RunTime:0.0004s ]
SQL: SELECT * FROM `shop_shopcart` WHERE (  id=4  ) LIMIT 1   [ RunTime:0.0001s ]
SQL: SELECT * FROM `shop_goods_detail` WHERE (  goodsid=4  ) LIMIT 1   [ RunTime:0.0001s ]

[ 2017-05-29T10:51:41+08:00 ] 127.0.0.1 /Api/Order/cartorder
INFO: [ app_init ] --START--
INFO: Run Behavior\BuildLiteBehavior [ RunTime:0.000009s ]
INFO: [ app_init ] --END-- [ RunTime:0.000063s ]
INFO: [ app_begin ] --START--
INFO: Run Behavior\ReadHtmlCacheBehavior [ RunTime:0.000024s ]
INFO: [ app_begin ] --END-- [ RunTime:0.000046s ]
SQL: SHOW COLUMNS FROM `shop_shopcart` [ RunTime:0.0004s ]
SQL: SHOW COLUMNS FROM `shop_order` [ RunTime:0.0008s ]
SQL: SHOW COLUMNS FROM `shop_goods_detail` [ RunTime:0.0006s ]
SQL: SELECT * FROM `shop_shopcart` WHERE (  id=4  ) LIMIT 1   [ RunTime:0.0003s ]
SQL: SELECT * FROM `shop_goods_detail` WHERE (  goodsid=4  ) LIMIT 1   [ RunTime:0.0003s ]

[ 2017-05-29T10:51:45+08:00 ] 127.0.0.1 /Api/Order/cartorder
INFO: [ app_init ] --START--
INFO: Run Behavior\BuildLiteBehavior [ RunTime:0.000010s ]
INFO: [ app_init ] --END-- [ RunTime:0.000072s ]
INFO: [ app_begin ] --START--
INFO: Run Behavior\ReadHtmlCacheBehavior [ RunTime:0.000029s ]
INFO: [ app_begin ] --END-- [ RunTime:0.000056s ]
SQL: SHOW COLUMNS FROM `shop_shopcart` [ RunTime:0.0005s ]
SQL: SHOW COLUMNS FROM `shop_order` [ RunTime:0.0004s ]
SQL: SHOW COLUMNS FROM `shop_goods_detail` [ RunTime:0.0011s ]
SQL: SELECT * FROM `shop_shopcart` WHERE (  id=4  ) LIMIT 1   [ RunTime:0.0002s ]
SQL: SELECT * FROM `shop_goods_detail` WHERE (  goodsid=4  ) LIMIT 1   [ RunTime:0.0000s ]

[ 2017-05-29T10:52:00+08:00 ] 127.0.0.1 /Api/Address/getProvice
INFO: [ app_init ] --START--
INFO: Run Behavior\BuildLiteBehavior [ RunTime:0.000009s ]
INFO: [ app_init ] --END-- [ RunTime:0.000055s ]
INFO: [ app_begin ] --START--
INFO: Run Behavior\ReadHtmlCacheBehavior [ RunTime:0.000019s ]
INFO: [ app_begin ] --END-- [ RunTime:0.000041s ]
SQL: SHOW COLUMNS FROM `shop_city` [ RunTime:0.0004s ]
SQL: SELECT * FROM `shop_city` WHERE (  pid=0  )  [ RunTime:0.0001s ]

[ 2017-05-29T10:52:07+08:00 ] 127.0.0.1 /Api/Order/cartorder
INFO: [ app_init ] --START--
INFO: Run Behavior\BuildLiteBehavior [ RunTime:0.000009s ]
INFO: [ app_init ] --END-- [ RunTime:0.000063s ]
INFO: [ app_begin ] --START--
INFO: Run Behavior\ReadHtmlCacheBehavior [ RunTime:0.000025s ]
INFO: [ app_begin ] --END-- [ RunTime:0.000048s ]
SQL: SHOW COLUMNS FROM `shop_shopcart` [ RunTime:0.0005s ]
SQL: SHOW COLUMNS FROM `shop_order` [ RunTime:0.0012s ]
SQL: SHOW COLUMNS FROM `shop_goods_detail` [ RunTime:0.0009s ]
SQL: SELECT * FROM `shop_shopcart` WHERE (  id=4  ) LIMIT 1   [ RunTime:0.0002s ]
SQL: SELECT * FROM `shop_goods_detail` WHERE (  goodsid=4  ) LIMIT 1   [ RunTime:0.0002s ]

[ 2017-05-29T10:52:09+08:00 ] 127.0.0.1 /Api/Order/cartorder
INFO: [ app_init ] --START--
INFO: Run Behavior\BuildLiteBehavior [ RunTime:0.000011s ]
INFO: [ app_init ] --END-- [ RunTime:0.000076s ]
INFO: [ app_begin ] --START--
INFO: Run Behavior\ReadHtmlCacheBehavior [ RunTime:0.000030s ]
INFO: [ app_begin ] --END-- [ RunTime:0.000062s ]
SQL: SHOW COLUMNS FROM `shop_shopcart` [ RunTime:0.0005s ]
SQL: SHOW COLUMNS FROM `shop_order` [ RunTime:0.0004s ]
SQL: SHOW COLUMNS FROM `shop_goods_detail` [ RunTime:0.0005s ]
SQL: SELECT * FROM `shop_shopcart` WHERE (  id=4  ) LIMIT 1   [ RunTime:0.0003s ]
SQL: SELECT * FROM `shop_goods_detail` WHERE (  goodsid=4  ) LIMIT 1   [ RunTime:0.0003s ]

[ 2017-05-29T10:52:18+08:00 ] 127.0.0.1 /Api/Address/getProvice
INFO: [ app_init ] --START--
INFO: Run Behavior\BuildLiteBehavior [ RunTime:0.000008s ]
INFO: [ app_init ] --END-- [ RunTime:0.000054s ]
INFO: [ app_begin ] --START--
INFO: Run Behavior\ReadHtmlCacheBehavior [ RunTime:0.000019s ]
INFO: [ app_begin ] --END-- [ RunTime:0.000041s ]
SQL: SHOW COLUMNS FROM `shop_city` [ RunTime:0.0004s ]
SQL: SELECT * FROM `shop_city` WHERE (  pid=0  )  [ RunTime:0.0001s ]

[ 2017-05-29T10:52:19+08:00 ] 127.0.0.1 /Api/Order/cartorder
INFO: [ app_init ] --START--
INFO: Run Behavior\BuildLiteBehavior [ RunTime:0.000009s ]
INFO: [ app_init ] --END-- [ RunTime:0.000059s ]
INFO: [ app_begin ] --START--
INFO: Run Behavior\ReadHtmlCacheBehavior [ RunTime:0.000022s ]
INFO: [ app_begin ] --END-- [ RunTime:0.000044s ]
SQL: SHOW COLUMNS FROM `shop_shopcart` [ RunTime:0.0004s ]
SQL: SHOW COLUMNS FROM `shop_order` [ RunTime:0.0004s ]
SQL: SHOW COLUMNS FROM `shop_goods_detail` [ RunTime:0.0005s ]
SQL: SELECT * FROM `shop_shopcart` WHERE (  id=4  ) LIMIT 1   [ RunTime:0.0003s ]
SQL: SELECT * FROM `shop_goods_detail` WHERE (  goodsid=4  ) LIMIT 1   [ RunTime:0.0003s ]

[ 2017-05-29T10:52:39+08:00 ] 127.0.0.1 /Api/Address/getProvice
INFO: [ app_init ] --START--
INFO: Run Behavior\BuildLiteBehavior [ RunTime:0.000009s ]
INFO: [ app_init ] --END-- [ RunTime:0.000087s ]
INFO: [ app_begin ] --START--
INFO: Run Behavior\ReadHtmlCacheBehavior [ RunTime:0.000055s ]
INFO: [ app_begin ] --END-- [ RunTime:0.000081s ]
SQL: SHOW COLUMNS FROM `shop_city` [ RunTime:0.0004s ]
SQL: SELECT * FROM `shop_city` WHERE (  pid=0  )  [ RunTime:0.0001s ]

[ 2017-05-29T10:52:42+08:00 ] 127.0.0.1 /Api/Goods/selformat
INFO: [ app_init ] --START--
INFO: Run Behavior\BuildLiteBehavior [ RunTime:0.000029s ]
INFO: [ app_init ] --END-- [ RunTime:0.000206s ]
INFO: [ app_begin ] --START--
INFO: Run Behavior\ReadHtmlCacheBehavior [ RunTime:0.000089s ]
INFO: [ app_begin ] --END-- [ RunTime:0.000176s ]
SQL: SHOW COLUMNS FROM `shop_goods_detail` [ RunTime:0.0005s ]
SQL: SELECT * FROM `shop_goods_detail` WHERE (  goodsid=3  ) LIMIT 1   [ RunTime:0.0002s ]

[ 2017-05-29T10:52:43+08:00 ] 127.0.0.1 /Api/Goods/selformat
INFO: [ app_init ] --START--
INFO: Run Behavior\BuildLiteBehavior [ RunTime:0.000026s ]
INFO: [ app_init ] --END-- [ RunTime:0.000178s ]
INFO: [ app_begin ] --START--
INFO: Run Behavior\ReadHtmlCacheBehavior [ RunTime:0.000070s ]
INFO: [ app_begin ] --END-- [ RunTime:0.000152s ]
SQL: SHOW COLUMNS FROM `shop_goods_detail` [ RunTime:0.0007s ]
SQL: SELECT * FROM `shop_goods_detail` WHERE (  goodsid=3  ) LIMIT 1   [ RunTime:0.0001s ]

[ 2017-05-29T10:52:46+08:00 ] 127.0.0.1 /Api/Goods/selformat
INFO: [ app_init ] --START--
INFO: Run Behavior\BuildLiteBehavior [ RunTime:0.000073s ]
INFO: [ app_init ] --END-- [ RunTime:0.000242s ]
INFO: [ app_begin ] --START--
INFO: Run Behavior\ReadHtmlCacheBehavior [ RunTime:0.000081s ]
INFO: [ app_begin ] --END-- [ RunTime:0.000163s ]
SQL: SHOW COLUMNS FROM `shop_goods_detail` [ RunTime:0.0004s ]
SQL: SELECT * FROM `shop_goods_detail` WHERE (  goodsid=3  ) LIMIT 1   [ RunTime:0.0001s ]

[ 2017-05-29T10:52:47+08:00 ] 127.0.0.1 /Api/Cart/addbasket
INFO: [ app_init ] --START--
INFO: Run Behavior\BuildLiteBehavior [ RunTime:0.000026s ]
INFO: [ app_init ] --END-- [ RunTime:0.000175s ]
INFO: [ app_begin ] --START--
INFO: Run Behavior\ReadHtmlCacheBehavior [ RunTime:0.000070s ]
INFO: [ app_begin ] --END-- [ RunTime:0.000153s ]
SQL: SHOW COLUMNS FROM `shop_shopcart` [ RunTime:0.0004s ]
ERR: 1064:You have an error in your SQL syntax; check the manual that corresponds to your MySQL server version for the right syntax to use near ') LIMIT 1' at line 1
 [ SQL语句 ] : SELECT * FROM `shop_shopcart` WHERE (  userid=2 and goodsid=  ) LIMIT 1  
ERR: 1064:You have an error in your SQL syntax; check the manual that corresponds to your MySQL server version for the right syntax to use near ') LIMIT 1' at line 1
 [ SQL语句 ] : SELECT * FROM `shop_shopcart` WHERE (  userid=2 and goodsid=  ) LIMIT 1  

[ 2017-05-29T10:52:48+08:00 ] 127.0.0.1 /Api/Goods/selformat
INFO: [ app_init ] --START--
INFO: Run Behavior\BuildLiteBehavior [ RunTime:0.000027s ]
INFO: [ app_init ] --END-- [ RunTime:0.000181s ]
INFO: [ app_begin ] --START--
INFO: Run Behavior\ReadHtmlCacheBehavior [ RunTime:0.000070s ]
INFO: [ app_begin ] --END-- [ RunTime:0.000153s ]
SQL: SHOW COLUMNS FROM `shop_goods_detail` [ RunTime:0.0004s ]
SQL: SELECT * FROM `shop_goods_detail` WHERE (  goodsid=3  ) LIMIT 1   [ RunTime:0.0001s ]

[ 2017-05-29T10:52:50+08:00 ] 127.0.0.1 /Api/Cart/addbasket
INFO: [ app_init ] --START--
INFO: Run Behavior\BuildLiteBehavior [ RunTime:0.000025s ]
INFO: [ app_init ] --END-- [ RunTime:0.000187s ]
INFO: [ app_begin ] --START--
INFO: Run Behavior\ReadHtmlCacheBehavior [ RunTime:0.000024s ]
INFO: [ app_begin ] --END-- [ RunTime:0.000048s ]
SQL: SHOW COLUMNS FROM `shop_shopcart` [ RunTime:0.0004s ]
SQL: SELECT * FROM `shop_shopcart` WHERE (  userid=2 and goodsid=3  ) LIMIT 1   [ RunTime:0.0001s ]
SQL: INSERT INTO `shop_shopcart` (`goodsid`,`nums`,`userid`,`pid`) VALUES ('3','15','2','2') [ RunTime:0.0002s ]

[ 2017-05-29T10:52:54+08:00 ] 127.0.0.1 /Api/Address/getProvice
INFO: [ app_init ] --START--
INFO: Run Behavior\BuildLiteBehavior [ RunTime:0.000008s ]
INFO: [ app_init ] --END-- [ RunTime:0.000055s ]
INFO: [ app_begin ] --START--
INFO: Run Behavior\ReadHtmlCacheBehavior [ RunTime:0.000019s ]
INFO: [ app_begin ] --END-- [ RunTime:0.000041s ]
SQL: SHOW COLUMNS FROM `shop_city` [ RunTime:0.0004s ]
SQL: SELECT * FROM `shop_city` WHERE (  pid=0  )  [ RunTime:0.0001s ]

[ 2017-05-29T10:52:57+08:00 ] 127.0.0.1 /Api/Order/cartorder
INFO: [ app_init ] --START--
INFO: Run Behavior\BuildLiteBehavior [ RunTime:0.000010s ]
INFO: [ app_init ] --END-- [ RunTime:0.000070s ]
INFO: [ app_begin ] --START--
INFO: Run Behavior\ReadHtmlCacheBehavior [ RunTime:0.000027s ]
INFO: [ app_begin ] --END-- [ RunTime:0.000055s ]
SQL: SHOW COLUMNS FROM `shop_shopcart` [ RunTime:0.0004s ]
SQL: SHOW COLUMNS FROM `shop_order` [ RunTime:0.0004s ]
SQL: SHOW COLUMNS FROM `shop_goods_detail` [ RunTime:0.0010s ]
SQL: SELECT * FROM `shop_shopcart` WHERE (  id=5  ) LIMIT 1   [ RunTime:0.0004s ]
SQL: SELECT * FROM `shop_goods_detail` WHERE (  goodsid=3  ) LIMIT 1   [ RunTime:0.0002s ]
SQL: INSERT INTO `shop_order` (`userid`,`adrid`,`goodsid`,`num`,`ordernum`,`time`) VALUES ('2','4','3','15','149602637757485010','1496026377') [ RunTime:0.0213s ]
SQL: SELECT * FROM `shop_goods_detail` WHERE (  goodsid=3  ) LIMIT 1   [ RunTime:0.0003s ]
SQL: UPDATE `shop_goods_detail` SET `stock`='22197' WHERE (  goodsid=3  ) [ RunTime:0.0005s ]
SQL: SHOW COLUMNS FROM `shop_goods` [ RunTime:0.0007s ]
SQL: SELECT * FROM `shop_goods` WHERE (  id=2  ) LIMIT 1   [ RunTime:0.0002s ]
SQL: UPDATE `shop_goods` SET `sales`='95' WHERE (  id=2  ) [ RunTime:0.0003s ]
SQL: DELETE FROM `shop_shopcart` WHERE (  id=5 ) [ RunTime:0.0003s ]
SQL: SELECT * FROM `shop_shopcart` WHERE (  id=4  ) LIMIT 1   [ RunTime:0.0003s ]
ERR: 1054:Unknown column 'goodsid' in 'where clause'
 [ SQL语句 ] : SELECT * FROM `shop_goods` WHERE (  goodsid=4  ) LIMIT 1  
ERR: 1054:Unknown column 'goodsid' in 'where clause'
 [ SQL语句 ] : SELECT * FROM `shop_goods` WHERE (  goodsid=4  ) LIMIT 1  

[ 2017-05-29T10:53:04+08:00 ] 127.0.0.1 /Api/Order/cartorder
INFO: [ app_init ] --START--
INFO: Run Behavior\BuildLiteBehavior [ RunTime:0.000010s ]
INFO: [ app_init ] --END-- [ RunTime:0.000072s ]
INFO: [ app_begin ] --START--
INFO: Run Behavior\ReadHtmlCacheBehavior [ RunTime:0.000029s ]
INFO: [ app_begin ] --END-- [ RunTime:0.000056s ]
SQL: SHOW COLUMNS FROM `shop_shopcart` [ RunTime:0.0004s ]
SQL: SHOW COLUMNS FROM `shop_order` [ RunTime:0.0004s ]
SQL: SHOW COLUMNS FROM `shop_goods_detail` [ RunTime:0.0004s ]
SQL: SELECT * FROM `shop_shopcart` WHERE (  id=5  ) LIMIT 1   [ RunTime:0.0002s ]
ERR: 1064:You have an error in your SQL syntax; check the manual that corresponds to your MySQL server version for the right syntax to use near ') LIMIT 1' at line 1
 [ SQL语句 ] : SELECT * FROM `shop_goods_detail` WHERE (  goodsid=  ) LIMIT 1  
ERR: 1064:You have an error in your SQL syntax; check the manual that corresponds to your MySQL server version for the right syntax to use near ') LIMIT 1' at line 1
 [ SQL语句 ] : SELECT * FROM `shop_goods_detail` WHERE (  goodsid=  ) LIMIT 1  

[ 2017-05-29T11:06:18+08:00 ] 127.0.0.1 /Api/Address/getProvice
INFO: [ app_init ] --START--
INFO: Run Behavior\BuildLiteBehavior [ RunTime:0.000008s ]
INFO: [ app_init ] --END-- [ RunTime:0.000061s ]
INFO: [ app_begin ] --START--
INFO: Run Behavior\ReadHtmlCacheBehavior [ RunTime:0.000021s ]
INFO: [ app_begin ] --END-- [ RunTime:0.000046s ]
SQL: SHOW COLUMNS FROM `shop_city` [ RunTime:0.0006s ]
SQL: SELECT * FROM `shop_city` WHERE (  pid=0  )  [ RunTime:0.0001s ]

[ 2017-05-29T11:06:20+08:00 ] 127.0.0.1 /Api/Order/cartorder
INFO: [ app_init ] --START--
INFO: Run Behavior\BuildLiteBehavior [ RunTime:0.000010s ]
INFO: [ app_init ] --END-- [ RunTime:0.000068s ]
INFO: [ app_begin ] --START--
INFO: Run Behavior\ReadHtmlCacheBehavior [ RunTime:0.000024s ]
INFO: [ app_begin ] --END-- [ RunTime:0.000052s ]
SQL: SHOW COLUMNS FROM `shop_shopcart` [ RunTime:0.0005s ]
SQL: SHOW COLUMNS FROM `shop_order` [ RunTime:0.0004s ]
SQL: SHOW COLUMNS FROM `shop_goods_detail` [ RunTime:0.0004s ]
SQL: SELECT * FROM `shop_shopcart` WHERE (  id=4  ) LIMIT 1   [ RunTime:0.0001s ]
SQL: SELECT * FROM `shop_goods_detail` WHERE (  goodsid=4  ) LIMIT 1   [ RunTime:0.0001s ]

[ 2017-05-29T11:06:26+08:00 ] 127.0.0.1 /Api/Cart/addbasket
INFO: [ app_init ] --START--
INFO: Run Behavior\BuildLiteBehavior [ RunTime:0.000010s ]
INFO: [ app_init ] --END-- [ RunTime:0.000074s ]
INFO: [ app_begin ] --START--
INFO: Run Behavior\ReadHtmlCacheBehavior [ RunTime:0.000030s ]
INFO: [ app_begin ] --END-- [ RunTime:0.000058s ]
SQL: SHOW COLUMNS FROM `shop_shopcart` [ RunTime:0.0005s ]
SQL: SELECT * FROM `shop_shopcart` WHERE (  userid=2 and goodsid=3  ) LIMIT 1   [ RunTime:0.0002s ]
SQL: INSERT INTO `shop_shopcart` (`goodsid`,`nums`,`userid`,`pid`) VALUES ('3','15','2','2') [ RunTime:0.0002s ]

[ 2017-05-29T11:06:31+08:00 ] 127.0.0.1 /Api/Address/getProvice
INFO: [ app_init ] --START--
INFO: Run Behavior\BuildLiteBehavior [ RunTime:0.000009s ]
INFO: [ app_init ] --END-- [ RunTime:0.000059s ]
INFO: [ app_begin ] --START--
INFO: Run Behavior\ReadHtmlCacheBehavior [ RunTime:0.000021s ]
INFO: [ app_begin ] --END-- [ RunTime:0.000045s ]
SQL: SHOW COLUMNS FROM `shop_city` [ RunTime:0.0004s ]
SQL: SELECT * FROM `shop_city` WHERE (  pid=0  )  [ RunTime:0.0001s ]

[ 2017-05-29T11:06:33+08:00 ] 127.0.0.1 /Api/Order/cartorder
INFO: [ app_init ] --START--
INFO: Run Behavior\BuildLiteBehavior [ RunTime:0.000009s ]
INFO: [ app_init ] --END-- [ RunTime:0.000060s ]
INFO: [ app_begin ] --START--
INFO: Run Behavior\ReadHtmlCacheBehavior [ RunTime:0.000022s ]
INFO: [ app_begin ] --END-- [ RunTime:0.000045s ]
SQL: SHOW COLUMNS FROM `shop_shopcart` [ RunTime:0.0004s ]
SQL: SHOW COLUMNS FROM `shop_order` [ RunTime:0.0003s ]
SQL: SHOW COLUMNS FROM `shop_goods_detail` [ RunTime:0.0011s ]
SQL: SELECT * FROM `shop_shopcart` WHERE (  id=6  ) LIMIT 1   [ RunTime:0.0005s ]
SQL: SELECT * FROM `shop_goods_detail` WHERE (  goodsid=3  ) LIMIT 1   [ RunTime:0.0003s ]
SQL: INSERT INTO `shop_order` (`userid`,`adrid`,`goodsid`,`num`,`ordernum`,`time`) VALUES ('2','4','3','15','149602719357555553','1496027193') [ RunTime:0.0024s ]
SQL: SELECT * FROM `shop_goods_detail` WHERE (  goodsid=3  ) LIMIT 1   [ RunTime:0.0003s ]
SQL: UPDATE `shop_goods_detail` SET `stock`='22182' WHERE (  goodsid=3  ) [ RunTime:0.0004s ]
SQL: SHOW COLUMNS FROM `shop_goods` [ RunTime:0.0012s ]
SQL: SELECT * FROM `shop_goods` WHERE (  id=2  ) LIMIT 1   [ RunTime:0.0003s ]
SQL: UPDATE `shop_goods` SET `sales`='110' WHERE (  id=2  ) [ RunTime:0.0005s ]
SQL: DELETE FROM `shop_shopcart` WHERE (  id=6 ) [ RunTime:0.0004s ]
SQL: SELECT * FROM `shop_shopcart` WHERE (  id=4  ) LIMIT 1   [ RunTime:0.0004s ]
ERR: 1054:Unknown column 'goodsid' in 'where clause'
 [ SQL语句 ] : SELECT * FROM `shop_goods` WHERE (  goodsid=4  ) LIMIT 1  
ERR: 1054:Unknown column 'goodsid' in 'where clause'
 [ SQL语句 ] : SELECT * FROM `shop_goods` WHERE (  goodsid=4  ) LIMIT 1  

[ 2017-05-29T11:06:34+08:00 ] 127.0.0.1 /Api/Order/cartorder
INFO: [ app_init ] --START--
INFO: Run Behavior\BuildLiteBehavior [ RunTime:0.000009s ]
INFO: [ app_init ] --END-- [ RunTime:0.000067s ]
INFO: [ app_begin ] --START--
INFO: Run Behavior\ReadHtmlCacheBehavior [ RunTime:0.000025s ]
INFO: [ app_begin ] --END-- [ RunTime:0.000048s ]
SQL: SHOW COLUMNS FROM `shop_shopcart` [ RunTime:0.0004s ]
SQL: SHOW COLUMNS FROM `shop_order` [ RunTime:0.0003s ]
SQL: SHOW COLUMNS FROM `shop_goods_detail` [ RunTime:0.0010s ]
SQL: SELECT * FROM `shop_shopcart` WHERE (  id=6  ) LIMIT 1   [ RunTime:0.0004s ]
ERR: 1064:You have an error in your SQL syntax; check the manual that corresponds to your MySQL server version for the right syntax to use near ') LIMIT 1' at line 1
 [ SQL语句 ] : SELECT * FROM `shop_goods_detail` WHERE (  goodsid=  ) LIMIT 1  
ERR: 1064:You have an error in your SQL syntax; check the manual that corresponds to your MySQL server version for the right syntax to use near ') LIMIT 1' at line 1
 [ SQL语句 ] : SELECT * FROM `shop_goods_detail` WHERE (  goodsid=  ) LIMIT 1  

[ 2017-05-29T11:06:34+08:00 ] 127.0.0.1 /Api/Order/cartorder
INFO: [ app_init ] --START--
INFO: Run Behavior\BuildLiteBehavior [ RunTime:0.000010s ]
INFO: [ app_init ] --END-- [ RunTime:0.000070s ]
INFO: [ app_begin ] --START--
INFO: Run Behavior\ReadHtmlCacheBehavior [ RunTime:0.000025s ]
INFO: [ app_begin ] --END-- [ RunTime:0.000053s ]
SQL: SHOW COLUMNS FROM `shop_shopcart` [ RunTime:0.0005s ]
SQL: SHOW COLUMNS FROM `shop_order` [ RunTime:0.0005s ]
SQL: SHOW COLUMNS FROM `shop_goods_detail` [ RunTime:0.0006s ]
SQL: SELECT * FROM `shop_shopcart` WHERE (  id=6  ) LIMIT 1   [ RunTime:0.0003s ]
ERR: 1064:You have an error in your SQL syntax; check the manual that corresponds to your MySQL server version for the right syntax to use near ') LIMIT 1' at line 1
 [ SQL语句 ] : SELECT * FROM `shop_goods_detail` WHERE (  goodsid=  ) LIMIT 1  
ERR: 1064:You have an error in your SQL syntax; check the manual that corresponds to your MySQL server version for the right syntax to use near ') LIMIT 1' at line 1
 [ SQL语句 ] : SELECT * FROM `shop_goods_detail` WHERE (  goodsid=  ) LIMIT 1  

[ 2017-05-29T11:06:34+08:00 ] 127.0.0.1 /Api/Order/cartorder
INFO: [ app_init ] --START--
INFO: Run Behavior\BuildLiteBehavior [ RunTime:0.000009s ]
INFO: [ app_init ] --END-- [ RunTime:0.000062s ]
INFO: [ app_begin ] --START--
INFO: Run Behavior\ReadHtmlCacheBehavior [ RunTime:0.000023s ]
INFO: [ app_begin ] --END-- [ RunTime:0.000046s ]
SQL: SHOW COLUMNS FROM `shop_shopcart` [ RunTime:0.0004s ]
SQL: SHOW COLUMNS FROM `shop_order` [ RunTime:0.0003s ]
SQL: SHOW COLUMNS FROM `shop_goods_detail` [ RunTime:0.0003s ]
SQL: SELECT * FROM `shop_shopcart` WHERE (  id=6  ) LIMIT 1   [ RunTime:0.0003s ]
ERR: 1064:You have an error in your SQL syntax; check the manual that corresponds to your MySQL server version for the right syntax to use near ') LIMIT 1' at line 1
 [ SQL语句 ] : SELECT * FROM `shop_goods_detail` WHERE (  goodsid=  ) LIMIT 1  
ERR: 1064:You have an error in your SQL syntax; check the manual that corresponds to your MySQL server version for the right syntax to use near ') LIMIT 1' at line 1
 [ SQL语句 ] : SELECT * FROM `shop_goods_detail` WHERE (  goodsid=  ) LIMIT 1  

[ 2017-05-29T11:06:35+08:00 ] 127.0.0.1 /Api/Order/cartorder
INFO: [ app_init ] --START--
INFO: Run Behavior\BuildLiteBehavior [ RunTime:0.000011s ]
INFO: [ app_init ] --END-- [ RunTime:0.000071s ]
INFO: [ app_begin ] --START--
INFO: Run Behavior\ReadHtmlCacheBehavior [ RunTime:0.000026s ]
INFO: [ app_begin ] --END-- [ RunTime:0.000054s ]
SQL: SHOW COLUMNS FROM `shop_shopcart` [ RunTime:0.0005s ]
SQL: SHOW COLUMNS FROM `shop_order` [ RunTime:0.0006s ]
SQL: SHOW COLUMNS FROM `shop_goods_detail` [ RunTime:0.0012s ]
SQL: SELECT * FROM `shop_shopcart` WHERE (  id=6  ) LIMIT 1   [ RunTime:0.0002s ]
ERR: 1064:You have an error in your SQL syntax; check the manual that corresponds to your MySQL server version for the right syntax to use near ') LIMIT 1' at line 1
 [ SQL语句 ] : SELECT * FROM `shop_goods_detail` WHERE (  goodsid=  ) LIMIT 1  
ERR: 1064:You have an error in your SQL syntax; check the manual that corresponds to your MySQL server version for the right syntax to use near ') LIMIT 1' at line 1
 [ SQL语句 ] : SELECT * FROM `shop_goods_detail` WHERE (  goodsid=  ) LIMIT 1  

[ 2017-05-29T11:06:35+08:00 ] 127.0.0.1 /Api/Order/cartorder
INFO: [ app_init ] --START--
INFO: Run Behavior\BuildLiteBehavior [ RunTime:0.000061s ]
INFO: [ app_init ] --END-- [ RunTime:0.000222s ]
INFO: [ app_begin ] --START--
INFO: Run Behavior\ReadHtmlCacheBehavior [ RunTime:0.000072s ]
INFO: [ app_begin ] --END-- [ RunTime:0.000157s ]
SQL: SHOW COLUMNS FROM `shop_shopcart` [ RunTime:0.0008s ]
SQL: SHOW COLUMNS FROM `shop_order` [ RunTime:0.0004s ]
SQL: SHOW COLUMNS FROM `shop_goods_detail` [ RunTime:0.0003s ]
SQL: SELECT * FROM `shop_shopcart` WHERE (  id=6  ) LIMIT 1   [ RunTime:0.0001s ]
ERR: 1064:You have an error in your SQL syntax; check the manual that corresponds to your MySQL server version for the right syntax to use near ') LIMIT 1' at line 1
 [ SQL语句 ] : SELECT * FROM `shop_goods_detail` WHERE (  goodsid=  ) LIMIT 1  
ERR: 1064:You have an error in your SQL syntax; check the manual that corresponds to your MySQL server version for the right syntax to use near ') LIMIT 1' at line 1
 [ SQL语句 ] : SELECT * FROM `shop_goods_detail` WHERE (  goodsid=  ) LIMIT 1  

[ 2017-05-29T11:06:35+08:00 ] 127.0.0.1 /Api/Order/cartorder
INFO: [ app_init ] --START--
INFO: Run Behavior\BuildLiteBehavior [ RunTime:0.000027s ]
INFO: [ app_init ] --END-- [ RunTime:0.000184s ]
INFO: [ app_begin ] --START--
INFO: Run Behavior\ReadHtmlCacheBehavior [ RunTime:0.000071s ]
INFO: [ app_begin ] --END-- [ RunTime:0.000154s ]
SQL: SHOW COLUMNS FROM `shop_shopcart` [ RunTime:0.0004s ]
SQL: SHOW COLUMNS FROM `shop_order` [ RunTime:0.0003s ]
SQL: SHOW COLUMNS FROM `shop_goods_detail` [ RunTime:0.0005s ]
SQL: SELECT * FROM `shop_shopcart` WHERE (  id=6  ) LIMIT 1   [ RunTime:0.0001s ]
ERR: 1064:You have an error in your SQL syntax; check the manual that corresponds to your MySQL server version for the right syntax to use near ') LIMIT 1' at line 1
 [ SQL语句 ] : SELECT * FROM `shop_goods_detail` WHERE (  goodsid=  ) LIMIT 1  
ERR: 1064:You have an error in your SQL syntax; check the manual that corresponds to your MySQL server version for the right syntax to use near ') LIMIT 1' at line 1
 [ SQL语句 ] : SELECT * FROM `shop_goods_detail` WHERE (  goodsid=  ) LIMIT 1  

[ 2017-05-29T11:06:52+08:00 ] 127.0.0.1 /Api/Address/getProvice
INFO: [ app_init ] --START--
INFO: Run Behavior\BuildLiteBehavior [ RunTime:0.000008s ]
INFO: [ app_init ] --END-- [ RunTime:0.000054s ]
INFO: [ app_begin ] --START--
INFO: Run Behavior\ReadHtmlCacheBehavior [ RunTime:0.000019s ]
INFO: [ app_begin ] --END-- [ RunTime:0.000041s ]
SQL: SHOW COLUMNS FROM `shop_city` [ RunTime:0.0004s ]
SQL: SELECT * FROM `shop_city` WHERE (  pid=0  )  [ RunTime:0.0001s ]

[ 2017-05-29T11:06:55+08:00 ] 127.0.0.1 /Api/Order/cartorder
INFO: [ app_init ] --START--
INFO: Run Behavior\BuildLiteBehavior [ RunTime:0.000011s ]
INFO: [ app_init ] --END-- [ RunTime:0.000069s ]
INFO: [ app_begin ] --START--
INFO: Run Behavior\ReadHtmlCacheBehavior [ RunTime:0.000028s ]
INFO: [ app_begin ] --END-- [ RunTime:0.000054s ]
SQL: SHOW COLUMNS FROM `shop_shopcart` [ RunTime:0.0004s ]
SQL: SHOW COLUMNS FROM `shop_order` [ RunTime:0.0004s ]
SQL: SHOW COLUMNS FROM `shop_goods_detail` [ RunTime:0.0004s ]
SQL: SELECT * FROM `shop_shopcart` WHERE (  id=4  ) LIMIT 1   [ RunTime:0.0001s ]
SQL: SELECT * FROM `shop_goods_detail` WHERE (  goodsid=4  ) LIMIT 1   [ RunTime:0.0001s ]

[ 2017-05-29T11:07:20+08:00 ] 127.0.0.1 /Api/Address/getProvice
INFO: [ app_init ] --START--
INFO: Run Behavior\BuildLiteBehavior [ RunTime:0.000009s ]
INFO: [ app_init ] --END-- [ RunTime:0.000060s ]
INFO: [ app_begin ] --START--
INFO: Run Behavior\ReadHtmlCacheBehavior [ RunTime:0.000022s ]
INFO: [ app_begin ] --END-- [ RunTime:0.000045s ]
SQL: SHOW COLUMNS FROM `shop_city` [ RunTime:0.0004s ]
SQL: SELECT * FROM `shop_city` WHERE (  pid=0  )  [ RunTime:0.0001s ]

[ 2017-05-29T11:07:28+08:00 ] 127.0.0.1 /Api/Cart/addbasket
INFO: [ app_init ] --START--
INFO: Run Behavior\BuildLiteBehavior [ RunTime:0.000027s ]
INFO: [ app_init ] --END-- [ RunTime:0.000182s ]
INFO: [ app_begin ] --START--
INFO: Run Behavior\ReadHtmlCacheBehavior [ RunTime:0.000070s ]
INFO: [ app_begin ] --END-- [ RunTime:0.000154s ]
SQL: SHOW COLUMNS FROM `shop_shopcart` [ RunTime:0.0005s ]
SQL: SELECT * FROM `shop_shopcart` WHERE (  userid=2 and goodsid=3  ) LIMIT 1   [ RunTime:0.0002s ]
SQL: INSERT INTO `shop_shopcart` (`goodsid`,`nums`,`userid`,`pid`) VALUES ('3','15','2','2') [ RunTime:0.0002s ]

[ 2017-05-29T11:07:33+08:00 ] 127.0.0.1 /Api/Address/getProvice
INFO: [ app_init ] --START--
INFO: Run Behavior\BuildLiteBehavior [ RunTime:0.000009s ]
INFO: [ app_init ] --END-- [ RunTime:0.000060s ]
INFO: [ app_begin ] --START--
INFO: Run Behavior\ReadHtmlCacheBehavior [ RunTime:0.000023s ]
INFO: [ app_begin ] --END-- [ RunTime:0.000047s ]
SQL: SHOW COLUMNS FROM `shop_city` [ RunTime:0.0004s ]
SQL: SELECT * FROM `shop_city` WHERE (  pid=0  )  [ RunTime:0.0001s ]

[ 2017-05-29T11:07:35+08:00 ] 127.0.0.1 /Api/Order/cartorder
INFO: [ app_init ] --START--
INFO: Run Behavior\BuildLiteBehavior [ RunTime:0.000011s ]
INFO: [ app_init ] --END-- [ RunTime:0.000076s ]
INFO: [ app_begin ] --START--
INFO: Run Behavior\ReadHtmlCacheBehavior [ RunTime:0.000030s ]
INFO: [ app_begin ] --END-- [ RunTime:0.000061s ]
SQL: SHOW COLUMNS FROM `shop_shopcart` [ RunTime:0.0006s ]
SQL: SHOW COLUMNS FROM `shop_order` [ RunTime:0.0005s ]
SQL: SHOW COLUMNS FROM `shop_goods_detail` [ RunTime:0.0006s ]
SQL: SELECT * FROM `shop_shopcart` WHERE (  id=7  ) LIMIT 1   [ RunTime:0.0002s ]
SQL: SELECT * FROM `shop_goods_detail` WHERE (  goodsid=3  ) LIMIT 1   [ RunTime:0.0001s ]
SQL: INSERT INTO `shop_order` (`userid`,`adrid`,`goodsid`,`num`,`ordernum`,`time`) VALUES ('2','4','3','15','149602725555975657','1496027255') [ RunTime:0.0018s ]
SQL: SELECT * FROM `shop_goods_detail` WHERE (  goodsid=3  ) LIMIT 1   [ RunTime:0.0001s ]
SQL: UPDATE `shop_goods_detail` SET `stock`='22167' WHERE (  goodsid=3  ) [ RunTime:0.0002s ]
SQL: SHOW COLUMNS FROM `shop_goods` [ RunTime:0.0004s ]
SQL: SELECT * FROM `shop_goods` WHERE (  id=2  ) LIMIT 1   [ RunTime:0.0001s ]
SQL: UPDATE `shop_goods` SET `sales`='125' WHERE (  id=2  ) [ RunTime:0.0002s ]
SQL: DELETE FROM `shop_shopcart` WHERE (  id=7 ) [ RunTime:0.0002s ]

[ 2017-05-29T11:07:51+08:00 ] 127.0.0.1 /Api/Address/getProvice
INFO: [ app_init ] --START--
INFO: Run Behavior\BuildLiteBehavior [ RunTime:0.000008s ]
INFO: [ app_init ] --END-- [ RunTime:0.000053s ]
INFO: [ app_begin ] --START--
INFO: Run Behavior\ReadHtmlCacheBehavior [ RunTime:0.000020s ]
INFO: [ app_begin ] --END-- [ RunTime:0.000041s ]
SQL: SHOW COLUMNS FROM `shop_city` [ RunTime:0.0004s ]
SQL: SELECT * FROM `shop_city` WHERE (  pid=0  )  [ RunTime:0.0001s ]

[ 2017-05-29T11:07:53+08:00 ] 127.0.0.1 /Api/Order/cartorder
INFO: [ app_init ] --START--
INFO: Run Behavior\BuildLiteBehavior [ RunTime:0.000010s ]
INFO: [ app_init ] --END-- [ RunTime:0.000067s ]
INFO: [ app_begin ] --START--
INFO: Run Behavior\ReadHtmlCacheBehavior [ RunTime:0.000026s ]
INFO: [ app_begin ] --END-- [ RunTime:0.000052s ]
SQL: SHOW COLUMNS FROM `shop_shopcart` [ RunTime:0.0005s ]
SQL: SHOW COLUMNS FROM `shop_order` [ RunTime:0.0004s ]
SQL: SHOW COLUMNS FROM `shop_goods_detail` [ RunTime:0.0009s ]
SQL: SELECT * FROM `shop_shopcart` WHERE (  id=4  ) LIMIT 1   [ RunTime:0.0005s ]
SQL: SELECT * FROM `shop_goods_detail` WHERE (  goodsid=4  ) LIMIT 1   [ RunTime:0.0002s ]

[ 2017-05-29T15:00:45+08:00 ] 127.0.0.1 /Api/Goods/selformat
INFO: [ app_init ] --START--
INFO: Run Behavior\BuildLiteBehavior [ RunTime:0.000027s ]
INFO: [ app_init ] --END-- [ RunTime:0.000201s ]
INFO: [ app_begin ] --START--
INFO: Run Behavior\ReadHtmlCacheBehavior [ RunTime:0.000122s ]
INFO: [ app_begin ] --END-- [ RunTime:0.000198s ]
SQL: SHOW COLUMNS FROM `shop_goods_detail` [ RunTime:0.0004s ]
SQL: SELECT * FROM `shop_goods_detail` WHERE (  goodsid=4  ) LIMIT 1   [ RunTime:0.0001s ]

[ 2017-05-29T15:00:46+08:00 ] 127.0.0.1 /Api/Goods/selformat
INFO: [ app_init ] --START--
INFO: Run Behavior\BuildLiteBehavior [ RunTime:0.000027s ]
INFO: [ app_init ] --END-- [ RunTime:0.000184s ]
INFO: [ app_begin ] --START--
INFO: Run Behavior\ReadHtmlCacheBehavior [ RunTime:0.000106s ]
INFO: [ app_begin ] --END-- [ RunTime:0.000190s ]
SQL: SHOW COLUMNS FROM `shop_goods_detail` [ RunTime:0.0005s ]
SQL: SELECT * FROM `shop_goods_detail` WHERE (  goodsid=3  ) LIMIT 1   [ RunTime:0.0001s ]

[ 2017-05-29T15:00:46+08:00 ] 127.0.0.1 /Api/Goods/selformat
INFO: [ app_init ] --START--
INFO: Run Behavior\BuildLiteBehavior [ RunTime:0.000028s ]
INFO: [ app_init ] --END-- [ RunTime:0.000183s ]
INFO: [ app_begin ] --START--
INFO: Run Behavior\ReadHtmlCacheBehavior [ RunTime:0.000068s ]
INFO: [ app_begin ] --END-- [ RunTime:0.000150s ]
SQL: SHOW COLUMNS FROM `shop_goods_detail` [ RunTime:0.0012s ]
SQL: SELECT * FROM `shop_goods_detail` WHERE (  goodsid=4  ) LIMIT 1   [ RunTime:0.0001s ]

[ 2017-05-29T15:00:47+08:00 ] 127.0.0.1 /Api/Goods/selformat
INFO: [ app_init ] --START--
INFO: Run Behavior\BuildLiteBehavior [ RunTime:0.000021s ]
INFO: [ app_init ] --END-- [ RunTime:0.000145s ]
INFO: [ app_begin ] --START--
INFO: Run Behavior\ReadHtmlCacheBehavior [ RunTime:0.000059s ]
INFO: [ app_begin ] --END-- [ RunTime:0.000127s ]
SQL: SHOW COLUMNS FROM `shop_goods_detail` [ RunTime:0.0012s ]
SQL: SELECT * FROM `shop_goods_detail` WHERE (  goodsid=3  ) LIMIT 1   [ RunTime:0.0001s ]

[ 2017-05-29T15:02:25+08:00 ] 127.0.0.1 /Api/Address/getProvice
INFO: [ app_init ] --START--
INFO: Run Behavior\BuildLiteBehavior [ RunTime:0.000009s ]
INFO: [ app_init ] --END-- [ RunTime:0.000060s ]
INFO: [ app_begin ] --START--
INFO: Run Behavior\ReadHtmlCacheBehavior [ RunTime:0.000024s ]
INFO: [ app_begin ] --END-- [ RunTime:0.000047s ]
SQL: SHOW COLUMNS FROM `shop_city` [ RunTime:0.0004s ]
SQL: SELECT * FROM `shop_city` WHERE (  pid=0  )  [ RunTime:0.0001s ]

[ 2017-05-29T15:02:52+08:00 ] 127.0.0.1 /Api/Cart/addNum
INFO: [ app_init ] --START--
INFO: Run Behavior\BuildLiteBehavior [ RunTime:0.000008s ]
INFO: [ app_init ] --END-- [ RunTime:0.000062s ]
INFO: [ app_begin ] --START--
INFO: Run Behavior\ReadHtmlCacheBehavior [ RunTime:0.000026s ]
INFO: [ app_begin ] --END-- [ RunTime:0.000049s ]
SQL: SHOW COLUMNS FROM `shop_shopcart` [ RunTime:0.0004s ]
SQL: SELECT * FROM `shop_shopcart` WHERE (  userid=2 and id=4  ) LIMIT 1   [ RunTime:0.0002s ]
SQL: SHOW COLUMNS FROM `shop_goods_detail` [ RunTime:0.0005s ]
SQL: SELECT * FROM `shop_goods_detail` WHERE ( goodsid=4  ) LIMIT 1   [ RunTime:0.0002s ]

[ 2017-05-29T15:11:15+08:00 ] 127.0.0.1 /Api/Address/getProvice
INFO: [ app_init ] --START--
INFO: Run Behavior\BuildLiteBehavior [ RunTime:0.000009s ]
INFO: [ app_init ] --END-- [ RunTime:0.000062s ]
INFO: [ app_begin ] --START--
INFO: Run Behavior\ReadHtmlCacheBehavior [ RunTime:0.000022s ]
INFO: [ app_begin ] --END-- [ RunTime:0.000047s ]
SQL: SHOW COLUMNS FROM `shop_city` [ RunTime:0.0004s ]
SQL: SELECT * FROM `shop_city` WHERE (  pid=0  )  [ RunTime:0.0001s ]

[ 2017-05-29T15:11:25+08:00 ] 127.0.0.1 /Api/Order/placeOrder
INFO: [ app_init ] --START--
INFO: Run Behavior\BuildLiteBehavior [ RunTime:0.000011s ]
INFO: [ app_init ] --END-- [ RunTime:0.000073s ]
INFO: [ app_begin ] --START--
INFO: Run Behavior\ReadHtmlCacheBehavior [ RunTime:0.000031s ]
INFO: [ app_begin ] --END-- [ RunTime:0.000059s ]
SQL: SHOW COLUMNS FROM `shop_goods_detail` [ RunTime:0.0005s ]
SQL: SELECT * FROM `shop_goods_detail` WHERE (  goodsid=3  ) LIMIT 1   [ RunTime:0.0002s ]
SQL: SHOW COLUMNS FROM `shop_order` [ RunTime:0.0005s ]
SQL: INSERT INTO `shop_order` (`num`,`userid`,`adrid`,`goodsid`,`ordernum`,`time`) VALUES ('565','2','4','3','149604188510098975','1496041885') [ RunTime:0.0024s ]
SQL: UPDATE `shop_goods_detail` SET `stock`='21602' WHERE (  goodsid=3  ) [ RunTime:0.0006s ]
SQL: SHOW COLUMNS FROM `shop_goods` [ RunTime:0.0012s ]
SQL: SELECT * FROM `shop_goods` WHERE (  id=2  ) LIMIT 1   [ RunTime:0.0003s ]
SQL: UPDATE `shop_goods` SET `sales`='690' WHERE (  id=2  ) [ RunTime:0.0003s ]

[ 2017-05-29T16:04:38+08:00 ] 127.0.0.1 /Api/User/collect
INFO: [ app_init ] --START--
INFO: Run Behavior\BuildLiteBehavior [ RunTime:0.000010s ]
INFO: [ app_init ] --END-- [ RunTime:0.000069s ]
INFO: [ app_begin ] --START--
INFO: Run Behavior\ReadHtmlCacheBehavior [ RunTime:0.000028s ]
INFO: [ app_begin ] --END-- [ RunTime:0.000056s ]
SQL: SHOW COLUMNS FROM `shop_cfoot` [ RunTime:0.0004s ]
SQL: SELECT * FROM `shop_cfoot` WHERE ( userid=2 and goodspid=2  ) LIMIT 1   [ RunTime:0.0002s ]

[ 2017-05-29T16:04:41+08:00 ] 127.0.0.1 /Api/User/collect
INFO: [ app_init ] --START--
INFO: Run Behavior\BuildLiteBehavior [ RunTime:0.000027s ]
INFO: [ app_init ] --END-- [ RunTime:0.000206s ]
INFO: [ app_begin ] --START--
INFO: Run Behavior\ReadHtmlCacheBehavior [ RunTime:0.000080s ]
INFO: [ app_begin ] --END-- [ RunTime:0.000163s ]
SQL: SHOW COLUMNS FROM `shop_cfoot` [ RunTime:0.0004s ]
SQL: SELECT * FROM `shop_cfoot` WHERE ( userid=2 and goodspid=2  ) LIMIT 1   [ RunTime:0.0003s ]

[ 2017-05-29T16:05:15+08:00 ] 127.0.0.1 /Api/User/collect
INFO: [ app_init ] --START--
INFO: Run Behavior\BuildLiteBehavior [ RunTime:0.000013s ]
INFO: [ app_init ] --END-- [ RunTime:0.000095s ]
INFO: [ app_begin ] --START--
INFO: Run Behavior\ReadHtmlCacheBehavior [ RunTime:0.000040s ]
INFO: [ app_begin ] --END-- [ RunTime:0.000070s ]
SQL: SHOW COLUMNS FROM `shop_cfoot` [ RunTime:0.0004s ]
SQL: SELECT * FROM `shop_cfoot` WHERE ( userid=2 and goodspid=2 and pid=0 ) LIMIT 1   [ RunTime:0.0002s ]
SQL: INSERT INTO `shop_cfoot` (`userid`,`pid`,`goodspid`,`time`) VALUES ('2','0','2','1496045115') [ RunTime:0.0002s ]

[ 2017-05-29T16:05:18+08:00 ] 127.0.0.1 /Api/User/collect
INFO: [ app_init ] --START--
INFO: Run Behavior\BuildLiteBehavior [ RunTime:0.000008s ]
INFO: [ app_init ] --END-- [ RunTime:0.000061s ]
INFO: [ app_begin ] --START--
INFO: Run Behavior\ReadHtmlCacheBehavior [ RunTime:0.000025s ]
INFO: [ app_begin ] --END-- [ RunTime:0.000047s ]
SQL: SHOW COLUMNS FROM `shop_cfoot` [ RunTime:0.0004s ]
SQL: SELECT * FROM `shop_cfoot` WHERE ( userid=2 and goodspid=2 and pid=0 ) LIMIT 1   [ RunTime:0.0002s ]

[ 2017-05-29T22:44:41+08:00 ] 127.0.0.1 /Api/Search/types
INFO: [ app_init ] --START--
INFO: Run Behavior\BuildLiteBehavior [ RunTime:0.000014s ]
INFO: [ app_init ] --END-- [ RunTime:0.000092s ]
INFO: [ app_begin ] --START--
INFO: Run Behavior\ReadHtmlCacheBehavior [ RunTime:0.000039s ]
INFO: [ app_begin ] --END-- [ RunTime:0.000077s ]
SQL: SHOW COLUMNS FROM `shop_goods` [ RunTime:0.0007s ]
NOTIC: [8] Undefined variable: goods /var/www/html/thinkphp_shop.com/Application/Api/Controller/SearchController.class.php 第 9 行.

[ 2017-05-29T22:45:05+08:00 ] 127.0.0.1 /Api/Search/types
INFO: [ app_init ] --START--
INFO: Run Behavior\BuildLiteBehavior [ RunTime:0.000011s ]
INFO: [ app_init ] --END-- [ RunTime:0.000081s ]
INFO: [ app_begin ] --START--
INFO: Run Behavior\ReadHtmlCacheBehavior [ RunTime:0.000083s ]
INFO: [ app_begin ] --END-- [ RunTime:0.000166s ]
SQL: SHOW COLUMNS FROM `shop_goods` [ RunTime:0.0006s ]
SQL: SELECT * FROM `shop_goods` WHERE (  pid=8  )  [ RunTime:0.0002s ]

[ 2017-05-29T22:54:44+08:00 ] 127.0.0.1 /Api/Search/types
INFO: [ app_init ] --START--
INFO: Run Behavior\BuildLiteBehavior [ RunTime:0.000009s ]
INFO: [ app_init ] --END-- [ RunTime:0.000061s ]
INFO: [ app_begin ] --START--
INFO: Run Behavior\ReadHtmlCacheBehavior [ RunTime:0.000022s ]
INFO: [ app_begin ] --END-- [ RunTime:0.000047s ]
SQL: SHOW COLUMNS FROM `shop_goods` [ RunTime:0.0004s ]
SQL: SELECT * FROM `shop_goods` WHERE (  pid=8  )  [ RunTime:0.0001s ]

[ 2017-05-29T22:54:45+08:00 ] 127.0.0.1 /Api/Search/types
INFO: [ app_init ] --START--
INFO: Run Behavior\BuildLiteBehavior [ RunTime:0.000026s ]
INFO: [ app_init ] --END-- [ RunTime:0.000178s ]
INFO: [ app_begin ] --START--
INFO: Run Behavior\ReadHtmlCacheBehavior [ RunTime:0.000069s ]
INFO: [ app_begin ] --END-- [ RunTime:0.000155s ]
SQL: SHOW COLUMNS FROM `shop_goods` [ RunTime:0.0005s ]
SQL: SELECT * FROM `shop_goods` WHERE (  pid=9  )  [ RunTime:0.0002s ]

[ 2017-05-29T22:54:46+08:00 ] 127.0.0.1 /Api/Search/types
INFO: [ app_init ] --START--
INFO: Run Behavior\BuildLiteBehavior [ RunTime:0.000027s ]
INFO: [ app_init ] --END-- [ RunTime:0.000193s ]
INFO: [ app_begin ] --START--
INFO: Run Behavior\ReadHtmlCacheBehavior [ RunTime:0.000078s ]
INFO: [ app_begin ] --END-- [ RunTime:0.000162s ]
SQL: SHOW COLUMNS FROM `shop_goods` [ RunTime:0.0006s ]
SQL: SELECT * FROM `shop_goods` WHERE (  pid=10  )  [ RunTime:0.0002s ]

[ 2017-05-29T22:54:47+08:00 ] 127.0.0.1 /Api/Search/types
INFO: [ app_init ] --START--
INFO: Run Behavior\BuildLiteBehavior [ RunTime:0.000011s ]
INFO: [ app_init ] --END-- [ RunTime:0.000068s ]
INFO: [ app_begin ] --START--
INFO: Run Behavior\ReadHtmlCacheBehavior [ RunTime:0.000027s ]
INFO: [ app_begin ] --END-- [ RunTime:0.000054s ]
SQL: SHOW COLUMNS FROM `shop_goods` [ RunTime:0.0005s ]
SQL: SELECT * FROM `shop_goods` WHERE (  pid=8  )  [ RunTime:0.0001s ]

[ 2017-05-29T22:56:35+08:00 ] 127.0.0.1 /Api/User/collect
INFO: [ app_init ] --START--
INFO: Run Behavior\BuildLiteBehavior [ RunTime:0.000009s ]
INFO: [ app_init ] --END-- [ RunTime:0.000063s ]
INFO: [ app_begin ] --START--
INFO: Run Behavior\ReadHtmlCacheBehavior [ RunTime:0.000025s ]
INFO: [ app_begin ] --END-- [ RunTime:0.000049s ]
SQL: SHOW COLUMNS FROM `shop_cfoot` [ RunTime:0.0005s ]
NOTIC: [8] Undefined index: id /var/www/html/thinkphp_shop.com/Application/Api/Controller/UserController.class.php 第 195 行.
NOTIC: [8] Undefined index: id /var/www/html/thinkphp_shop.com/Application/Api/Controller/UserController.class.php 第 199 行.
ERR: 1064:You have an error in your SQL syntax; check the manual that corresponds to your MySQL server version for the right syntax to use near 'and goodspid=2 and pid=0 ) LIMIT 1' at line 1
 [ SQL语句 ] : SELECT * FROM `shop_cfoot` WHERE ( userid= and goodspid=2 and pid=0 ) LIMIT 1  
ERR: 1064:You have an error in your SQL syntax; check the manual that corresponds to your MySQL server version for the right syntax to use near 'and goodspid=2 and pid=0 ) LIMIT 1' at line 1
 [ SQL语句 ] : SELECT * FROM `shop_cfoot` WHERE ( userid= and goodspid=2 and pid=0 ) LIMIT 1  

[ 2017-05-29T22:56:47+08:00 ] 127.0.0.1 /Api/User/collect
INFO: [ app_init ] --START--
INFO: Run Behavior\BuildLiteBehavior [ RunTime:0.000011s ]
INFO: [ app_init ] --END-- [ RunTime:0.000079s ]
INFO: [ app_begin ] --START--
INFO: Run Behavior\ReadHtmlCacheBehavior [ RunTime:0.000033s ]
INFO: [ app_begin ] --END-- [ RunTime:0.000064s ]
SQL: SHOW COLUMNS FROM `shop_cfoot` [ RunTime:0.0005s ]
NOTIC: [8] Undefined index: id /var/www/html/thinkphp_shop.com/Application/Api/Controller/UserController.class.php 第 195 行.
NOTIC: [8] Undefined index: id /var/www/html/thinkphp_shop.com/Application/Api/Controller/UserController.class.php 第 199 行.
ERR: 1064:You have an error in your SQL syntax; check the manual that corresponds to your MySQL server version for the right syntax to use near 'and goodspid=2 and pid=0 ) LIMIT 1' at line 1
 [ SQL语句 ] : SELECT * FROM `shop_cfoot` WHERE ( userid= and goodspid=2 and pid=0 ) LIMIT 1  
ERR: 1064:You have an error in your SQL syntax; check the manual that corresponds to your MySQL server version for the right syntax to use near 'and goodspid=2 and pid=0 ) LIMIT 1' at line 1
 [ SQL语句 ] : SELECT * FROM `shop_cfoot` WHERE ( userid= and goodspid=2 and pid=0 ) LIMIT 1  

