[ 2017-05-14T08:37:50+08:00 ] 127.0.0.1 /Api/User/userUnique
INFO: [ app_init ] --START--
INFO: Run Behavior\BuildLiteBehavior [ RunTime:0.000009s ]
INFO: [ app_init ] --END-- [ RunTime:0.000061s ]
INFO: [ app_begin ] --START--
INFO: Run Behavior\ReadHtmlCacheBehavior [ RunTime:0.000043s ]
INFO: [ app_begin ] --END-- [ RunTime:0.000085s ]
SQL: SHOW COLUMNS FROM `shop_user` [ RunTime:0.0008s ]
SQL: SELECT * FROM `shop_user` WHERE `user` = '11111' LIMIT 1   [ RunTime:0.0011s ]
NOTIC: [8] Undefined variable: count /var/www/html/thinkphp_shop.com/Application/Api/Controller/UserController.class.php 第 16 行.
NOTIC: [8] Undefined variable: data /var/www/html/thinkphp_shop.com/Application/Api/Controller/UserController.class.php 第 16 行.

[ 2017-05-14T08:37:58+08:00 ] 127.0.0.1 /Api/User/emailUnique
INFO: [ app_init ] --START--
INFO: Run Behavior\BuildLiteBehavior [ RunTime:0.000016s ]
INFO: [ app_init ] --END-- [ RunTime:0.000127s ]
INFO: [ app_begin ] --START--
INFO: Run Behavior\ReadHtmlCacheBehavior [ RunTime:0.000036s ]
INFO: [ app_begin ] --END-- [ RunTime:0.000065s ]
SQL: SHOW COLUMNS FROM `shop_user` [ RunTime:0.0005s ]
SQL: SELECT * FROM `shop_user` WHERE `email` = 'aa@qq.com' LIMIT 1   [ RunTime:0.0003s ]
NOTIC: [8] Undefined variable: count /var/www/html/thinkphp_shop.com/Application/Api/Controller/UserController.class.php 第 29 行.
NOTIC: [8] Undefined variable: data /var/www/html/thinkphp_shop.com/Application/Api/Controller/UserController.class.php 第 29 行.

[ 2017-05-14T08:38:09+08:00 ] 127.0.0.1 /Api/User/regist
INFO: [ app_init ] --START--
INFO: Run Behavior\BuildLiteBehavior [ RunTime:0.000016s ]
INFO: [ app_init ] --END-- [ RunTime:0.000130s ]
INFO: [ app_begin ] --START--
INFO: Run Behavior\ReadHtmlCacheBehavior [ RunTime:0.000034s ]
INFO: [ app_begin ] --END-- [ RunTime:0.000063s ]
SQL: SHOW COLUMNS FROM `shop_user` [ RunTime:0.0004s ]
SQL: SELECT * FROM `shop_user` WHERE `user` = '11111' LIMIT 1   [ RunTime:0.0001s ]
SQL: SELECT * FROM `shop_user` WHERE `email` = 'aa@qq.com' LIMIT 1   [ RunTime:0.0001s ]
SQL: SELECT * FROM `shop_user` WHERE ( user='11111' or email='aa@qq.com'  )  [ RunTime:0.0001s ]
NOTIC: [8] Undefined variable: ret /var/www/html/thinkphp_shop.com/Application/Api/Controller/UserController.class.php 第 97 行.

[ 2017-05-14T08:42:02+08:00 ] 127.0.0.1 /Api/User/userUnique
INFO: [ app_init ] --START--
INFO: Run Behavior\BuildLiteBehavior [ RunTime:0.000009s ]
INFO: [ app_init ] --END-- [ RunTime:0.000063s ]
INFO: [ app_begin ] --START--
INFO: Run Behavior\ReadHtmlCacheBehavior [ RunTime:0.000025s ]
INFO: [ app_begin ] --END-- [ RunTime:0.000049s ]
ERR: 无法加载控制器:User

[ 2017-05-14T08:42:04+08:00 ] 127.0.0.1 /Api/User/userUnique
INFO: [ app_init ] --START--
INFO: Run Behavior\BuildLiteBehavior [ RunTime:0.000009s ]
INFO: [ app_init ] --END-- [ RunTime:0.000060s ]
INFO: [ app_begin ] --START--
INFO: Run Behavior\ReadHtmlCacheBehavior [ RunTime:0.000022s ]
INFO: [ app_begin ] --END-- [ RunTime:0.000046s ]
ERR: 无法加载控制器:User

[ 2017-05-14T08:42:05+08:00 ] 127.0.0.1 /Api/User/userUnique
INFO: [ app_init ] --START--
INFO: Run Behavior\BuildLiteBehavior [ RunTime:0.000010s ]
INFO: [ app_init ] --END-- [ RunTime:0.000062s ]
INFO: [ app_begin ] --START--
INFO: Run Behavior\ReadHtmlCacheBehavior [ RunTime:0.000022s ]
INFO: [ app_begin ] --END-- [ RunTime:0.000068s ]
ERR: 无法加载控制器:User

[ 2017-05-14T08:42:43+08:00 ] 127.0.0.1 /Api/User/emailUnique
INFO: [ app_init ] --START--
INFO: Run Behavior\BuildLiteBehavior [ RunTime:0.000012s ]
INFO: [ app_init ] --END-- [ RunTime:0.000083s ]
INFO: [ app_begin ] --START--
INFO: Run Behavior\ReadHtmlCacheBehavior [ RunTime:0.000035s ]
INFO: [ app_begin ] --END-- [ RunTime:0.000064s ]
ERR: 无法加载控制器:User

[ 2017-05-14T08:43:30+08:00 ] 127.0.0.1 /Api/User/userUnique
INFO: [ app_init ] --START--
INFO: Run Behavior\BuildLiteBehavior [ RunTime:0.000010s ]
INFO: [ app_init ] --END-- [ RunTime:0.000066s ]
INFO: [ app_begin ] --START--
INFO: Run Behavior\ReadHtmlCacheBehavior [ RunTime:0.000027s ]
INFO: [ app_begin ] --END-- [ RunTime:0.000050s ]
ERR: 无法加载控制器:User

[ 2017-05-14T08:43:43+08:00 ] 127.0.0.1 /Api/User/userUnique
INFO: [ app_init ] --START--
INFO: Run Behavior\BuildLiteBehavior [ RunTime:0.000010s ]
INFO: [ app_init ] --END-- [ RunTime:0.000075s ]
INFO: [ app_begin ] --START--
INFO: Run Behavior\ReadHtmlCacheBehavior [ RunTime:0.000030s ]
INFO: [ app_begin ] --END-- [ RunTime:0.000058s ]
ERR: 无法加载控制器:User

[ 2017-05-14T08:44:28+08:00 ] 127.0.0.1 /Api/Login/userUnique
INFO: [ app_init ] --START--
INFO: Run Behavior\BuildLiteBehavior [ RunTime:0.000010s ]
INFO: [ app_init ] --END-- [ RunTime:0.000074s ]
INFO: [ app_begin ] --START--
INFO: Run Behavior\ReadHtmlCacheBehavior [ RunTime:0.000021s ]
INFO: [ app_begin ] --END-- [ RunTime:0.000044s ]
SQL: SHOW COLUMNS FROM `shop_user` [ RunTime:0.0004s ]
SQL: SELECT * FROM `shop_user` WHERE `user` = '33' LIMIT 1   [ RunTime:0.0001s ]
NOTIC: [8] Undefined variable: count /var/www/html/thinkphp_shop.com/Application/Api/Controller/LoginController.class.php 第 16 行.
NOTIC: [8] Undefined variable: data /var/www/html/thinkphp_shop.com/Application/Api/Controller/LoginController.class.php 第 16 行.

[ 2017-05-14T08:44:31+08:00 ] 127.0.0.1 /Api/Login/emailUnique
INFO: [ app_init ] --START--
INFO: Run Behavior\BuildLiteBehavior [ RunTime:0.000009s ]
INFO: [ app_init ] --END-- [ RunTime:0.000064s ]
INFO: [ app_begin ] --START--
INFO: Run Behavior\ReadHtmlCacheBehavior [ RunTime:0.000026s ]
INFO: [ app_begin ] --END-- [ RunTime:0.000049s ]
SQL: SHOW COLUMNS FROM `shop_user` [ RunTime:0.0004s ]
SQL: SELECT * FROM `shop_user` WHERE `email` = 'qq@df.com' LIMIT 1   [ RunTime:0.0001s ]
NOTIC: [8] Undefined variable: count /var/www/html/thinkphp_shop.com/Application/Api/Controller/LoginController.class.php 第 29 行.
NOTIC: [8] Undefined variable: data /var/www/html/thinkphp_shop.com/Application/Api/Controller/LoginController.class.php 第 29 行.

[ 2017-05-14T08:44:44+08:00 ] 127.0.0.1 /Api/Login/regist
INFO: [ app_init ] --START--
INFO: Run Behavior\BuildLiteBehavior [ RunTime:0.000028s ]
INFO: [ app_init ] --END-- [ RunTime:0.000202s ]
INFO: [ app_begin ] --START--
INFO: Run Behavior\ReadHtmlCacheBehavior [ RunTime:0.000032s ]
INFO: [ app_begin ] --END-- [ RunTime:0.000063s ]
SQL: SHOW COLUMNS FROM `shop_user` [ RunTime:0.0004s ]
SQL: SELECT * FROM `shop_user` WHERE `user` = '33' LIMIT 1   [ RunTime:0.0001s ]
SQL: SELECT * FROM `shop_user` WHERE `email` = 'qq@df.com' LIMIT 1   [ RunTime:0.0001s ]
SQL: SELECT * FROM `shop_user` WHERE ( user='33' or email='qq@df.com'  )  [ RunTime:0.0002s ]
NOTIC: [8] Undefined variable: ret /var/www/html/thinkphp_shop.com/Application/Api/Controller/LoginController.class.php 第 97 行.

[ 2017-05-14T08:46:10+08:00 ] 127.0.0.1 /Api/Login/userUnique
INFO: [ app_init ] --START--
INFO: Run Behavior\BuildLiteBehavior [ RunTime:0.000017s ]
INFO: [ app_init ] --END-- [ RunTime:0.000124s ]
INFO: [ app_begin ] --START--
INFO: Run Behavior\ReadHtmlCacheBehavior [ RunTime:0.000034s ]
INFO: [ app_begin ] --END-- [ RunTime:0.000060s ]
SQL: SHOW COLUMNS FROM `shop_user` [ RunTime:0.0007s ]
SQL: SELECT * FROM `shop_user` WHERE `user` = '33' LIMIT 1   [ RunTime:0.0001s ]
NOTIC: [8] Undefined variable: count /var/www/html/thinkphp_shop.com/Application/Api/Controller/LoginController.class.php 第 16 行.
NOTIC: [8] Undefined variable: data /var/www/html/thinkphp_shop.com/Application/Api/Controller/LoginController.class.php 第 16 行.

[ 2017-05-14T08:46:10+08:00 ] 127.0.0.1 /Api/Login/emailUnique
INFO: [ app_init ] --START--
INFO: Run Behavior\BuildLiteBehavior [ RunTime:0.000009s ]
INFO: [ app_init ] --END-- [ RunTime:0.000060s ]
INFO: [ app_begin ] --START--
INFO: Run Behavior\ReadHtmlCacheBehavior [ RunTime:0.000022s ]
INFO: [ app_begin ] --END-- [ RunTime:0.000046s ]
SQL: SHOW COLUMNS FROM `shop_user` [ RunTime:0.0039s ]
SQL: SELECT * FROM `shop_user` WHERE `email` = 'qq@df.com' LIMIT 1   [ RunTime:0.0001s ]
NOTIC: [8] Undefined variable: count /var/www/html/thinkphp_shop.com/Application/Api/Controller/LoginController.class.php 第 29 行.
NOTIC: [8] Undefined variable: data /var/www/html/thinkphp_shop.com/Application/Api/Controller/LoginController.class.php 第 29 行.

[ 2017-05-14T08:46:15+08:00 ] 127.0.0.1 /Api/Login/regist
INFO: [ app_init ] --START--
INFO: Run Behavior\BuildLiteBehavior [ RunTime:0.000028s ]
INFO: [ app_init ] --END-- [ RunTime:0.000202s ]
INFO: [ app_begin ] --START--
INFO: Run Behavior\ReadHtmlCacheBehavior [ RunTime:0.000084s ]
INFO: [ app_begin ] --END-- [ RunTime:0.000167s ]
SQL: SHOW COLUMNS FROM `shop_user` [ RunTime:0.0005s ]
SQL: SELECT * FROM `shop_user` WHERE `user` = '33' LIMIT 1   [ RunTime:0.0001s ]
SQL: SELECT * FROM `shop_user` WHERE `email` = 'qq@df.com' LIMIT 1   [ RunTime:0.0001s ]
SQL: SELECT * FROM `shop_user` WHERE ( user='33' or email='qq@df.com'  )  [ RunTime:0.0001s ]
NOTIC: [8] Undefined variable: ret /var/www/html/thinkphp_shop.com/Application/Api/Controller/LoginController.class.php 第 97 行.

[ 2017-05-14T08:46:32+08:00 ] 127.0.0.1 /Api/Login/regist
INFO: [ app_init ] --START--
INFO: Run Behavior\BuildLiteBehavior [ RunTime:0.000015s ]
INFO: [ app_init ] --END-- [ RunTime:0.000112s ]
INFO: [ app_begin ] --START--
INFO: Run Behavior\ReadHtmlCacheBehavior [ RunTime:0.000056s ]
INFO: [ app_begin ] --END-- [ RunTime:0.000116s ]
SQL: SHOW COLUMNS FROM `shop_user` [ RunTime:0.0012s ]
SQL: SELECT * FROM `shop_user` WHERE `user` = '33' LIMIT 1   [ RunTime:0.0001s ]
SQL: SELECT * FROM `shop_user` WHERE `email` = 'qq@df.com' LIMIT 1   [ RunTime:0.0001s ]
SQL: SELECT * FROM `shop_user` WHERE ( user='33' or email='qq@df.com'  )  [ RunTime:0.0001s ]
NOTIC: [8] Undefined variable: ret /var/www/html/thinkphp_shop.com/Application/Api/Controller/LoginController.class.php 第 97 行.

[ 2017-05-14T08:46:35+08:00 ] 127.0.0.1 /Api/Login/userUnique
INFO: [ app_init ] --START--
INFO: Run Behavior\BuildLiteBehavior [ RunTime:0.000009s ]
INFO: [ app_init ] --END-- [ RunTime:0.000064s ]
INFO: [ app_begin ] --START--
INFO: Run Behavior\ReadHtmlCacheBehavior [ RunTime:0.000026s ]
INFO: [ app_begin ] --END-- [ RunTime:0.000052s ]
SQL: SHOW COLUMNS FROM `shop_user` [ RunTime:0.0004s ]
SQL: SELECT * FROM `shop_user` WHERE `user` = '33' LIMIT 1   [ RunTime:0.0001s ]
NOTIC: [8] Undefined variable: count /var/www/html/thinkphp_shop.com/Application/Api/Controller/LoginController.class.php 第 16 行.
NOTIC: [8] Undefined variable: data /var/www/html/thinkphp_shop.com/Application/Api/Controller/LoginController.class.php 第 16 行.

[ 2017-05-14T08:46:36+08:00 ] 127.0.0.1 /Api/Login/emailUnique
INFO: [ app_init ] --START--
INFO: Run Behavior\BuildLiteBehavior [ RunTime:0.000009s ]
INFO: [ app_init ] --END-- [ RunTime:0.000060s ]
INFO: [ app_begin ] --START--
INFO: Run Behavior\ReadHtmlCacheBehavior [ RunTime:0.000022s ]
INFO: [ app_begin ] --END-- [ RunTime:0.000046s ]
SQL: SHOW COLUMNS FROM `shop_user` [ RunTime:0.0004s ]
SQL: SELECT * FROM `shop_user` WHERE `email` = 'qq@df.com' LIMIT 1   [ RunTime:0.0001s ]
NOTIC: [8] Undefined variable: count /var/www/html/thinkphp_shop.com/Application/Api/Controller/LoginController.class.php 第 29 行.
NOTIC: [8] Undefined variable: data /var/www/html/thinkphp_shop.com/Application/Api/Controller/LoginController.class.php 第 29 行.

[ 2017-05-14T08:46:41+08:00 ] 127.0.0.1 /Api/Login/regist
INFO: [ app_init ] --START--
INFO: Run Behavior\BuildLiteBehavior [ RunTime:0.000009s ]
INFO: [ app_init ] --END-- [ RunTime:0.000063s ]
INFO: [ app_begin ] --START--
INFO: Run Behavior\ReadHtmlCacheBehavior [ RunTime:0.000035s ]
INFO: [ app_begin ] --END-- [ RunTime:0.000066s ]
SQL: SHOW COLUMNS FROM `shop_user` [ RunTime:0.0005s ]
SQL: SELECT * FROM `shop_user` WHERE `user` = '33' LIMIT 1   [ RunTime:0.0001s ]
SQL: SELECT * FROM `shop_user` WHERE `email` = 'qq@df.com' LIMIT 1   [ RunTime:0.0001s ]
SQL: SELECT * FROM `shop_user` WHERE ( user='33' or email='qq@df.com'  )  [ RunTime:0.0001s ]
NOTIC: [8] Undefined variable: ret /var/www/html/thinkphp_shop.com/Application/Api/Controller/LoginController.class.php 第 97 行.

[ 2017-05-14T08:47:10+08:00 ] 127.0.0.1 /Api/Login/userUnique
INFO: [ app_init ] --START--
INFO: Run Behavior\BuildLiteBehavior [ RunTime:0.000009s ]
INFO: [ app_init ] --END-- [ RunTime:0.000060s ]
INFO: [ app_begin ] --START--
INFO: Run Behavior\ReadHtmlCacheBehavior [ RunTime:0.000023s ]
INFO: [ app_begin ] --END-- [ RunTime:0.000046s ]
SQL: SHOW COLUMNS FROM `shop_user` [ RunTime:0.0004s ]
SQL: SELECT * FROM `shop_user` WHERE `user` = '33' LIMIT 1   [ RunTime:0.0001s ]
NOTIC: [8] Undefined variable: count /var/www/html/thinkphp_shop.com/Application/Api/Controller/LoginController.class.php 第 16 行.
NOTIC: [8] Undefined variable: data /var/www/html/thinkphp_shop.com/Application/Api/Controller/LoginController.class.php 第 16 行.

[ 2017-05-14T08:47:11+08:00 ] 127.0.0.1 /Api/Login/emailUnique
INFO: [ app_init ] --START--
INFO: Run Behavior\BuildLiteBehavior [ RunTime:0.000010s ]
INFO: [ app_init ] --END-- [ RunTime:0.000060s ]
INFO: [ app_begin ] --START--
INFO: Run Behavior\ReadHtmlCacheBehavior [ RunTime:0.000024s ]
INFO: [ app_begin ] --END-- [ RunTime:0.000047s ]
SQL: SHOW COLUMNS FROM `shop_user` [ RunTime:0.0004s ]
SQL: SELECT * FROM `shop_user` WHERE `email` = 'qq@df.com' LIMIT 1   [ RunTime:0.0001s ]
NOTIC: [8] Undefined variable: count /var/www/html/thinkphp_shop.com/Application/Api/Controller/LoginController.class.php 第 29 行.
NOTIC: [8] Undefined variable: data /var/www/html/thinkphp_shop.com/Application/Api/Controller/LoginController.class.php 第 29 行.

[ 2017-05-14T08:47:15+08:00 ] 127.0.0.1 /Api/Login/regist
INFO: [ app_init ] --START--
INFO: Run Behavior\BuildLiteBehavior [ RunTime:0.000010s ]
INFO: [ app_init ] --END-- [ RunTime:0.000064s ]
INFO: [ app_begin ] --START--
INFO: Run Behavior\ReadHtmlCacheBehavior [ RunTime:0.000026s ]
INFO: [ app_begin ] --END-- [ RunTime:0.000049s ]
SQL: SHOW COLUMNS FROM `shop_user` [ RunTime:0.0004s ]
SQL: SELECT * FROM `shop_user` WHERE `user` = '33' LIMIT 1   [ RunTime:0.0001s ]
SQL: SELECT * FROM `shop_user` WHERE `email` = 'qq@df.com' LIMIT 1   [ RunTime:0.0000s ]
SQL: SELECT * FROM `shop_user` WHERE ( user='33' or email='qq@df.com'  )  [ RunTime:0.0001s ]
NOTIC: [8] Undefined variable: ret /var/www/html/thinkphp_shop.com/Application/Api/Controller/LoginController.class.php 第 97 行.

[ 2017-05-14T08:47:37+08:00 ] 127.0.0.1 /Api/Login/login
INFO: [ app_init ] --START--
INFO: Run Behavior\BuildLiteBehavior [ RunTime:0.000008s ]
INFO: [ app_init ] --END-- [ RunTime:0.000061s ]
INFO: [ app_begin ] --START--
INFO: Run Behavior\ReadHtmlCacheBehavior [ RunTime:0.000023s ]
INFO: [ app_begin ] --END-- [ RunTime:0.000046s ]
SQL: SHOW COLUMNS FROM `shop_user` [ RunTime:0.0004s ]
SQL: SELECT * FROM `shop_user` WHERE (  user='11' or email='11' or phone='11'  ) LIMIT 1   [ RunTime:0.0002s ]

[ 2017-05-14T08:47:46+08:00 ] 127.0.0.1 /Api/Login/login
INFO: [ app_init ] --START--
INFO: Run Behavior\BuildLiteBehavior [ RunTime:0.000009s ]
INFO: [ app_init ] --END-- [ RunTime:0.000061s ]
INFO: [ app_begin ] --START--
INFO: Run Behavior\ReadHtmlCacheBehavior [ RunTime:0.000022s ]
INFO: [ app_begin ] --END-- [ RunTime:0.000045s ]
SQL: SHOW COLUMNS FROM `shop_user` [ RunTime:0.0004s ]
SQL: SELECT * FROM `shop_user` WHERE (  user='11' or email='11' or phone='11'  ) LIMIT 1   [ RunTime:0.0001s ]

[ 2017-05-14T08:48:08+08:00 ] 127.0.0.1 /Api/Login/login
INFO: [ app_init ] --START--
INFO: Run Behavior\BuildLiteBehavior [ RunTime:0.000008s ]
INFO: [ app_init ] --END-- [ RunTime:0.000062s ]
INFO: [ app_begin ] --START--
INFO: Run Behavior\ReadHtmlCacheBehavior [ RunTime:0.000023s ]
INFO: [ app_begin ] --END-- [ RunTime:0.000046s ]
SQL: SHOW COLUMNS FROM `shop_user` [ RunTime:0.0004s ]
SQL: SELECT * FROM `shop_user` WHERE (  user='11' or email='11' or phone='11'  ) LIMIT 1   [ RunTime:0.0001s ]

[ 2017-05-14T09:12:57+08:00 ] 127.0.0.1 /Api/Login/login
INFO: [ app_init ] --START--
INFO: Run Behavior\BuildLiteBehavior [ RunTime:0.000021s ]
INFO: [ app_init ] --END-- [ RunTime:0.000161s ]
INFO: [ app_begin ] --START--
INFO: Run Behavior\ReadHtmlCacheBehavior [ RunTime:0.000047s ]
INFO: [ app_begin ] --END-- [ RunTime:0.000085s ]
SQL: SHOW COLUMNS FROM `shop_user` [ RunTime:0.0006s ]
SQL: SELECT * FROM `shop_user` WHERE (  user='11' or email='11' or phone='11'  ) LIMIT 1   [ RunTime:0.0003s ]

[ 2017-05-14T09:16:08+08:00 ] 127.0.0.1 /Api/Login/login
INFO: [ app_init ] --START--
INFO: Run Behavior\BuildLiteBehavior [ RunTime:0.000008s ]
INFO: [ app_init ] --END-- [ RunTime:0.000066s ]
INFO: [ app_begin ] --START--
INFO: Run Behavior\ReadHtmlCacheBehavior [ RunTime:0.000022s ]
INFO: [ app_begin ] --END-- [ RunTime:0.000043s ]
SQL: SHOW COLUMNS FROM `shop_user` [ RunTime:0.0004s ]
SQL: SELECT * FROM `shop_user` WHERE (  user='11' or email='11' or phone='11'  ) LIMIT 1   [ RunTime:0.0001s ]

[ 2017-05-14T09:16:35+08:00 ] 127.0.0.1 /Api/Login/login
INFO: [ app_init ] --START--
INFO: Run Behavior\BuildLiteBehavior [ RunTime:0.000010s ]
INFO: [ app_init ] --END-- [ RunTime:0.000074s ]
INFO: [ app_begin ] --START--
INFO: Run Behavior\ReadHtmlCacheBehavior [ RunTime:0.000036s ]
INFO: [ app_begin ] --END-- [ RunTime:0.000067s ]
SQL: SHOW COLUMNS FROM `shop_user` [ RunTime:0.0013s ]
SQL: SELECT * FROM `shop_user` WHERE (  user='11' or email='11' or phone='11'  ) LIMIT 1   [ RunTime:0.0001s ]

[ 2017-05-14T09:17:08+08:00 ] 127.0.0.1 /Api/Login/login
INFO: [ app_init ] --START--
INFO: Run Behavior\BuildLiteBehavior [ RunTime:0.000011s ]
INFO: [ app_init ] --END-- [ RunTime:0.000083s ]
INFO: [ app_begin ] --START--
INFO: Run Behavior\ReadHtmlCacheBehavior [ RunTime:0.000031s ]
INFO: [ app_begin ] --END-- [ RunTime:0.000063s ]
SQL: SHOW COLUMNS FROM `shop_user` [ RunTime:0.0005s ]
SQL: SELECT * FROM `shop_user` WHERE (  user='11' or email='11' or phone='11'  ) LIMIT 1   [ RunTime:0.0001s ]

[ 2017-05-14T09:17:30+08:00 ] 127.0.0.1 /Api/Login/login
INFO: [ app_init ] --START--
INFO: Run Behavior\BuildLiteBehavior [ RunTime:0.000008s ]
INFO: [ app_init ] --END-- [ RunTime:0.000061s ]
INFO: [ app_begin ] --START--
INFO: Run Behavior\ReadHtmlCacheBehavior [ RunTime:0.000023s ]
INFO: [ app_begin ] --END-- [ RunTime:0.000047s ]
SQL: SHOW COLUMNS FROM `shop_user` [ RunTime:0.0005s ]
SQL: SELECT * FROM `shop_user` WHERE (  user='11' or email='11' or phone='11'  ) LIMIT 1   [ RunTime:0.0001s ]

[ 2017-05-14T09:18:03+08:00 ] 127.0.0.1 /Api/Login/login
INFO: [ app_init ] --START--
INFO: Run Behavior\BuildLiteBehavior [ RunTime:0.000010s ]
INFO: [ app_init ] --END-- [ RunTime:0.000062s ]
INFO: [ app_begin ] --START--
INFO: Run Behavior\ReadHtmlCacheBehavior [ RunTime:0.000024s ]
INFO: [ app_begin ] --END-- [ RunTime:0.000046s ]
SQL: SHOW COLUMNS FROM `shop_user` [ RunTime:0.0004s ]
SQL: SELECT * FROM `shop_user` WHERE (  user='11' or email='11' or phone='11'  ) LIMIT 1   [ RunTime:0.0001s ]

[ 2017-05-14T10:18:04+08:00 ] 127.0.0.1 /Api/Member/getMemberinfo?userid=2
INFO: [ app_init ] --START--
INFO: Run Behavior\BuildLiteBehavior [ RunTime:0.000008s ]
INFO: [ app_init ] --END-- [ RunTime:0.000062s ]
INFO: [ app_begin ] --START--
INFO: Run Behavior\ReadHtmlCacheBehavior [ RunTime:0.000021s ]
INFO: [ app_begin ] --END-- [ RunTime:0.000042s ]
SQL: SHOW COLUMNS FROM `shop_user` [ RunTime:0.0004s ]
NOTIC: [8] Undefined variable: member /var/www/html/thinkphp_shop.com/Application/Api/Controller/MemberController.class.php 第 9 行.

[ 2017-05-14T10:18:31+08:00 ] 127.0.0.1 /Api/Member/getMemberinfo?userid=2
INFO: [ app_init ] --START--
INFO: Run Behavior\BuildLiteBehavior [ RunTime:0.000016s ]
INFO: [ app_init ] --END-- [ RunTime:0.000113s ]
INFO: [ app_begin ] --START--
INFO: Run Behavior\ReadHtmlCacheBehavior [ RunTime:0.000034s ]
INFO: [ app_begin ] --END-- [ RunTime:0.000059s ]
SQL: SHOW COLUMNS FROM `shop_user` [ RunTime:0.0005s ]
SQL: SELECT * FROM `shop_user` WHERE (  id='2'  ) LIMIT 1   [ RunTime:0.0005s ]
ERR: Think\Controller:output方法不存在！

[ 2017-05-14T10:18:44+08:00 ] 127.0.0.1 /Api/Member/getMemberinfo?userid=2
INFO: [ app_init ] --START--
INFO: Run Behavior\BuildLiteBehavior [ RunTime:0.000015s ]
INFO: [ app_init ] --END-- [ RunTime:0.000112s ]
INFO: [ app_begin ] --START--
INFO: Run Behavior\ReadHtmlCacheBehavior [ RunTime:0.000036s ]
INFO: [ app_begin ] --END-- [ RunTime:0.000061s ]
SQL: SHOW COLUMNS FROM `shop_user` [ RunTime:0.0004s ]
SQL: SELECT * FROM `shop_user` WHERE (  id='2'  ) LIMIT 1   [ RunTime:0.0001s ]

[ 2017-05-14T10:18:54+08:00 ] 127.0.0.1 /Api/Member/getMemberinfo?userid=1
INFO: [ app_init ] --START--
INFO: Run Behavior\BuildLiteBehavior [ RunTime:0.000010s ]
INFO: [ app_init ] --END-- [ RunTime:0.000060s ]
INFO: [ app_begin ] --START--
INFO: Run Behavior\ReadHtmlCacheBehavior [ RunTime:0.000039s ]
INFO: [ app_begin ] --END-- [ RunTime:0.000063s ]
SQL: SHOW COLUMNS FROM `shop_user` [ RunTime:0.0004s ]
SQL: SELECT * FROM `shop_user` WHERE (  id='1'  ) LIMIT 1   [ RunTime:0.0002s ]
NOTIC: [8] Undefined variable: status /var/www/html/thinkphp_shop.com/Application/Api/Controller/MemberController.class.php 第 14 行.

[ 2017-05-14T19:35:54+08:00 ] 127.0.0.1 /Api/Login/login
INFO: [ app_init ] --START--
INFO: Run Behavior\BuildLiteBehavior [ RunTime:0.000017s ]
INFO: [ app_init ] --END-- [ RunTime:0.000123s ]
INFO: [ app_begin ] --START--
INFO: Run Behavior\ReadHtmlCacheBehavior [ RunTime:0.000046s ]
INFO: [ app_begin ] --END-- [ RunTime:0.000089s ]
SQL: SHOW COLUMNS FROM `shop_user` [ RunTime:0.0029s ]
SQL: SELECT * FROM `shop_user` WHERE (  user='11' or email='11' or phone='11'  ) LIMIT 1   [ RunTime:0.0008s ]

[ 2017-05-14T19:35:58+08:00 ] 127.0.0.1 /Api/Login/login
INFO: [ app_init ] --START--
INFO: Run Behavior\BuildLiteBehavior [ RunTime:0.000009s ]
INFO: [ app_init ] --END-- [ RunTime:0.000065s ]
INFO: [ app_begin ] --START--
INFO: Run Behavior\ReadHtmlCacheBehavior [ RunTime:0.000025s ]
INFO: [ app_begin ] --END-- [ RunTime:0.000048s ]
SQL: SHOW COLUMNS FROM `shop_user` [ RunTime:0.0004s ]
SQL: SELECT * FROM `shop_user` WHERE (  user='11' or email='11' or phone='11'  ) LIMIT 1   [ RunTime:0.0001s ]

[ 2017-05-14T19:36:01+08:00 ] 127.0.0.1 /Api/Login/login
INFO: [ app_init ] --START--
INFO: Run Behavior\BuildLiteBehavior [ RunTime:0.000009s ]
INFO: [ app_init ] --END-- [ RunTime:0.000063s ]
INFO: [ app_begin ] --START--
INFO: Run Behavior\ReadHtmlCacheBehavior [ RunTime:0.000023s ]
INFO: [ app_begin ] --END-- [ RunTime:0.000046s ]
SQL: SHOW COLUMNS FROM `shop_user` [ RunTime:0.0007s ]
SQL: SELECT * FROM `shop_user` WHERE (  user='11' or email='11' or phone='11'  ) LIMIT 1   [ RunTime:0.0002s ]

[ 2017-05-14T19:36:04+08:00 ] 127.0.0.1 /Api/Member/getMemberinfo?userid=1
INFO: [ app_init ] --START--
INFO: Run Behavior\BuildLiteBehavior [ RunTime:0.000008s ]
INFO: [ app_init ] --END-- [ RunTime:0.000054s ]
INFO: [ app_begin ] --START--
INFO: Run Behavior\ReadHtmlCacheBehavior [ RunTime:0.000021s ]
INFO: [ app_begin ] --END-- [ RunTime:0.000042s ]
SQL: SHOW COLUMNS FROM `shop_user` [ RunTime:0.0004s ]
SQL: SELECT * FROM `shop_user` WHERE (  id='1'  ) LIMIT 1   [ RunTime:0.0002s ]
NOTIC: [8] Undefined variable: status /var/www/html/thinkphp_shop.com/Application/Api/Controller/MemberController.class.php 第 14 行.

[ 2017-05-14T19:36:35+08:00 ] 127.0.0.1 /Api/Member/getMemberinfo?userid=1
INFO: [ app_init ] --START--
INFO: Run Behavior\BuildLiteBehavior [ RunTime:0.000009s ]
INFO: [ app_init ] --END-- [ RunTime:0.000058s ]
INFO: [ app_begin ] --START--
INFO: Run Behavior\ReadHtmlCacheBehavior [ RunTime:0.000023s ]
INFO: [ app_begin ] --END-- [ RunTime:0.000045s ]
SQL: SHOW COLUMNS FROM `shop_user` [ RunTime:0.0004s ]
SQL: SELECT * FROM `shop_user` WHERE (  id='1'  ) LIMIT 1   [ RunTime:0.0001s ]
NOTIC: [8] Undefined variable: status /var/www/html/thinkphp_shop.com/Application/Api/Controller/MemberController.class.php 第 14 行.

[ 2017-05-14T19:36:42+08:00 ] 127.0.0.1 /Api/Member/getMemberinfo?userid=1
INFO: [ app_init ] --START--
INFO: Run Behavior\BuildLiteBehavior [ RunTime:0.000016s ]
INFO: [ app_init ] --END-- [ RunTime:0.000107s ]
INFO: [ app_begin ] --START--
INFO: Run Behavior\ReadHtmlCacheBehavior [ RunTime:0.000035s ]
INFO: [ app_begin ] --END-- [ RunTime:0.000061s ]
SQL: SHOW COLUMNS FROM `shop_user` [ RunTime:0.0004s ]
SQL: SELECT * FROM `shop_user` WHERE (  id='1'  ) LIMIT 1   [ RunTime:0.0004s ]
NOTIC: [8] Undefined variable: status /var/www/html/thinkphp_shop.com/Application/Api/Controller/MemberController.class.php 第 14 行.

[ 2017-05-14T19:37:03+08:00 ] 127.0.0.1 /Api/Member/getMemberinfo?userid=1
INFO: [ app_init ] --START--
INFO: Run Behavior\BuildLiteBehavior [ RunTime:0.000016s ]
INFO: [ app_init ] --END-- [ RunTime:0.000127s ]
INFO: [ app_begin ] --START--
INFO: Run Behavior\ReadHtmlCacheBehavior [ RunTime:0.000034s ]
INFO: [ app_begin ] --END-- [ RunTime:0.000058s ]
SQL: SHOW COLUMNS FROM `shop_user` [ RunTime:0.0004s ]
SQL: SELECT * FROM `shop_user` WHERE (  id='1'  ) LIMIT 1   [ RunTime:0.0001s ]

[ 2017-05-14T19:46:31+08:00 ] 127.0.0.1 /Api/Member/getMemberinfo?userid=1
INFO: [ app_init ] --START--
INFO: Run Behavior\BuildLiteBehavior [ RunTime:0.000010s ]
INFO: [ app_init ] --END-- [ RunTime:0.000059s ]
INFO: [ app_begin ] --START--
INFO: Run Behavior\ReadHtmlCacheBehavior [ RunTime:0.000024s ]
INFO: [ app_begin ] --END-- [ RunTime:0.000045s ]
SQL: SHOW COLUMNS FROM `shop_user` [ RunTime:0.0005s ]
SQL: SELECT * FROM `shop_user` WHERE (  id='1'  ) LIMIT 1   [ RunTime:0.0001s ]

[ 2017-05-14T19:46:45+08:00 ] 127.0.0.1 /Api/Login/login
INFO: [ app_init ] --START--
INFO: Run Behavior\BuildLiteBehavior [ RunTime:0.000008s ]
INFO: [ app_init ] --END-- [ RunTime:0.000063s ]
INFO: [ app_begin ] --START--
INFO: Run Behavior\ReadHtmlCacheBehavior [ RunTime:0.000024s ]
INFO: [ app_begin ] --END-- [ RunTime:0.000047s ]
SQL: SHOW COLUMNS FROM `shop_user` [ RunTime:0.0004s ]
SQL: SELECT * FROM `shop_user` WHERE (  user='11' or email='11' or phone='11'  ) LIMIT 1   [ RunTime:0.0001s ]

[ 2017-05-14T19:46:47+08:00 ] 127.0.0.1 /Api/Member/getMemberinfo?userid=1
INFO: [ app_init ] --START--
INFO: Run Behavior\BuildLiteBehavior [ RunTime:0.000008s ]
INFO: [ app_init ] --END-- [ RunTime:0.000054s ]
INFO: [ app_begin ] --START--
INFO: Run Behavior\ReadHtmlCacheBehavior [ RunTime:0.000021s ]
INFO: [ app_begin ] --END-- [ RunTime:0.000042s ]
SQL: SHOW COLUMNS FROM `shop_user` [ RunTime:0.0004s ]
SQL: SELECT * FROM `shop_user` WHERE (  id='1'  ) LIMIT 1   [ RunTime:0.0001s ]

[ 2017-05-14T19:53:33+08:00 ] 127.0.0.1 /Api/Member/getMemberinfo?userid=null
INFO: [ app_init ] --START--
INFO: Run Behavior\BuildLiteBehavior [ RunTime:0.000009s ]
INFO: [ app_init ] --END-- [ RunTime:0.000071s ]
INFO: [ app_begin ] --START--
INFO: Run Behavior\ReadHtmlCacheBehavior [ RunTime:0.000024s ]
INFO: [ app_begin ] --END-- [ RunTime:0.000047s ]
SQL: SHOW COLUMNS FROM `shop_user` [ RunTime:0.0004s ]
SQL: SELECT * FROM `shop_user` WHERE (  id='null'  ) LIMIT 1   [ RunTime:0.0001s ]

[ 2017-05-14T19:53:38+08:00 ] 127.0.0.1 /Api/Member/getMemberinfo?userid=null
INFO: [ app_init ] --START--
INFO: Run Behavior\BuildLiteBehavior [ RunTime:0.000010s ]
INFO: [ app_init ] --END-- [ RunTime:0.000061s ]
INFO: [ app_begin ] --START--
INFO: Run Behavior\ReadHtmlCacheBehavior [ RunTime:0.000023s ]
INFO: [ app_begin ] --END-- [ RunTime:0.000046s ]
SQL: SHOW COLUMNS FROM `shop_user` [ RunTime:0.0004s ]
SQL: SELECT * FROM `shop_user` WHERE (  id='null'  ) LIMIT 1   [ RunTime:0.0001s ]

[ 2017-05-14T19:53:56+08:00 ] 127.0.0.1 /Api/Member/getMemberinfo?userid=1
INFO: [ app_init ] --START--
INFO: Run Behavior\BuildLiteBehavior [ RunTime:0.000009s ]
INFO: [ app_init ] --END-- [ RunTime:0.000060s ]
INFO: [ app_begin ] --START--
INFO: Run Behavior\ReadHtmlCacheBehavior [ RunTime:0.000024s ]
INFO: [ app_begin ] --END-- [ RunTime:0.000048s ]
SQL: SHOW COLUMNS FROM `shop_user` [ RunTime:0.0004s ]
SQL: SELECT * FROM `shop_user` WHERE (  id='1'  ) LIMIT 1   [ RunTime:0.0001s ]

[ 2017-05-14T19:54:19+08:00 ] 127.0.0.1 /Api/Login/login
INFO: [ app_init ] --START--
INFO: Run Behavior\BuildLiteBehavior [ RunTime:0.000013s ]
INFO: [ app_init ] --END-- [ RunTime:0.000093s ]
INFO: [ app_begin ] --START--
INFO: Run Behavior\ReadHtmlCacheBehavior [ RunTime:0.000025s ]
INFO: [ app_begin ] --END-- [ RunTime:0.000049s ]
SQL: SHOW COLUMNS FROM `shop_user` [ RunTime:0.0004s ]
SQL: SELECT * FROM `shop_user` WHERE (  user='11' or email='11' or phone='11'  ) LIMIT 1   [ RunTime:0.0001s ]

[ 2017-05-14T19:54:21+08:00 ] 127.0.0.1 /Api/Member/getMemberinfo?userid=1
INFO: [ app_init ] --START--
INFO: Run Behavior\BuildLiteBehavior [ RunTime:0.000009s ]
INFO: [ app_init ] --END-- [ RunTime:0.000054s ]
INFO: [ app_begin ] --START--
INFO: Run Behavior\ReadHtmlCacheBehavior [ RunTime:0.000022s ]
INFO: [ app_begin ] --END-- [ RunTime:0.000043s ]
SQL: SHOW COLUMNS FROM `shop_user` [ RunTime:0.0004s ]
SQL: SELECT * FROM `shop_user` WHERE (  id='1'  ) LIMIT 1   [ RunTime:0.0001s ]

[ 2017-05-14T20:03:58+08:00 ] 127.0.0.1 /Api/Member/getMemberinfo?userid=2
INFO: [ app_init ] --START--
INFO: Run Behavior\BuildLiteBehavior [ RunTime:0.000008s ]
INFO: [ app_init ] --END-- [ RunTime:0.000060s ]
INFO: [ app_begin ] --START--
INFO: Run Behavior\ReadHtmlCacheBehavior [ RunTime:0.000023s ]
INFO: [ app_begin ] --END-- [ RunTime:0.000046s ]
SQL: SHOW COLUMNS FROM `shop_user` [ RunTime:0.0004s ]
SQL: SELECT * FROM `shop_user` WHERE (  id='2'  ) LIMIT 1   [ RunTime:0.0001s ]

[ 2017-05-14T20:04:08+08:00 ] 127.0.0.1 /Api/Member/getMemberinfo?userid=1
INFO: [ app_init ] --START--
INFO: Run Behavior\BuildLiteBehavior [ RunTime:0.000010s ]
INFO: [ app_init ] --END-- [ RunTime:0.000070s ]
INFO: [ app_begin ] --START--
INFO: Run Behavior\ReadHtmlCacheBehavior [ RunTime:0.000026s ]
INFO: [ app_begin ] --END-- [ RunTime:0.000049s ]
SQL: SHOW COLUMNS FROM `shop_user` [ RunTime:0.0004s ]
SQL: SELECT * FROM `shop_user` WHERE (  id='1'  ) LIMIT 1   [ RunTime:0.0001s ]

[ 2017-05-14T20:04:59+08:00 ] 127.0.0.1 /Api/Member/getMemberinfo?userid=2
INFO: [ app_init ] --START--
INFO: Run Behavior\BuildLiteBehavior [ RunTime:0.000009s ]
INFO: [ app_init ] --END-- [ RunTime:0.000062s ]
INFO: [ app_begin ] --START--
INFO: Run Behavior\ReadHtmlCacheBehavior [ RunTime:0.000024s ]
INFO: [ app_begin ] --END-- [ RunTime:0.000046s ]
SQL: SHOW COLUMNS FROM `shop_user` [ RunTime:0.0004s ]
SQL: SELECT * FROM `shop_user` WHERE (  id='2'  ) LIMIT 1   [ RunTime:0.0002s ]

[ 2017-05-14T20:08:00+08:00 ] 127.0.0.1 /Api/Member/getMemberinfo?userid=2
INFO: [ app_init ] --START--
INFO: Run Behavior\BuildLiteBehavior [ RunTime:0.000010s ]
INFO: [ app_init ] --END-- [ RunTime:0.000062s ]
INFO: [ app_begin ] --START--
INFO: Run Behavior\ReadHtmlCacheBehavior [ RunTime:0.000023s ]
INFO: [ app_begin ] --END-- [ RunTime:0.000046s ]
SQL: SHOW COLUMNS FROM `shop_user` [ RunTime:0.0004s ]
SQL: SELECT * FROM `shop_user` WHERE (  id='2'  ) LIMIT 1   [ RunTime:0.0001s ]

[ 2017-05-14T20:08:10+08:00 ] 127.0.0.1 /Api/Member/getMemberinfo?userid=1
INFO: [ app_init ] --START--
INFO: Run Behavior\BuildLiteBehavior [ RunTime:0.000010s ]
INFO: [ app_init ] --END-- [ RunTime:0.000062s ]
INFO: [ app_begin ] --START--
INFO: Run Behavior\ReadHtmlCacheBehavior [ RunTime:0.000024s ]
INFO: [ app_begin ] --END-- [ RunTime:0.000046s ]
SQL: SHOW COLUMNS FROM `shop_user` [ RunTime:0.0004s ]
SQL: SELECT * FROM `shop_user` WHERE (  id='1'  ) LIMIT 1   [ RunTime:0.0002s ]

[ 2017-05-14T20:08:32+08:00 ] 127.0.0.1 /Api/Member/getMemberinfo?userid=1
INFO: [ app_init ] --START--
INFO: Run Behavior\BuildLiteBehavior [ RunTime:0.000010s ]
INFO: [ app_init ] --END-- [ RunTime:0.000059s ]
INFO: [ app_begin ] --START--
INFO: Run Behavior\ReadHtmlCacheBehavior [ RunTime:0.000025s ]
INFO: [ app_begin ] --END-- [ RunTime:0.000048s ]
SQL: SHOW COLUMNS FROM `shop_user` [ RunTime:0.0004s ]
SQL: SELECT * FROM `shop_user` WHERE (  id='1'  ) LIMIT 1   [ RunTime:0.0001s ]

[ 2017-05-14T20:08:35+08:00 ] 127.0.0.1 /Api/Member/getMemberinfo?userid=1
INFO: [ app_init ] --START--
INFO: Run Behavior\BuildLiteBehavior [ RunTime:0.000010s ]
INFO: [ app_init ] --END-- [ RunTime:0.000060s ]
INFO: [ app_begin ] --START--
INFO: Run Behavior\ReadHtmlCacheBehavior [ RunTime:0.000025s ]
INFO: [ app_begin ] --END-- [ RunTime:0.000048s ]
SQL: SHOW COLUMNS FROM `shop_user` [ RunTime:0.0004s ]
SQL: SELECT * FROM `shop_user` WHERE (  id='1'  ) LIMIT 1   [ RunTime:0.0001s ]

[ 2017-05-14T20:08:39+08:00 ] 127.0.0.1 /Api/Member/getMemberinfo?userid=2
INFO: [ app_init ] --START--
INFO: Run Behavior\BuildLiteBehavior [ RunTime:0.000009s ]
INFO: [ app_init ] --END-- [ RunTime:0.000061s ]
INFO: [ app_begin ] --START--
INFO: Run Behavior\ReadHtmlCacheBehavior [ RunTime:0.000025s ]
INFO: [ app_begin ] --END-- [ RunTime:0.000049s ]
SQL: SHOW COLUMNS FROM `shop_user` [ RunTime:0.0004s ]
SQL: SELECT * FROM `shop_user` WHERE (  id='2'  ) LIMIT 1   [ RunTime:0.0001s ]

[ 2017-05-14T20:09:42+08:00 ] 127.0.0.1 /Api/Member/getMemberinfo?userid=2
INFO: [ app_init ] --START--
INFO: Run Behavior\BuildLiteBehavior [ RunTime:0.000015s ]
INFO: [ app_init ] --END-- [ RunTime:0.000107s ]
INFO: [ app_begin ] --START--
INFO: Run Behavior\ReadHtmlCacheBehavior [ RunTime:0.000035s ]
INFO: [ app_begin ] --END-- [ RunTime:0.000060s ]
SQL: SHOW COLUMNS FROM `shop_user` [ RunTime:0.0004s ]
SQL: SELECT * FROM `shop_user` WHERE (  id='2'  ) LIMIT 1   [ RunTime:0.0001s ]

[ 2017-05-14T20:09:59+08:00 ] 127.0.0.1 /Api/Member/getMemberinfo?userid=2
INFO: [ app_init ] --START--
INFO: Run Behavior\BuildLiteBehavior [ RunTime:0.000009s ]
INFO: [ app_init ] --END-- [ RunTime:0.000060s ]
INFO: [ app_begin ] --START--
INFO: Run Behavior\ReadHtmlCacheBehavior [ RunTime:0.000025s ]
INFO: [ app_begin ] --END-- [ RunTime:0.000048s ]
SQL: SHOW COLUMNS FROM `shop_user` [ RunTime:0.0004s ]
SQL: SELECT * FROM `shop_user` WHERE (  id='2'  ) LIMIT 1   [ RunTime:0.0001s ]

[ 2017-05-14T20:10:02+08:00 ] 127.0.0.1 /Api/Member/getMemberinfo?userid=2
INFO: [ app_init ] --START--
INFO: Run Behavior\BuildLiteBehavior [ RunTime:0.000009s ]
INFO: [ app_init ] --END-- [ RunTime:0.000060s ]
INFO: [ app_begin ] --START--
INFO: Run Behavior\ReadHtmlCacheBehavior [ RunTime:0.000024s ]
INFO: [ app_begin ] --END-- [ RunTime:0.000047s ]
SQL: SHOW COLUMNS FROM `shop_user` [ RunTime:0.0004s ]
SQL: SELECT * FROM `shop_user` WHERE (  id='2'  ) LIMIT 1   [ RunTime:0.0001s ]

[ 2017-05-14T20:10:27+08:00 ] 127.0.0.1 /Api/Member/getMemberinfo?userid=2
INFO: [ app_init ] --START--
INFO: Run Behavior\BuildLiteBehavior [ RunTime:0.000009s ]
INFO: [ app_init ] --END-- [ RunTime:0.000060s ]
INFO: [ app_begin ] --START--
INFO: Run Behavior\ReadHtmlCacheBehavior [ RunTime:0.000023s ]
INFO: [ app_begin ] --END-- [ RunTime:0.000046s ]
SQL: SHOW COLUMNS FROM `shop_user` [ RunTime:0.0004s ]
SQL: SELECT * FROM `shop_user` WHERE (  id='2'  ) LIMIT 1   [ RunTime:0.0001s ]

[ 2017-05-14T20:11:54+08:00 ] 127.0.0.1 /Api/Member/getMemberinfo?userid=2
INFO: [ app_init ] --START--
INFO: Run Behavior\BuildLiteBehavior [ RunTime:0.000010s ]
INFO: [ app_init ] --END-- [ RunTime:0.000063s ]
INFO: [ app_begin ] --START--
INFO: Run Behavior\ReadHtmlCacheBehavior [ RunTime:0.000024s ]
INFO: [ app_begin ] --END-- [ RunTime:0.000048s ]
SQL: SHOW COLUMNS FROM `shop_user` [ RunTime:0.0004s ]
SQL: SELECT * FROM `shop_user` WHERE (  id='2'  ) LIMIT 1   [ RunTime:0.0001s ]

[ 2017-05-14T20:12:41+08:00 ] 127.0.0.1 /Api/Member/getMemberinfo?userid=2
INFO: [ app_init ] --START--
INFO: Run Behavior\BuildLiteBehavior [ RunTime:0.000009s ]
INFO: [ app_init ] --END-- [ RunTime:0.000062s ]
INFO: [ app_begin ] --START--
INFO: Run Behavior\ReadHtmlCacheBehavior [ RunTime:0.000024s ]
INFO: [ app_begin ] --END-- [ RunTime:0.000045s ]
SQL: SHOW COLUMNS FROM `shop_user` [ RunTime:0.0004s ]
SQL: SELECT * FROM `shop_user` WHERE (  id='2'  ) LIMIT 1   [ RunTime:0.0001s ]

[ 2017-05-14T20:13:34+08:00 ] 127.0.0.1 /Api/Member/getMemberinfo?userid=2
INFO: [ app_init ] --START--
INFO: Run Behavior\BuildLiteBehavior [ RunTime:0.000017s ]
INFO: [ app_init ] --END-- [ RunTime:0.000122s ]
INFO: [ app_begin ] --START--
INFO: Run Behavior\ReadHtmlCacheBehavior [ RunTime:0.000039s ]
INFO: [ app_begin ] --END-- [ RunTime:0.000066s ]
SQL: SHOW COLUMNS FROM `shop_user` [ RunTime:0.0004s ]
SQL: SELECT * FROM `shop_user` WHERE (  id='2'  ) LIMIT 1   [ RunTime:0.0001s ]

[ 2017-05-14T20:14:38+08:00 ] 127.0.0.1 /Api/Member/getMemberinfo?userid=2
INFO: [ app_init ] --START--
INFO: Run Behavior\BuildLiteBehavior [ RunTime:0.000009s ]
INFO: [ app_init ] --END-- [ RunTime:0.000061s ]
INFO: [ app_begin ] --START--
INFO: Run Behavior\ReadHtmlCacheBehavior [ RunTime:0.000024s ]
INFO: [ app_begin ] --END-- [ RunTime:0.000046s ]
SQL: SHOW COLUMNS FROM `shop_user` [ RunTime:0.0005s ]
SQL: SELECT * FROM `shop_user` WHERE (  id='2'  ) LIMIT 1   [ RunTime:0.0001s ]

[ 2017-05-14T20:15:33+08:00 ] 127.0.0.1 /Api/Member/getMemberinfo?userid=1
INFO: [ app_init ] --START--
INFO: Run Behavior\BuildLiteBehavior [ RunTime:0.000009s ]
INFO: [ app_init ] --END-- [ RunTime:0.000061s ]
INFO: [ app_begin ] --START--
INFO: Run Behavior\ReadHtmlCacheBehavior [ RunTime:0.000025s ]
INFO: [ app_begin ] --END-- [ RunTime:0.000047s ]
SQL: SHOW COLUMNS FROM `shop_user` [ RunTime:0.0004s ]
SQL: SELECT * FROM `shop_user` WHERE (  id='1'  ) LIMIT 1   [ RunTime:0.0001s ]

[ 2017-05-14T20:20:10+08:00 ] 127.0.0.1 /Api/Member/getMemberinfo?userid=1
INFO: [ app_init ] --START--
INFO: Run Behavior\BuildLiteBehavior [ RunTime:0.000009s ]
INFO: [ app_init ] --END-- [ RunTime:0.000060s ]
INFO: [ app_begin ] --START--
INFO: Run Behavior\ReadHtmlCacheBehavior [ RunTime:0.000023s ]
INFO: [ app_begin ] --END-- [ RunTime:0.000046s ]
SQL: SHOW COLUMNS FROM `shop_user` [ RunTime:0.0004s ]
SQL: SELECT * FROM `shop_user` WHERE (  id='1'  ) LIMIT 1   [ RunTime:0.0001s ]

[ 2017-05-14T20:20:18+08:00 ] 127.0.0.1 /Api/Member/getMemberinfo?userid=2
INFO: [ app_init ] --START--
INFO: Run Behavior\BuildLiteBehavior [ RunTime:0.000009s ]
INFO: [ app_init ] --END-- [ RunTime:0.000061s ]
INFO: [ app_begin ] --START--
INFO: Run Behavior\ReadHtmlCacheBehavior [ RunTime:0.000024s ]
INFO: [ app_begin ] --END-- [ RunTime:0.000048s ]
SQL: SHOW COLUMNS FROM `shop_user` [ RunTime:0.0004s ]
SQL: SELECT * FROM `shop_user` WHERE (  id='2'  ) LIMIT 1   [ RunTime:0.0001s ]

[ 2017-05-14T20:20:36+08:00 ] 127.0.0.1 /Api/Login/login
INFO: [ app_init ] --START--
INFO: Run Behavior\BuildLiteBehavior [ RunTime:0.000008s ]
INFO: [ app_init ] --END-- [ RunTime:0.000059s ]
INFO: [ app_begin ] --START--
INFO: Run Behavior\ReadHtmlCacheBehavior [ RunTime:0.000023s ]
INFO: [ app_begin ] --END-- [ RunTime:0.000045s ]
SQL: SHOW COLUMNS FROM `shop_user` [ RunTime:0.0005s ]
SQL: SELECT * FROM `shop_user` WHERE (  user='22' or email='22' or phone='22'  ) LIMIT 1   [ RunTime:0.0002s ]

[ 2017-05-14T20:20:38+08:00 ] 127.0.0.1 /Api/Member/getMemberinfo?userid=2
INFO: [ app_init ] --START--
INFO: Run Behavior\BuildLiteBehavior [ RunTime:0.000010s ]
INFO: [ app_init ] --END-- [ RunTime:0.000061s ]
INFO: [ app_begin ] --START--
INFO: Run Behavior\ReadHtmlCacheBehavior [ RunTime:0.000025s ]
INFO: [ app_begin ] --END-- [ RunTime:0.000047s ]
SQL: SHOW COLUMNS FROM `shop_user` [ RunTime:0.0006s ]
SQL: SELECT * FROM `shop_user` WHERE (  id='2'  ) LIMIT 1   [ RunTime:0.0001s ]

[ 2017-05-14T20:20:45+08:00 ] 127.0.0.1 /Api/Member/getMemberinfo?userid=3
INFO: [ app_init ] --START--
INFO: Run Behavior\BuildLiteBehavior [ RunTime:0.000010s ]
INFO: [ app_init ] --END-- [ RunTime:0.000060s ]
INFO: [ app_begin ] --START--
INFO: Run Behavior\ReadHtmlCacheBehavior [ RunTime:0.000023s ]
INFO: [ app_begin ] --END-- [ RunTime:0.000047s ]
SQL: SHOW COLUMNS FROM `shop_user` [ RunTime:0.0004s ]
SQL: SELECT * FROM `shop_user` WHERE (  id='3'  ) LIMIT 1   [ RunTime:0.0001s ]

[ 2017-05-14T20:23:25+08:00 ] 127.0.0.1 /Api/Login/login
INFO: [ app_init ] --START--
INFO: Run Behavior\BuildLiteBehavior [ RunTime:0.000012s ]
INFO: [ app_init ] --END-- [ RunTime:0.000077s ]
INFO: [ app_begin ] --START--
INFO: Run Behavior\ReadHtmlCacheBehavior [ RunTime:0.000028s ]
INFO: [ app_begin ] --END-- [ RunTime:0.000057s ]
SQL: SHOW COLUMNS FROM `shop_user` [ RunTime:0.0006s ]
SQL: SELECT * FROM `shop_user` WHERE (  user='22' or email='22' or phone='22'  ) LIMIT 1   [ RunTime:0.0001s ]

[ 2017-05-14T20:23:27+08:00 ] 127.0.0.1 /Api/Member/getMemberinfo?userid=2
INFO: [ app_init ] --START--
INFO: Run Behavior\BuildLiteBehavior [ RunTime:0.000009s ]
INFO: [ app_init ] --END-- [ RunTime:0.000055s ]
INFO: [ app_begin ] --START--
INFO: Run Behavior\ReadHtmlCacheBehavior [ RunTime:0.000021s ]
INFO: [ app_begin ] --END-- [ RunTime:0.000042s ]
SQL: SHOW COLUMNS FROM `shop_user` [ RunTime:0.0004s ]
SQL: SELECT * FROM `shop_user` WHERE (  id='2'  ) LIMIT 1   [ RunTime:0.0001s ]

[ 2017-05-14T20:23:34+08:00 ] 127.0.0.1 /Api/Member/getMemberinfo?userid=2
INFO: [ app_init ] --START--
INFO: Run Behavior\BuildLiteBehavior [ RunTime:0.000010s ]
INFO: [ app_init ] --END-- [ RunTime:0.000061s ]
INFO: [ app_begin ] --START--
INFO: Run Behavior\ReadHtmlCacheBehavior [ RunTime:0.000024s ]
INFO: [ app_begin ] --END-- [ RunTime:0.000049s ]
SQL: SHOW COLUMNS FROM `shop_user` [ RunTime:0.0004s ]
SQL: SELECT * FROM `shop_user` WHERE (  id='2'  ) LIMIT 1   [ RunTime:0.0001s ]

[ 2017-05-14T20:24:55+08:00 ] 127.0.0.1 /Api/Member/getMemberinfo?userid=2
INFO: [ app_init ] --START--
INFO: Run Behavior\BuildLiteBehavior [ RunTime:0.000009s ]
INFO: [ app_init ] --END-- [ RunTime:0.000061s ]
INFO: [ app_begin ] --START--
INFO: Run Behavior\ReadHtmlCacheBehavior [ RunTime:0.000025s ]
INFO: [ app_begin ] --END-- [ RunTime:0.000048s ]
SQL: SHOW COLUMNS FROM `shop_user` [ RunTime:0.0004s ]
SQL: SELECT * FROM `shop_user` WHERE (  id='2'  ) LIMIT 1   [ RunTime:0.0001s ]

[ 2017-05-14T20:24:59+08:00 ] 127.0.0.1 /Api/Member/getMemberinfo?userid=2
INFO: [ app_init ] --START--
INFO: Run Behavior\BuildLiteBehavior [ RunTime:0.000009s ]
INFO: [ app_init ] --END-- [ RunTime:0.000060s ]
INFO: [ app_begin ] --START--
INFO: Run Behavior\ReadHtmlCacheBehavior [ RunTime:0.000024s ]
INFO: [ app_begin ] --END-- [ RunTime:0.000047s ]
SQL: SHOW COLUMNS FROM `shop_user` [ RunTime:0.0005s ]
SQL: SELECT * FROM `shop_user` WHERE (  id='2'  ) LIMIT 1   [ RunTime:0.0001s ]

[ 2017-05-14T20:25:10+08:00 ] 127.0.0.1 /Api/Member/getMemberinfo?userid=2
INFO: [ app_init ] --START--
INFO: Run Behavior\BuildLiteBehavior [ RunTime:0.000009s ]
INFO: [ app_init ] --END-- [ RunTime:0.000062s ]
INFO: [ app_begin ] --START--
INFO: Run Behavior\ReadHtmlCacheBehavior [ RunTime:0.000021s ]
INFO: [ app_begin ] --END-- [ RunTime:0.000042s ]
SQL: SHOW COLUMNS FROM `shop_user` [ RunTime:0.0004s ]
SQL: SELECT * FROM `shop_user` WHERE (  id='2'  ) LIMIT 1   [ RunTime:0.0001s ]

[ 2017-05-14T20:26:48+08:00 ] 127.0.0.1 /Api/Member/getMemberinfo?userid=null
INFO: [ app_init ] --START--
INFO: Run Behavior\BuildLiteBehavior [ RunTime:0.000010s ]
INFO: [ app_init ] --END-- [ RunTime:0.000061s ]
INFO: [ app_begin ] --START--
INFO: Run Behavior\ReadHtmlCacheBehavior [ RunTime:0.000027s ]
INFO: [ app_begin ] --END-- [ RunTime:0.000052s ]
SQL: SHOW COLUMNS FROM `shop_user` [ RunTime:0.0004s ]
SQL: SELECT * FROM `shop_user` WHERE (  id='null'  ) LIMIT 1   [ RunTime:0.0002s ]

[ 2017-05-14T20:27:01+08:00 ] 127.0.0.1 /Api/Login/login
INFO: [ app_init ] --START--
INFO: Run Behavior\BuildLiteBehavior [ RunTime:0.000010s ]
INFO: [ app_init ] --END-- [ RunTime:0.000075s ]
INFO: [ app_begin ] --START--
INFO: Run Behavior\ReadHtmlCacheBehavior [ RunTime:0.000029s ]
INFO: [ app_begin ] --END-- [ RunTime:0.000056s ]
SQL: SHOW COLUMNS FROM `shop_user` [ RunTime:0.0005s ]
SQL: SELECT * FROM `shop_user` WHERE (  user='11' or email='11' or phone='11'  ) LIMIT 1   [ RunTime:0.0002s ]

[ 2017-05-14T20:27:04+08:00 ] 127.0.0.1 /Api/Member/getMemberinfo?userid=1
INFO: [ app_init ] --START--
INFO: Run Behavior\BuildLiteBehavior [ RunTime:0.000008s ]
INFO: [ app_init ] --END-- [ RunTime:0.000057s ]
INFO: [ app_begin ] --START--
INFO: Run Behavior\ReadHtmlCacheBehavior [ RunTime:0.000023s ]
INFO: [ app_begin ] --END-- [ RunTime:0.000045s ]
SQL: SHOW COLUMNS FROM `shop_user` [ RunTime:0.0004s ]
SQL: SELECT * FROM `shop_user` WHERE (  id='1'  ) LIMIT 1   [ RunTime:0.0001s ]

[ 2017-05-14T20:27:09+08:00 ] 127.0.0.1 /Api/Member/getMemberinfo?userid=1
INFO: [ app_init ] --START--
INFO: Run Behavior\BuildLiteBehavior [ RunTime:0.000008s ]
INFO: [ app_init ] --END-- [ RunTime:0.000055s ]
INFO: [ app_begin ] --START--
INFO: Run Behavior\ReadHtmlCacheBehavior [ RunTime:0.000021s ]
INFO: [ app_begin ] --END-- [ RunTime:0.000050s ]
SQL: SHOW COLUMNS FROM `shop_user` [ RunTime:0.0004s ]
SQL: SELECT * FROM `shop_user` WHERE (  id='1'  ) LIMIT 1   [ RunTime:0.0001s ]

[ 2017-05-14T20:29:03+08:00 ] 127.0.0.1 /Api/Member/getMemberinfo?userid=1
INFO: [ app_init ] --START--
INFO: Run Behavior\BuildLiteBehavior [ RunTime:0.000010s ]
INFO: [ app_init ] --END-- [ RunTime:0.000061s ]
INFO: [ app_begin ] --START--
INFO: Run Behavior\ReadHtmlCacheBehavior [ RunTime:0.000024s ]
INFO: [ app_begin ] --END-- [ RunTime:0.000046s ]
SQL: SHOW COLUMNS FROM `shop_user` [ RunTime:0.0004s ]

[ 2017-05-14T20:29:40+08:00 ] 127.0.0.1 /Api/Member/getMemberinfo?userid=2
INFO: [ app_init ] --START--
INFO: Run Behavior\BuildLiteBehavior [ RunTime:0.000009s ]
INFO: [ app_init ] --END-- [ RunTime:0.000063s ]
INFO: [ app_begin ] --START--
INFO: Run Behavior\ReadHtmlCacheBehavior [ RunTime:0.000025s ]
INFO: [ app_begin ] --END-- [ RunTime:0.000048s ]
SQL: SHOW COLUMNS FROM `shop_user` [ RunTime:0.0004s ]

[ 2017-05-14T20:29:55+08:00 ] 127.0.0.1 /Api/Member/getMemberinfo?userid=2
INFO: [ app_init ] --START--
INFO: Run Behavior\BuildLiteBehavior [ RunTime:0.000010s ]
INFO: [ app_init ] --END-- [ RunTime:0.000079s ]
INFO: [ app_begin ] --START--
INFO: Run Behavior\ReadHtmlCacheBehavior [ RunTime:0.000024s ]
INFO: [ app_begin ] --END-- [ RunTime:0.000047s ]
SQL: SHOW COLUMNS FROM `shop_user` [ RunTime:0.0004s ]
SQL: SELECT * FROM `shop_user` WHERE (  id='2'  ) LIMIT 1   [ RunTime:0.0001s ]

[ 2017-05-14T20:41:25+08:00 ] 127.0.0.1 /Api/Login/login
INFO: [ app_init ] --START--
INFO: Run Behavior\BuildLiteBehavior [ RunTime:0.000018s ]
INFO: [ app_init ] --END-- [ RunTime:0.000140s ]
INFO: [ app_begin ] --START--
INFO: Run Behavior\ReadHtmlCacheBehavior [ RunTime:0.000060s ]
INFO: [ app_begin ] --END-- [ RunTime:0.000107s ]
SQL: SHOW COLUMNS FROM `shop_user` [ RunTime:0.0006s ]
SQL: SELECT * FROM `shop_user` WHERE (  user='11' or email='11' or phone='11'  ) LIMIT 1   [ RunTime:0.0001s ]

[ 2017-05-14T20:41:28+08:00 ] 127.0.0.1 /Api/Member/getMemberinfo?userid=1
INFO: [ app_init ] --START--
INFO: Run Behavior\BuildLiteBehavior [ RunTime:0.000009s ]
INFO: [ app_init ] --END-- [ RunTime:0.000064s ]
INFO: [ app_begin ] --START--
INFO: Run Behavior\ReadHtmlCacheBehavior [ RunTime:0.000028s ]
INFO: [ app_begin ] --END-- [ RunTime:0.000050s ]

[ 2017-05-14T20:41:36+08:00 ] 127.0.0.1 /Api/Login/login
INFO: [ app_init ] --START--
INFO: Run Behavior\BuildLiteBehavior [ RunTime:0.000010s ]
INFO: [ app_init ] --END-- [ RunTime:0.000063s ]
INFO: [ app_begin ] --START--
INFO: Run Behavior\ReadHtmlCacheBehavior [ RunTime:0.000024s ]
INFO: [ app_begin ] --END-- [ RunTime:0.000049s ]
SQL: SHOW COLUMNS FROM `shop_user` [ RunTime:0.0004s ]
SQL: SELECT * FROM `shop_user` WHERE (  user='11' or email='11' or phone='11'  ) LIMIT 1   [ RunTime:0.0001s ]

[ 2017-05-14T20:41:39+08:00 ] 127.0.0.1 /Api/Member/getMemberinfo?userid=1
INFO: [ app_init ] --START--
INFO: Run Behavior\BuildLiteBehavior [ RunTime:0.000010s ]
INFO: [ app_init ] --END-- [ RunTime:0.000065s ]
INFO: [ app_begin ] --START--
INFO: Run Behavior\ReadHtmlCacheBehavior [ RunTime:0.000026s ]
INFO: [ app_begin ] --END-- [ RunTime:0.000049s ]

[ 2017-05-14T20:43:31+08:00 ] 127.0.0.1 /Api/Member/getMemberinfo?userid=1
INFO: [ app_init ] --START--
INFO: Run Behavior\BuildLiteBehavior [ RunTime:0.000010s ]
INFO: [ app_init ] --END-- [ RunTime:0.000062s ]
INFO: [ app_begin ] --START--
INFO: Run Behavior\ReadHtmlCacheBehavior [ RunTime:0.000025s ]
INFO: [ app_begin ] --END-- [ RunTime:0.000048s ]

[ 2017-05-14T20:44:03+08:00 ] 127.0.0.1 /Api/Member/getMemberinfo?userid=1
INFO: [ app_init ] --START--
INFO: Run Behavior\BuildLiteBehavior [ RunTime:0.000009s ]
INFO: [ app_init ] --END-- [ RunTime:0.000062s ]
INFO: [ app_begin ] --START--
INFO: Run Behavior\ReadHtmlCacheBehavior [ RunTime:0.000025s ]
INFO: [ app_begin ] --END-- [ RunTime:0.000047s ]
SQL: SHOW COLUMNS FROM `shop_user` [ RunTime:0.0004s ]
SQL: SELECT * FROM `shop_user` WHERE ( id = '1'  ) LIMIT 1   [ RunTime:0.0002s ]

[ 2017-05-14T20:44:08+08:00 ] 127.0.0.1 /Api/Member/getMemberinfo?userid=1
INFO: [ app_init ] --START--
INFO: Run Behavior\BuildLiteBehavior [ RunTime:0.000010s ]
INFO: [ app_init ] --END-- [ RunTime:0.000062s ]
INFO: [ app_begin ] --START--
INFO: Run Behavior\ReadHtmlCacheBehavior [ RunTime:0.000023s ]
INFO: [ app_begin ] --END-- [ RunTime:0.000046s ]
SQL: SHOW COLUMNS FROM `shop_user` [ RunTime:0.0004s ]
SQL: SELECT * FROM `shop_user` WHERE ( id = '1'  ) LIMIT 1   [ RunTime:0.0001s ]

[ 2017-05-14T20:45:22+08:00 ] 127.0.0.1 /Api/Login/login
INFO: [ app_init ] --START--
INFO: Run Behavior\BuildLiteBehavior [ RunTime:0.000008s ]
INFO: [ app_init ] --END-- [ RunTime:0.000063s ]
INFO: [ app_begin ] --START--
INFO: Run Behavior\ReadHtmlCacheBehavior [ RunTime:0.000026s ]
INFO: [ app_begin ] --END-- [ RunTime:0.000050s ]
SQL: SHOW COLUMNS FROM `shop_user` [ RunTime:0.0006s ]
SQL: SELECT * FROM `shop_user` WHERE (  user='11' or email='11' or phone='11'  ) LIMIT 1   [ RunTime:0.0005s ]

[ 2017-05-14T20:45:25+08:00 ] 127.0.0.1 /Api/Member/getMemberinfo?userid=1
INFO: [ app_init ] --START--
INFO: Run Behavior\BuildLiteBehavior [ RunTime:0.000010s ]
INFO: [ app_init ] --END-- [ RunTime:0.000063s ]
INFO: [ app_begin ] --START--
INFO: Run Behavior\ReadHtmlCacheBehavior [ RunTime:0.000026s ]
INFO: [ app_begin ] --END-- [ RunTime:0.000050s ]
SQL: SHOW COLUMNS FROM `shop_user` [ RunTime:0.0004s ]
SQL: SELECT * FROM `shop_user` WHERE ( id = '1'  ) LIMIT 1   [ RunTime:0.0001s ]

[ 2017-05-14T20:46:39+08:00 ] 127.0.0.1 /Api/Login/login
INFO: [ app_init ] --START--
INFO: Run Behavior\BuildLiteBehavior [ RunTime:0.000010s ]
INFO: [ app_init ] --END-- [ RunTime:0.000068s ]
INFO: [ app_begin ] --START--
INFO: Run Behavior\ReadHtmlCacheBehavior [ RunTime:0.000027s ]
INFO: [ app_begin ] --END-- [ RunTime:0.000053s ]
SQL: SHOW COLUMNS FROM `shop_user` [ RunTime:0.0004s ]
SQL: SELECT * FROM `shop_user` WHERE (  user='11' or email='11' or phone='11'  ) LIMIT 1   [ RunTime:0.0001s ]

[ 2017-05-14T20:46:42+08:00 ] 127.0.0.1 /Api/Member/getMemberinfo?userid=1
INFO: [ app_init ] --START--
INFO: Run Behavior\BuildLiteBehavior [ RunTime:0.000009s ]
INFO: [ app_init ] --END-- [ RunTime:0.000055s ]
INFO: [ app_begin ] --START--
INFO: Run Behavior\ReadHtmlCacheBehavior [ RunTime:0.000021s ]
INFO: [ app_begin ] --END-- [ RunTime:0.000043s ]
SQL: SHOW COLUMNS FROM `shop_user` [ RunTime:0.0004s ]
SQL: SELECT * FROM `shop_user` WHERE ( id = '1'  ) LIMIT 1   [ RunTime:0.0001s ]

[ 2017-05-14T20:47:18+08:00 ] 127.0.0.1 /Api/Member/getMemberinfo?userid=2
INFO: [ app_init ] --START--
INFO: Run Behavior\BuildLiteBehavior [ RunTime:0.000010s ]
INFO: [ app_init ] --END-- [ RunTime:0.000075s ]
INFO: [ app_begin ] --START--
INFO: Run Behavior\ReadHtmlCacheBehavior [ RunTime:0.000032s ]
INFO: [ app_begin ] --END-- [ RunTime:0.000059s ]

[ 2017-05-14T20:47:28+08:00 ] 127.0.0.1 /Api/Member/getMemberinfo?userid=2
INFO: [ app_init ] --START--
INFO: Run Behavior\BuildLiteBehavior [ RunTime:0.000009s ]
INFO: [ app_init ] --END-- [ RunTime:0.000065s ]
INFO: [ app_begin ] --START--
INFO: Run Behavior\ReadHtmlCacheBehavior [ RunTime:0.000027s ]
INFO: [ app_begin ] --END-- [ RunTime:0.000049s ]

[ 2017-05-14T20:48:11+08:00 ] 127.0.0.1 /Api/Login/login
INFO: [ app_init ] --START--
INFO: Run Behavior\BuildLiteBehavior [ RunTime:0.000011s ]
INFO: [ app_init ] --END-- [ RunTime:0.000077s ]
INFO: [ app_begin ] --START--
INFO: Run Behavior\ReadHtmlCacheBehavior [ RunTime:0.000031s ]
INFO: [ app_begin ] --END-- [ RunTime:0.000062s ]
SQL: SHOW COLUMNS FROM `shop_user` [ RunTime:0.0005s ]
SQL: SELECT * FROM `shop_user` WHERE (  user='22' or email='22' or phone='22'  ) LIMIT 1   [ RunTime:0.0001s ]

[ 2017-05-14T20:48:13+08:00 ] 127.0.0.1 /Api/Member/getMemberinfo?userid=2
INFO: [ app_init ] --START--
INFO: Run Behavior\BuildLiteBehavior [ RunTime:0.000010s ]
INFO: [ app_init ] --END-- [ RunTime:0.000060s ]
INFO: [ app_begin ] --START--
INFO: Run Behavior\ReadHtmlCacheBehavior [ RunTime:0.000024s ]
INFO: [ app_begin ] --END-- [ RunTime:0.000047s ]
SQL: SHOW COLUMNS FROM `shop_user` [ RunTime:0.0004s ]
SQL: SELECT * FROM `shop_user` WHERE ( id = '2'  ) LIMIT 1   [ RunTime:0.0002s ]

[ 2017-05-14T20:48:24+08:00 ] 127.0.0.1 /Api/Member/getMemberinfo?userid=1
INFO: [ app_init ] --START--
INFO: Run Behavior\BuildLiteBehavior [ RunTime:0.000017s ]
INFO: [ app_init ] --END-- [ RunTime:0.000122s ]
INFO: [ app_begin ] --START--
INFO: Run Behavior\ReadHtmlCacheBehavior [ RunTime:0.000042s ]
INFO: [ app_begin ] --END-- [ RunTime:0.000074s ]

[ 2017-05-14T20:48:29+08:00 ] 127.0.0.1 /Api/Member/getMemberinfo?userid=2
INFO: [ app_init ] --START--
INFO: Run Behavior\BuildLiteBehavior [ RunTime:0.000009s ]
INFO: [ app_init ] --END-- [ RunTime:0.000063s ]
INFO: [ app_begin ] --START--
INFO: Run Behavior\ReadHtmlCacheBehavior [ RunTime:0.000024s ]
INFO: [ app_begin ] --END-- [ RunTime:0.000047s ]
SQL: SHOW COLUMNS FROM `shop_user` [ RunTime:0.0004s ]
SQL: SELECT * FROM `shop_user` WHERE ( id = '2'  ) LIMIT 1   [ RunTime:0.0001s ]

[ 2017-05-14T20:56:59+08:00 ] 127.0.0.1 /Api/Member/getMemberinfo?userid=2
INFO: [ app_init ] --START--
INFO: Run Behavior\BuildLiteBehavior [ RunTime:0.000010s ]
INFO: [ app_init ] --END-- [ RunTime:0.000062s ]
INFO: [ app_begin ] --START--
INFO: Run Behavior\ReadHtmlCacheBehavior [ RunTime:0.000025s ]
INFO: [ app_begin ] --END-- [ RunTime:0.000047s ]
SQL: SHOW COLUMNS FROM `shop_user` [ RunTime:0.0004s ]
SQL: SELECT * FROM `shop_user` WHERE ( id = '2'  ) LIMIT 1   [ RunTime:0.0001s ]

[ 2017-05-14T20:57:49+08:00 ] 127.0.0.1 /Api/Member/getMemberinfo?userid=2
INFO: [ app_init ] --START--
INFO: Run Behavior\BuildLiteBehavior [ RunTime:0.000009s ]
INFO: [ app_init ] --END-- [ RunTime:0.000061s ]
INFO: [ app_begin ] --START--
INFO: Run Behavior\ReadHtmlCacheBehavior [ RunTime:0.000023s ]
INFO: [ app_begin ] --END-- [ RunTime:0.000046s ]
SQL: SHOW COLUMNS FROM `shop_user` [ RunTime:0.0004s ]
SQL: SELECT * FROM `shop_user` WHERE ( id = '2'  ) LIMIT 1   [ RunTime:0.0001s ]

[ 2017-05-14T20:58:18+08:00 ] 127.0.0.1 /Api/Login/login
INFO: [ app_init ] --START--
INFO: Run Behavior\BuildLiteBehavior [ RunTime:0.000011s ]
INFO: [ app_init ] --END-- [ RunTime:0.000079s ]
INFO: [ app_begin ] --START--
INFO: Run Behavior\ReadHtmlCacheBehavior [ RunTime:0.000030s ]
INFO: [ app_begin ] --END-- [ RunTime:0.000060s ]
SQL: SHOW COLUMNS FROM `shop_user` [ RunTime:0.0005s ]
SQL: SELECT * FROM `shop_user` WHERE (  user='11' or email='11' or phone='11'  ) LIMIT 1   [ RunTime:0.0001s ]

[ 2017-05-14T20:58:21+08:00 ] 127.0.0.1 /Api/Member/getMemberinfo?userid=1
INFO: [ app_init ] --START--
INFO: Run Behavior\BuildLiteBehavior [ RunTime:0.000008s ]
INFO: [ app_init ] --END-- [ RunTime:0.000057s ]
INFO: [ app_begin ] --START--
INFO: Run Behavior\ReadHtmlCacheBehavior [ RunTime:0.000025s ]
INFO: [ app_begin ] --END-- [ RunTime:0.000055s ]
SQL: SHOW COLUMNS FROM `shop_user` [ RunTime:0.0004s ]
SQL: SELECT * FROM `shop_user` WHERE ( id = '1'  ) LIMIT 1   [ RunTime:0.0001s ]

[ 2017-05-14T20:58:25+08:00 ] 127.0.0.1 /Api/Member/getMemberinfo?userid=1
INFO: [ app_init ] --START--
INFO: Run Behavior\BuildLiteBehavior [ RunTime:0.000010s ]
INFO: [ app_init ] --END-- [ RunTime:0.000061s ]
INFO: [ app_begin ] --START--
INFO: Run Behavior\ReadHtmlCacheBehavior [ RunTime:0.000025s ]
INFO: [ app_begin ] --END-- [ RunTime:0.000047s ]
SQL: SHOW COLUMNS FROM `shop_user` [ RunTime:0.0004s ]
SQL: SELECT * FROM `shop_user` WHERE ( id = '1'  ) LIMIT 1   [ RunTime:0.0001s ]

[ 2017-05-14T21:03:22+08:00 ] 127.0.0.1 /Api/Login/login
INFO: [ app_init ] --START--
INFO: Run Behavior\BuildLiteBehavior [ RunTime:0.000012s ]
INFO: [ app_init ] --END-- [ RunTime:0.000081s ]
INFO: [ app_begin ] --START--
INFO: Run Behavior\ReadHtmlCacheBehavior [ RunTime:0.000025s ]
INFO: [ app_begin ] --END-- [ RunTime:0.000053s ]
SQL: SHOW COLUMNS FROM `shop_user` [ RunTime:0.0004s ]
SQL: SELECT * FROM `shop_user` WHERE (  user='11' or email='11' or phone='11'  ) LIMIT 1   [ RunTime:0.0001s ]

[ 2017-05-14T21:03:24+08:00 ] 127.0.0.1 /Api/User/getUserinfo?userid=1
INFO: [ app_init ] --START--
INFO: Run Behavior\BuildLiteBehavior [ RunTime:0.000008s ]
INFO: [ app_init ] --END-- [ RunTime:0.000054s ]
INFO: [ app_begin ] --START--
INFO: Run Behavior\ReadHtmlCacheBehavior [ RunTime:0.000021s ]
INFO: [ app_begin ] --END-- [ RunTime:0.000042s ]
SQL: SHOW COLUMNS FROM `shop_user` [ RunTime:0.0004s ]
SQL: SELECT * FROM `shop_user` WHERE ( id = '1'  ) LIMIT 1   [ RunTime:0.0001s ]

[ 2017-05-14T21:04:54+08:00 ] 127.0.0.1 /Api/User/getUserinfo?userid=1
INFO: [ app_init ] --START--
INFO: Run Behavior\BuildLiteBehavior [ RunTime:0.000010s ]
INFO: [ app_init ] --END-- [ RunTime:0.000069s ]
INFO: [ app_begin ] --START--
INFO: Run Behavior\ReadHtmlCacheBehavior [ RunTime:0.000026s ]
INFO: [ app_begin ] --END-- [ RunTime:0.000049s ]
SQL: SHOW COLUMNS FROM `shop_user` [ RunTime:0.0004s ]
SQL: SELECT * FROM `shop_user` WHERE ( id = '1'  ) LIMIT 1   [ RunTime:0.0001s ]

[ 2017-05-14T21:05:10+08:00 ] 127.0.0.1 /Api/Login/login
INFO: [ app_init ] --START--
INFO: Run Behavior\BuildLiteBehavior [ RunTime:0.000009s ]
INFO: [ app_init ] --END-- [ RunTime:0.000061s ]
INFO: [ app_begin ] --START--
INFO: Run Behavior\ReadHtmlCacheBehavior [ RunTime:0.000024s ]
INFO: [ app_begin ] --END-- [ RunTime:0.000046s ]
SQL: SHOW COLUMNS FROM `shop_user` [ RunTime:0.0004s ]
SQL: SELECT * FROM `shop_user` WHERE (  user='11' or email='11' or phone='11'  ) LIMIT 1   [ RunTime:0.0001s ]

[ 2017-05-14T21:06:02+08:00 ] 127.0.0.1 /Api/Login/login
INFO: [ app_init ] --START--
INFO: Run Behavior\BuildLiteBehavior [ RunTime:0.000008s ]
INFO: [ app_init ] --END-- [ RunTime:0.000065s ]
INFO: [ app_begin ] --START--
INFO: Run Behavior\ReadHtmlCacheBehavior [ RunTime:0.000024s ]
INFO: [ app_begin ] --END-- [ RunTime:0.000047s ]
SQL: SHOW COLUMNS FROM `shop_user` [ RunTime:0.0004s ]
SQL: SELECT * FROM `shop_user` WHERE (  user='11' or email='11' or phone='11'  ) LIMIT 1   [ RunTime:0.0001s ]

[ 2017-05-14T21:06:05+08:00 ] 127.0.0.1 /Api/User/getUserinfo?userid=1
INFO: [ app_init ] --START--
INFO: Run Behavior\BuildLiteBehavior [ RunTime:0.000010s ]
INFO: [ app_init ] --END-- [ RunTime:0.000064s ]
INFO: [ app_begin ] --START--
INFO: Run Behavior\ReadHtmlCacheBehavior [ RunTime:0.000027s ]
INFO: [ app_begin ] --END-- [ RunTime:0.000049s ]
SQL: SHOW COLUMNS FROM `shop_user` [ RunTime:0.0004s ]
SQL: SELECT * FROM `shop_user` WHERE ( id = '1'  ) LIMIT 1   [ RunTime:0.0001s ]

[ 2017-05-14T21:06:08+08:00 ] 127.0.0.1 /Api/User/getUSerinfo?userid=1
INFO: [ app_init ] --START--
INFO: Run Behavior\BuildLiteBehavior [ RunTime:0.000009s ]
INFO: [ app_init ] --END-- [ RunTime:0.000055s ]
INFO: [ app_begin ] --START--
INFO: Run Behavior\ReadHtmlCacheBehavior [ RunTime:0.000021s ]
INFO: [ app_begin ] --END-- [ RunTime:0.000042s ]
SQL: SHOW COLUMNS FROM `shop_user` [ RunTime:0.0004s ]
SQL: SELECT * FROM `shop_user` WHERE ( id = '1'  ) LIMIT 1   [ RunTime:0.0002s ]

[ 2017-05-14T21:06:19+08:00 ] 127.0.0.1 /Api/User/getUSerinfo?userid=1
INFO: [ app_init ] --START--
INFO: Run Behavior\BuildLiteBehavior [ RunTime:0.000010s ]
INFO: [ app_init ] --END-- [ RunTime:0.000067s ]
INFO: [ app_begin ] --START--
INFO: Run Behavior\ReadHtmlCacheBehavior [ RunTime:0.000026s ]
INFO: [ app_begin ] --END-- [ RunTime:0.000052s ]
SQL: SHOW COLUMNS FROM `shop_user` [ RunTime:0.0004s ]
SQL: SELECT * FROM `shop_user` WHERE ( id = '1'  ) LIMIT 1   [ RunTime:0.0001s ]

[ 2017-05-14T21:06:23+08:00 ] 127.0.0.1 /Api/User/getUSerinfo?userid=1
INFO: [ app_init ] --START--
INFO: Run Behavior\BuildLiteBehavior [ RunTime:0.000011s ]
INFO: [ app_init ] --END-- [ RunTime:0.000066s ]
INFO: [ app_begin ] --START--
INFO: Run Behavior\ReadHtmlCacheBehavior [ RunTime:0.000024s ]
INFO: [ app_begin ] --END-- [ RunTime:0.000050s ]
SQL: SHOW COLUMNS FROM `shop_user` [ RunTime:0.0004s ]
SQL: SELECT * FROM `shop_user` WHERE ( id = '1'  ) LIMIT 1   [ RunTime:0.0001s ]

[ 2017-05-14T21:06:35+08:00 ] 127.0.0.1 /Api/User/getUSerinfo?userid=1
INFO: [ app_init ] --START--
INFO: Run Behavior\BuildLiteBehavior [ RunTime:0.000008s ]
INFO: [ app_init ] --END-- [ RunTime:0.000055s ]
INFO: [ app_begin ] --START--
INFO: Run Behavior\ReadHtmlCacheBehavior [ RunTime:0.000021s ]
INFO: [ app_begin ] --END-- [ RunTime:0.000043s ]
SQL: SHOW COLUMNS FROM `shop_user` [ RunTime:0.0004s ]
SQL: SELECT * FROM `shop_user` WHERE ( id = '1'  ) LIMIT 1   [ RunTime:0.0001s ]

[ 2017-05-14T21:06:43+08:00 ] 127.0.0.1 /Api/User/getUSerinfo?userid=1
INFO: [ app_init ] --START--
INFO: Run Behavior\BuildLiteBehavior [ RunTime:0.000010s ]
INFO: [ app_init ] --END-- [ RunTime:0.000062s ]
INFO: [ app_begin ] --START--
INFO: Run Behavior\ReadHtmlCacheBehavior [ RunTime:0.000024s ]
INFO: [ app_begin ] --END-- [ RunTime:0.000048s ]
SQL: SHOW COLUMNS FROM `shop_user` [ RunTime:0.0004s ]
SQL: SELECT * FROM `shop_user` WHERE ( id = '1'  ) LIMIT 1   [ RunTime:0.0001s ]

[ 2017-05-14T21:06:48+08:00 ] 127.0.0.1 /Api/User/getUSerinfo?userid=1
INFO: [ app_init ] --START--
INFO: Run Behavior\BuildLiteBehavior [ RunTime:0.000010s ]
INFO: [ app_init ] --END-- [ RunTime:0.000061s ]
INFO: [ app_begin ] --START--
INFO: Run Behavior\ReadHtmlCacheBehavior [ RunTime:0.000024s ]
INFO: [ app_begin ] --END-- [ RunTime:0.000046s ]
SQL: SHOW COLUMNS FROM `shop_user` [ RunTime:0.0004s ]
SQL: SELECT * FROM `shop_user` WHERE ( id = '1'  ) LIMIT 1   [ RunTime:0.0001s ]

[ 2017-05-14T21:07:01+08:00 ] 127.0.0.1 /Api/User/getUSerinfo?userid=2
INFO: [ app_init ] --START--
INFO: Run Behavior\BuildLiteBehavior [ RunTime:0.000010s ]
INFO: [ app_init ] --END-- [ RunTime:0.000073s ]
INFO: [ app_begin ] --START--
INFO: Run Behavior\ReadHtmlCacheBehavior [ RunTime:0.000103s ]
INFO: [ app_begin ] --END-- [ RunTime:0.000183s ]

[ 2017-05-14T21:07:11+08:00 ] 127.0.0.1 /Api/User/getUSerinfo?userid=1
INFO: [ app_init ] --START--
INFO: Run Behavior\BuildLiteBehavior [ RunTime:0.000010s ]
INFO: [ app_init ] --END-- [ RunTime:0.000064s ]
INFO: [ app_begin ] --START--
INFO: Run Behavior\ReadHtmlCacheBehavior [ RunTime:0.000030s ]
INFO: [ app_begin ] --END-- [ RunTime:0.000058s ]
SQL: SHOW COLUMNS FROM `shop_user` [ RunTime:0.0005s ]
SQL: SELECT * FROM `shop_user` WHERE ( id = '1'  ) LIMIT 1   [ RunTime:0.0001s ]

[ 2017-05-14T21:10:40+08:00 ] 127.0.0.1 /Api/User/getUSerinfo?userid=1
INFO: [ app_init ] --START--
INFO: Run Behavior\BuildLiteBehavior [ RunTime:0.000009s ]
INFO: [ app_init ] --END-- [ RunTime:0.000061s ]
INFO: [ app_begin ] --START--
INFO: Run Behavior\ReadHtmlCacheBehavior [ RunTime:0.000023s ]
INFO: [ app_begin ] --END-- [ RunTime:0.000047s ]
SQL: SHOW COLUMNS FROM `shop_user` [ RunTime:0.0004s ]
SQL: SELECT * FROM `shop_user` WHERE ( id = '1'  ) LIMIT 1   [ RunTime:0.0001s ]

[ 2017-05-14T21:10:51+08:00 ] 127.0.0.1 /Api/User/getUSerinfo?userid=1
INFO: [ app_init ] --START--
INFO: Run Behavior\BuildLiteBehavior [ RunTime:0.000009s ]
INFO: [ app_init ] --END-- [ RunTime:0.000059s ]
INFO: [ app_begin ] --START--
INFO: Run Behavior\ReadHtmlCacheBehavior [ RunTime:0.000024s ]
INFO: [ app_begin ] --END-- [ RunTime:0.000046s ]
SQL: SHOW COLUMNS FROM `shop_user` [ RunTime:0.0004s ]
SQL: SELECT * FROM `shop_user` WHERE ( id = '1'  ) LIMIT 1   [ RunTime:0.0001s ]

[ 2017-05-14T21:11:00+08:00 ] 127.0.0.1 /Api/User/getUSerinfo?userid=1
INFO: [ app_init ] --START--
INFO: Run Behavior\BuildLiteBehavior [ RunTime:0.000008s ]
INFO: [ app_init ] --END-- [ RunTime:0.000062s ]
INFO: [ app_begin ] --START--
INFO: Run Behavior\ReadHtmlCacheBehavior [ RunTime:0.000024s ]
INFO: [ app_begin ] --END-- [ RunTime:0.000046s ]
SQL: SHOW COLUMNS FROM `shop_user` [ RunTime:0.0004s ]
SQL: SELECT * FROM `shop_user` WHERE ( id = '1'  ) LIMIT 1   [ RunTime:0.0001s ]

[ 2017-05-14T21:12:00+08:00 ] 127.0.0.1 /Api/User/getUSerinfo?userid=1
INFO: [ app_init ] --START--
INFO: Run Behavior\BuildLiteBehavior [ RunTime:0.000009s ]
INFO: [ app_init ] --END-- [ RunTime:0.000060s ]
INFO: [ app_begin ] --START--
INFO: Run Behavior\ReadHtmlCacheBehavior [ RunTime:0.000023s ]
INFO: [ app_begin ] --END-- [ RunTime:0.000046s ]
SQL: SHOW COLUMNS FROM `shop_user` [ RunTime:0.0004s ]
SQL: SELECT * FROM `shop_user` WHERE ( id = '1'  ) LIMIT 1   [ RunTime:0.0001s ]

[ 2017-05-14T21:13:12+08:00 ] 127.0.0.1 /Api/User/getUSerinfo?userid=1
INFO: [ app_init ] --START--
INFO: Run Behavior\BuildLiteBehavior [ RunTime:0.000009s ]
INFO: [ app_init ] --END-- [ RunTime:0.000060s ]
INFO: [ app_begin ] --START--
INFO: Run Behavior\ReadHtmlCacheBehavior [ RunTime:0.000023s ]
INFO: [ app_begin ] --END-- [ RunTime:0.000045s ]
SQL: SHOW COLUMNS FROM `shop_user` [ RunTime:0.0004s ]
SQL: SELECT * FROM `shop_user` WHERE ( id = '1'  ) LIMIT 1   [ RunTime:0.0001s ]

[ 2017-05-14T22:01:11+08:00 ] 127.0.0.1 /Api/Login/login
INFO: [ app_init ] --START--
INFO: Run Behavior\BuildLiteBehavior [ RunTime:0.000009s ]
INFO: [ app_init ] --END-- [ RunTime:0.000063s ]
INFO: [ app_begin ] --START--
INFO: Run Behavior\ReadHtmlCacheBehavior [ RunTime:0.000025s ]
INFO: [ app_begin ] --END-- [ RunTime:0.000048s ]
SQL: SHOW COLUMNS FROM `shop_user` [ RunTime:0.0010s ]
SQL: SELECT * FROM `shop_user` WHERE (  user='11' or email='11' or phone='11'  ) LIMIT 1   [ RunTime:0.0001s ]

[ 2017-05-14T22:01:13+08:00 ] 127.0.0.1 /Api/User/getUserinfo?userid=1
INFO: [ app_init ] --START--
INFO: Run Behavior\BuildLiteBehavior [ RunTime:0.000008s ]
INFO: [ app_init ] --END-- [ RunTime:0.000054s ]
INFO: [ app_begin ] --START--
INFO: Run Behavior\ReadHtmlCacheBehavior [ RunTime:0.000022s ]
INFO: [ app_begin ] --END-- [ RunTime:0.000041s ]
SQL: SHOW COLUMNS FROM `shop_user` [ RunTime:0.0004s ]
SQL: SELECT * FROM `shop_user` WHERE ( id = '1'  ) LIMIT 1   [ RunTime:0.0001s ]

[ 2017-05-14T22:02:36+08:00 ] 127.0.0.1 /Api/Login/login
INFO: [ app_init ] --START--
INFO: Run Behavior\BuildLiteBehavior [ RunTime:0.000009s ]
INFO: [ app_init ] --END-- [ RunTime:0.000065s ]
INFO: [ app_begin ] --START--
INFO: Run Behavior\ReadHtmlCacheBehavior [ RunTime:0.000032s ]
INFO: [ app_begin ] --END-- [ RunTime:0.000054s ]
SQL: SHOW COLUMNS FROM `shop_user` [ RunTime:0.0004s ]
SQL: SELECT * FROM `shop_user` WHERE (  user='22' or email='22' or phone='22'  ) LIMIT 1   [ RunTime:0.0001s ]

[ 2017-05-14T22:02:39+08:00 ] 127.0.0.1 /Api/User/getUserinfo?userid=2
INFO: [ app_init ] --START--
INFO: Run Behavior\BuildLiteBehavior [ RunTime:0.000011s ]
INFO: [ app_init ] --END-- [ RunTime:0.000071s ]
INFO: [ app_begin ] --START--
INFO: Run Behavior\ReadHtmlCacheBehavior [ RunTime:0.000027s ]
INFO: [ app_begin ] --END-- [ RunTime:0.000052s ]
SQL: SHOW COLUMNS FROM `shop_user` [ RunTime:0.0004s ]
SQL: SELECT * FROM `shop_user` WHERE ( id = '2'  ) LIMIT 1   [ RunTime:0.0001s ]

[ 2017-05-14T22:03:21+08:00 ] 127.0.0.1 /Api/Login/login
INFO: [ app_init ] --START--
INFO: Run Behavior\BuildLiteBehavior [ RunTime:0.000011s ]
INFO: [ app_init ] --END-- [ RunTime:0.000077s ]
INFO: [ app_begin ] --START--
INFO: Run Behavior\ReadHtmlCacheBehavior [ RunTime:0.000031s ]
INFO: [ app_begin ] --END-- [ RunTime:0.000062s ]
SQL: SHOW COLUMNS FROM `shop_user` [ RunTime:0.0005s ]
SQL: SELECT * FROM `shop_user` WHERE (  user='22' or email='22' or phone='22'  ) LIMIT 1   [ RunTime:0.0001s ]

[ 2017-05-14T22:03:24+08:00 ] 127.0.0.1 /Api/User/getUserinfo?userid=2
INFO: [ app_init ] --START--
INFO: Run Behavior\BuildLiteBehavior [ RunTime:0.000010s ]
INFO: [ app_init ] --END-- [ RunTime:0.000062s ]
INFO: [ app_begin ] --START--
INFO: Run Behavior\ReadHtmlCacheBehavior [ RunTime:0.000026s ]
INFO: [ app_begin ] --END-- [ RunTime:0.000049s ]
SQL: SHOW COLUMNS FROM `shop_user` [ RunTime:0.0004s ]
SQL: SELECT * FROM `shop_user` WHERE ( id = '2'  ) LIMIT 1   [ RunTime:0.0001s ]

[ 2017-05-14T22:16:05+08:00 ] 127.0.0.1 /Api/User/getUSerinfo?userid=2
INFO: [ app_init ] --START--
INFO: Run Behavior\BuildLiteBehavior [ RunTime:0.000009s ]
INFO: [ app_init ] --END-- [ RunTime:0.000060s ]
INFO: [ app_begin ] --START--
INFO: Run Behavior\ReadHtmlCacheBehavior [ RunTime:0.000023s ]
INFO: [ app_begin ] --END-- [ RunTime:0.000051s ]
SQL: SHOW COLUMNS FROM `shop_user` [ RunTime:0.0004s ]
SQL: SELECT * FROM `shop_user` WHERE ( id = '2'  ) LIMIT 1   [ RunTime:0.0001s ]

[ 2017-05-14T22:30:31+08:00 ] 127.0.0.1 /Api/User/getUSerinfo?userid=2
INFO: [ app_init ] --START--
INFO: Run Behavior\BuildLiteBehavior [ RunTime:0.000010s ]
INFO: [ app_init ] --END-- [ RunTime:0.000062s ]
INFO: [ app_begin ] --START--
INFO: Run Behavior\ReadHtmlCacheBehavior [ RunTime:0.000023s ]
INFO: [ app_begin ] --END-- [ RunTime:0.000046s ]
SQL: SHOW COLUMNS FROM `shop_user` [ RunTime:0.0004s ]
SQL: SELECT * FROM `shop_user` WHERE ( id = '2'  ) LIMIT 1   [ RunTime:0.0001s ]

[ 2017-05-14T22:34:33+08:00 ] 127.0.0.1 /Api/User/getUserinfo?userid=2
INFO: [ app_init ] --START--
INFO: Run Behavior\BuildLiteBehavior [ RunTime:0.000010s ]
INFO: [ app_init ] --END-- [ RunTime:0.000061s ]
INFO: [ app_begin ] --START--
INFO: Run Behavior\ReadHtmlCacheBehavior [ RunTime:0.000026s ]
INFO: [ app_begin ] --END-- [ RunTime:0.000048s ]
SQL: SHOW COLUMNS FROM `shop_user` [ RunTime:0.0004s ]
SQL: SELECT * FROM `shop_user` WHERE ( id = '2'  ) LIMIT 1   [ RunTime:0.0001s ]

[ 2017-05-14T22:34:43+08:00 ] 127.0.0.1 /Api/User/getUSerinfo?userid=2
INFO: [ app_init ] --START--
INFO: Run Behavior\BuildLiteBehavior [ RunTime:0.000009s ]
INFO: [ app_init ] --END-- [ RunTime:0.000061s ]
INFO: [ app_begin ] --START--
INFO: Run Behavior\ReadHtmlCacheBehavior [ RunTime:0.000024s ]
INFO: [ app_begin ] --END-- [ RunTime:0.000050s ]
SQL: SHOW COLUMNS FROM `shop_user` [ RunTime:0.0004s ]
SQL: SELECT * FROM `shop_user` WHERE ( id = '2'  ) LIMIT 1   [ RunTime:0.0001s ]

[ 2017-05-14T22:35:23+08:00 ] 127.0.0.1 /Api/User/getUSerinfo?userid=2
INFO: [ app_init ] --START--
INFO: Run Behavior\BuildLiteBehavior [ RunTime:0.000009s ]
INFO: [ app_init ] --END-- [ RunTime:0.000062s ]
INFO: [ app_begin ] --START--
INFO: Run Behavior\ReadHtmlCacheBehavior [ RunTime:0.000022s ]
INFO: [ app_begin ] --END-- [ RunTime:0.000045s ]
SQL: SHOW COLUMNS FROM `shop_user` [ RunTime:0.0004s ]
SQL: SELECT * FROM `shop_user` WHERE ( id = '2'  ) LIMIT 1   [ RunTime:0.0001s ]

[ 2017-05-14T22:48:21+08:00 ] 127.0.0.1 /Api/User/getUSerinfo?userid=2
INFO: [ app_init ] --START--
INFO: Run Behavior\BuildLiteBehavior [ RunTime:0.000010s ]
INFO: [ app_init ] --END-- [ RunTime:0.000061s ]
INFO: [ app_begin ] --START--
INFO: Run Behavior\ReadHtmlCacheBehavior [ RunTime:0.000023s ]
INFO: [ app_begin ] --END-- [ RunTime:0.000055s ]
SQL: SHOW COLUMNS FROM `shop_user` [ RunTime:0.0004s ]
SQL: SELECT * FROM `shop_user` WHERE ( id = '2'  ) LIMIT 1   [ RunTime:0.0001s ]

[ 2017-05-14T22:48:39+08:00 ] 127.0.0.1 /Api/User/getUSerinfo?userid=2
INFO: [ app_init ] --START--
INFO: Run Behavior\BuildLiteBehavior [ RunTime:0.000009s ]
INFO: [ app_init ] --END-- [ RunTime:0.000060s ]
INFO: [ app_begin ] --START--
INFO: Run Behavior\ReadHtmlCacheBehavior [ RunTime:0.000030s ]
INFO: [ app_begin ] --END-- [ RunTime:0.000055s ]
SQL: SHOW COLUMNS FROM `shop_user` [ RunTime:0.0004s ]
SQL: SELECT * FROM `shop_user` WHERE ( id = '2'  ) LIMIT 1   [ RunTime:0.0001s ]

[ 2017-05-14T22:48:40+08:00 ] 127.0.0.1 /Api/User/getUSerinfo?userid=2
INFO: [ app_init ] --START--
INFO: Run Behavior\BuildLiteBehavior [ RunTime:0.000009s ]
INFO: [ app_init ] --END-- [ RunTime:0.000061s ]
INFO: [ app_begin ] --START--
INFO: Run Behavior\ReadHtmlCacheBehavior [ RunTime:0.000024s ]
INFO: [ app_begin ] --END-- [ RunTime:0.000048s ]
SQL: SHOW COLUMNS FROM `shop_user` [ RunTime:0.0005s ]
SQL: SELECT * FROM `shop_user` WHERE ( id = '2'  ) LIMIT 1   [ RunTime:0.0001s ]

[ 2017-05-14T22:48:49+08:00 ] 127.0.0.1 /Api/User/getUSerinfo?userid=2
INFO: [ app_init ] --START--
INFO: Run Behavior\BuildLiteBehavior [ RunTime:0.000009s ]
INFO: [ app_init ] --END-- [ RunTime:0.000061s ]
INFO: [ app_begin ] --START--
INFO: Run Behavior\ReadHtmlCacheBehavior [ RunTime:0.000025s ]
INFO: [ app_begin ] --END-- [ RunTime:0.000048s ]
SQL: SHOW COLUMNS FROM `shop_user` [ RunTime:0.0004s ]
SQL: SELECT * FROM `shop_user` WHERE ( id = '2'  ) LIMIT 1   [ RunTime:0.0001s ]

[ 2017-05-14T22:49:25+08:00 ] 127.0.0.1 /Api/User/getUSerinfo?userid=2
INFO: [ app_init ] --START--
INFO: Run Behavior\BuildLiteBehavior [ RunTime:0.000009s ]
INFO: [ app_init ] --END-- [ RunTime:0.000060s ]
INFO: [ app_begin ] --START--
INFO: Run Behavior\ReadHtmlCacheBehavior [ RunTime:0.000024s ]
INFO: [ app_begin ] --END-- [ RunTime:0.000049s ]
SQL: SHOW COLUMNS FROM `shop_user` [ RunTime:0.0005s ]
SQL: SELECT * FROM `shop_user` WHERE ( id = '2'  ) LIMIT 1   [ RunTime:0.0001s ]

[ 2017-05-14T22:49:31+08:00 ] 127.0.0.1 /Api/User/getUSerinfo?userid=2
INFO: [ app_init ] --START--
INFO: Run Behavior\BuildLiteBehavior [ RunTime:0.000009s ]
INFO: [ app_init ] --END-- [ RunTime:0.000060s ]
INFO: [ app_begin ] --START--
INFO: Run Behavior\ReadHtmlCacheBehavior [ RunTime:0.000023s ]
INFO: [ app_begin ] --END-- [ RunTime:0.000047s ]
SQL: SHOW COLUMNS FROM `shop_user` [ RunTime:0.0004s ]
SQL: SELECT * FROM `shop_user` WHERE ( id = '2'  ) LIMIT 1   [ RunTime:0.0001s ]

[ 2017-05-14T22:50:44+08:00 ] 127.0.0.1 /Api/User/getUSerinfo?userid=2
INFO: [ app_init ] --START--
INFO: Run Behavior\BuildLiteBehavior [ RunTime:0.000008s ]
INFO: [ app_init ] --END-- [ RunTime:0.000053s ]
INFO: [ app_begin ] --START--
INFO: Run Behavior\ReadHtmlCacheBehavior [ RunTime:0.000020s ]
INFO: [ app_begin ] --END-- [ RunTime:0.000042s ]
SQL: SHOW COLUMNS FROM `shop_user` [ RunTime:0.0005s ]
SQL: SELECT * FROM `shop_user` WHERE ( id = '2'  ) LIMIT 1   [ RunTime:0.0001s ]

[ 2017-05-14T22:51:16+08:00 ] 127.0.0.1 /Api/User/getUSerinfo?userid=2
INFO: [ app_init ] --START--
INFO: Run Behavior\BuildLiteBehavior [ RunTime:0.000045s ]
INFO: [ app_init ] --END-- [ RunTime:0.000315s ]
INFO: [ app_begin ] --START--
INFO: Run Behavior\ReadHtmlCacheBehavior [ RunTime:0.000113s ]
INFO: [ app_begin ] --END-- [ RunTime:0.000199s ]
SQL: SHOW COLUMNS FROM `shop_user` [ RunTime:0.0004s ]
SQL: SELECT * FROM `shop_user` WHERE ( id = '2'  ) LIMIT 1   [ RunTime:0.0001s ]

[ 2017-05-14T22:53:22+08:00 ] 127.0.0.1 /Api/User/getUSerinfo?userid=2
INFO: [ app_init ] --START--
INFO: Run Behavior\BuildLiteBehavior [ RunTime:0.000015s ]
INFO: [ app_init ] --END-- [ RunTime:0.000108s ]
INFO: [ app_begin ] --START--
INFO: Run Behavior\ReadHtmlCacheBehavior [ RunTime:0.000035s ]
INFO: [ app_begin ] --END-- [ RunTime:0.000062s ]
SQL: SHOW COLUMNS FROM `shop_user` [ RunTime:0.0004s ]
SQL: SELECT * FROM `shop_user` WHERE ( id = '2'  ) LIMIT 1   [ RunTime:0.0001s ]

[ 2017-05-14T22:54:01+08:00 ] 127.0.0.1 /Api/User/getUSerinfo?userid=2
INFO: [ app_init ] --START--
INFO: Run Behavior\BuildLiteBehavior [ RunTime:0.000010s ]
INFO: [ app_init ] --END-- [ RunTime:0.000061s ]
INFO: [ app_begin ] --START--
INFO: Run Behavior\ReadHtmlCacheBehavior [ RunTime:0.000023s ]
INFO: [ app_begin ] --END-- [ RunTime:0.000046s ]
SQL: SHOW COLUMNS FROM `shop_user` [ RunTime:0.0004s ]
SQL: SELECT * FROM `shop_user` WHERE ( id = '2'  ) LIMIT 1   [ RunTime:0.0001s ]

[ 2017-05-14T22:54:08+08:00 ] 127.0.0.1 /Api/User/getUSerinfo?userid=2
INFO: [ app_init ] --START--
INFO: Run Behavior\BuildLiteBehavior [ RunTime:0.000010s ]
INFO: [ app_init ] --END-- [ RunTime:0.000060s ]
INFO: [ app_begin ] --START--
INFO: Run Behavior\ReadHtmlCacheBehavior [ RunTime:0.000036s ]
INFO: [ app_begin ] --END-- [ RunTime:0.000060s ]
SQL: SHOW COLUMNS FROM `shop_user` [ RunTime:0.0006s ]
SQL: SELECT * FROM `shop_user` WHERE ( id = '2'  ) LIMIT 1   [ RunTime:0.0001s ]

[ 2017-05-14T22:57:37+08:00 ] 127.0.0.1 /Api/User/getUSerinfo?userid=2
INFO: [ app_init ] --START--
INFO: Run Behavior\BuildLiteBehavior [ RunTime:0.000009s ]
INFO: [ app_init ] --END-- [ RunTime:0.000061s ]
INFO: [ app_begin ] --START--
INFO: Run Behavior\ReadHtmlCacheBehavior [ RunTime:0.000023s ]
INFO: [ app_begin ] --END-- [ RunTime:0.000045s ]
SQL: SHOW COLUMNS FROM `shop_user` [ RunTime:0.0004s ]
SQL: SELECT * FROM `shop_user` WHERE ( id = '2'  ) LIMIT 1   [ RunTime:0.0001s ]

[ 2017-05-14T23:21:06+08:00 ] 127.0.0.1 /Api/User/getUSerinfo?userid=2
INFO: [ app_init ] --START--
INFO: Run Behavior\BuildLiteBehavior [ RunTime:0.000015s ]
INFO: [ app_init ] --END-- [ RunTime:0.000108s ]
INFO: [ app_begin ] --START--
INFO: Run Behavior\ReadHtmlCacheBehavior [ RunTime:0.000036s ]
INFO: [ app_begin ] --END-- [ RunTime:0.000062s ]

[ 2017-05-14T23:22:49+08:00 ] 127.0.0.1 /Api/Login/login
INFO: [ app_init ] --START--
INFO: Run Behavior\BuildLiteBehavior [ RunTime:0.000010s ]
INFO: [ app_init ] --END-- [ RunTime:0.000071s ]
INFO: [ app_begin ] --START--
INFO: Run Behavior\ReadHtmlCacheBehavior [ RunTime:0.000028s ]
INFO: [ app_begin ] --END-- [ RunTime:0.000055s ]
SQL: SHOW COLUMNS FROM `shop_user` [ RunTime:0.0005s ]
SQL: SELECT * FROM `shop_user` WHERE (  user='11' or email='11' or phone='11'  ) LIMIT 1   [ RunTime:0.0001s ]

[ 2017-05-14T23:22:54+08:00 ] 127.0.0.1 /Api/Login/login
INFO: [ app_init ] --START--
INFO: Run Behavior\BuildLiteBehavior [ RunTime:0.000010s ]
INFO: [ app_init ] --END-- [ RunTime:0.000063s ]
INFO: [ app_begin ] --START--
INFO: Run Behavior\ReadHtmlCacheBehavior [ RunTime:0.000025s ]
INFO: [ app_begin ] --END-- [ RunTime:0.000048s ]
SQL: SHOW COLUMNS FROM `shop_user` [ RunTime:0.0004s ]
SQL: SELECT * FROM `shop_user` WHERE (  user='11' or email='11' or phone='11'  ) LIMIT 1   [ RunTime:0.0001s ]

[ 2017-05-14T23:22:56+08:00 ] 127.0.0.1 /Api/User/getUserinfo?userid=1
INFO: [ app_init ] --START--
INFO: Run Behavior\BuildLiteBehavior [ RunTime:0.000008s ]
INFO: [ app_init ] --END-- [ RunTime:0.000053s ]
INFO: [ app_begin ] --START--
INFO: Run Behavior\ReadHtmlCacheBehavior [ RunTime:0.000021s ]
INFO: [ app_begin ] --END-- [ RunTime:0.000042s ]
SQL: SHOW COLUMNS FROM `shop_user` [ RunTime:0.0004s ]
SQL: SELECT * FROM `shop_user` WHERE ( id = '1'  ) LIMIT 1   [ RunTime:0.0001s ]

[ 2017-05-14T23:22:59+08:00 ] 127.0.0.1 /Api/User/getUSerinfo?userid=1
INFO: [ app_init ] --START--
INFO: Run Behavior\BuildLiteBehavior [ RunTime:0.000009s ]
INFO: [ app_init ] --END-- [ RunTime:0.000061s ]
INFO: [ app_begin ] --START--
INFO: Run Behavior\ReadHtmlCacheBehavior [ RunTime:0.000024s ]
INFO: [ app_begin ] --END-- [ RunTime:0.000048s ]
SQL: SHOW COLUMNS FROM `shop_user` [ RunTime:0.0004s ]
SQL: SELECT * FROM `shop_user` WHERE ( id = '1'  ) LIMIT 1   [ RunTime:0.0001s ]

[ 2017-05-14T23:23:10+08:00 ] 127.0.0.1 /Api/User/getUSerinfo?userid=1
INFO: [ app_init ] --START--
INFO: Run Behavior\BuildLiteBehavior [ RunTime:0.000009s ]
INFO: [ app_init ] --END-- [ RunTime:0.000061s ]
INFO: [ app_begin ] --START--
INFO: Run Behavior\ReadHtmlCacheBehavior [ RunTime:0.000025s ]
INFO: [ app_begin ] --END-- [ RunTime:0.000046s ]
SQL: SHOW COLUMNS FROM `shop_user` [ RunTime:0.0004s ]
SQL: SELECT * FROM `shop_user` WHERE ( id = '1'  ) LIMIT 1   [ RunTime:0.0001s ]

[ 2017-05-14T23:26:30+08:00 ] 127.0.0.1 /Api/User/getUSerinfo?userid=1
INFO: [ app_init ] --START--
INFO: Run Behavior\BuildLiteBehavior [ RunTime:0.000009s ]
INFO: [ app_init ] --END-- [ RunTime:0.000060s ]
INFO: [ app_begin ] --START--
INFO: Run Behavior\ReadHtmlCacheBehavior [ RunTime:0.000022s ]
INFO: [ app_begin ] --END-- [ RunTime:0.000046s ]
SQL: SHOW COLUMNS FROM `shop_user` [ RunTime:0.0004s ]
SQL: SELECT * FROM `shop_user` WHERE ( id = '1'  ) LIMIT 1   [ RunTime:0.0001s ]

[ 2017-05-14T23:26:30+08:00 ] 127.0.0.1 /Api/User/getUSerinfo?userid=1
INFO: [ app_init ] --START--
INFO: Run Behavior\BuildLiteBehavior [ RunTime:0.000009s ]
INFO: [ app_init ] --END-- [ RunTime:0.000059s ]
INFO: [ app_begin ] --START--
INFO: Run Behavior\ReadHtmlCacheBehavior [ RunTime:0.000024s ]
INFO: [ app_begin ] --END-- [ RunTime:0.000046s ]
SQL: SHOW COLUMNS FROM `shop_user` [ RunTime:0.0004s ]
SQL: SELECT * FROM `shop_user` WHERE ( id = '1'  ) LIMIT 1   [ RunTime:0.0001s ]

[ 2017-05-14T23:28:29+08:00 ] 127.0.0.1 /Api/User/getUSerinfo?userid=1
INFO: [ app_init ] --START--
INFO: Run Behavior\BuildLiteBehavior [ RunTime:0.000010s ]
INFO: [ app_init ] --END-- [ RunTime:0.000060s ]
INFO: [ app_begin ] --START--
INFO: Run Behavior\ReadHtmlCacheBehavior [ RunTime:0.000024s ]
INFO: [ app_begin ] --END-- [ RunTime:0.000047s ]
SQL: SHOW COLUMNS FROM `shop_user` [ RunTime:0.0004s ]
SQL: SELECT * FROM `shop_user` WHERE ( id = '1'  ) LIMIT 1   [ RunTime:0.0001s ]

[ 2017-05-14T23:28:30+08:00 ] 127.0.0.1 /Api/User/getUSerinfo?userid=1
INFO: [ app_init ] --START--
INFO: Run Behavior\BuildLiteBehavior [ RunTime:0.000010s ]
INFO: [ app_init ] --END-- [ RunTime:0.000060s ]
INFO: [ app_begin ] --START--
INFO: Run Behavior\ReadHtmlCacheBehavior [ RunTime:0.000024s ]
INFO: [ app_begin ] --END-- [ RunTime:0.000046s ]
SQL: SHOW COLUMNS FROM `shop_user` [ RunTime:0.0004s ]
SQL: SELECT * FROM `shop_user` WHERE ( id = '1'  ) LIMIT 1   [ RunTime:0.0001s ]

[ 2017-05-14T23:29:39+08:00 ] 127.0.0.1 /Api/User/getUSerinfo?userid=1
INFO: [ app_init ] --START--
INFO: Run Behavior\BuildLiteBehavior [ RunTime:0.000009s ]
INFO: [ app_init ] --END-- [ RunTime:0.000061s ]
INFO: [ app_begin ] --START--
INFO: Run Behavior\ReadHtmlCacheBehavior [ RunTime:0.000024s ]
INFO: [ app_begin ] --END-- [ RunTime:0.000046s ]
SQL: SHOW COLUMNS FROM `shop_user` [ RunTime:0.0004s ]
SQL: SELECT * FROM `shop_user` WHERE ( id = '1'  ) LIMIT 1   [ RunTime:0.0001s ]

[ 2017-05-14T23:29:42+08:00 ] 127.0.0.1 /Api/User/getUSerinfo?userid=1
INFO: [ app_init ] --START--
INFO: Run Behavior\BuildLiteBehavior [ RunTime:0.000016s ]
INFO: [ app_init ] --END-- [ RunTime:0.000109s ]
INFO: [ app_begin ] --START--
INFO: Run Behavior\ReadHtmlCacheBehavior [ RunTime:0.000035s ]
INFO: [ app_begin ] --END-- [ RunTime:0.000059s ]
SQL: SHOW COLUMNS FROM `shop_user` [ RunTime:0.0004s ]
SQL: SELECT * FROM `shop_user` WHERE ( id = '1'  ) LIMIT 1   [ RunTime:0.0002s ]

[ 2017-05-14T23:29:59+08:00 ] 127.0.0.1 /Api/User/getUSerinfo?userid=1
INFO: [ app_init ] --START--
INFO: Run Behavior\BuildLiteBehavior [ RunTime:0.000008s ]
INFO: [ app_init ] --END-- [ RunTime:0.000055s ]
INFO: [ app_begin ] --START--
INFO: Run Behavior\ReadHtmlCacheBehavior [ RunTime:0.000022s ]
INFO: [ app_begin ] --END-- [ RunTime:0.000043s ]
SQL: SHOW COLUMNS FROM `shop_user` [ RunTime:0.0004s ]
SQL: SELECT * FROM `shop_user` WHERE ( id = '1'  ) LIMIT 1   [ RunTime:0.0001s ]

[ 2017-05-14T23:31:33+08:00 ] 127.0.0.1 /Api/User/getUSerinfo?userid=1
INFO: [ app_init ] --START--
INFO: Run Behavior\BuildLiteBehavior [ RunTime:0.000009s ]
INFO: [ app_init ] --END-- [ RunTime:0.000054s ]
INFO: [ app_begin ] --START--
INFO: Run Behavior\ReadHtmlCacheBehavior [ RunTime:0.000021s ]
INFO: [ app_begin ] --END-- [ RunTime:0.000042s ]
SQL: SHOW COLUMNS FROM `shop_user` [ RunTime:0.0004s ]
SQL: SELECT * FROM `shop_user` WHERE ( id = '1'  ) LIMIT 1   [ RunTime:0.0001s ]

[ 2017-05-14T23:31:34+08:00 ] 127.0.0.1 /Api/User/getUSerinfo?userid=1
INFO: [ app_init ] --START--
INFO: Run Behavior\BuildLiteBehavior [ RunTime:0.000009s ]
INFO: [ app_init ] --END-- [ RunTime:0.000059s ]
INFO: [ app_begin ] --START--
INFO: Run Behavior\ReadHtmlCacheBehavior [ RunTime:0.000022s ]
INFO: [ app_begin ] --END-- [ RunTime:0.000046s ]
SQL: SHOW COLUMNS FROM `shop_user` [ RunTime:0.0004s ]
SQL: SELECT * FROM `shop_user` WHERE ( id = '1'  ) LIMIT 1   [ RunTime:0.0001s ]

[ 2017-05-14T23:32:03+08:00 ] 127.0.0.1 /Api/User/getUSerinfo?userid=1
INFO: [ app_init ] --START--
INFO: Run Behavior\BuildLiteBehavior [ RunTime:0.000009s ]
INFO: [ app_init ] --END-- [ RunTime:0.000060s ]
INFO: [ app_begin ] --START--
INFO: Run Behavior\ReadHtmlCacheBehavior [ RunTime:0.000023s ]
INFO: [ app_begin ] --END-- [ RunTime:0.000045s ]
SQL: SHOW COLUMNS FROM `shop_user` [ RunTime:0.0004s ]
SQL: SELECT * FROM `shop_user` WHERE ( id = '1'  ) LIMIT 1   [ RunTime:0.0001s ]

[ 2017-05-14T23:32:04+08:00 ] 127.0.0.1 /Api/User/getUSerinfo?userid=1
INFO: [ app_init ] --START--
INFO: Run Behavior\BuildLiteBehavior [ RunTime:0.000012s ]
INFO: [ app_init ] --END-- [ RunTime:0.000088s ]
INFO: [ app_begin ] --START--
INFO: Run Behavior\ReadHtmlCacheBehavior [ RunTime:0.000033s ]
INFO: [ app_begin ] --END-- [ RunTime:0.000057s ]
SQL: SHOW COLUMNS FROM `shop_user` [ RunTime:0.0004s ]
SQL: SELECT * FROM `shop_user` WHERE ( id = '1'  ) LIMIT 1   [ RunTime:0.0001s ]

[ 2017-05-14T23:32:44+08:00 ] 127.0.0.1 /Api/User/getUSerinfo?userid=1
INFO: [ app_init ] --START--
INFO: Run Behavior\BuildLiteBehavior [ RunTime:0.000010s ]
INFO: [ app_init ] --END-- [ RunTime:0.000066s ]
INFO: [ app_begin ] --START--
INFO: Run Behavior\ReadHtmlCacheBehavior [ RunTime:0.000024s ]
INFO: [ app_begin ] --END-- [ RunTime:0.000049s ]
SQL: SHOW COLUMNS FROM `shop_user` [ RunTime:0.0004s ]
SQL: SELECT * FROM `shop_user` WHERE ( id = '1'  ) LIMIT 1   [ RunTime:0.0001s ]

[ 2017-05-14T23:32:45+08:00 ] 127.0.0.1 /Api/User/getUSerinfo?userid=1
INFO: [ app_init ] --START--
INFO: Run Behavior\BuildLiteBehavior [ RunTime:0.000009s ]
INFO: [ app_init ] --END-- [ RunTime:0.000058s ]
INFO: [ app_begin ] --START--
INFO: Run Behavior\ReadHtmlCacheBehavior [ RunTime:0.000023s ]
INFO: [ app_begin ] --END-- [ RunTime:0.000046s ]
SQL: SHOW COLUMNS FROM `shop_user` [ RunTime:0.0008s ]
SQL: SELECT * FROM `shop_user` WHERE ( id = '1'  ) LIMIT 1   [ RunTime:0.0001s ]

[ 2017-05-14T23:32:46+08:00 ] 127.0.0.1 /Api/User/getUSerinfo?userid=1
INFO: [ app_init ] --START--
INFO: Run Behavior\BuildLiteBehavior [ RunTime:0.000009s ]
INFO: [ app_init ] --END-- [ RunTime:0.000060s ]
INFO: [ app_begin ] --START--
INFO: Run Behavior\ReadHtmlCacheBehavior [ RunTime:0.000024s ]
INFO: [ app_begin ] --END-- [ RunTime:0.000046s ]
SQL: SHOW COLUMNS FROM `shop_user` [ RunTime:0.0004s ]
SQL: SELECT * FROM `shop_user` WHERE ( id = '1'  ) LIMIT 1   [ RunTime:0.0001s ]

[ 2017-05-14T23:32:47+08:00 ] 127.0.0.1 /Api/User/getUSerinfo?userid=1
INFO: [ app_init ] --START--
INFO: Run Behavior\BuildLiteBehavior [ RunTime:0.000009s ]
INFO: [ app_init ] --END-- [ RunTime:0.000060s ]
INFO: [ app_begin ] --START--
INFO: Run Behavior\ReadHtmlCacheBehavior [ RunTime:0.000025s ]
INFO: [ app_begin ] --END-- [ RunTime:0.000048s ]
SQL: SHOW COLUMNS FROM `shop_user` [ RunTime:0.0008s ]
SQL: SELECT * FROM `shop_user` WHERE ( id = '1'  ) LIMIT 1   [ RunTime:0.0001s ]

[ 2017-05-14T23:33:59+08:00 ] 127.0.0.1 /Api/User/getUSerinfo?userid=1
INFO: [ app_init ] --START--
INFO: Run Behavior\BuildLiteBehavior [ RunTime:0.000010s ]
INFO: [ app_init ] --END-- [ RunTime:0.000062s ]
INFO: [ app_begin ] --START--
INFO: Run Behavior\ReadHtmlCacheBehavior [ RunTime:0.000025s ]
INFO: [ app_begin ] --END-- [ RunTime:0.000047s ]
SQL: SHOW COLUMNS FROM `shop_user` [ RunTime:0.0004s ]
SQL: SELECT * FROM `shop_user` WHERE ( id = '1'  ) LIMIT 1   [ RunTime:0.0001s ]

[ 2017-05-14T23:34:00+08:00 ] 127.0.0.1 /Api/User/getUSerinfo?userid=1
INFO: [ app_init ] --START--
INFO: Run Behavior\BuildLiteBehavior [ RunTime:0.000010s ]
INFO: [ app_init ] --END-- [ RunTime:0.000061s ]
INFO: [ app_begin ] --START--
INFO: Run Behavior\ReadHtmlCacheBehavior [ RunTime:0.000024s ]
INFO: [ app_begin ] --END-- [ RunTime:0.000046s ]
SQL: SHOW COLUMNS FROM `shop_user` [ RunTime:0.0004s ]
SQL: SELECT * FROM `shop_user` WHERE ( id = '1'  ) LIMIT 1   [ RunTime:0.0001s ]

