[ 2017-05-21T10:17:52+08:00 ] 127.0.0.1 /Api/Goods/selformat
INFO: [ app_init ] --START--
INFO: Run Behavior\BuildLiteBehavior [ RunTime:0.000011s ]
INFO: [ app_init ] --END-- [ RunTime:0.000073s ]
INFO: [ app_begin ] --START--
INFO: Run Behavior\ReadHtmlCacheBehavior [ RunTime:0.000043s ]
INFO: [ app_begin ] --END-- [ RunTime:0.000088s ]
SQL: SHOW COLUMNS FROM `shop_goods_detail` [ RunTime:0.0004s ]
SQL: SELECT * FROM `shop_goods_detail` WHERE (  goodsid=2  ) LIMIT 1   [ RunTime:0.0002s ]

[ 2017-05-21T10:17:52+08:00 ] 127.0.0.1 /Api/Goods/selformat
INFO: [ app_init ] --START--
INFO: Run Behavior\BuildLiteBehavior [ RunTime:0.000011s ]
INFO: [ app_init ] --END-- [ RunTime:0.000076s ]
INFO: [ app_begin ] --START--
INFO: Run Behavior\ReadHtmlCacheBehavior [ RunTime:0.000030s ]
INFO: [ app_begin ] --END-- [ RunTime:0.000061s ]
SQL: SHOW COLUMNS FROM `shop_goods_detail` [ RunTime:0.0005s ]
SQL: SELECT * FROM `shop_goods_detail` WHERE (  goodsid=3  ) LIMIT 1   [ RunTime:0.0002s ]

[ 2017-05-21T10:17:53+08:00 ] 127.0.0.1 /Api/Goods/selformat
INFO: [ app_init ] --START--
INFO: Run Behavior\BuildLiteBehavior [ RunTime:0.000019s ]
INFO: [ app_init ] --END-- [ RunTime:0.000124s ]
INFO: [ app_begin ] --START--
INFO: Run Behavior\ReadHtmlCacheBehavior [ RunTime:0.000047s ]
INFO: [ app_begin ] --END-- [ RunTime:0.000104s ]
SQL: SHOW COLUMNS FROM `shop_goods_detail` [ RunTime:0.0008s ]
SQL: SELECT * FROM `shop_goods_detail` WHERE (  goodsid=2  ) LIMIT 1   [ RunTime:0.0001s ]

[ 2017-05-21T10:17:54+08:00 ] 127.0.0.1 /Api/Goods/selformat
INFO: [ app_init ] --START--
INFO: Run Behavior\BuildLiteBehavior [ RunTime:0.000010s ]
INFO: [ app_init ] --END-- [ RunTime:0.000063s ]
INFO: [ app_begin ] --START--
INFO: Run Behavior\ReadHtmlCacheBehavior [ RunTime:0.000023s ]
INFO: [ app_begin ] --END-- [ RunTime:0.000046s ]
SQL: SHOW COLUMNS FROM `shop_goods_detail` [ RunTime:0.0004s ]
SQL: SELECT * FROM `shop_goods_detail` WHERE (  goodsid=1  ) LIMIT 1   [ RunTime:0.0002s ]

[ 2017-05-21T10:17:57+08:00 ] 127.0.0.1 /Api/Goods/selformat
INFO: [ app_init ] --START--
INFO: Run Behavior\BuildLiteBehavior [ RunTime:0.000011s ]
INFO: [ app_init ] --END-- [ RunTime:0.000069s ]
INFO: [ app_begin ] --START--
INFO: Run Behavior\ReadHtmlCacheBehavior [ RunTime:0.000027s ]
INFO: [ app_begin ] --END-- [ RunTime:0.000055s ]
SQL: SHOW COLUMNS FROM `shop_goods_detail` [ RunTime:0.0005s ]
SQL: SELECT * FROM `shop_goods_detail` WHERE (  goodsid=2  ) LIMIT 1   [ RunTime:0.0001s ]

[ 2017-05-21T10:18:00+08:00 ] 127.0.0.1 /Api/Goods/selformat
INFO: [ app_init ] --START--
INFO: Run Behavior\BuildLiteBehavior [ RunTime:0.000027s ]
INFO: [ app_init ] --END-- [ RunTime:0.000188s ]
INFO: [ app_begin ] --START--
INFO: Run Behavior\ReadHtmlCacheBehavior [ RunTime:0.000075s ]
INFO: [ app_begin ] --END-- [ RunTime:0.000163s ]
SQL: SHOW COLUMNS FROM `shop_goods_detail` [ RunTime:0.0004s ]
SQL: SELECT * FROM `shop_goods_detail` WHERE (  goodsid=3  ) LIMIT 1   [ RunTime:0.0001s ]

[ 2017-05-21T10:18:05+08:00 ] 127.0.0.1 /Api/Goods/selformat
INFO: [ app_init ] --START--
INFO: Run Behavior\BuildLiteBehavior [ RunTime:0.000009s ]
INFO: [ app_init ] --END-- [ RunTime:0.000059s ]
INFO: [ app_begin ] --START--
INFO: Run Behavior\ReadHtmlCacheBehavior [ RunTime:0.000022s ]
INFO: [ app_begin ] --END-- [ RunTime:0.000045s ]
SQL: SHOW COLUMNS FROM `shop_goods_detail` [ RunTime:0.0004s ]
SQL: SELECT * FROM `shop_goods_detail` WHERE (  goodsid=4  ) LIMIT 1   [ RunTime:0.0002s ]

[ 2017-05-21T10:18:08+08:00 ] 127.0.0.1 /Api/Goods/selformat
INFO: [ app_init ] --START--
INFO: Run Behavior\BuildLiteBehavior [ RunTime:0.000008s ]
INFO: [ app_init ] --END-- [ RunTime:0.000060s ]
INFO: [ app_begin ] --START--
INFO: Run Behavior\ReadHtmlCacheBehavior [ RunTime:0.000023s ]
INFO: [ app_begin ] --END-- [ RunTime:0.000045s ]
SQL: SHOW COLUMNS FROM `shop_goods_detail` [ RunTime:0.0005s ]
SQL: SELECT * FROM `shop_goods_detail` WHERE (  goodsid=4  ) LIMIT 1   [ RunTime:0.0001s ]

[ 2017-05-21T11:09:37+08:00 ] 127.0.0.1 /Api/User/getUserinfo
INFO: [ app_init ] --START--
INFO: Run Behavior\BuildLiteBehavior [ RunTime:0.000010s ]
INFO: [ app_init ] --END-- [ RunTime:0.000061s ]
INFO: [ app_begin ] --START--
INFO: Run Behavior\ReadHtmlCacheBehavior [ RunTime:0.000025s ]
INFO: [ app_begin ] --END-- [ RunTime:0.000048s ]

[ 2017-05-21T18:22:15+08:00 ] 127.0.0.1 /Api/Goods/selformat
INFO: [ app_init ] --START--
INFO: Run Behavior\BuildLiteBehavior [ RunTime:0.000010s ]
INFO: [ app_init ] --END-- [ RunTime:0.000065s ]
INFO: [ app_begin ] --START--
INFO: Run Behavior\ReadHtmlCacheBehavior [ RunTime:0.000030s ]
INFO: [ app_begin ] --END-- [ RunTime:0.000057s ]
SQL: SHOW COLUMNS FROM `shop_goods_detail` [ RunTime:0.0004s ]
SQL: SELECT * FROM `shop_goods_detail` WHERE (  goodsid=2  ) LIMIT 1   [ RunTime:0.0001s ]

[ 2017-05-21T18:22:15+08:00 ] 127.0.0.1 /Api/Goods/selformat
INFO: [ app_init ] --START--
INFO: Run Behavior\BuildLiteBehavior [ RunTime:0.000029s ]
INFO: [ app_init ] --END-- [ RunTime:0.000186s ]
INFO: [ app_begin ] --START--
INFO: Run Behavior\ReadHtmlCacheBehavior [ RunTime:0.000076s ]
INFO: [ app_begin ] --END-- [ RunTime:0.000160s ]
SQL: SHOW COLUMNS FROM `shop_goods_detail` [ RunTime:0.0006s ]
SQL: SELECT * FROM `shop_goods_detail` WHERE (  goodsid=3  ) LIMIT 1   [ RunTime:0.0001s ]

[ 2017-05-21T18:22:16+08:00 ] 127.0.0.1 /Api/Goods/selformat
INFO: [ app_init ] --START--
INFO: Run Behavior\BuildLiteBehavior [ RunTime:0.000009s ]
INFO: [ app_init ] --END-- [ RunTime:0.000061s ]
INFO: [ app_begin ] --START--
INFO: Run Behavior\ReadHtmlCacheBehavior [ RunTime:0.000022s ]
INFO: [ app_begin ] --END-- [ RunTime:0.000044s ]
SQL: SHOW COLUMNS FROM `shop_goods_detail` [ RunTime:0.0004s ]
SQL: SELECT * FROM `shop_goods_detail` WHERE (  goodsid=1  ) LIMIT 1   [ RunTime:0.0001s ]

[ 2017-05-21T20:04:31+08:00 ] 127.0.0.1 /Api/Address/setDefault
INFO: [ app_init ] --START--
INFO: Run Behavior\BuildLiteBehavior [ RunTime:0.000013s ]
INFO: [ app_init ] --END-- [ RunTime:0.000116s ]
INFO: [ app_begin ] --START--
INFO: Run Behavior\ReadHtmlCacheBehavior [ RunTime:0.000032s ]
INFO: [ app_begin ] --END-- [ RunTime:0.000066s ]
SQL: SHOW COLUMNS FROM `shop_address` [ RunTime:0.0006s ]
SQL: UPDATE `shop_address` SET `status`='0' WHERE (  userid= 2  ) [ RunTime:0.0010s ]
SQL: UPDATE `shop_address` SET `status`='1' WHERE (  id= 1  ) [ RunTime:0.0002s ]

[ 2017-05-21T20:04:53+08:00 ] 127.0.0.1 /Api/Address/setDefault
INFO: [ app_init ] --START--
INFO: Run Behavior\BuildLiteBehavior [ RunTime:0.000010s ]
INFO: [ app_init ] --END-- [ RunTime:0.000073s ]
INFO: [ app_begin ] --START--
INFO: Run Behavior\ReadHtmlCacheBehavior [ RunTime:0.000030s ]
INFO: [ app_begin ] --END-- [ RunTime:0.000057s ]
SQL: SHOW COLUMNS FROM `shop_address` [ RunTime:0.0005s ]
SQL: UPDATE `shop_address` SET `status`='0' WHERE (  userid= 2  ) [ RunTime:0.0004s ]
SQL: UPDATE `shop_address` SET `status`='1' WHERE (  id= 2  ) [ RunTime:0.0001s ]

[ 2017-05-21T20:06:50+08:00 ] 127.0.0.1 /Api/Address/setDefault
INFO: [ app_init ] --START--
INFO: Run Behavior\BuildLiteBehavior [ RunTime:0.000009s ]
INFO: [ app_init ] --END-- [ RunTime:0.000067s ]
INFO: [ app_begin ] --START--
INFO: Run Behavior\ReadHtmlCacheBehavior [ RunTime:0.000027s ]
INFO: [ app_begin ] --END-- [ RunTime:0.000050s ]
SQL: SHOW COLUMNS FROM `shop_address` [ RunTime:0.0004s ]
SQL: UPDATE `shop_address` SET `status`='0' WHERE (  userid= 2  ) [ RunTime:0.0002s ]
SQL: UPDATE `shop_address` SET `status`='1' WHERE (  id= 1  ) [ RunTime:0.0001s ]

[ 2017-05-21T20:06:59+08:00 ] 127.0.0.1 /Api/Address/setDefault
INFO: [ app_init ] --START--
INFO: Run Behavior\BuildLiteBehavior [ RunTime:0.000009s ]
INFO: [ app_init ] --END-- [ RunTime:0.000060s ]
INFO: [ app_begin ] --START--
INFO: Run Behavior\ReadHtmlCacheBehavior [ RunTime:0.000022s ]
INFO: [ app_begin ] --END-- [ RunTime:0.000045s ]
SQL: SHOW COLUMNS FROM `shop_address` [ RunTime:0.0004s ]
SQL: UPDATE `shop_address` SET `status`='0' WHERE (  userid= 2  ) [ RunTime:0.0002s ]
SQL: UPDATE `shop_address` SET `status`='1' WHERE (  id= 2  ) [ RunTime:0.0001s ]

[ 2017-05-21T20:07:00+08:00 ] 127.0.0.1 /Api/Address/setDefault
INFO: [ app_init ] --START--
INFO: Run Behavior\BuildLiteBehavior [ RunTime:0.000010s ]
INFO: [ app_init ] --END-- [ RunTime:0.000069s ]
INFO: [ app_begin ] --START--
INFO: Run Behavior\ReadHtmlCacheBehavior [ RunTime:0.000029s ]
INFO: [ app_begin ] --END-- [ RunTime:0.000057s ]
SQL: SHOW COLUMNS FROM `shop_address` [ RunTime:0.0005s ]
SQL: UPDATE `shop_address` SET `status`='0' WHERE (  userid= 2  ) [ RunTime:0.0002s ]
SQL: UPDATE `shop_address` SET `status`='1' WHERE (  id= 2  ) [ RunTime:0.0001s ]

[ 2017-05-21T20:07:10+08:00 ] 127.0.0.1 /Api/Address/setDefault
INFO: [ app_init ] --START--
INFO: Run Behavior\BuildLiteBehavior [ RunTime:0.000009s ]
INFO: [ app_init ] --END-- [ RunTime:0.000060s ]
INFO: [ app_begin ] --START--
INFO: Run Behavior\ReadHtmlCacheBehavior [ RunTime:0.000022s ]
INFO: [ app_begin ] --END-- [ RunTime:0.000044s ]
SQL: SHOW COLUMNS FROM `shop_address` [ RunTime:0.0004s ]
SQL: UPDATE `shop_address` SET `status`='0' WHERE (  userid= 2  ) [ RunTime:0.0002s ]
SQL: UPDATE `shop_address` SET `status`='1' WHERE (  id= 1  ) [ RunTime:0.0001s ]

[ 2017-05-21T20:08:27+08:00 ] 127.0.0.1 /Api/Address/setDefault
INFO: [ app_init ] --START--
INFO: Run Behavior\BuildLiteBehavior [ RunTime:0.000009s ]
INFO: [ app_init ] --END-- [ RunTime:0.000058s ]
INFO: [ app_begin ] --START--
INFO: Run Behavior\ReadHtmlCacheBehavior [ RunTime:0.000023s ]
INFO: [ app_begin ] --END-- [ RunTime:0.000046s ]
SQL: SHOW COLUMNS FROM `shop_address` [ RunTime:0.0004s ]
SQL: UPDATE `shop_address` SET `status`='0' WHERE (  userid= 2  ) [ RunTime:0.0002s ]
SQL: UPDATE `shop_address` SET `status`='1' WHERE (  id= 2  ) [ RunTime:0.0001s ]

[ 2017-05-21T20:08:30+08:00 ] 127.0.0.1 /Api/Address/setDefault
INFO: [ app_init ] --START--
INFO: Run Behavior\BuildLiteBehavior [ RunTime:0.000010s ]
INFO: [ app_init ] --END-- [ RunTime:0.000065s ]
INFO: [ app_begin ] --START--
INFO: Run Behavior\ReadHtmlCacheBehavior [ RunTime:0.000025s ]
INFO: [ app_begin ] --END-- [ RunTime:0.000048s ]
SQL: SHOW COLUMNS FROM `shop_address` [ RunTime:0.0005s ]
SQL: UPDATE `shop_address` SET `status`='0' WHERE (  userid= 2  ) [ RunTime:0.0002s ]
SQL: UPDATE `shop_address` SET `status`='1' WHERE (  id= 3  ) [ RunTime:0.0001s ]

[ 2017-05-21T20:08:32+08:00 ] 127.0.0.1 /Api/Address/setDefault
INFO: [ app_init ] --START--
INFO: Run Behavior\BuildLiteBehavior [ RunTime:0.000010s ]
INFO: [ app_init ] --END-- [ RunTime:0.000061s ]
INFO: [ app_begin ] --START--
INFO: Run Behavior\ReadHtmlCacheBehavior [ RunTime:0.000023s ]
INFO: [ app_begin ] --END-- [ RunTime:0.000046s ]
SQL: SHOW COLUMNS FROM `shop_address` [ RunTime:0.0004s ]
SQL: UPDATE `shop_address` SET `status`='0' WHERE (  userid= 2  ) [ RunTime:0.0002s ]
SQL: UPDATE `shop_address` SET `status`='1' WHERE (  id= 2  ) [ RunTime:0.0001s ]

[ 2017-05-21T20:09:02+08:00 ] 127.0.0.1 /Api/Address/setDefault
INFO: [ app_init ] --START--
INFO: Run Behavior\BuildLiteBehavior [ RunTime:0.000009s ]
INFO: [ app_init ] --END-- [ RunTime:0.000062s ]
INFO: [ app_begin ] --START--
INFO: Run Behavior\ReadHtmlCacheBehavior [ RunTime:0.000024s ]
INFO: [ app_begin ] --END-- [ RunTime:0.000046s ]
SQL: SHOW COLUMNS FROM `shop_address` [ RunTime:0.0004s ]
SQL: UPDATE `shop_address` SET `status`='0' WHERE (  userid= 2  ) [ RunTime:0.0002s ]
SQL: UPDATE `shop_address` SET `status`='1' WHERE (  id= 1  ) [ RunTime:0.0001s ]

[ 2017-05-21T20:09:03+08:00 ] 127.0.0.1 /Api/Address/setDefault
INFO: [ app_init ] --START--
INFO: Run Behavior\BuildLiteBehavior [ RunTime:0.000019s ]
INFO: [ app_init ] --END-- [ RunTime:0.000125s ]
INFO: [ app_begin ] --START--
INFO: Run Behavior\ReadHtmlCacheBehavior [ RunTime:0.000052s ]
INFO: [ app_begin ] --END-- [ RunTime:0.000109s ]
SQL: SHOW COLUMNS FROM `shop_address` [ RunTime:0.0009s ]
SQL: UPDATE `shop_address` SET `status`='0' WHERE (  userid= 2  ) [ RunTime:0.0003s ]
SQL: UPDATE `shop_address` SET `status`='1' WHERE (  id= 2  ) [ RunTime:0.0003s ]

[ 2017-05-21T20:09:04+08:00 ] 127.0.0.1 /Api/Address/setDefault
INFO: [ app_init ] --START--
INFO: Run Behavior\BuildLiteBehavior [ RunTime:0.000020s ]
INFO: [ app_init ] --END-- [ RunTime:0.000072s ]
INFO: [ app_begin ] --START--
INFO: Run Behavior\ReadHtmlCacheBehavior [ RunTime:0.000024s ]
INFO: [ app_begin ] --END-- [ RunTime:0.000048s ]
SQL: SHOW COLUMNS FROM `shop_address` [ RunTime:0.0004s ]
SQL: UPDATE `shop_address` SET `status`='0' WHERE (  userid= 2  ) [ RunTime:0.0002s ]
SQL: UPDATE `shop_address` SET `status`='1' WHERE (  id= 3  ) [ RunTime:0.0001s ]

[ 2017-05-21T20:09:05+08:00 ] 127.0.0.1 /Api/Address/setDefault
INFO: [ app_init ] --START--
INFO: Run Behavior\BuildLiteBehavior [ RunTime:0.000008s ]
INFO: [ app_init ] --END-- [ RunTime:0.000057s ]
INFO: [ app_begin ] --START--
INFO: Run Behavior\ReadHtmlCacheBehavior [ RunTime:0.000022s ]
INFO: [ app_begin ] --END-- [ RunTime:0.000044s ]
SQL: SHOW COLUMNS FROM `shop_address` [ RunTime:0.0005s ]
SQL: UPDATE `shop_address` SET `status`='0' WHERE (  userid= 2  ) [ RunTime:0.0002s ]
SQL: UPDATE `shop_address` SET `status`='1' WHERE (  id= 2  ) [ RunTime:0.0001s ]

[ 2017-05-21T20:09:07+08:00 ] 127.0.0.1 /Api/Address/setDefault
INFO: [ app_init ] --START--
INFO: Run Behavior\BuildLiteBehavior [ RunTime:0.000009s ]
INFO: [ app_init ] --END-- [ RunTime:0.000059s ]
INFO: [ app_begin ] --START--
INFO: Run Behavior\ReadHtmlCacheBehavior [ RunTime:0.000024s ]
INFO: [ app_begin ] --END-- [ RunTime:0.000047s ]
SQL: SHOW COLUMNS FROM `shop_address` [ RunTime:0.0009s ]
SQL: UPDATE `shop_address` SET `status`='0' WHERE (  userid= 2  ) [ RunTime:0.0002s ]
SQL: UPDATE `shop_address` SET `status`='1' WHERE (  id= 3  ) [ RunTime:0.0001s ]

[ 2017-05-21T20:09:08+08:00 ] 127.0.0.1 /Api/Address/setDefault
INFO: [ app_init ] --START--
INFO: Run Behavior\BuildLiteBehavior [ RunTime:0.000008s ]
INFO: [ app_init ] --END-- [ RunTime:0.000058s ]
INFO: [ app_begin ] --START--
INFO: Run Behavior\ReadHtmlCacheBehavior [ RunTime:0.000023s ]
INFO: [ app_begin ] --END-- [ RunTime:0.000044s ]
SQL: SHOW COLUMNS FROM `shop_address` [ RunTime:0.0004s ]
SQL: UPDATE `shop_address` SET `status`='0' WHERE (  userid= 2  ) [ RunTime:0.0002s ]
SQL: UPDATE `shop_address` SET `status`='1' WHERE (  id= 2  ) [ RunTime:0.0001s ]

[ 2017-05-21T20:09:09+08:00 ] 127.0.0.1 /Api/Address/setDefault
INFO: [ app_init ] --START--
INFO: Run Behavior\BuildLiteBehavior [ RunTime:0.000011s ]
INFO: [ app_init ] --END-- [ RunTime:0.000070s ]
INFO: [ app_begin ] --START--
INFO: Run Behavior\ReadHtmlCacheBehavior [ RunTime:0.000026s ]
INFO: [ app_begin ] --END-- [ RunTime:0.000053s ]
SQL: SHOW COLUMNS FROM `shop_address` [ RunTime:0.0005s ]
SQL: UPDATE `shop_address` SET `status`='0' WHERE (  userid= 2  ) [ RunTime:0.0002s ]
SQL: UPDATE `shop_address` SET `status`='1' WHERE (  id= 3  ) [ RunTime:0.0001s ]

[ 2017-05-21T20:09:11+08:00 ] 127.0.0.1 /Api/Address/setDefault
INFO: [ app_init ] --START--
INFO: Run Behavior\BuildLiteBehavior [ RunTime:0.000010s ]
INFO: [ app_init ] --END-- [ RunTime:0.000065s ]
INFO: [ app_begin ] --START--
INFO: Run Behavior\ReadHtmlCacheBehavior [ RunTime:0.000027s ]
INFO: [ app_begin ] --END-- [ RunTime:0.000066s ]
SQL: SHOW COLUMNS FROM `shop_address` [ RunTime:0.0004s ]
SQL: UPDATE `shop_address` SET `status`='0' WHERE (  userid= 2  ) [ RunTime:0.0002s ]
SQL: UPDATE `shop_address` SET `status`='1' WHERE (  id= 2  ) [ RunTime:0.0001s ]

[ 2017-05-21T20:09:13+08:00 ] 127.0.0.1 /Api/Address/setDefault
INFO: [ app_init ] --START--
INFO: Run Behavior\BuildLiteBehavior [ RunTime:0.000009s ]
INFO: [ app_init ] --END-- [ RunTime:0.000060s ]
INFO: [ app_begin ] --START--
INFO: Run Behavior\ReadHtmlCacheBehavior [ RunTime:0.000023s ]
INFO: [ app_begin ] --END-- [ RunTime:0.000047s ]
SQL: SHOW COLUMNS FROM `shop_address` [ RunTime:0.0004s ]
SQL: UPDATE `shop_address` SET `status`='0' WHERE (  userid= 2  ) [ RunTime:0.0002s ]
SQL: UPDATE `shop_address` SET `status`='1' WHERE (  id= 3  ) [ RunTime:0.0001s ]

[ 2017-05-21T20:09:17+08:00 ] 127.0.0.1 /Api/Address/setDefault
INFO: [ app_init ] --START--
INFO: Run Behavior\BuildLiteBehavior [ RunTime:0.000008s ]
INFO: [ app_init ] --END-- [ RunTime:0.000066s ]
INFO: [ app_begin ] --START--
INFO: Run Behavior\ReadHtmlCacheBehavior [ RunTime:0.000026s ]
INFO: [ app_begin ] --END-- [ RunTime:0.000050s ]
SQL: SHOW COLUMNS FROM `shop_address` [ RunTime:0.0004s ]
SQL: UPDATE `shop_address` SET `status`='0' WHERE (  userid= 2  ) [ RunTime:0.0002s ]
SQL: UPDATE `shop_address` SET `status`='1' WHERE (  id= 2  ) [ RunTime:0.0001s ]

[ 2017-05-21T20:10:48+08:00 ] 127.0.0.1 /Api/Address/setDefault
INFO: [ app_init ] --START--
INFO: Run Behavior\BuildLiteBehavior [ RunTime:0.000027s ]
INFO: [ app_init ] --END-- [ RunTime:0.000186s ]
INFO: [ app_begin ] --START--
INFO: Run Behavior\ReadHtmlCacheBehavior [ RunTime:0.000075s ]
INFO: [ app_begin ] --END-- [ RunTime:0.000159s ]
SQL: SHOW COLUMNS FROM `shop_address` [ RunTime:0.0004s ]
SQL: UPDATE `shop_address` SET `status`='0' WHERE (  userid= 2  ) [ RunTime:0.0002s ]
SQL: UPDATE `shop_address` SET `status`='1' WHERE (  id= 1  ) [ RunTime:0.0001s ]

[ 2017-05-21T20:10:49+08:00 ] 127.0.0.1 /Api/Address/setDefault
INFO: [ app_init ] --START--
INFO: Run Behavior\BuildLiteBehavior [ RunTime:0.000009s ]
INFO: [ app_init ] --END-- [ RunTime:0.000063s ]
INFO: [ app_begin ] --START--
INFO: Run Behavior\ReadHtmlCacheBehavior [ RunTime:0.000024s ]
INFO: [ app_begin ] --END-- [ RunTime:0.000046s ]
SQL: SHOW COLUMNS FROM `shop_address` [ RunTime:0.0012s ]
SQL: UPDATE `shop_address` SET `status`='0' WHERE (  userid= 2  ) [ RunTime:0.0005s ]
SQL: UPDATE `shop_address` SET `status`='1' WHERE (  id= 2  ) [ RunTime:0.0004s ]

[ 2017-05-21T20:10:50+08:00 ] 127.0.0.1 /Api/Address/setDefault
INFO: [ app_init ] --START--
INFO: Run Behavior\BuildLiteBehavior [ RunTime:0.000011s ]
INFO: [ app_init ] --END-- [ RunTime:0.000079s ]
INFO: [ app_begin ] --START--
INFO: Run Behavior\ReadHtmlCacheBehavior [ RunTime:0.000031s ]
INFO: [ app_begin ] --END-- [ RunTime:0.000065s ]
SQL: SHOW COLUMNS FROM `shop_address` [ RunTime:0.0006s ]
SQL: UPDATE `shop_address` SET `status`='0' WHERE (  userid= 2  ) [ RunTime:0.0002s ]
SQL: UPDATE `shop_address` SET `status`='1' WHERE (  id= 3  ) [ RunTime:0.0002s ]

[ 2017-05-21T20:10:58+08:00 ] 127.0.0.1 /Api/Address/setDefault
INFO: [ app_init ] --START--
INFO: Run Behavior\BuildLiteBehavior [ RunTime:0.000009s ]
INFO: [ app_init ] --END-- [ RunTime:0.000072s ]
INFO: [ app_begin ] --START--
INFO: Run Behavior\ReadHtmlCacheBehavior [ RunTime:0.000030s ]
INFO: [ app_begin ] --END-- [ RunTime:0.000057s ]
SQL: SHOW COLUMNS FROM `shop_address` [ RunTime:0.0005s ]
SQL: UPDATE `shop_address` SET `status`='0' WHERE (  userid= 2  ) [ RunTime:0.0002s ]
SQL: UPDATE `shop_address` SET `status`='1' WHERE (  id= 2  ) [ RunTime:0.0001s ]

[ 2017-05-21T20:11:03+08:00 ] 127.0.0.1 /Api/Address/setDefault
INFO: [ app_init ] --START--
INFO: Run Behavior\BuildLiteBehavior [ RunTime:0.000012s ]
INFO: [ app_init ] --END-- [ RunTime:0.000080s ]
INFO: [ app_begin ] --START--
INFO: Run Behavior\ReadHtmlCacheBehavior [ RunTime:0.000031s ]
INFO: [ app_begin ] --END-- [ RunTime:0.000065s ]
SQL: SHOW COLUMNS FROM `shop_address` [ RunTime:0.0006s ]
SQL: UPDATE `shop_address` SET `status`='0' WHERE (  userid= 2  ) [ RunTime:0.0002s ]
SQL: UPDATE `shop_address` SET `status`='1' WHERE (  id= 1  ) [ RunTime:0.0002s ]

[ 2017-05-21T20:11:04+08:00 ] 127.0.0.1 /Api/Address/setDefault
INFO: [ app_init ] --START--
INFO: Run Behavior\BuildLiteBehavior [ RunTime:0.000009s ]
INFO: [ app_init ] --END-- [ RunTime:0.000062s ]
INFO: [ app_begin ] --START--
INFO: Run Behavior\ReadHtmlCacheBehavior [ RunTime:0.000025s ]
INFO: [ app_begin ] --END-- [ RunTime:0.000047s ]
SQL: SHOW COLUMNS FROM `shop_address` [ RunTime:0.0005s ]
SQL: UPDATE `shop_address` SET `status`='0' WHERE (  userid= 2  ) [ RunTime:0.0002s ]
SQL: UPDATE `shop_address` SET `status`='1' WHERE (  id= 2  ) [ RunTime:0.0001s ]

[ 2017-05-21T20:11:05+08:00 ] 127.0.0.1 /Api/Address/setDefault
INFO: [ app_init ] --START--
INFO: Run Behavior\BuildLiteBehavior [ RunTime:0.000009s ]
INFO: [ app_init ] --END-- [ RunTime:0.000061s ]
INFO: [ app_begin ] --START--
INFO: Run Behavior\ReadHtmlCacheBehavior [ RunTime:0.000023s ]
INFO: [ app_begin ] --END-- [ RunTime:0.000046s ]
SQL: SHOW COLUMNS FROM `shop_address` [ RunTime:0.0004s ]
SQL: UPDATE `shop_address` SET `status`='0' WHERE (  userid= 2  ) [ RunTime:0.0002s ]
SQL: UPDATE `shop_address` SET `status`='1' WHERE (  id= 3  ) [ RunTime:0.0001s ]

[ 2017-05-21T20:11:07+08:00 ] 127.0.0.1 /Api/Address/setDefault
INFO: [ app_init ] --START--
INFO: Run Behavior\BuildLiteBehavior [ RunTime:0.000009s ]
INFO: [ app_init ] --END-- [ RunTime:0.000065s ]
INFO: [ app_begin ] --START--
INFO: Run Behavior\ReadHtmlCacheBehavior [ RunTime:0.000024s ]
INFO: [ app_begin ] --END-- [ RunTime:0.000048s ]
SQL: SHOW COLUMNS FROM `shop_address` [ RunTime:0.0004s ]
SQL: UPDATE `shop_address` SET `status`='0' WHERE (  userid= 2  ) [ RunTime:0.0002s ]
SQL: UPDATE `shop_address` SET `status`='1' WHERE (  id= 2  ) [ RunTime:0.0001s ]

[ 2017-05-21T20:13:17+08:00 ] 127.0.0.1 /Api/Address/setDefault
INFO: [ app_init ] --START--
INFO: Run Behavior\BuildLiteBehavior [ RunTime:0.000010s ]
INFO: [ app_init ] --END-- [ RunTime:0.000084s ]
INFO: [ app_begin ] --START--
INFO: Run Behavior\ReadHtmlCacheBehavior [ RunTime:0.000027s ]
INFO: [ app_begin ] --END-- [ RunTime:0.000054s ]
SQL: SHOW COLUMNS FROM `shop_address` [ RunTime:0.0005s ]
SQL: UPDATE `shop_address` SET `status`='0' WHERE (  userid= 2  ) [ RunTime:0.0002s ]
SQL: UPDATE `shop_address` SET `status`='1' WHERE (  id= 1  ) [ RunTime:0.0001s ]

[ 2017-05-21T20:16:19+08:00 ] 127.0.0.1 /Api/Address/setDefault
INFO: [ app_init ] --START--
INFO: Run Behavior\BuildLiteBehavior [ RunTime:0.000009s ]
INFO: [ app_init ] --END-- [ RunTime:0.000062s ]
INFO: [ app_begin ] --START--
INFO: Run Behavior\ReadHtmlCacheBehavior [ RunTime:0.000026s ]
INFO: [ app_begin ] --END-- [ RunTime:0.000048s ]
SQL: SHOW COLUMNS FROM `shop_address` [ RunTime:0.0004s ]
SQL: UPDATE `shop_address` SET `status`='0' WHERE (  userid= 2  ) [ RunTime:0.0002s ]
SQL: UPDATE `shop_address` SET `status`='1' WHERE (  id= 2  ) [ RunTime:0.0001s ]

[ 2017-05-21T20:17:06+08:00 ] 127.0.0.1 /Api/Address/setDefault
INFO: [ app_init ] --START--
INFO: Run Behavior\BuildLiteBehavior [ RunTime:0.000009s ]
INFO: [ app_init ] --END-- [ RunTime:0.000064s ]
INFO: [ app_begin ] --START--
INFO: Run Behavior\ReadHtmlCacheBehavior [ RunTime:0.000025s ]
INFO: [ app_begin ] --END-- [ RunTime:0.000048s ]
SQL: SHOW COLUMNS FROM `shop_address` [ RunTime:0.0004s ]
SQL: UPDATE `shop_address` SET `status`='0' WHERE (  userid= 2  ) [ RunTime:0.0002s ]
SQL: UPDATE `shop_address` SET `status`='1' WHERE (  id= 1  ) [ RunTime:0.0002s ]

[ 2017-05-21T20:17:25+08:00 ] 127.0.0.1 /Api/Address/setDefault
INFO: [ app_init ] --START--
INFO: Run Behavior\BuildLiteBehavior [ RunTime:0.000012s ]
INFO: [ app_init ] --END-- [ RunTime:0.000081s ]
INFO: [ app_begin ] --START--
INFO: Run Behavior\ReadHtmlCacheBehavior [ RunTime:0.000033s ]
INFO: [ app_begin ] --END-- [ RunTime:0.000065s ]
SQL: SHOW COLUMNS FROM `shop_address` [ RunTime:0.0005s ]
SQL: UPDATE `shop_address` SET `status`='0' WHERE (  userid= 2  ) [ RunTime:0.0002s ]
SQL: UPDATE `shop_address` SET `status`='1' WHERE (  id= 2  ) [ RunTime:0.0002s ]

[ 2017-05-21T20:17:36+08:00 ] 127.0.0.1 /Api/Address/setDefault
INFO: [ app_init ] --START--
INFO: Run Behavior\BuildLiteBehavior [ RunTime:0.000009s ]
INFO: [ app_init ] --END-- [ RunTime:0.000064s ]
INFO: [ app_begin ] --START--
INFO: Run Behavior\ReadHtmlCacheBehavior [ RunTime:0.000043s ]
INFO: [ app_begin ] --END-- [ RunTime:0.000066s ]
SQL: SHOW COLUMNS FROM `shop_address` [ RunTime:0.0004s ]
SQL: UPDATE `shop_address` SET `status`='0' WHERE (  userid= 2  ) [ RunTime:0.0002s ]
SQL: UPDATE `shop_address` SET `status`='1' WHERE (  id= 1  ) [ RunTime:0.0001s ]

[ 2017-05-21T20:18:24+08:00 ] 127.0.0.1 /Api/Address/setDefault
INFO: [ app_init ] --START--
INFO: Run Behavior\BuildLiteBehavior [ RunTime:0.000009s ]
INFO: [ app_init ] --END-- [ RunTime:0.000059s ]
INFO: [ app_begin ] --START--
INFO: Run Behavior\ReadHtmlCacheBehavior [ RunTime:0.000023s ]
INFO: [ app_begin ] --END-- [ RunTime:0.000046s ]
SQL: SHOW COLUMNS FROM `shop_address` [ RunTime:0.0004s ]
SQL: UPDATE `shop_address` SET `status`='0' WHERE (  userid= 2  ) [ RunTime:0.0002s ]
SQL: UPDATE `shop_address` SET `status`='1' WHERE (  id= 2  ) [ RunTime:0.0001s ]

[ 2017-05-21T20:18:38+08:00 ] 127.0.0.1 /Api/Address/setDefault
INFO: [ app_init ] --START--
INFO: Run Behavior\BuildLiteBehavior [ RunTime:0.000012s ]
INFO: [ app_init ] --END-- [ RunTime:0.000089s ]
INFO: [ app_begin ] --START--
INFO: Run Behavior\ReadHtmlCacheBehavior [ RunTime:0.000036s ]
INFO: [ app_begin ] --END-- [ RunTime:0.000069s ]
SQL: SHOW COLUMNS FROM `shop_address` [ RunTime:0.0006s ]
SQL: UPDATE `shop_address` SET `status`='0' WHERE (  userid= 2  ) [ RunTime:0.0002s ]
SQL: UPDATE `shop_address` SET `status`='1' WHERE (  id= 2  ) [ RunTime:0.0002s ]

[ 2017-05-21T20:19:25+08:00 ] 127.0.0.1 /Api/Address/setDefault
INFO: [ app_init ] --START--
INFO: Run Behavior\BuildLiteBehavior [ RunTime:0.000009s ]
INFO: [ app_init ] --END-- [ RunTime:0.000061s ]
INFO: [ app_begin ] --START--
INFO: Run Behavior\ReadHtmlCacheBehavior [ RunTime:0.000023s ]
INFO: [ app_begin ] --END-- [ RunTime:0.000046s ]
SQL: SHOW COLUMNS FROM `shop_address` [ RunTime:0.0004s ]
SQL: UPDATE `shop_address` SET `status`='0' WHERE (  userid= 2  ) [ RunTime:0.0002s ]
SQL: UPDATE `shop_address` SET `status`='1' WHERE (  id= 1  ) [ RunTime:0.0001s ]

[ 2017-05-21T20:20:00+08:00 ] 127.0.0.1 /Api/Address/setDefault
INFO: [ app_init ] --START--
INFO: Run Behavior\BuildLiteBehavior [ RunTime:0.000009s ]
INFO: [ app_init ] --END-- [ RunTime:0.000059s ]
INFO: [ app_begin ] --START--
INFO: Run Behavior\ReadHtmlCacheBehavior [ RunTime:0.000023s ]
INFO: [ app_begin ] --END-- [ RunTime:0.000046s ]
SQL: SHOW COLUMNS FROM `shop_address` [ RunTime:0.0004s ]
SQL: UPDATE `shop_address` SET `status`='0' WHERE (  userid= 2  ) [ RunTime:0.0002s ]
SQL: UPDATE `shop_address` SET `status`='1' WHERE (  id= 2  ) [ RunTime:0.0001s ]

[ 2017-05-21T20:20:12+08:00 ] 127.0.0.1 /Api/Address/setDefault
INFO: [ app_init ] --START--
INFO: Run Behavior\BuildLiteBehavior [ RunTime:0.000008s ]
INFO: [ app_init ] --END-- [ RunTime:0.000059s ]
INFO: [ app_begin ] --START--
INFO: Run Behavior\ReadHtmlCacheBehavior [ RunTime:0.000023s ]
INFO: [ app_begin ] --END-- [ RunTime:0.000046s ]
SQL: SHOW COLUMNS FROM `shop_address` [ RunTime:0.0005s ]
SQL: UPDATE `shop_address` SET `status`='0' WHERE (  userid= 2  ) [ RunTime:0.0002s ]
SQL: UPDATE `shop_address` SET `status`='1' WHERE (  id= 1  ) [ RunTime:0.0001s ]

[ 2017-05-21T20:20:41+08:00 ] 127.0.0.1 /Api/Address/setDefault
INFO: [ app_init ] --START--
INFO: Run Behavior\BuildLiteBehavior [ RunTime:0.000010s ]
INFO: [ app_init ] --END-- [ RunTime:0.000068s ]
INFO: [ app_begin ] --START--
INFO: Run Behavior\ReadHtmlCacheBehavior [ RunTime:0.000026s ]
INFO: [ app_begin ] --END-- [ RunTime:0.000053s ]
SQL: SHOW COLUMNS FROM `shop_address` [ RunTime:0.0005s ]
SQL: UPDATE `shop_address` SET `status`='0' WHERE (  userid= 2  ) [ RunTime:0.0002s ]
SQL: UPDATE `shop_address` SET `status`='1' WHERE (  id= 2  ) [ RunTime:0.0001s ]

[ 2017-05-21T20:20:54+08:00 ] 127.0.0.1 /Api/Address/setDefault
INFO: [ app_init ] --START--
INFO: Run Behavior\BuildLiteBehavior [ RunTime:0.000012s ]
INFO: [ app_init ] --END-- [ RunTime:0.000080s ]
INFO: [ app_begin ] --START--
INFO: Run Behavior\ReadHtmlCacheBehavior [ RunTime:0.000032s ]
INFO: [ app_begin ] --END-- [ RunTime:0.000076s ]
SQL: SHOW COLUMNS FROM `shop_address` [ RunTime:0.0006s ]
SQL: UPDATE `shop_address` SET `status`='0' WHERE (  userid= 2  ) [ RunTime:0.0002s ]
SQL: UPDATE `shop_address` SET `status`='1' WHERE (  id= 1  ) [ RunTime:0.0002s ]

[ 2017-05-21T20:21:35+08:00 ] 127.0.0.1 /Api/Address/setDefault
INFO: [ app_init ] --START--
INFO: Run Behavior\BuildLiteBehavior [ RunTime:0.000010s ]
INFO: [ app_init ] --END-- [ RunTime:0.000069s ]
INFO: [ app_begin ] --START--
INFO: Run Behavior\ReadHtmlCacheBehavior [ RunTime:0.000026s ]
INFO: [ app_begin ] --END-- [ RunTime:0.000053s ]
SQL: SHOW COLUMNS FROM `shop_address` [ RunTime:0.0005s ]
SQL: UPDATE `shop_address` SET `status`='0' WHERE (  userid= 2  ) [ RunTime:0.0002s ]
SQL: UPDATE `shop_address` SET `status`='1' WHERE (  id= 2  ) [ RunTime:0.0001s ]

[ 2017-05-21T20:21:37+08:00 ] 127.0.0.1 /Api/Address/setDefault
INFO: [ app_init ] --START--
INFO: Run Behavior\BuildLiteBehavior [ RunTime:0.000009s ]
INFO: [ app_init ] --END-- [ RunTime:0.000072s ]
INFO: [ app_begin ] --START--
INFO: Run Behavior\ReadHtmlCacheBehavior [ RunTime:0.000030s ]
INFO: [ app_begin ] --END-- [ RunTime:0.000058s ]
SQL: SHOW COLUMNS FROM `shop_address` [ RunTime:0.0006s ]
SQL: UPDATE `shop_address` SET `status`='0' WHERE (  userid= 2  ) [ RunTime:0.0002s ]
SQL: UPDATE `shop_address` SET `status`='1' WHERE (  id= 2  ) [ RunTime:0.0001s ]

[ 2017-05-21T20:22:01+08:00 ] 127.0.0.1 /Api/Address/setDefault
INFO: [ app_init ] --START--
INFO: Run Behavior\BuildLiteBehavior [ RunTime:0.000010s ]
INFO: [ app_init ] --END-- [ RunTime:0.000067s ]
INFO: [ app_begin ] --START--
INFO: Run Behavior\ReadHtmlCacheBehavior [ RunTime:0.000026s ]
INFO: [ app_begin ] --END-- [ RunTime:0.000053s ]
SQL: SHOW COLUMNS FROM `shop_address` [ RunTime:0.0005s ]
SQL: UPDATE `shop_address` SET `status`='0' WHERE (  userid= 2  ) [ RunTime:0.0002s ]
SQL: UPDATE `shop_address` SET `status`='1' WHERE (  id= 1  ) [ RunTime:0.0001s ]

[ 2017-05-21T20:24:59+08:00 ] 127.0.0.1 /Api/Address/setDefault
INFO: [ app_init ] --START--
INFO: Run Behavior\BuildLiteBehavior [ RunTime:0.000010s ]
INFO: [ app_init ] --END-- [ RunTime:0.000060s ]
INFO: [ app_begin ] --START--
INFO: Run Behavior\ReadHtmlCacheBehavior [ RunTime:0.000022s ]
INFO: [ app_begin ] --END-- [ RunTime:0.000045s ]
SQL: SHOW COLUMNS FROM `shop_address` [ RunTime:0.0004s ]
SQL: UPDATE `shop_address` SET `status`='0' WHERE (  userid= 2  ) [ RunTime:0.0002s ]
SQL: UPDATE `shop_address` SET `status`='1' WHERE (  id= 2  ) [ RunTime:0.0001s ]

[ 2017-05-21T20:25:09+08:00 ] 127.0.0.1 /Api/Address/setDefault
INFO: [ app_init ] --START--
INFO: Run Behavior\BuildLiteBehavior [ RunTime:0.000009s ]
INFO: [ app_init ] --END-- [ RunTime:0.000058s ]
INFO: [ app_begin ] --START--
INFO: Run Behavior\ReadHtmlCacheBehavior [ RunTime:0.000022s ]
INFO: [ app_begin ] --END-- [ RunTime:0.000046s ]
SQL: SHOW COLUMNS FROM `shop_address` [ RunTime:0.0004s ]
SQL: UPDATE `shop_address` SET `status`='0' WHERE (  userid= 2  ) [ RunTime:0.0002s ]
SQL: UPDATE `shop_address` SET `status`='1' WHERE (  id= 1  ) [ RunTime:0.0001s ]

[ 2017-05-21T20:25:18+08:00 ] 127.0.0.1 /Api/Address/setDefault
INFO: [ app_init ] --START--
INFO: Run Behavior\BuildLiteBehavior [ RunTime:0.000007s ]
INFO: [ app_init ] --END-- [ RunTime:0.000054s ]
INFO: [ app_begin ] --START--
INFO: Run Behavior\ReadHtmlCacheBehavior [ RunTime:0.000020s ]
INFO: [ app_begin ] --END-- [ RunTime:0.000041s ]
SQL: SHOW COLUMNS FROM `shop_address` [ RunTime:0.0004s ]
SQL: UPDATE `shop_address` SET `status`='0' WHERE (  userid= 2  ) [ RunTime:0.0002s ]
SQL: UPDATE `shop_address` SET `status`='1' WHERE (  id= 2  ) [ RunTime:0.0001s ]

[ 2017-05-21T20:25:22+08:00 ] 127.0.0.1 /Api/Address/setDefault
INFO: [ app_init ] --START--
INFO: Run Behavior\BuildLiteBehavior [ RunTime:0.000009s ]
INFO: [ app_init ] --END-- [ RunTime:0.000062s ]
INFO: [ app_begin ] --START--
INFO: Run Behavior\ReadHtmlCacheBehavior [ RunTime:0.000024s ]
INFO: [ app_begin ] --END-- [ RunTime:0.000048s ]
SQL: SHOW COLUMNS FROM `shop_address` [ RunTime:0.0004s ]
SQL: UPDATE `shop_address` SET `status`='0' WHERE (  userid= 2  ) [ RunTime:0.0002s ]
SQL: UPDATE `shop_address` SET `status`='1' WHERE (  id= 1  ) [ RunTime:0.0001s ]

[ 2017-05-21T20:25:26+08:00 ] 127.0.0.1 /Api/Address/setDefault
INFO: [ app_init ] --START--
INFO: Run Behavior\BuildLiteBehavior [ RunTime:0.000009s ]
INFO: [ app_init ] --END-- [ RunTime:0.000062s ]
INFO: [ app_begin ] --START--
INFO: Run Behavior\ReadHtmlCacheBehavior [ RunTime:0.000024s ]
INFO: [ app_begin ] --END-- [ RunTime:0.000047s ]
SQL: SHOW COLUMNS FROM `shop_address` [ RunTime:0.0004s ]
SQL: UPDATE `shop_address` SET `status`='0' WHERE (  userid= 2  ) [ RunTime:0.0002s ]
SQL: UPDATE `shop_address` SET `status`='1' WHERE (  id= 2  ) [ RunTime:0.0001s ]

[ 2017-05-21T20:25:29+08:00 ] 127.0.0.1 /Api/Address/setDefault
INFO: [ app_init ] --START--
INFO: Run Behavior\BuildLiteBehavior [ RunTime:0.000008s ]
INFO: [ app_init ] --END-- [ RunTime:0.000064s ]
INFO: [ app_begin ] --START--
INFO: Run Behavior\ReadHtmlCacheBehavior [ RunTime:0.000026s ]
INFO: [ app_begin ] --END-- [ RunTime:0.000070s ]
SQL: SHOW COLUMNS FROM `shop_address` [ RunTime:0.0004s ]
SQL: UPDATE `shop_address` SET `status`='0' WHERE (  userid= 2  ) [ RunTime:0.0002s ]
SQL: UPDATE `shop_address` SET `status`='1' WHERE (  id= 1  ) [ RunTime:0.0001s ]

[ 2017-05-21T20:25:38+08:00 ] 127.0.0.1 /Api/Address/setDefault
INFO: [ app_init ] --START--
INFO: Run Behavior\BuildLiteBehavior [ RunTime:0.000009s ]
INFO: [ app_init ] --END-- [ RunTime:0.000062s ]
INFO: [ app_begin ] --START--
INFO: Run Behavior\ReadHtmlCacheBehavior [ RunTime:0.000027s ]
INFO: [ app_begin ] --END-- [ RunTime:0.000049s ]
SQL: SHOW COLUMNS FROM `shop_address` [ RunTime:0.0004s ]
SQL: UPDATE `shop_address` SET `status`='0' WHERE (  userid= 2  ) [ RunTime:0.0002s ]
SQL: UPDATE `shop_address` SET `status`='1' WHERE (  id= 2  ) [ RunTime:0.0001s ]

[ 2017-05-21T20:25:40+08:00 ] 127.0.0.1 /Api/Address/setDefault
INFO: [ app_init ] --START--
INFO: Run Behavior\BuildLiteBehavior [ RunTime:0.000008s ]
INFO: [ app_init ] --END-- [ RunTime:0.000059s ]
INFO: [ app_begin ] --START--
INFO: Run Behavior\ReadHtmlCacheBehavior [ RunTime:0.000023s ]
INFO: [ app_begin ] --END-- [ RunTime:0.000045s ]
SQL: SHOW COLUMNS FROM `shop_address` [ RunTime:0.0004s ]
SQL: UPDATE `shop_address` SET `status`='0' WHERE (  userid= 2  ) [ RunTime:0.0002s ]
SQL: UPDATE `shop_address` SET `status`='1' WHERE (  id= 3  ) [ RunTime:0.0001s ]

[ 2017-05-21T20:25:44+08:00 ] 127.0.0.1 /Api/Address/setDefault
INFO: [ app_init ] --START--
INFO: Run Behavior\BuildLiteBehavior [ RunTime:0.000009s ]
INFO: [ app_init ] --END-- [ RunTime:0.000063s ]
INFO: [ app_begin ] --START--
INFO: Run Behavior\ReadHtmlCacheBehavior [ RunTime:0.000025s ]
INFO: [ app_begin ] --END-- [ RunTime:0.000047s ]
SQL: SHOW COLUMNS FROM `shop_address` [ RunTime:0.0004s ]
SQL: UPDATE `shop_address` SET `status`='0' WHERE (  userid= 2  ) [ RunTime:0.0002s ]
SQL: UPDATE `shop_address` SET `status`='1' WHERE (  id= 2  ) [ RunTime:0.0001s ]

[ 2017-05-21T20:26:06+08:00 ] 127.0.0.1 /Api/Address/setDefault
INFO: [ app_init ] --START--
INFO: Run Behavior\BuildLiteBehavior [ RunTime:0.000008s ]
INFO: [ app_init ] --END-- [ RunTime:0.000053s ]
INFO: [ app_begin ] --START--
INFO: Run Behavior\ReadHtmlCacheBehavior [ RunTime:0.000020s ]
INFO: [ app_begin ] --END-- [ RunTime:0.000041s ]
SQL: SHOW COLUMNS FROM `shop_address` [ RunTime:0.0004s ]
SQL: UPDATE `shop_address` SET `status`='0' WHERE (  userid= 2  ) [ RunTime:0.0002s ]
SQL: UPDATE `shop_address` SET `status`='1' WHERE (  id= 1  ) [ RunTime:0.0001s ]

[ 2017-05-21T20:26:07+08:00 ] 127.0.0.1 /Api/Address/setDefault
INFO: [ app_init ] --START--
INFO: Run Behavior\BuildLiteBehavior [ RunTime:0.000011s ]
INFO: [ app_init ] --END-- [ RunTime:0.000083s ]
INFO: [ app_begin ] --START--
INFO: Run Behavior\ReadHtmlCacheBehavior [ RunTime:0.000034s ]
INFO: [ app_begin ] --END-- [ RunTime:0.000068s ]
SQL: SHOW COLUMNS FROM `shop_address` [ RunTime:0.0006s ]
SQL: UPDATE `shop_address` SET `status`='0' WHERE (  userid= 2  ) [ RunTime:0.0002s ]
SQL: UPDATE `shop_address` SET `status`='1' WHERE (  id= 2  ) [ RunTime:0.0002s ]

[ 2017-05-21T20:26:09+08:00 ] 127.0.0.1 /Api/Address/setDefault
INFO: [ app_init ] --START--
INFO: Run Behavior\BuildLiteBehavior [ RunTime:0.000010s ]
INFO: [ app_init ] --END-- [ RunTime:0.000058s ]
INFO: [ app_begin ] --START--
INFO: Run Behavior\ReadHtmlCacheBehavior [ RunTime:0.000023s ]
INFO: [ app_begin ] --END-- [ RunTime:0.000045s ]
SQL: SHOW COLUMNS FROM `shop_address` [ RunTime:0.0004s ]
SQL: UPDATE `shop_address` SET `status`='0' WHERE (  userid= 2  ) [ RunTime:0.0002s ]
SQL: UPDATE `shop_address` SET `status`='1' WHERE (  id= 3  ) [ RunTime:0.0006s ]

[ 2017-05-21T20:26:12+08:00 ] 127.0.0.1 /Api/Address/setDefault
INFO: [ app_init ] --START--
INFO: Run Behavior\BuildLiteBehavior [ RunTime:0.000009s ]
INFO: [ app_init ] --END-- [ RunTime:0.000061s ]
INFO: [ app_begin ] --START--
INFO: Run Behavior\ReadHtmlCacheBehavior [ RunTime:0.000026s ]
INFO: [ app_begin ] --END-- [ RunTime:0.000048s ]
SQL: SHOW COLUMNS FROM `shop_address` [ RunTime:0.0004s ]
SQL: UPDATE `shop_address` SET `status`='0' WHERE (  userid= 2  ) [ RunTime:0.0002s ]
SQL: UPDATE `shop_address` SET `status`='1' WHERE (  id= 2  ) [ RunTime:0.0001s ]

[ 2017-05-21T20:26:13+08:00 ] 127.0.0.1 /Api/Address/setDefault
INFO: [ app_init ] --START--
INFO: Run Behavior\BuildLiteBehavior [ RunTime:0.000009s ]
INFO: [ app_init ] --END-- [ RunTime:0.000061s ]
INFO: [ app_begin ] --START--
INFO: Run Behavior\ReadHtmlCacheBehavior [ RunTime:0.000023s ]
INFO: [ app_begin ] --END-- [ RunTime:0.000047s ]
SQL: SHOW COLUMNS FROM `shop_address` [ RunTime:0.0004s ]
SQL: UPDATE `shop_address` SET `status`='0' WHERE (  userid= 2  ) [ RunTime:0.0002s ]
SQL: UPDATE `shop_address` SET `status`='1' WHERE (  id= 3  ) [ RunTime:0.0001s ]

[ 2017-05-21T20:26:14+08:00 ] 127.0.0.1 /Api/Address/setDefault
INFO: [ app_init ] --START--
INFO: Run Behavior\BuildLiteBehavior [ RunTime:0.000009s ]
INFO: [ app_init ] --END-- [ RunTime:0.000060s ]
INFO: [ app_begin ] --START--
INFO: Run Behavior\ReadHtmlCacheBehavior [ RunTime:0.000023s ]
INFO: [ app_begin ] --END-- [ RunTime:0.000045s ]
SQL: SHOW COLUMNS FROM `shop_address` [ RunTime:0.0004s ]
SQL: UPDATE `shop_address` SET `status`='0' WHERE (  userid= 2  ) [ RunTime:0.0002s ]
SQL: UPDATE `shop_address` SET `status`='1' WHERE (  id= 1  ) [ RunTime:0.0001s ]

[ 2017-05-21T20:26:15+08:00 ] 127.0.0.1 /Api/Address/setDefault
INFO: [ app_init ] --START--
INFO: Run Behavior\BuildLiteBehavior [ RunTime:0.000010s ]
INFO: [ app_init ] --END-- [ RunTime:0.000071s ]
INFO: [ app_begin ] --START--
INFO: Run Behavior\ReadHtmlCacheBehavior [ RunTime:0.000029s ]
INFO: [ app_begin ] --END-- [ RunTime:0.000056s ]
SQL: SHOW COLUMNS FROM `shop_address` [ RunTime:0.0005s ]
SQL: UPDATE `shop_address` SET `status`='0' WHERE (  userid= 2  ) [ RunTime:0.0002s ]
SQL: UPDATE `shop_address` SET `status`='1' WHERE (  id= 3  ) [ RunTime:0.0001s ]

[ 2017-05-21T20:26:16+08:00 ] 127.0.0.1 /Api/Address/setDefault
INFO: [ app_init ] --START--
INFO: Run Behavior\BuildLiteBehavior [ RunTime:0.000015s ]
INFO: [ app_init ] --END-- [ RunTime:0.000107s ]
INFO: [ app_begin ] --START--
INFO: Run Behavior\ReadHtmlCacheBehavior [ RunTime:0.000045s ]
INFO: [ app_begin ] --END-- [ RunTime:0.000094s ]
SQL: SHOW COLUMNS FROM `shop_address` [ RunTime:0.0007s ]
SQL: UPDATE `shop_address` SET `status`='0' WHERE (  userid= 2  ) [ RunTime:0.0003s ]
SQL: UPDATE `shop_address` SET `status`='1' WHERE (  id= 1  ) [ RunTime:0.0002s ]

[ 2017-05-21T20:36:18+08:00 ] 127.0.0.1 /Api/Address/getProvice
INFO: [ app_init ] --START--
INFO: Run Behavior\BuildLiteBehavior [ RunTime:0.000010s ]
INFO: [ app_init ] --END-- [ RunTime:0.000074s ]
INFO: [ app_begin ] --START--
INFO: Run Behavior\ReadHtmlCacheBehavior [ RunTime:0.000024s ]
INFO: [ app_begin ] --END-- [ RunTime:0.000047s ]
SQL: SHOW COLUMNS FROM `shop_city` [ RunTime:0.0004s ]
SQL: SELECT * FROM `shop_city` WHERE (  pid=0  )  [ RunTime:0.0016s ]

[ 2017-05-21T20:36:19+08:00 ] 127.0.0.1 /Api/Address/getProvice
INFO: [ app_init ] --START--
INFO: Run Behavior\BuildLiteBehavior [ RunTime:0.000009s ]
INFO: [ app_init ] --END-- [ RunTime:0.000058s ]
INFO: [ app_begin ] --START--
INFO: Run Behavior\ReadHtmlCacheBehavior [ RunTime:0.000022s ]
INFO: [ app_begin ] --END-- [ RunTime:0.000045s ]
SQL: SHOW COLUMNS FROM `shop_city` [ RunTime:0.0004s ]
SQL: SELECT * FROM `shop_city` WHERE (  pid=0  )  [ RunTime:0.0001s ]

[ 2017-05-21T20:36:22+08:00 ] 127.0.0.1 /Api/Address/saveAddress
INFO: [ app_init ] --START--
INFO: Run Behavior\BuildLiteBehavior [ RunTime:0.000010s ]
INFO: [ app_init ] --END-- [ RunTime:0.000065s ]
INFO: [ app_begin ] --START--
INFO: Run Behavior\ReadHtmlCacheBehavior [ RunTime:0.000025s ]
INFO: [ app_begin ] --END-- [ RunTime:0.000049s ]

[ 2017-05-21T20:36:26+08:00 ] 127.0.0.1 /Api/Address/saveAddress
INFO: [ app_init ] --START--
INFO: Run Behavior\BuildLiteBehavior [ RunTime:0.000010s ]
INFO: [ app_init ] --END-- [ RunTime:0.000072s ]
INFO: [ app_begin ] --START--
INFO: Run Behavior\ReadHtmlCacheBehavior [ RunTime:0.000028s ]
INFO: [ app_begin ] --END-- [ RunTime:0.000055s ]

[ 2017-05-21T20:37:03+08:00 ] 127.0.0.1 /Api/Address/getProvice
INFO: [ app_init ] --START--
INFO: Run Behavior\BuildLiteBehavior [ RunTime:0.000009s ]
INFO: [ app_init ] --END-- [ RunTime:0.000059s ]
INFO: [ app_begin ] --START--
INFO: Run Behavior\ReadHtmlCacheBehavior [ RunTime:0.000024s ]
INFO: [ app_begin ] --END-- [ RunTime:0.000047s ]
SQL: SHOW COLUMNS FROM `shop_city` [ RunTime:0.0004s ]
SQL: SELECT * FROM `shop_city` WHERE (  pid=0  )  [ RunTime:0.0001s ]

[ 2017-05-21T20:37:29+08:00 ] 127.0.0.1 /Api/Address/getProvice
INFO: [ app_init ] --START--
INFO: Run Behavior\BuildLiteBehavior [ RunTime:0.000010s ]
INFO: [ app_init ] --END-- [ RunTime:0.000061s ]
INFO: [ app_begin ] --START--
INFO: Run Behavior\ReadHtmlCacheBehavior [ RunTime:0.000024s ]
INFO: [ app_begin ] --END-- [ RunTime:0.000047s ]
SQL: SHOW COLUMNS FROM `shop_city` [ RunTime:0.0012s ]
SQL: SELECT * FROM `shop_city` WHERE (  pid=0  )  [ RunTime:0.0001s ]

[ 2017-05-21T20:37:43+08:00 ] 127.0.0.1 /Api/Address/getProvice
INFO: [ app_init ] --START--
INFO: Run Behavior\BuildLiteBehavior [ RunTime:0.000009s ]
INFO: [ app_init ] --END-- [ RunTime:0.000060s ]
INFO: [ app_begin ] --START--
INFO: Run Behavior\ReadHtmlCacheBehavior [ RunTime:0.000023s ]
INFO: [ app_begin ] --END-- [ RunTime:0.000046s ]
SQL: SHOW COLUMNS FROM `shop_city` [ RunTime:0.0004s ]
SQL: SELECT * FROM `shop_city` WHERE (  pid=0  )  [ RunTime:0.0001s ]

[ 2017-05-21T20:39:06+08:00 ] 127.0.0.1 /Api/Address/getProvice
INFO: [ app_init ] --START--
INFO: Run Behavior\BuildLiteBehavior [ RunTime:0.000010s ]
INFO: [ app_init ] --END-- [ RunTime:0.000066s ]
INFO: [ app_begin ] --START--
INFO: Run Behavior\ReadHtmlCacheBehavior [ RunTime:0.000028s ]
INFO: [ app_begin ] --END-- [ RunTime:0.000056s ]
SQL: SHOW COLUMNS FROM `shop_city` [ RunTime:0.0005s ]
SQL: SELECT * FROM `shop_city` WHERE (  pid=0  )  [ RunTime:0.0001s ]

[ 2017-05-21T20:39:10+08:00 ] 127.0.0.1 /Api/Address/getTown
INFO: [ app_init ] --START--
INFO: Run Behavior\BuildLiteBehavior [ RunTime:0.000027s ]
INFO: [ app_init ] --END-- [ RunTime:0.000193s ]
INFO: [ app_begin ] --START--
INFO: Run Behavior\ReadHtmlCacheBehavior [ RunTime:0.000081s ]
INFO: [ app_begin ] --END-- [ RunTime:0.000163s ]
SQL: SHOW COLUMNS FROM `shop_city` [ RunTime:0.0004s ]
SQL: SELECT * FROM `shop_city` WHERE (  pid=43  )  [ RunTime:0.0007s ]

[ 2017-05-21T20:39:11+08:00 ] 127.0.0.1 /Api/Address/getArea
INFO: [ app_init ] --START--
INFO: Run Behavior\BuildLiteBehavior [ RunTime:0.000009s ]
INFO: [ app_init ] --END-- [ RunTime:0.000060s ]
INFO: [ app_begin ] --START--
INFO: Run Behavior\ReadHtmlCacheBehavior [ RunTime:0.000021s ]
INFO: [ app_begin ] --END-- [ RunTime:0.000044s ]
SQL: SHOW COLUMNS FROM `shop_city` [ RunTime:0.0004s ]
SQL: SELECT * FROM `shop_city` WHERE (  pid=94  )  [ RunTime:0.0007s ]

[ 2017-05-21T20:39:42+08:00 ] 127.0.0.1 /Api/Address/getProvice
INFO: [ app_init ] --START--
INFO: Run Behavior\BuildLiteBehavior [ RunTime:0.000009s ]
INFO: [ app_init ] --END-- [ RunTime:0.000059s ]
INFO: [ app_begin ] --START--
INFO: Run Behavior\ReadHtmlCacheBehavior [ RunTime:0.000022s ]
INFO: [ app_begin ] --END-- [ RunTime:0.000045s ]
SQL: SHOW COLUMNS FROM `shop_city` [ RunTime:0.0004s ]
SQL: SELECT * FROM `shop_city` WHERE (  pid=0  )  [ RunTime:0.0001s ]

[ 2017-05-21T20:39:46+08:00 ] 127.0.0.1 /Api/Address/getTown
INFO: [ app_init ] --START--
INFO: Run Behavior\BuildLiteBehavior [ RunTime:0.000027s ]
INFO: [ app_init ] --END-- [ RunTime:0.000192s ]
INFO: [ app_begin ] --START--
INFO: Run Behavior\ReadHtmlCacheBehavior [ RunTime:0.000078s ]
INFO: [ app_begin ] --END-- [ RunTime:0.000161s ]
SQL: SHOW COLUMNS FROM `shop_city` [ RunTime:0.0004s ]
SQL: SELECT * FROM `shop_city` WHERE (  pid=43  )  [ RunTime:0.0001s ]

[ 2017-05-21T20:39:47+08:00 ] 127.0.0.1 /Api/Address/getArea
INFO: [ app_init ] --START--
INFO: Run Behavior\BuildLiteBehavior [ RunTime:0.000008s ]
INFO: [ app_init ] --END-- [ RunTime:0.000058s ]
INFO: [ app_begin ] --START--
INFO: Run Behavior\ReadHtmlCacheBehavior [ RunTime:0.000021s ]
INFO: [ app_begin ] --END-- [ RunTime:0.000044s ]
SQL: SHOW COLUMNS FROM `shop_city` [ RunTime:0.0004s ]
SQL: SELECT * FROM `shop_city` WHERE (  pid=85  )  [ RunTime:0.0025s ]

[ 2017-05-21T20:39:49+08:00 ] 127.0.0.1 /Api/Address/saveAddress
INFO: [ app_init ] --START--
INFO: Run Behavior\BuildLiteBehavior [ RunTime:0.000011s ]
INFO: [ app_init ] --END-- [ RunTime:0.000077s ]
INFO: [ app_begin ] --START--
INFO: Run Behavior\ReadHtmlCacheBehavior [ RunTime:0.000032s ]
INFO: [ app_begin ] --END-- [ RunTime:0.000062s ]

[ 2017-05-21T20:39:54+08:00 ] 127.0.0.1 /Api/Address/saveAddress
INFO: [ app_init ] --START--
INFO: Run Behavior\BuildLiteBehavior [ RunTime:0.000032s ]
INFO: [ app_init ] --END-- [ RunTime:0.000253s ]
INFO: [ app_begin ] --START--
INFO: Run Behavior\ReadHtmlCacheBehavior [ RunTime:0.000088s ]
INFO: [ app_begin ] --END-- [ RunTime:0.000147s ]

[ 2017-05-21T20:40:10+08:00 ] 127.0.0.1 /Api/Address/saveAddress
INFO: [ app_init ] --START--
INFO: Run Behavior\BuildLiteBehavior [ RunTime:0.000021s ]
INFO: [ app_init ] --END-- [ RunTime:0.000154s ]
INFO: [ app_begin ] --START--
INFO: Run Behavior\ReadHtmlCacheBehavior [ RunTime:0.000053s ]
INFO: [ app_begin ] --END-- [ RunTime:0.000088s ]
NOTIC: [8] Undefined index: id /var/www/html/thinkphp_shop.com/Application/Api/Controller/AddressController.class.php 第 28 行.
SQL: SHOW COLUMNS FROM `shop_address` [ RunTime:0.0005s ]
ERR: 1048:Column 'userid' cannot be null
 [ SQL语句 ] : INSERT INTO `shop_address` (`recevier`,`phone`,`province`,`town`,`area`,`address`,`userid`) VALUES ('dfad','33333333333','河北省','秦皇岛市','山海关区','dddd',NULL)
ERR: 1048:Column 'userid' cannot be null
 [ SQL语句 ] : INSERT INTO `shop_address` (`recevier`,`phone`,`province`,`town`,`area`,`address`,`userid`) VALUES ('dfad','33333333333','河北省','秦皇岛市','山海关区','dddd',NULL)

[ 2017-05-21T20:40:16+08:00 ] 127.0.0.1 /Api/Address/saveAddress
INFO: [ app_init ] --START--
INFO: Run Behavior\BuildLiteBehavior [ RunTime:0.000019s ]
INFO: [ app_init ] --END-- [ RunTime:0.000136s ]
INFO: [ app_begin ] --START--
INFO: Run Behavior\ReadHtmlCacheBehavior [ RunTime:0.000047s ]
INFO: [ app_begin ] --END-- [ RunTime:0.000077s ]
NOTIC: [8] Undefined index: id /var/www/html/thinkphp_shop.com/Application/Api/Controller/AddressController.class.php 第 28 行.
SQL: SHOW COLUMNS FROM `shop_address` [ RunTime:0.0005s ]
ERR: 1048:Column 'userid' cannot be null
 [ SQL语句 ] : INSERT INTO `shop_address` (`recevier`,`phone`,`province`,`town`,`area`,`address`,`userid`) VALUES ('dfad','33333333333','河北省','秦皇岛市','山海关区','dddd',NULL)
ERR: 1048:Column 'userid' cannot be null
 [ SQL语句 ] : INSERT INTO `shop_address` (`recevier`,`phone`,`province`,`town`,`area`,`address`,`userid`) VALUES ('dfad','33333333333','河北省','秦皇岛市','山海关区','dddd',NULL)

[ 2017-05-21T20:42:27+08:00 ] 127.0.0.1 /Api/Address/getProvice
INFO: [ app_init ] --START--
INFO: Run Behavior\BuildLiteBehavior [ RunTime:0.000010s ]
INFO: [ app_init ] --END-- [ RunTime:0.000061s ]
INFO: [ app_begin ] --START--
INFO: Run Behavior\ReadHtmlCacheBehavior [ RunTime:0.000024s ]
INFO: [ app_begin ] --END-- [ RunTime:0.000047s ]
SQL: SHOW COLUMNS FROM `shop_city` [ RunTime:0.0004s ]
SQL: SELECT * FROM `shop_city` WHERE (  pid=0  )  [ RunTime:0.0001s ]

[ 2017-05-21T20:42:30+08:00 ] 127.0.0.1 /Api/Address/getTown
INFO: [ app_init ] --START--
INFO: Run Behavior\BuildLiteBehavior [ RunTime:0.000009s ]
INFO: [ app_init ] --END-- [ RunTime:0.000075s ]
INFO: [ app_begin ] --START--
INFO: Run Behavior\ReadHtmlCacheBehavior [ RunTime:0.000025s ]
INFO: [ app_begin ] --END-- [ RunTime:0.000047s ]
SQL: SHOW COLUMNS FROM `shop_city` [ RunTime:0.0004s ]
SQL: SELECT * FROM `shop_city` WHERE (  pid=43  )  [ RunTime:0.0001s ]

[ 2017-05-21T20:42:31+08:00 ] 127.0.0.1 /Api/Address/getArea
INFO: [ app_init ] --START--
INFO: Run Behavior\BuildLiteBehavior [ RunTime:0.000027s ]
INFO: [ app_init ] --END-- [ RunTime:0.000181s ]
INFO: [ app_begin ] --START--
INFO: Run Behavior\ReadHtmlCacheBehavior [ RunTime:0.000073s ]
INFO: [ app_begin ] --END-- [ RunTime:0.000154s ]
SQL: SHOW COLUMNS FROM `shop_city` [ RunTime:0.0004s ]
SQL: SELECT * FROM `shop_city` WHERE (  pid=85  )  [ RunTime:0.0001s ]

[ 2017-05-21T20:42:33+08:00 ] 127.0.0.1 /Api/Address/saveAddress
INFO: [ app_init ] --START--
INFO: Run Behavior\BuildLiteBehavior [ RunTime:0.000009s ]
INFO: [ app_init ] --END-- [ RunTime:0.000061s ]
INFO: [ app_begin ] --START--
INFO: Run Behavior\ReadHtmlCacheBehavior [ RunTime:0.000024s ]
INFO: [ app_begin ] --END-- [ RunTime:0.000046s ]
SQL: SHOW COLUMNS FROM `shop_address` [ RunTime:0.0005s ]
SQL: INSERT INTO `shop_address` (`recevier`,`phone`,`province`,`town`,`area`,`address`,`userid`) VALUES ('dfad','33333333333','河北省','秦皇岛市','海港区','dddd','2') [ RunTime:0.0005s ]

[ 2017-05-21T20:42:38+08:00 ] 127.0.0.1 /Api/Address/getProvice
INFO: [ app_init ] --START--
INFO: Run Behavior\BuildLiteBehavior [ RunTime:0.000009s ]
INFO: [ app_init ] --END-- [ RunTime:0.000060s ]
INFO: [ app_begin ] --START--
INFO: Run Behavior\ReadHtmlCacheBehavior [ RunTime:0.000023s ]
INFO: [ app_begin ] --END-- [ RunTime:0.000047s ]
SQL: SHOW COLUMNS FROM `shop_city` [ RunTime:0.0004s ]
SQL: SELECT * FROM `shop_city` WHERE (  pid=0  )  [ RunTime:0.0001s ]

[ 2017-05-21T20:43:24+08:00 ] 127.0.0.1 /Api/Address/getTown
INFO: [ app_init ] --START--
INFO: Run Behavior\BuildLiteBehavior [ RunTime:0.000010s ]
INFO: [ app_init ] --END-- [ RunTime:0.000073s ]
INFO: [ app_begin ] --START--
INFO: Run Behavior\ReadHtmlCacheBehavior [ RunTime:0.000029s ]
INFO: [ app_begin ] --END-- [ RunTime:0.000056s ]
SQL: SHOW COLUMNS FROM `shop_city` [ RunTime:0.0005s ]
SQL: SELECT * FROM `shop_city` WHERE (  pid=22  )  [ RunTime:0.0008s ]

[ 2017-05-21T20:43:25+08:00 ] 127.0.0.1 /Api/Address/getArea
INFO: [ app_init ] --START--
INFO: Run Behavior\BuildLiteBehavior [ RunTime:0.000010s ]
INFO: [ app_init ] --END-- [ RunTime:0.000065s ]
INFO: [ app_begin ] --START--
INFO: Run Behavior\ReadHtmlCacheBehavior [ RunTime:0.000028s ]
INFO: [ app_begin ] --END-- [ RunTime:0.000056s ]
SQL: SHOW COLUMNS FROM `shop_city` [ RunTime:0.0004s ]
SQL: SELECT * FROM `shop_city` WHERE (  pid=23  )  [ RunTime:0.0008s ]

[ 2017-05-21T20:43:28+08:00 ] 127.0.0.1 /Api/Address/getTown
INFO: [ app_init ] --START--
INFO: Run Behavior\BuildLiteBehavior [ RunTime:0.000027s ]
INFO: [ app_init ] --END-- [ RunTime:0.000190s ]
INFO: [ app_begin ] --START--
INFO: Run Behavior\ReadHtmlCacheBehavior [ RunTime:0.000082s ]
INFO: [ app_begin ] --END-- [ RunTime:0.000164s ]
SQL: SHOW COLUMNS FROM `shop_city` [ RunTime:0.0005s ]
SQL: SELECT * FROM `shop_city` WHERE (  pid=380  )  [ RunTime:0.0007s ]

[ 2017-05-21T20:43:29+08:00 ] 127.0.0.1 /Api/Address/getArea
INFO: [ app_init ] --START--
INFO: Run Behavior\BuildLiteBehavior [ RunTime:0.000026s ]
INFO: [ app_init ] --END-- [ RunTime:0.000201s ]
INFO: [ app_begin ] --START--
INFO: Run Behavior\ReadHtmlCacheBehavior [ RunTime:0.000074s ]
INFO: [ app_begin ] --END-- [ RunTime:0.000155s ]
SQL: SHOW COLUMNS FROM `shop_city` [ RunTime:0.0005s ]
SQL: SELECT * FROM `shop_city` WHERE (  pid=403  )  [ RunTime:0.0010s ]

[ 2017-05-21T20:43:41+08:00 ] 127.0.0.1 /Api/Address/saveAddress
INFO: [ app_init ] --START--
INFO: Run Behavior\BuildLiteBehavior [ RunTime:0.000008s ]
INFO: [ app_init ] --END-- [ RunTime:0.000059s ]
INFO: [ app_begin ] --START--
INFO: Run Behavior\ReadHtmlCacheBehavior [ RunTime:0.000022s ]
INFO: [ app_begin ] --END-- [ RunTime:0.000045s ]
SQL: SHOW COLUMNS FROM `shop_address` [ RunTime:0.0005s ]
SQL: INSERT INTO `shop_address` (`recevier`,`phone`,`province`,`town`,`area`,`address`,`userid`) VALUES ('dfad','15818359718','内蒙古自治区','乌海市','海勃湾区','dddd','2') [ RunTime:0.0002s ]

[ 2017-05-21T20:43:59+08:00 ] 127.0.0.1 /Api/Address/getProvice
INFO: [ app_init ] --START--
INFO: Run Behavior\BuildLiteBehavior [ RunTime:0.000009s ]
INFO: [ app_init ] --END-- [ RunTime:0.000061s ]
INFO: [ app_begin ] --START--
INFO: Run Behavior\ReadHtmlCacheBehavior [ RunTime:0.000023s ]
INFO: [ app_begin ] --END-- [ RunTime:0.000048s ]
SQL: SHOW COLUMNS FROM `shop_city` [ RunTime:0.0004s ]
SQL: SELECT * FROM `shop_city` WHERE (  pid=0  )  [ RunTime:0.0001s ]

[ 2017-05-21T20:44:34+08:00 ] 127.0.0.1 /Api/Address/setDefault
INFO: [ app_init ] --START--
INFO: Run Behavior\BuildLiteBehavior [ RunTime:0.000020s ]
INFO: [ app_init ] --END-- [ RunTime:0.000146s ]
INFO: [ app_begin ] --START--
INFO: Run Behavior\ReadHtmlCacheBehavior [ RunTime:0.000049s ]
INFO: [ app_begin ] --END-- [ RunTime:0.000081s ]
SQL: SHOW COLUMNS FROM `shop_address` [ RunTime:0.0005s ]
SQL: UPDATE `shop_address` SET `status`='0' WHERE (  userid= 2  ) [ RunTime:0.0002s ]
SQL: UPDATE `shop_address` SET `status`='1' WHERE (  id= 3  ) [ RunTime:0.0001s ]

[ 2017-05-21T20:44:35+08:00 ] 127.0.0.1 /Api/Address/getProvice
INFO: [ app_init ] --START--
INFO: Run Behavior\BuildLiteBehavior [ RunTime:0.000008s ]
INFO: [ app_init ] --END-- [ RunTime:0.000054s ]
INFO: [ app_begin ] --START--
INFO: Run Behavior\ReadHtmlCacheBehavior [ RunTime:0.000020s ]
INFO: [ app_begin ] --END-- [ RunTime:0.000042s ]
SQL: SHOW COLUMNS FROM `shop_city` [ RunTime:0.0004s ]
SQL: SELECT * FROM `shop_city` WHERE (  pid=0  )  [ RunTime:0.0001s ]

[ 2017-05-21T20:44:42+08:00 ] 127.0.0.1 /Api/Address/getProvice
INFO: [ app_init ] --START--
INFO: Run Behavior\BuildLiteBehavior [ RunTime:0.000010s ]
INFO: [ app_init ] --END-- [ RunTime:0.000060s ]
INFO: [ app_begin ] --START--
INFO: Run Behavior\ReadHtmlCacheBehavior [ RunTime:0.000023s ]
INFO: [ app_begin ] --END-- [ RunTime:0.000046s ]
SQL: SHOW COLUMNS FROM `shop_city` [ RunTime:0.0004s ]
SQL: SELECT * FROM `shop_city` WHERE (  pid=0  )  [ RunTime:0.0001s ]

[ 2017-05-21T20:47:04+08:00 ] 127.0.0.1 /Api/Address/getProvice
INFO: [ app_init ] --START--
INFO: Run Behavior\BuildLiteBehavior [ RunTime:0.000009s ]
INFO: [ app_init ] --END-- [ RunTime:0.000059s ]
INFO: [ app_begin ] --START--
INFO: Run Behavior\ReadHtmlCacheBehavior [ RunTime:0.000023s ]
INFO: [ app_begin ] --END-- [ RunTime:0.000046s ]
SQL: SHOW COLUMNS FROM `shop_city` [ RunTime:0.0004s ]
SQL: SELECT * FROM `shop_city` WHERE (  pid=0  )  [ RunTime:0.0001s ]

[ 2017-05-21T20:47:07+08:00 ] 127.0.0.1 /Api/Address/getTown
INFO: [ app_init ] --START--
INFO: Run Behavior\BuildLiteBehavior [ RunTime:0.000009s ]
INFO: [ app_init ] --END-- [ RunTime:0.000062s ]
INFO: [ app_begin ] --START--
INFO: Run Behavior\ReadHtmlCacheBehavior [ RunTime:0.000024s ]
INFO: [ app_begin ] --END-- [ RunTime:0.000047s ]
SQL: SHOW COLUMNS FROM `shop_city` [ RunTime:0.0004s ]
SQL: SELECT * FROM `shop_city` WHERE (  pid=43  )  [ RunTime:0.0001s ]

[ 2017-05-21T20:47:08+08:00 ] 127.0.0.1 /Api/Address/getArea
INFO: [ app_init ] --START--
INFO: Run Behavior\BuildLiteBehavior [ RunTime:0.000027s ]
INFO: [ app_init ] --END-- [ RunTime:0.000184s ]
INFO: [ app_begin ] --START--
INFO: Run Behavior\ReadHtmlCacheBehavior [ RunTime:0.000072s ]
INFO: [ app_begin ] --END-- [ RunTime:0.000155s ]
SQL: SHOW COLUMNS FROM `shop_city` [ RunTime:0.0004s ]
SQL: SELECT * FROM `shop_city` WHERE (  pid=85  )  [ RunTime:0.0001s ]

[ 2017-05-21T20:47:10+08:00 ] 127.0.0.1 /Api/Address/saveAddress
INFO: [ app_init ] --START--
INFO: Run Behavior\BuildLiteBehavior [ RunTime:0.000009s ]
INFO: [ app_init ] --END-- [ RunTime:0.000061s ]
INFO: [ app_begin ] --START--
INFO: Run Behavior\ReadHtmlCacheBehavior [ RunTime:0.000025s ]
INFO: [ app_begin ] --END-- [ RunTime:0.000047s ]
SQL: SHOW COLUMNS FROM `shop_address` [ RunTime:0.0004s ]
SQL: INSERT INTO `shop_address` (`recevier`,`phone`,`province`,`town`,`area`,`address`,`userid`) VALUES ('dfad','15818359718','河北省','秦皇岛市','北戴河区','dddd','2') [ RunTime:0.0002s ]

[ 2017-05-21T20:47:12+08:00 ] 127.0.0.1 /Api/Address/getProvice
INFO: [ app_init ] --START--
INFO: Run Behavior\BuildLiteBehavior [ RunTime:0.000008s ]
INFO: [ app_init ] --END-- [ RunTime:0.000058s ]
INFO: [ app_begin ] --START--
INFO: Run Behavior\ReadHtmlCacheBehavior [ RunTime:0.000023s ]
INFO: [ app_begin ] --END-- [ RunTime:0.000047s ]
SQL: SHOW COLUMNS FROM `shop_city` [ RunTime:0.0004s ]
SQL: SELECT * FROM `shop_city` WHERE (  pid=0  )  [ RunTime:0.0001s ]

[ 2017-05-21T20:48:38+08:00 ] 127.0.0.1 /Api/Address/getProvice
INFO: [ app_init ] --START--
INFO: Run Behavior\BuildLiteBehavior [ RunTime:0.000010s ]
INFO: [ app_init ] --END-- [ RunTime:0.000061s ]
INFO: [ app_begin ] --START--
INFO: Run Behavior\ReadHtmlCacheBehavior [ RunTime:0.000023s ]
INFO: [ app_begin ] --END-- [ RunTime:0.000048s ]
SQL: SHOW COLUMNS FROM `shop_city` [ RunTime:0.0004s ]
SQL: SELECT * FROM `shop_city` WHERE (  pid=0  )  [ RunTime:0.0001s ]

[ 2017-05-21T20:53:08+08:00 ] 127.0.0.1 /Api/Address/getProvice
INFO: [ app_init ] --START--
INFO: Run Behavior\BuildLiteBehavior [ RunTime:0.000010s ]
INFO: [ app_init ] --END-- [ RunTime:0.000059s ]
INFO: [ app_begin ] --START--
INFO: Run Behavior\ReadHtmlCacheBehavior [ RunTime:0.000022s ]
INFO: [ app_begin ] --END-- [ RunTime:0.000045s ]
SQL: SHOW COLUMNS FROM `shop_city` [ RunTime:0.0004s ]
SQL: SELECT * FROM `shop_city` WHERE (  pid=0  )  [ RunTime:0.0001s ]

[ 2017-05-21T20:53:11+08:00 ] 127.0.0.1 /Api/Address/setDefault
INFO: [ app_init ] --START--
INFO: Run Behavior\BuildLiteBehavior [ RunTime:0.000011s ]
INFO: [ app_init ] --END-- [ RunTime:0.000074s ]
INFO: [ app_begin ] --START--
INFO: Run Behavior\ReadHtmlCacheBehavior [ RunTime:0.000034s ]
INFO: [ app_begin ] --END-- [ RunTime:0.000063s ]
SQL: SHOW COLUMNS FROM `shop_address` [ RunTime:0.0005s ]
SQL: UPDATE `shop_address` SET `status`='0' WHERE (  userid= 2  ) [ RunTime:0.0002s ]
SQL: UPDATE `shop_address` SET `status`='1' WHERE (  id= 6  ) [ RunTime:0.0001s ]

[ 2017-05-21T20:53:11+08:00 ] 127.0.0.1 /Api/Address/getProvice
INFO: [ app_init ] --START--
INFO: Run Behavior\BuildLiteBehavior [ RunTime:0.000010s ]
INFO: [ app_init ] --END-- [ RunTime:0.000061s ]
INFO: [ app_begin ] --START--
INFO: Run Behavior\ReadHtmlCacheBehavior [ RunTime:0.000023s ]
INFO: [ app_begin ] --END-- [ RunTime:0.000046s ]
SQL: SHOW COLUMNS FROM `shop_city` [ RunTime:0.0004s ]
SQL: SELECT * FROM `shop_city` WHERE (  pid=0  )  [ RunTime:0.0001s ]

[ 2017-05-21T20:53:23+08:00 ] 127.0.0.1 /Api/Address/setDefault
INFO: [ app_init ] --START--
INFO: Run Behavior\BuildLiteBehavior [ RunTime:0.000009s ]
INFO: [ app_init ] --END-- [ RunTime:0.000063s ]
INFO: [ app_begin ] --START--
INFO: Run Behavior\ReadHtmlCacheBehavior [ RunTime:0.000026s ]
INFO: [ app_begin ] --END-- [ RunTime:0.000050s ]
SQL: SHOW COLUMNS FROM `shop_address` [ RunTime:0.0004s ]
SQL: UPDATE `shop_address` SET `status`='0' WHERE (  userid= 2  ) [ RunTime:0.0002s ]
SQL: UPDATE `shop_address` SET `status`='1' WHERE (  id= 5  ) [ RunTime:0.0001s ]

[ 2017-05-21T20:53:24+08:00 ] 127.0.0.1 /Api/Address/getProvice
INFO: [ app_init ] --START--
INFO: Run Behavior\BuildLiteBehavior [ RunTime:0.000009s ]
INFO: [ app_init ] --END-- [ RunTime:0.000057s ]
INFO: [ app_begin ] --START--
INFO: Run Behavior\ReadHtmlCacheBehavior [ RunTime:0.000025s ]
INFO: [ app_begin ] --END-- [ RunTime:0.000049s ]
SQL: SHOW COLUMNS FROM `shop_city` [ RunTime:0.0005s ]
SQL: SELECT * FROM `shop_city` WHERE (  pid=0  )  [ RunTime:0.0001s ]

[ 2017-05-21T20:58:44+08:00 ] 127.0.0.1 /Api/Address/getProvice
INFO: [ app_init ] --START--
INFO: Run Behavior\BuildLiteBehavior [ RunTime:0.000009s ]
INFO: [ app_init ] --END-- [ RunTime:0.000059s ]
INFO: [ app_begin ] --START--
INFO: Run Behavior\ReadHtmlCacheBehavior [ RunTime:0.000023s ]
INFO: [ app_begin ] --END-- [ RunTime:0.000048s ]
SQL: SHOW COLUMNS FROM `shop_city` [ RunTime:0.0004s ]
SQL: SELECT * FROM `shop_city` WHERE (  pid=0  )  [ RunTime:0.0001s ]

[ 2017-05-21T20:58:45+08:00 ] 127.0.0.1 /Api/Address/getProvice
INFO: [ app_init ] --START--
INFO: Run Behavior\BuildLiteBehavior [ RunTime:0.000009s ]
INFO: [ app_init ] --END-- [ RunTime:0.000057s ]
INFO: [ app_begin ] --START--
INFO: Run Behavior\ReadHtmlCacheBehavior [ RunTime:0.000023s ]
INFO: [ app_begin ] --END-- [ RunTime:0.000046s ]
SQL: SHOW COLUMNS FROM `shop_city` [ RunTime:0.0004s ]
SQL: SELECT * FROM `shop_city` WHERE (  pid=0  )  [ RunTime:0.0001s ]

[ 2017-05-21T20:58:47+08:00 ] 127.0.0.1 /Api/Address/getProvice
INFO: [ app_init ] --START--
INFO: Run Behavior\BuildLiteBehavior [ RunTime:0.000008s ]
INFO: [ app_init ] --END-- [ RunTime:0.000058s ]
INFO: [ app_begin ] --START--
INFO: Run Behavior\ReadHtmlCacheBehavior [ RunTime:0.000023s ]
INFO: [ app_begin ] --END-- [ RunTime:0.000047s ]
SQL: SHOW COLUMNS FROM `shop_city` [ RunTime:0.0004s ]
SQL: SELECT * FROM `shop_city` WHERE (  pid=0  )  [ RunTime:0.0001s ]

[ 2017-05-21T20:58:48+08:00 ] 127.0.0.1 /Api/Address/getProvice
INFO: [ app_init ] --START--
INFO: Run Behavior\BuildLiteBehavior [ RunTime:0.000010s ]
INFO: [ app_init ] --END-- [ RunTime:0.000061s ]
INFO: [ app_begin ] --START--
INFO: Run Behavior\ReadHtmlCacheBehavior [ RunTime:0.000023s ]
INFO: [ app_begin ] --END-- [ RunTime:0.000045s ]
SQL: SHOW COLUMNS FROM `shop_city` [ RunTime:0.0004s ]
SQL: SELECT * FROM `shop_city` WHERE (  pid=0  )  [ RunTime:0.0001s ]

[ 2017-05-21T20:58:49+08:00 ] 127.0.0.1 /Api/Address/getProvice
INFO: [ app_init ] --START--
INFO: Run Behavior\BuildLiteBehavior [ RunTime:0.000009s ]
INFO: [ app_init ] --END-- [ RunTime:0.000057s ]
INFO: [ app_begin ] --START--
INFO: Run Behavior\ReadHtmlCacheBehavior [ RunTime:0.000022s ]
INFO: [ app_begin ] --END-- [ RunTime:0.000045s ]
SQL: SHOW COLUMNS FROM `shop_city` [ RunTime:0.0004s ]
SQL: SELECT * FROM `shop_city` WHERE (  pid=0  )  [ RunTime:0.0001s ]

[ 2017-05-21T20:58:50+08:00 ] 127.0.0.1 /Api/Address/setDefault
INFO: [ app_init ] --START--
INFO: Run Behavior\BuildLiteBehavior [ RunTime:0.000009s ]
INFO: [ app_init ] --END-- [ RunTime:0.000064s ]
INFO: [ app_begin ] --START--
INFO: Run Behavior\ReadHtmlCacheBehavior [ RunTime:0.000024s ]
INFO: [ app_begin ] --END-- [ RunTime:0.000046s ]
SQL: SHOW COLUMNS FROM `shop_address` [ RunTime:0.0004s ]
SQL: UPDATE `shop_address` SET `status`='0' WHERE (  userid= 2  ) [ RunTime:0.0002s ]
SQL: UPDATE `shop_address` SET `status`='1' WHERE (  id= 3  ) [ RunTime:0.0002s ]

[ 2017-05-21T20:58:50+08:00 ] 127.0.0.1 /Api/Address/getProvice
INFO: [ app_init ] --START--
INFO: Run Behavior\BuildLiteBehavior [ RunTime:0.000009s ]
INFO: [ app_init ] --END-- [ RunTime:0.000059s ]
INFO: [ app_begin ] --START--
INFO: Run Behavior\ReadHtmlCacheBehavior [ RunTime:0.000024s ]
INFO: [ app_begin ] --END-- [ RunTime:0.000047s ]
SQL: SHOW COLUMNS FROM `shop_city` [ RunTime:0.0004s ]
SQL: SELECT * FROM `shop_city` WHERE (  pid=0  )  [ RunTime:0.0001s ]

[ 2017-05-21T20:58:52+08:00 ] 127.0.0.1 /Api/Address/getProvice
INFO: [ app_init ] --START--
INFO: Run Behavior\BuildLiteBehavior [ RunTime:0.000009s ]
INFO: [ app_init ] --END-- [ RunTime:0.000061s ]
INFO: [ app_begin ] --START--
INFO: Run Behavior\ReadHtmlCacheBehavior [ RunTime:0.000024s ]
INFO: [ app_begin ] --END-- [ RunTime:0.000047s ]
SQL: SHOW COLUMNS FROM `shop_city` [ RunTime:0.0004s ]
SQL: SELECT * FROM `shop_city` WHERE (  pid=0  )  [ RunTime:0.0001s ]

[ 2017-05-21T20:58:54+08:00 ] 127.0.0.1 /Api/Address/getProvice
INFO: [ app_init ] --START--
INFO: Run Behavior\BuildLiteBehavior [ RunTime:0.000027s ]
INFO: [ app_init ] --END-- [ RunTime:0.000183s ]
INFO: [ app_begin ] --START--
INFO: Run Behavior\ReadHtmlCacheBehavior [ RunTime:0.000078s ]
INFO: [ app_begin ] --END-- [ RunTime:0.000209s ]
SQL: SHOW COLUMNS FROM `shop_city` [ RunTime:0.0004s ]
SQL: SELECT * FROM `shop_city` WHERE (  pid=0  )  [ RunTime:0.0001s ]

[ 2017-05-21T20:58:55+08:00 ] 127.0.0.1 /Api/Address/getProvice
INFO: [ app_init ] --START--
INFO: Run Behavior\BuildLiteBehavior [ RunTime:0.000009s ]
INFO: [ app_init ] --END-- [ RunTime:0.000060s ]
INFO: [ app_begin ] --START--
INFO: Run Behavior\ReadHtmlCacheBehavior [ RunTime:0.000024s ]
INFO: [ app_begin ] --END-- [ RunTime:0.000048s ]
SQL: SHOW COLUMNS FROM `shop_city` [ RunTime:0.0004s ]
SQL: SELECT * FROM `shop_city` WHERE (  pid=0  )  [ RunTime:0.0001s ]

[ 2017-05-21T20:58:57+08:00 ] 127.0.0.1 /Api/Address/getProvice
INFO: [ app_init ] --START--
INFO: Run Behavior\BuildLiteBehavior [ RunTime:0.000010s ]
INFO: [ app_init ] --END-- [ RunTime:0.000061s ]
INFO: [ app_begin ] --START--
INFO: Run Behavior\ReadHtmlCacheBehavior [ RunTime:0.000023s ]
INFO: [ app_begin ] --END-- [ RunTime:0.000047s ]
SQL: SHOW COLUMNS FROM `shop_city` [ RunTime:0.0004s ]
SQL: SELECT * FROM `shop_city` WHERE (  pid=0  )  [ RunTime:0.0001s ]

[ 2017-05-21T20:59:12+08:00 ] 127.0.0.1 /Api/Address/setDefault
INFO: [ app_init ] --START--
INFO: Run Behavior\BuildLiteBehavior [ RunTime:0.000011s ]
INFO: [ app_init ] --END-- [ RunTime:0.000080s ]
INFO: [ app_begin ] --START--
INFO: Run Behavior\ReadHtmlCacheBehavior [ RunTime:0.000032s ]
INFO: [ app_begin ] --END-- [ RunTime:0.000062s ]
SQL: SHOW COLUMNS FROM `shop_address` [ RunTime:0.0005s ]
SQL: UPDATE `shop_address` SET `status`='0' WHERE (  userid= 2  ) [ RunTime:0.0002s ]
SQL: UPDATE `shop_address` SET `status`='1' WHERE (  id= 6  ) [ RunTime:0.0002s ]

[ 2017-05-21T20:59:13+08:00 ] 127.0.0.1 /Api/Address/getProvice
INFO: [ app_init ] --START--
INFO: Run Behavior\BuildLiteBehavior [ RunTime:0.000010s ]
INFO: [ app_init ] --END-- [ RunTime:0.000062s ]
INFO: [ app_begin ] --START--
INFO: Run Behavior\ReadHtmlCacheBehavior [ RunTime:0.000025s ]
INFO: [ app_begin ] --END-- [ RunTime:0.000047s ]
SQL: SHOW COLUMNS FROM `shop_city` [ RunTime:0.0005s ]
SQL: SELECT * FROM `shop_city` WHERE (  pid=0  )  [ RunTime:0.0001s ]

[ 2017-05-21T21:04:37+08:00 ] 127.0.0.1 /Api/Address/getProvice
INFO: [ app_init ] --START--
INFO: Run Behavior\BuildLiteBehavior [ RunTime:0.000010s ]
INFO: [ app_init ] --END-- [ RunTime:0.000068s ]
INFO: [ app_begin ] --START--
INFO: Run Behavior\ReadHtmlCacheBehavior [ RunTime:0.000027s ]
INFO: [ app_begin ] --END-- [ RunTime:0.000054s ]
SQL: SHOW COLUMNS FROM `shop_city` [ RunTime:0.0005s ]
SQL: SELECT * FROM `shop_city` WHERE (  pid=0  )  [ RunTime:0.0001s ]

[ 2017-05-21T21:04:43+08:00 ] 127.0.0.1 /Api/Address/delAddress
INFO: [ app_init ] --START--
INFO: Run Behavior\BuildLiteBehavior [ RunTime:0.000008s ]
INFO: [ app_init ] --END-- [ RunTime:0.000067s ]
INFO: [ app_begin ] --START--
INFO: Run Behavior\ReadHtmlCacheBehavior [ RunTime:0.000026s ]
INFO: [ app_begin ] --END-- [ RunTime:0.000050s ]
INFO: [ app_end ] --START--
INFO: Run Behavior\ShowPageTraceBehavior [ RunTime:0.000026s ]
INFO: [ app_end ] --END-- [ RunTime:0.000049s ]

[ 2017-05-21T22:34:13+08:00 ] 127.0.0.1 /Api/Address/getProvice
INFO: [ app_init ] --START--
INFO: Run Behavior\BuildLiteBehavior [ RunTime:0.000008s ]
INFO: [ app_init ] --END-- [ RunTime:0.000057s ]
INFO: [ app_begin ] --START--
INFO: Run Behavior\ReadHtmlCacheBehavior [ RunTime:0.000022s ]
INFO: [ app_begin ] --END-- [ RunTime:0.000061s ]
SQL: SHOW COLUMNS FROM `shop_city` [ RunTime:0.0004s ]
SQL: SELECT * FROM `shop_city` WHERE (  pid=0  )  [ RunTime:0.0001s ]

[ 2017-05-21T22:35:27+08:00 ] 127.0.0.1 /Api/Address/delAddress
INFO: [ app_init ] --START--
INFO: Run Behavior\BuildLiteBehavior [ RunTime:0.000021s ]
INFO: [ app_init ] --END-- [ RunTime:0.000161s ]
INFO: [ app_begin ] --START--
INFO: Run Behavior\ReadHtmlCacheBehavior [ RunTime:0.000070s ]
INFO: [ app_begin ] --END-- [ RunTime:0.000139s ]
SQL: SHOW COLUMNS FROM `shop_address` [ RunTime:0.0006s ]
ERR: 1064:You have an error in your SQL syntax; check the manual that corresponds to your MySQL server version for the right syntax to use near ')' at line 1
 [ SQL语句 ] : DELETE FROM `shop_address` WHERE (  id=  )
ERR: 1064:You have an error in your SQL syntax; check the manual that corresponds to your MySQL server version for the right syntax to use near ')' at line 1
 [ SQL语句 ] : DELETE FROM `shop_address` WHERE (  id=  )

[ 2017-05-21T22:35:41+08:00 ] 127.0.0.1 /Api/Address/getProvice
INFO: [ app_init ] --START--
INFO: Run Behavior\BuildLiteBehavior [ RunTime:0.000009s ]
INFO: [ app_init ] --END-- [ RunTime:0.000060s ]
INFO: [ app_begin ] --START--
INFO: Run Behavior\ReadHtmlCacheBehavior [ RunTime:0.000024s ]
INFO: [ app_begin ] --END-- [ RunTime:0.000046s ]
SQL: SHOW COLUMNS FROM `shop_city` [ RunTime:0.0004s ]
SQL: SELECT * FROM `shop_city` WHERE (  pid=0  )  [ RunTime:0.0001s ]

[ 2017-05-21T22:35:44+08:00 ] 127.0.0.1 /Api/Address/delAddress
INFO: [ app_init ] --START--
INFO: Run Behavior\BuildLiteBehavior [ RunTime:0.000011s ]
INFO: [ app_init ] --END-- [ RunTime:0.000077s ]
INFO: [ app_begin ] --START--
INFO: Run Behavior\ReadHtmlCacheBehavior [ RunTime:0.000031s ]
INFO: [ app_begin ] --END-- [ RunTime:0.000061s ]
SQL: SHOW COLUMNS FROM `shop_address` [ RunTime:0.0005s ]
SQL: DELETE FROM `shop_address` WHERE (  id=6  ) [ RunTime:0.0002s ]

[ 2017-05-21T22:35:45+08:00 ] 127.0.0.1 /Api/Address/getProvice
INFO: [ app_init ] --START--
INFO: Run Behavior\BuildLiteBehavior [ RunTime:0.000009s ]
INFO: [ app_init ] --END-- [ RunTime:0.000060s ]
INFO: [ app_begin ] --START--
INFO: Run Behavior\ReadHtmlCacheBehavior [ RunTime:0.000025s ]
INFO: [ app_begin ] --END-- [ RunTime:0.000049s ]
SQL: SHOW COLUMNS FROM `shop_city` [ RunTime:0.0004s ]
SQL: SELECT * FROM `shop_city` WHERE (  pid=0  )  [ RunTime:0.0001s ]

[ 2017-05-21T22:37:00+08:00 ] 127.0.0.1 /Api/Address/getProvice
INFO: [ app_init ] --START--
INFO: Run Behavior\BuildLiteBehavior [ RunTime:0.000009s ]
INFO: [ app_init ] --END-- [ RunTime:0.000062s ]
INFO: [ app_begin ] --START--
INFO: Run Behavior\ReadHtmlCacheBehavior [ RunTime:0.000024s ]
INFO: [ app_begin ] --END-- [ RunTime:0.000049s ]
SQL: SHOW COLUMNS FROM `shop_city` [ RunTime:0.0004s ]
SQL: SELECT * FROM `shop_city` WHERE (  pid=0  )  [ RunTime:0.0001s ]

[ 2017-05-21T22:37:02+08:00 ] 127.0.0.1 /Api/Address/getProvice
INFO: [ app_init ] --START--
INFO: Run Behavior\BuildLiteBehavior [ RunTime:0.000009s ]
INFO: [ app_init ] --END-- [ RunTime:0.000061s ]
INFO: [ app_begin ] --START--
INFO: Run Behavior\ReadHtmlCacheBehavior [ RunTime:0.000026s ]
INFO: [ app_begin ] --END-- [ RunTime:0.000049s ]
SQL: SHOW COLUMNS FROM `shop_city` [ RunTime:0.0004s ]
SQL: SELECT * FROM `shop_city` WHERE (  pid=0  )  [ RunTime:0.0001s ]

[ 2017-05-21T22:37:03+08:00 ] 127.0.0.1 /Api/Address/getProvice
INFO: [ app_init ] --START--
INFO: Run Behavior\BuildLiteBehavior [ RunTime:0.000009s ]
INFO: [ app_init ] --END-- [ RunTime:0.000062s ]
INFO: [ app_begin ] --START--
INFO: Run Behavior\ReadHtmlCacheBehavior [ RunTime:0.000024s ]
INFO: [ app_begin ] --END-- [ RunTime:0.000048s ]
SQL: SHOW COLUMNS FROM `shop_city` [ RunTime:0.0004s ]
SQL: SELECT * FROM `shop_city` WHERE (  pid=0  )  [ RunTime:0.0001s ]

[ 2017-05-21T22:37:06+08:00 ] 127.0.0.1 /Api/Address/getProvice
INFO: [ app_init ] --START--
INFO: Run Behavior\BuildLiteBehavior [ RunTime:0.000010s ]
INFO: [ app_init ] --END-- [ RunTime:0.000064s ]
INFO: [ app_begin ] --START--
INFO: Run Behavior\ReadHtmlCacheBehavior [ RunTime:0.000024s ]
INFO: [ app_begin ] --END-- [ RunTime:0.000046s ]
SQL: SHOW COLUMNS FROM `shop_city` [ RunTime:0.0004s ]
SQL: SELECT * FROM `shop_city` WHERE (  pid=0  )  [ RunTime:0.0001s ]

[ 2017-05-21T22:37:09+08:00 ] 127.0.0.1 /Api/Address/getProvice
INFO: [ app_init ] --START--
INFO: Run Behavior\BuildLiteBehavior [ RunTime:0.000009s ]
INFO: [ app_init ] --END-- [ RunTime:0.000060s ]
INFO: [ app_begin ] --START--
INFO: Run Behavior\ReadHtmlCacheBehavior [ RunTime:0.000024s ]
INFO: [ app_begin ] --END-- [ RunTime:0.000048s ]
SQL: SHOW COLUMNS FROM `shop_city` [ RunTime:0.0004s ]
SQL: SELECT * FROM `shop_city` WHERE (  pid=0  )  [ RunTime:0.0001s ]

[ 2017-05-21T22:38:14+08:00 ] 127.0.0.1 /Api/Address/getProvice
INFO: [ app_init ] --START--
INFO: Run Behavior\BuildLiteBehavior [ RunTime:0.000009s ]
INFO: [ app_init ] --END-- [ RunTime:0.000060s ]
INFO: [ app_begin ] --START--
INFO: Run Behavior\ReadHtmlCacheBehavior [ RunTime:0.000023s ]
INFO: [ app_begin ] --END-- [ RunTime:0.000047s ]
SQL: SHOW COLUMNS FROM `shop_city` [ RunTime:0.0004s ]
SQL: SELECT * FROM `shop_city` WHERE (  pid=0  )  [ RunTime:0.0001s ]

[ 2017-05-21T22:40:26+08:00 ] 127.0.0.1 /Api/Address/getProvice
INFO: [ app_init ] --START--
INFO: Run Behavior\BuildLiteBehavior [ RunTime:0.000010s ]
INFO: [ app_init ] --END-- [ RunTime:0.000061s ]
INFO: [ app_begin ] --START--
INFO: Run Behavior\ReadHtmlCacheBehavior [ RunTime:0.000023s ]
INFO: [ app_begin ] --END-- [ RunTime:0.000047s ]
SQL: SHOW COLUMNS FROM `shop_city` [ RunTime:0.0004s ]
SQL: SELECT * FROM `shop_city` WHERE (  pid=0  )  [ RunTime:0.0001s ]

[ 2017-05-21T22:40:27+08:00 ] 127.0.0.1 /Api/Address/getProvice
INFO: [ app_init ] --START--
INFO: Run Behavior\BuildLiteBehavior [ RunTime:0.000009s ]
INFO: [ app_init ] --END-- [ RunTime:0.000065s ]
INFO: [ app_begin ] --START--
INFO: Run Behavior\ReadHtmlCacheBehavior [ RunTime:0.000024s ]
INFO: [ app_begin ] --END-- [ RunTime:0.000051s ]
SQL: SHOW COLUMNS FROM `shop_city` [ RunTime:0.0005s ]
SQL: SELECT * FROM `shop_city` WHERE (  pid=0  )  [ RunTime:0.0001s ]

[ 2017-05-21T22:40:36+08:00 ] 127.0.0.1 /Api/Address/getProvice
INFO: [ app_init ] --START--
INFO: Run Behavior\BuildLiteBehavior [ RunTime:0.000009s ]
INFO: [ app_init ] --END-- [ RunTime:0.000059s ]
INFO: [ app_begin ] --START--
INFO: Run Behavior\ReadHtmlCacheBehavior [ RunTime:0.000022s ]
INFO: [ app_begin ] --END-- [ RunTime:0.000045s ]
SQL: SHOW COLUMNS FROM `shop_city` [ RunTime:0.0004s ]
SQL: SELECT * FROM `shop_city` WHERE (  pid=0  )  [ RunTime:0.0001s ]

[ 2017-05-21T22:40:50+08:00 ] 127.0.0.1 /Api/Address/getProvice
INFO: [ app_init ] --START--
INFO: Run Behavior\BuildLiteBehavior [ RunTime:0.000009s ]
INFO: [ app_init ] --END-- [ RunTime:0.000060s ]
INFO: [ app_begin ] --START--
INFO: Run Behavior\ReadHtmlCacheBehavior [ RunTime:0.000022s ]
INFO: [ app_begin ] --END-- [ RunTime:0.000056s ]
SQL: SHOW COLUMNS FROM `shop_city` [ RunTime:0.0004s ]
SQL: SELECT * FROM `shop_city` WHERE (  pid=0  )  [ RunTime:0.0001s ]

[ 2017-05-21T23:01:00+08:00 ] 127.0.0.1 /Api/Address/getProvice
INFO: [ app_init ] --START--
INFO: Run Behavior\BuildLiteBehavior [ RunTime:0.000023s ]
INFO: [ app_init ] --END-- [ RunTime:0.000072s ]
INFO: [ app_begin ] --START--
INFO: Run Behavior\ReadHtmlCacheBehavior [ RunTime:0.000023s ]
INFO: [ app_begin ] --END-- [ RunTime:0.000048s ]
SQL: SHOW COLUMNS FROM `shop_city` [ RunTime:0.0004s ]
SQL: SELECT * FROM `shop_city` WHERE (  pid=0  )  [ RunTime:0.0001s ]

