[ 2017-06-04T09:00:21+08:00 ] 127.0.0.1 /Api/Login/login
INFO: [ app_init ] --START--
INFO: Run Behavior\BuildLiteBehavior [ RunTime:0.000027s ]
INFO: [ app_init ] --END-- [ RunTime:0.000211s ]
INFO: [ app_begin ] --START--
INFO: Run Behavior\ReadHtmlCacheBehavior [ RunTime:0.000067s ]
INFO: [ app_begin ] --END-- [ RunTime:0.000122s ]
SQL: SHOW COLUMNS FROM `shop_user` [ RunTime:0.0005s ]
SQL: SELECT * FROM `shop_user` WHERE (  user=''' or 2=2' or email=''' or 2=2' or phone=''' or 2=2'  ) LIMIT 1   [ RunTime:0.0005s ]

[ 2017-06-04T09:00:40+08:00 ] 127.0.0.1 /Api/Login/login
INFO: [ app_init ] --START--
INFO: Run Behavior\BuildLiteBehavior [ RunTime:0.000015s ]
INFO: [ app_init ] --END-- [ RunTime:0.000117s ]
INFO: [ app_begin ] --START--
INFO: Run Behavior\ReadHtmlCacheBehavior [ RunTime:0.000038s ]
INFO: [ app_begin ] --END-- [ RunTime:0.000064s ]
SQL: SHOW COLUMNS FROM `shop_user` [ RunTime:0.0004s ]
ERR: 1064:You have an error in your SQL syntax; check the manual that corresponds to your MySQL server version for the right syntax to use near '' or email='''' or 2=2' or phone='''' or 2=2'  ) LIMIT 1' at line 1
 [ SQL语句 ] : SELECT * FROM `shop_user` WHERE (  user='''' or 2=2' or email='''' or 2=2' or phone='''' or 2=2'  ) LIMIT 1  
ERR: 1064:You have an error in your SQL syntax; check the manual that corresponds to your MySQL server version for the right syntax to use near '' or email='''' or 2=2' or phone='''' or 2=2'  ) LIMIT 1' at line 1
 [ SQL语句 ] : SELECT * FROM `shop_user` WHERE (  user='''' or 2=2' or email='''' or 2=2' or phone='''' or 2=2'  ) LIMIT 1  

[ 2017-06-04T09:02:01+08:00 ] 127.0.0.1 /Api/Login/login
INFO: [ app_init ] --START--
INFO: Run Behavior\BuildLiteBehavior [ RunTime:0.000021s ]
INFO: [ app_init ] --END-- [ RunTime:0.000162s ]
INFO: [ app_begin ] --START--
INFO: Run Behavior\ReadHtmlCacheBehavior [ RunTime:0.000056s ]
INFO: [ app_begin ] --END-- [ RunTime:0.000095s ]
SQL: SHOW COLUMNS FROM `shop_user` [ RunTime:0.0004s ]
SQL: SELECT * FROM `shop_user` WHERE (  user='or 2=2' or email='or 2=2' or phone='or 2=2'  ) LIMIT 1   [ RunTime:0.0002s ]

[ 2017-06-04T09:02:13+08:00 ] 127.0.0.1 /Api/Login/login
INFO: [ app_init ] --START--
INFO: Run Behavior\BuildLiteBehavior [ RunTime:0.000019s ]
INFO: [ app_init ] --END-- [ RunTime:0.000140s ]
INFO: [ app_begin ] --START--
INFO: Run Behavior\ReadHtmlCacheBehavior [ RunTime:0.000044s ]
INFO: [ app_begin ] --END-- [ RunTime:0.000076s ]
SQL: SHOW COLUMNS FROM `shop_user` [ RunTime:0.0005s ]
ERR: 1064:You have an error in your SQL syntax; check the manual that corresponds to your MySQL server version for the right syntax to use near '' or email=' ' or 2=2' or phone=' ' or 2=2'  ) LIMIT 1' at line 1
 [ SQL语句 ] : SELECT * FROM `shop_user` WHERE (  user=' ' or 2=2' or email=' ' or 2=2' or phone=' ' or 2=2'  ) LIMIT 1  
ERR: 1064:You have an error in your SQL syntax; check the manual that corresponds to your MySQL server version for the right syntax to use near '' or email=' ' or 2=2' or phone=' ' or 2=2'  ) LIMIT 1' at line 1
 [ SQL语句 ] : SELECT * FROM `shop_user` WHERE (  user=' ' or 2=2' or email=' ' or 2=2' or phone=' ' or 2=2'  ) LIMIT 1  

[ 2017-06-04T09:02:33+08:00 ] 127.0.0.1 /Api/Login/login
INFO: [ app_init ] --START--
INFO: Run Behavior\BuildLiteBehavior [ RunTime:0.000009s ]
INFO: [ app_init ] --END-- [ RunTime:0.000065s ]
INFO: [ app_begin ] --START--
INFO: Run Behavior\ReadHtmlCacheBehavior [ RunTime:0.000026s ]
INFO: [ app_begin ] --END-- [ RunTime:0.000049s ]
SQL: SHOW COLUMNS FROM `shop_user` [ RunTime:0.0004s ]
SQL: SELECT * FROM `shop_user` WHERE (  user=' ' or '2=2' or email=' ' or '2=2' or phone=' ' or '2=2'  ) LIMIT 1   [ RunTime:0.0002s ]

[ 2017-06-04T09:04:29+08:00 ] 127.0.0.1 /Api/Login/login
INFO: [ app_init ] --START--
INFO: Run Behavior\BuildLiteBehavior [ RunTime:0.000016s ]
INFO: [ app_init ] --END-- [ RunTime:0.000125s ]
INFO: [ app_begin ] --START--
INFO: Run Behavior\ReadHtmlCacheBehavior [ RunTime:0.000037s ]
INFO: [ app_begin ] --END-- [ RunTime:0.000064s ]
SQL: SHOW COLUMNS FROM `shop_user` [ RunTime:0.0007s ]
SQL: SELECT * FROM `shop_user` WHERE (  user=' ' or '2=2' or email=' ' or '2=2' or phone=' ' or '2=2'  ) LIMIT 1   [ RunTime:0.0002s ]

[ 2017-06-04T09:04:41+08:00 ] 127.0.0.1 /Api/Login/login
INFO: [ app_init ] --START--
INFO: Run Behavior\BuildLiteBehavior [ RunTime:0.000027s ]
INFO: [ app_init ] --END-- [ RunTime:0.000213s ]
INFO: [ app_begin ] --START--
INFO: Run Behavior\ReadHtmlCacheBehavior [ RunTime:0.000075s ]
INFO: [ app_begin ] --END-- [ RunTime:0.000131s ]
SQL: SHOW COLUMNS FROM `shop_user` [ RunTime:0.0005s ]
SQL: SELECT * FROM `shop_user` WHERE (  user=' ' or '2=2' or email=' ' or '2=2' or phone=' ' or '2=2'  ) LIMIT 1   [ RunTime:0.0002s ]
SQL: SHOW COLUMNS FROM `shop_user_info` [ RunTime:0.0003s ]
SQL: SELECT `logo` FROM `shop_user_info` WHERE (  userid=1  ) LIMIT 1   [ RunTime:0.0005s ]
SQL: SHOW COLUMNS FROM `shop_shopcart` [ RunTime:0.0003s ]
SQL: SELECT COUNT(*) AS tp_count FROM `shop_shopcart` WHERE (  userid=1  ) LIMIT 1   [ RunTime:0.0005s ]
NOTIC: [2] setcookie() expects parameter 3 to be long, string given /var/www/html/thinkphp_shop.com/Application/Api/Controller/LoginController.class.php 第 132 行.
NOTIC: [8] Undefined variable: data /var/www/html/thinkphp_shop.com/Application/Api/Controller/LoginController.class.php 第 134 行.

[ 2017-06-04T09:05:35+08:00 ] 127.0.0.1 /Api/Login/login
INFO: [ app_init ] --START--
INFO: Run Behavior\BuildLiteBehavior [ RunTime:0.000018s ]
INFO: [ app_init ] --END-- [ RunTime:0.000136s ]
INFO: [ app_begin ] --START--
INFO: Run Behavior\ReadHtmlCacheBehavior [ RunTime:0.000046s ]
INFO: [ app_begin ] --END-- [ RunTime:0.000081s ]
SQL: SHOW COLUMNS FROM `shop_user` [ RunTime:0.0005s ]
SQL: SELECT * FROM `shop_user` WHERE (  user='' or '2=2' or email='' or '2=2' or phone='' or '2=2'  ) LIMIT 1   [ RunTime:0.0002s ]

[ 2017-06-04T09:06:30+08:00 ] 127.0.0.1 /Api/Login/login
INFO: [ app_init ] --START--
INFO: Run Behavior\BuildLiteBehavior [ RunTime:0.000010s ]
INFO: [ app_init ] --END-- [ RunTime:0.000067s ]
INFO: [ app_begin ] --START--
INFO: Run Behavior\ReadHtmlCacheBehavior [ RunTime:0.000025s ]
INFO: [ app_begin ] --END-- [ RunTime:0.000052s ]
SQL: SHOW COLUMNS FROM `shop_user` [ RunTime:0.0007s ]
SQL: SELECT * FROM `shop_user` WHERE (  user='' or '3=3' or email='' or '3=3' or phone='' or '3=3'  ) LIMIT 1   [ RunTime:0.0002s ]

[ 2017-06-04T09:06:37+08:00 ] 127.0.0.1 /Api/Login/login
INFO: [ app_init ] --START--
INFO: Run Behavior\BuildLiteBehavior [ RunTime:0.000010s ]
INFO: [ app_init ] --END-- [ RunTime:0.000076s ]
INFO: [ app_begin ] --START--
INFO: Run Behavior\ReadHtmlCacheBehavior [ RunTime:0.000030s ]
INFO: [ app_begin ] --END-- [ RunTime:0.000061s ]
SQL: SHOW COLUMNS FROM `shop_user` [ RunTime:0.0004s ]
SQL: SELECT * FROM `shop_user` WHERE (  user='' or '3=3' or email='' or '3=3' or phone='' or '3=3'  ) LIMIT 1   [ RunTime:0.0002s ]

[ 2017-06-04T09:06:43+08:00 ] 127.0.0.1 /Api/Login/login
INFO: [ app_init ] --START--
INFO: Run Behavior\BuildLiteBehavior [ RunTime:0.000009s ]
INFO: [ app_init ] --END-- [ RunTime:0.000064s ]
INFO: [ app_begin ] --START--
INFO: Run Behavior\ReadHtmlCacheBehavior [ RunTime:0.000024s ]
INFO: [ app_begin ] --END-- [ RunTime:0.000052s ]
SQL: SHOW COLUMNS FROM `shop_user` [ RunTime:0.0004s ]
SQL: SELECT * FROM `shop_user` WHERE (  user='' or '3=3' or email='' or '3=3' or phone='' or '3=3'  ) LIMIT 1   [ RunTime:0.0002s ]
SQL: SHOW COLUMNS FROM `shop_user_info` [ RunTime:0.0003s ]
SQL: SELECT `logo` FROM `shop_user_info` WHERE (  userid=1  ) LIMIT 1   [ RunTime:0.0001s ]
SQL: SHOW COLUMNS FROM `shop_shopcart` [ RunTime:0.0003s ]
SQL: SELECT COUNT(*) AS tp_count FROM `shop_shopcart` WHERE (  userid=1  ) LIMIT 1   [ RunTime:0.0000s ]
NOTIC: [2] setcookie() expects parameter 3 to be long, string given /var/www/html/thinkphp_shop.com/Application/Api/Controller/LoginController.class.php 第 132 行.
NOTIC: [8] Undefined variable: data /var/www/html/thinkphp_shop.com/Application/Api/Controller/LoginController.class.php 第 134 行.

[ 2017-06-04T09:08:57+08:00 ] 127.0.0.1 /Api/Login/login
INFO: [ app_init ] --START--
INFO: Run Behavior\BuildLiteBehavior [ RunTime:0.000016s ]
INFO: [ app_init ] --END-- [ RunTime:0.000119s ]
INFO: [ app_begin ] --START--
INFO: Run Behavior\ReadHtmlCacheBehavior [ RunTime:0.000052s ]
INFO: [ app_begin ] --END-- [ RunTime:0.000101s ]
SQL: SHOW COLUMNS FROM `shop_user` [ RunTime:0.0011s ]
SQL: SELECT * FROM `shop_user` WHERE (  user=''  or '2=2' or email=''  or '2=2' or phone=''  or '2=2'  ) LIMIT 1   [ RunTime:0.0007s ]

[ 2017-06-04T09:09:23+08:00 ] 127.0.0.1 /Api/Login/login
INFO: [ app_init ] --START--
INFO: Run Behavior\BuildLiteBehavior [ RunTime:0.000012s ]
INFO: [ app_init ] --END-- [ RunTime:0.000094s ]
INFO: [ app_begin ] --START--
INFO: Run Behavior\ReadHtmlCacheBehavior [ RunTime:0.000040s ]
INFO: [ app_begin ] --END-- [ RunTime:0.000108s ]
SQL: SHOW COLUMNS FROM `shop_user` [ RunTime:0.0005s ]
SQL: SELECT * FROM `shop_user` WHERE (  user=''  or '2=2' or email=''  or '2=2' or phone=''  or '2=2'  ) LIMIT 1   [ RunTime:0.0002s ]

[ 2017-06-04T09:12:55+08:00 ] 127.0.0.1 /Api/Login/login
INFO: [ app_init ] --START--
INFO: Run Behavior\BuildLiteBehavior [ RunTime:0.000012s ]
INFO: [ app_init ] --END-- [ RunTime:0.000095s ]
INFO: [ app_begin ] --START--
INFO: Run Behavior\ReadHtmlCacheBehavior [ RunTime:0.000040s ]
INFO: [ app_begin ] --END-- [ RunTime:0.000078s ]
SQL: SHOW COLUMNS FROM `shop_user` [ RunTime:0.0006s ]
SQL: SELECT * FROM `shop_user` WHERE (  user='xiaoming' or email='xiaoming' or phone='xiaoming'  ) LIMIT 1   [ RunTime:0.0002s ]

[ 2017-06-04T09:14:07+08:00 ] 127.0.0.1 /Api/Login/login
INFO: [ app_init ] --START--
INFO: Run Behavior\BuildLiteBehavior [ RunTime:0.000009s ]
INFO: [ app_init ] --END-- [ RunTime:0.000064s ]
INFO: [ app_begin ] --START--
INFO: Run Behavior\ReadHtmlCacheBehavior [ RunTime:0.000039s ]
INFO: [ app_begin ] --END-- [ RunTime:0.000062s ]
SQL: SHOW COLUMNS FROM `shop_user` [ RunTime:0.0005s ]
SQL: SELECT * FROM `shop_user` WHERE (  user='xiaoming' or email='xiaoming' or phone='xiaoming'  ) LIMIT 1   [ RunTime:0.0001s ]

[ 2017-06-04T09:14:09+08:00 ] 127.0.0.1 /Api/Login/login
INFO: [ app_init ] --START--
INFO: Run Behavior\BuildLiteBehavior [ RunTime:0.000011s ]
INFO: [ app_init ] --END-- [ RunTime:0.000073s ]
INFO: [ app_begin ] --START--
INFO: Run Behavior\ReadHtmlCacheBehavior [ RunTime:0.000028s ]
INFO: [ app_begin ] --END-- [ RunTime:0.000059s ]
SQL: SHOW COLUMNS FROM `shop_user` [ RunTime:0.0008s ]
SQL: SELECT * FROM `shop_user` WHERE (  user='xiaoming' or email='xiaoming' or phone='xiaoming'  ) LIMIT 1   [ RunTime:0.0001s ]

[ 2017-06-04T09:14:12+08:00 ] 127.0.0.1 /Api/Login/login
INFO: [ app_init ] --START--
INFO: Run Behavior\BuildLiteBehavior [ RunTime:0.000011s ]
INFO: [ app_init ] --END-- [ RunTime:0.000073s ]
INFO: [ app_begin ] --START--
INFO: Run Behavior\ReadHtmlCacheBehavior [ RunTime:0.000030s ]
INFO: [ app_begin ] --END-- [ RunTime:0.000058s ]
SQL: SHOW COLUMNS FROM `shop_user` [ RunTime:0.0005s ]
SQL: SELECT * FROM `shop_user` WHERE (  user='xiaoming' or email='xiaoming' or phone='xiaoming'  ) LIMIT 1   [ RunTime:0.0001s ]

[ 2017-06-04T09:14:16+08:00 ] 127.0.0.1 /Api/Login/login
INFO: [ app_init ] --START--
INFO: Run Behavior\BuildLiteBehavior [ RunTime:0.000008s ]
INFO: [ app_init ] --END-- [ RunTime:0.000058s ]
INFO: [ app_begin ] --START--
INFO: Run Behavior\ReadHtmlCacheBehavior [ RunTime:0.000023s ]
INFO: [ app_begin ] --END-- [ RunTime:0.000046s ]
SQL: SHOW COLUMNS FROM `shop_user` [ RunTime:0.0004s ]
SQL: SELECT * FROM `shop_user` WHERE (  user='xiaoming' or email='xiaoming' or phone='xiaoming'  ) LIMIT 1   [ RunTime:0.0001s ]

[ 2017-06-04T09:14:25+08:00 ] 127.0.0.1 /Api/Login/login
INFO: [ app_init ] --START--
INFO: Run Behavior\BuildLiteBehavior [ RunTime:0.000032s ]
INFO: [ app_init ] --END-- [ RunTime:0.000255s ]
INFO: [ app_begin ] --START--
INFO: Run Behavior\ReadHtmlCacheBehavior [ RunTime:0.000084s ]
INFO: [ app_begin ] --END-- [ RunTime:0.000149s ]
SQL: SHOW COLUMNS FROM `shop_user` [ RunTime:0.0005s ]
SQL: SELECT * FROM `shop_user` WHERE (  user='' or '2=2' or email='' or '2=2' or phone='' or '2=2'  ) LIMIT 1   [ RunTime:0.0003s ]
SQL: SHOW COLUMNS FROM `shop_user_info` [ RunTime:0.0005s ]
SQL: SELECT `logo` FROM `shop_user_info` WHERE (  userid=1  ) LIMIT 1   [ RunTime:0.0000s ]
SQL: SHOW COLUMNS FROM `shop_shopcart` [ RunTime:0.0003s ]
SQL: SELECT COUNT(*) AS tp_count FROM `shop_shopcart` WHERE (  userid=1  ) LIMIT 1   [ RunTime:0.0000s ]
NOTIC: [2] setcookie() expects parameter 3 to be long, string given /var/www/html/thinkphp_shop.com/Application/Api/Controller/LoginController.class.php 第 132 行.
NOTIC: [8] Undefined variable: data /var/www/html/thinkphp_shop.com/Application/Api/Controller/LoginController.class.php 第 134 行.

[ 2017-06-04T09:14:34+08:00 ] 127.0.0.1 /Api/Login/login
INFO: [ app_init ] --START--
INFO: Run Behavior\BuildLiteBehavior [ RunTime:0.000010s ]
INFO: [ app_init ] --END-- [ RunTime:0.000073s ]
INFO: [ app_begin ] --START--
INFO: Run Behavior\ReadHtmlCacheBehavior [ RunTime:0.000030s ]
INFO: [ app_begin ] --END-- [ RunTime:0.000057s ]
SQL: SHOW COLUMNS FROM `shop_user` [ RunTime:0.0004s ]
SQL: SELECT * FROM `shop_user` WHERE (  user='' or '2=2' or email='' or '2=2' or phone='' or '2=2'  ) LIMIT 1   [ RunTime:0.0002s ]

[ 2017-06-04T09:16:58+08:00 ] 127.0.0.1 /Api/Login/login
INFO: [ app_init ] --START--
INFO: Run Behavior\BuildLiteBehavior [ RunTime:0.000008s ]
INFO: [ app_init ] --END-- [ RunTime:0.000063s ]
INFO: [ app_begin ] --START--
INFO: Run Behavior\ReadHtmlCacheBehavior [ RunTime:0.000025s ]
INFO: [ app_begin ] --END-- [ RunTime:0.000049s ]
SQL: SHOW COLUMNS FROM `shop_user` [ RunTime:0.0005s ]
SQL: SELECT * FROM `shop_user` WHERE (  user='' or '2=2' or email='' or '2=2' or phone='' or '2=2'  ) LIMIT 1   [ RunTime:0.0002s ]

[ 2017-06-04T09:17:10+08:00 ] 127.0.0.1 /Api/Login/login
INFO: [ app_init ] --START--
INFO: Run Behavior\BuildLiteBehavior [ RunTime:0.000009s ]
INFO: [ app_init ] --END-- [ RunTime:0.000063s ]
INFO: [ app_begin ] --START--
INFO: Run Behavior\ReadHtmlCacheBehavior [ RunTime:0.000025s ]
INFO: [ app_begin ] --END-- [ RunTime:0.000049s ]
SQL: SHOW COLUMNS FROM `shop_user` [ RunTime:0.0004s ]
SQL: SELECT * FROM `shop_user` WHERE (  user='' or '2=2' or email='' or '2=2' or phone='' or '2=2'  ) LIMIT 1   [ RunTime:0.0002s ]

[ 2017-06-04T09:18:35+08:00 ] 127.0.0.1 /Api/Login/login
INFO: [ app_init ] --START--
INFO: Run Behavior\BuildLiteBehavior [ RunTime:0.000009s ]
INFO: [ app_init ] --END-- [ RunTime:0.000064s ]
INFO: [ app_begin ] --START--
INFO: Run Behavior\ReadHtmlCacheBehavior [ RunTime:0.000025s ]
INFO: [ app_begin ] --END-- [ RunTime:0.000048s ]
SQL: SHOW COLUMNS FROM `shop_user` [ RunTime:0.0004s ]
SQL: SELECT * FROM `shop_user` WHERE (  user='' or '2=2' or email='' or '2=2' or phone='' or '2=2'  ) LIMIT 1   [ RunTime:0.0002s ]

[ 2017-06-04T09:25:17+08:00 ] 127.0.0.1 /Api/Goods/hot
INFO: [ app_init ] --START--
INFO: Run Behavior\BuildLiteBehavior [ RunTime:0.000009s ]
INFO: [ app_init ] --END-- [ RunTime:0.000060s ]
INFO: [ app_begin ] --START--
INFO: Run Behavior\ReadHtmlCacheBehavior [ RunTime:0.000023s ]
INFO: [ app_begin ] --END-- [ RunTime:0.000060s ]
SQL: SHOW COLUMNS FROM `shop_goods` [ RunTime:0.0005s ]
SQL: SELECT * FROM `shop_goods` WHERE (  fid=1 and status=1 ) ORDER BY sales desc LIMIT 0,13   [ RunTime:0.0003s ]
NOTIC: [8] Undefined variable: status /var/www/html/thinkphp_shop.com/Application/Api/Controller/GoodsController.class.php 第 154 行.

[ 2017-06-04T09:25:23+08:00 ] 127.0.0.1 /Api/Goods/hot
INFO: [ app_init ] --START--
INFO: Run Behavior\BuildLiteBehavior [ RunTime:0.000010s ]
INFO: [ app_init ] --END-- [ RunTime:0.000060s ]
INFO: [ app_begin ] --START--
INFO: Run Behavior\ReadHtmlCacheBehavior [ RunTime:0.000023s ]
INFO: [ app_begin ] --END-- [ RunTime:0.000046s ]
SQL: SHOW COLUMNS FROM `shop_goods` [ RunTime:0.0005s ]
SQL: SELECT * FROM `shop_goods` WHERE (  fid=1 and status=1 ) ORDER BY sales desc LIMIT 0,13   [ RunTime:0.0001s ]
NOTIC: [8] Undefined variable: status /var/www/html/thinkphp_shop.com/Application/Api/Controller/GoodsController.class.php 第 154 行.

[ 2017-06-04T09:25:24+08:00 ] 127.0.0.1 /Api/Goods/hot
INFO: [ app_init ] --START--
INFO: Run Behavior\BuildLiteBehavior [ RunTime:0.000010s ]
INFO: [ app_init ] --END-- [ RunTime:0.000062s ]
INFO: [ app_begin ] --START--
INFO: Run Behavior\ReadHtmlCacheBehavior [ RunTime:0.000026s ]
INFO: [ app_begin ] --END-- [ RunTime:0.000051s ]
SQL: SHOW COLUMNS FROM `shop_goods` [ RunTime:0.0005s ]
SQL: SELECT * FROM `shop_goods` WHERE (  fid=1 and status=1 ) ORDER BY sales desc LIMIT 0,13   [ RunTime:0.0001s ]
NOTIC: [8] Undefined variable: status /var/www/html/thinkphp_shop.com/Application/Api/Controller/GoodsController.class.php 第 154 行.

[ 2017-06-04T09:25:25+08:00 ] 127.0.0.1 /Api/Goods/hot
INFO: [ app_init ] --START--
INFO: Run Behavior\BuildLiteBehavior [ RunTime:0.000010s ]
INFO: [ app_init ] --END-- [ RunTime:0.000063s ]
INFO: [ app_begin ] --START--
INFO: Run Behavior\ReadHtmlCacheBehavior [ RunTime:0.000024s ]
INFO: [ app_begin ] --END-- [ RunTime:0.000046s ]
SQL: SHOW COLUMNS FROM `shop_goods` [ RunTime:0.0004s ]
SQL: SELECT * FROM `shop_goods` WHERE (  fid=1 and status=1 ) ORDER BY sales desc LIMIT 0,13   [ RunTime:0.0001s ]
NOTIC: [8] Undefined variable: status /var/www/html/thinkphp_shop.com/Application/Api/Controller/GoodsController.class.php 第 154 行.

[ 2017-06-04T09:25:26+08:00 ] 127.0.0.1 /Api/Goods/hot
INFO: [ app_init ] --START--
INFO: Run Behavior\BuildLiteBehavior [ RunTime:0.000009s ]
INFO: [ app_init ] --END-- [ RunTime:0.000064s ]
INFO: [ app_begin ] --START--
INFO: Run Behavior\ReadHtmlCacheBehavior [ RunTime:0.000025s ]
INFO: [ app_begin ] --END-- [ RunTime:0.000048s ]
SQL: SHOW COLUMNS FROM `shop_goods` [ RunTime:0.0005s ]
SQL: SELECT * FROM `shop_goods` WHERE (  fid=1 and status=1 ) ORDER BY sales desc LIMIT 0,13   [ RunTime:0.0001s ]
NOTIC: [8] Undefined variable: status /var/www/html/thinkphp_shop.com/Application/Api/Controller/GoodsController.class.php 第 154 行.

[ 2017-06-04T09:25:29+08:00 ] 127.0.0.1 /Api/Goods/hot
INFO: [ app_init ] --START--
INFO: Run Behavior\BuildLiteBehavior [ RunTime:0.000009s ]
INFO: [ app_init ] --END-- [ RunTime:0.000062s ]
INFO: [ app_begin ] --START--
INFO: Run Behavior\ReadHtmlCacheBehavior [ RunTime:0.000022s ]
INFO: [ app_begin ] --END-- [ RunTime:0.000044s ]
SQL: SHOW COLUMNS FROM `shop_goods` [ RunTime:0.0005s ]
SQL: SELECT * FROM `shop_goods` WHERE (  fid=1 and status=1 ) ORDER BY sales desc LIMIT 0,13   [ RunTime:0.0001s ]
NOTIC: [8] Undefined variable: status /var/www/html/thinkphp_shop.com/Application/Api/Controller/GoodsController.class.php 第 154 行.

[ 2017-06-04T09:26:08+08:00 ] 127.0.0.1 /Api/Goods/hot
INFO: [ app_init ] --START--
INFO: Run Behavior\BuildLiteBehavior [ RunTime:0.000009s ]
INFO: [ app_init ] --END-- [ RunTime:0.000059s ]
INFO: [ app_begin ] --START--
INFO: Run Behavior\ReadHtmlCacheBehavior [ RunTime:0.000023s ]
INFO: [ app_begin ] --END-- [ RunTime:0.000046s ]
SQL: SHOW COLUMNS FROM `shop_goods` [ RunTime:0.0005s ]
SQL: SELECT * FROM `shop_goods` WHERE (  fid=0 and status=1 ) ORDER BY sales desc LIMIT 0,13   [ RunTime:0.0002s ]
NOTIC: [8] Undefined offset: 0 /var/www/html/thinkphp_shop.com/Application/Api/Controller/GoodsController.class.php 第 152 行.
NOTIC: [8] Undefined offset: 0 /var/www/html/thinkphp_shop.com/Application/Api/Controller/GoodsController.class.php 第 152 行.
NOTIC: [8] Undefined offset: 0 /var/www/html/thinkphp_shop.com/Application/Api/Controller/GoodsController.class.php 第 152 行.
NOTIC: [8] Undefined variable: status /var/www/html/thinkphp_shop.com/Application/Api/Controller/GoodsController.class.php 第 154 行.

[ 2017-06-04T09:26:20+08:00 ] 127.0.0.1 /Api/Goods/hot
INFO: [ app_init ] --START--
INFO: Run Behavior\BuildLiteBehavior [ RunTime:0.000009s ]
INFO: [ app_init ] --END-- [ RunTime:0.000060s ]
INFO: [ app_begin ] --START--
INFO: Run Behavior\ReadHtmlCacheBehavior [ RunTime:0.000023s ]
INFO: [ app_begin ] --END-- [ RunTime:0.000045s ]
SQL: SHOW COLUMNS FROM `shop_goods` [ RunTime:0.0004s ]
SQL: SELECT * FROM `shop_goods` WHERE (  fid=0 and status=1 ) ORDER BY sales desc LIMIT 0,13   [ RunTime:0.0001s ]
NOTIC: [8] Undefined offset: 0 /var/www/html/thinkphp_shop.com/Application/Api/Controller/GoodsController.class.php 第 152 行.
NOTIC: [8] Undefined offset: 0 /var/www/html/thinkphp_shop.com/Application/Api/Controller/GoodsController.class.php 第 152 行.
NOTIC: [8] Undefined offset: 0 /var/www/html/thinkphp_shop.com/Application/Api/Controller/GoodsController.class.php 第 152 行.
NOTIC: [8] Undefined variable: status /var/www/html/thinkphp_shop.com/Application/Api/Controller/GoodsController.class.php 第 154 行.

[ 2017-06-04T09:26:32+08:00 ] 127.0.0.1 /Api/Goods/hot
INFO: [ app_init ] --START--
INFO: Run Behavior\BuildLiteBehavior [ RunTime:0.000011s ]
INFO: [ app_init ] --END-- [ RunTime:0.000074s ]
INFO: [ app_begin ] --START--
INFO: Run Behavior\ReadHtmlCacheBehavior [ RunTime:0.000031s ]
INFO: [ app_begin ] --END-- [ RunTime:0.000060s ]
SQL: SHOW COLUMNS FROM `shop_goods` [ RunTime:0.0005s ]
SQL: SELECT * FROM `shop_goods` WHERE (  fid=0 and status=1 ) ORDER BY sales desc LIMIT 0,13   [ RunTime:0.0001s ]
NOTIC: [8] Undefined offset: 0 /var/www/html/thinkphp_shop.com/Application/Api/Controller/GoodsController.class.php 第 152 行.
NOTIC: [8] Undefined offset: 0 /var/www/html/thinkphp_shop.com/Application/Api/Controller/GoodsController.class.php 第 152 行.
NOTIC: [8] Undefined offset: 0 /var/www/html/thinkphp_shop.com/Application/Api/Controller/GoodsController.class.php 第 152 行.
NOTIC: [8] Undefined variable: status /var/www/html/thinkphp_shop.com/Application/Api/Controller/GoodsController.class.php 第 154 行.

[ 2017-06-04T09:28:55+08:00 ] 127.0.0.1 /Api/Goods/hot
INFO: [ app_init ] --START--
INFO: Run Behavior\BuildLiteBehavior [ RunTime:0.000009s ]
INFO: [ app_init ] --END-- [ RunTime:0.000062s ]
INFO: [ app_begin ] --START--
INFO: Run Behavior\ReadHtmlCacheBehavior [ RunTime:0.000025s ]
INFO: [ app_begin ] --END-- [ RunTime:0.000067s ]
SQL: SHOW COLUMNS FROM `shop_goods` [ RunTime:0.0004s ]
SQL: SELECT * FROM `shop_goods` WHERE (  fid=1 and status=1 ) ORDER BY sales desc LIMIT 0,13   [ RunTime:0.0001s ]
NOTIC: [8] Undefined variable: status /var/www/html/thinkphp_shop.com/Application/Api/Controller/GoodsController.class.php 第 154 行.

[ 2017-06-04T09:29:32+08:00 ] 127.0.0.1 /Api/Goods/hot
INFO: [ app_init ] --START--
INFO: Run Behavior\BuildLiteBehavior [ RunTime:0.000010s ]
INFO: [ app_init ] --END-- [ RunTime:0.000062s ]
INFO: [ app_begin ] --START--
INFO: Run Behavior\ReadHtmlCacheBehavior [ RunTime:0.000023s ]
INFO: [ app_begin ] --END-- [ RunTime:0.000046s ]
SQL: SHOW COLUMNS FROM `shop_goods` [ RunTime:0.0005s ]
SQL: SELECT * FROM `shop_goods` WHERE (  fid=1 and status=1 ) ORDER BY sales desc LIMIT 0,13   [ RunTime:0.0001s ]
NOTIC: [8] Undefined variable: status /var/www/html/thinkphp_shop.com/Application/Api/Controller/GoodsController.class.php 第 154 行.

[ 2017-06-04T09:29:34+08:00 ] 127.0.0.1 /Api/Goods/hot
INFO: [ app_init ] --START--
INFO: Run Behavior\BuildLiteBehavior [ RunTime:0.000009s ]
INFO: [ app_init ] --END-- [ RunTime:0.000060s ]
INFO: [ app_begin ] --START--
INFO: Run Behavior\ReadHtmlCacheBehavior [ RunTime:0.000024s ]
INFO: [ app_begin ] --END-- [ RunTime:0.000046s ]
SQL: SHOW COLUMNS FROM `shop_goods` [ RunTime:0.0005s ]
SQL: SELECT * FROM `shop_goods` WHERE (  fid=1 and status=1 ) ORDER BY sales desc LIMIT 0,13   [ RunTime:0.0001s ]
NOTIC: [8] Undefined variable: status /var/www/html/thinkphp_shop.com/Application/Api/Controller/GoodsController.class.php 第 154 行.

[ 2017-06-04T09:29:59+08:00 ] 127.0.0.1 /Api/Goods/hot
INFO: [ app_init ] --START--
INFO: Run Behavior\BuildLiteBehavior [ RunTime:0.000008s ]
INFO: [ app_init ] --END-- [ RunTime:0.000058s ]
INFO: [ app_begin ] --START--
INFO: Run Behavior\ReadHtmlCacheBehavior [ RunTime:0.000023s ]
INFO: [ app_begin ] --END-- [ RunTime:0.000044s ]
SQL: SHOW COLUMNS FROM `shop_goods` [ RunTime:0.0004s ]
SQL: SELECT * FROM `shop_goods` WHERE (  fid=0 and status=1 ) ORDER BY sales desc LIMIT 0,13   [ RunTime:0.0001s ]
NOTIC: [8] Undefined offset: 0 /var/www/html/thinkphp_shop.com/Application/Api/Controller/GoodsController.class.php 第 152 行.
NOTIC: [8] Undefined offset: 0 /var/www/html/thinkphp_shop.com/Application/Api/Controller/GoodsController.class.php 第 152 行.
NOTIC: [8] Undefined offset: 0 /var/www/html/thinkphp_shop.com/Application/Api/Controller/GoodsController.class.php 第 152 行.
NOTIC: [8] Undefined variable: status /var/www/html/thinkphp_shop.com/Application/Api/Controller/GoodsController.class.php 第 154 行.

[ 2017-06-04T09:30:03+08:00 ] 127.0.0.1 /Api/Goods/hot
INFO: [ app_init ] --START--
INFO: Run Behavior\BuildLiteBehavior [ RunTime:0.000009s ]
INFO: [ app_init ] --END-- [ RunTime:0.000061s ]
INFO: [ app_begin ] --START--
INFO: Run Behavior\ReadHtmlCacheBehavior [ RunTime:0.000023s ]
INFO: [ app_begin ] --END-- [ RunTime:0.000046s ]
SQL: SHOW COLUMNS FROM `shop_goods` [ RunTime:0.0005s ]
SQL: SELECT * FROM `shop_goods` WHERE (  fid=1 and status=1 ) ORDER BY sales desc LIMIT 0,13   [ RunTime:0.0001s ]
NOTIC: [8] Undefined variable: status /var/www/html/thinkphp_shop.com/Application/Api/Controller/GoodsController.class.php 第 154 行.

[ 2017-06-04T09:30:12+08:00 ] 127.0.0.1 /Api/Goods/hot
INFO: [ app_init ] --START--
INFO: Run Behavior\BuildLiteBehavior [ RunTime:0.000028s ]
INFO: [ app_init ] --END-- [ RunTime:0.000163s ]
INFO: [ app_begin ] --START--
INFO: Run Behavior\ReadHtmlCacheBehavior [ RunTime:0.000024s ]
INFO: [ app_begin ] --END-- [ RunTime:0.000051s ]
SQL: SHOW COLUMNS FROM `shop_goods` [ RunTime:0.0004s ]
SQL: SELECT * FROM `shop_goods` WHERE (  fid=1 and status=1 ) ORDER BY sales desc LIMIT 0,13   [ RunTime:0.0001s ]
NOTIC: [8] Undefined variable: status /var/www/html/thinkphp_shop.com/Application/Api/Controller/GoodsController.class.php 第 154 行.

[ 2017-06-04T09:30:38+08:00 ] 127.0.0.1 /Api/Goods/hot
INFO: [ app_init ] --START--
INFO: Run Behavior\BuildLiteBehavior [ RunTime:0.000009s ]
INFO: [ app_init ] --END-- [ RunTime:0.000062s ]
INFO: [ app_begin ] --START--
INFO: Run Behavior\ReadHtmlCacheBehavior [ RunTime:0.000023s ]
INFO: [ app_begin ] --END-- [ RunTime:0.000045s ]
SQL: SHOW COLUMNS FROM `shop_goods` [ RunTime:0.0005s ]
SQL: SELECT * FROM `shop_goods` WHERE (  fid=1 and status=1 ) ORDER BY sales desc LIMIT 0,13   [ RunTime:0.0001s ]
NOTIC: [8] Undefined variable: status /var/www/html/thinkphp_shop.com/Application/Api/Controller/GoodsController.class.php 第 154 行.

[ 2017-06-04T09:30:52+08:00 ] 127.0.0.1 /Api/Goods/hot
INFO: [ app_init ] --START--
INFO: Run Behavior\BuildLiteBehavior [ RunTime:0.000009s ]
INFO: [ app_init ] --END-- [ RunTime:0.000061s ]
INFO: [ app_begin ] --START--
INFO: Run Behavior\ReadHtmlCacheBehavior [ RunTime:0.000022s ]
INFO: [ app_begin ] --END-- [ RunTime:0.000045s ]
SQL: SHOW COLUMNS FROM `shop_goods` [ RunTime:0.0005s ]
SQL: SELECT * FROM `shop_goods` WHERE (  fid=1 and status=1 ) ORDER BY sales desc LIMIT 0,13   [ RunTime:0.0001s ]
NOTIC: [8] Undefined variable: status /var/www/html/thinkphp_shop.com/Application/Api/Controller/GoodsController.class.php 第 154 行.

[ 2017-06-04T09:30:53+08:00 ] 127.0.0.1 /Api/Goods/hot
INFO: [ app_init ] --START--
INFO: Run Behavior\BuildLiteBehavior [ RunTime:0.000009s ]
INFO: [ app_init ] --END-- [ RunTime:0.000060s ]
INFO: [ app_begin ] --START--
INFO: Run Behavior\ReadHtmlCacheBehavior [ RunTime:0.000022s ]
INFO: [ app_begin ] --END-- [ RunTime:0.000045s ]
SQL: SHOW COLUMNS FROM `shop_goods` [ RunTime:0.0005s ]
SQL: SELECT * FROM `shop_goods` WHERE (  fid=1 and status=1 ) ORDER BY sales desc LIMIT 0,13   [ RunTime:0.0001s ]
NOTIC: [8] Undefined variable: status /var/www/html/thinkphp_shop.com/Application/Api/Controller/GoodsController.class.php 第 154 行.

[ 2017-06-04T09:30:54+08:00 ] 127.0.0.1 /Api/Goods/hot
INFO: [ app_init ] --START--
INFO: Run Behavior\BuildLiteBehavior [ RunTime:0.000009s ]
INFO: [ app_init ] --END-- [ RunTime:0.000059s ]
INFO: [ app_begin ] --START--
INFO: Run Behavior\ReadHtmlCacheBehavior [ RunTime:0.000023s ]
INFO: [ app_begin ] --END-- [ RunTime:0.000047s ]
SQL: SHOW COLUMNS FROM `shop_goods` [ RunTime:0.0005s ]
SQL: SELECT * FROM `shop_goods` WHERE (  fid=1 and status=1 ) ORDER BY sales desc LIMIT 0,13   [ RunTime:0.0001s ]
NOTIC: [8] Undefined variable: status /var/www/html/thinkphp_shop.com/Application/Api/Controller/GoodsController.class.php 第 154 行.

[ 2017-06-04T09:30:56+08:00 ] 127.0.0.1 /Api/Goods/hot
INFO: [ app_init ] --START--
INFO: Run Behavior\BuildLiteBehavior [ RunTime:0.000010s ]
INFO: [ app_init ] --END-- [ RunTime:0.000060s ]
INFO: [ app_begin ] --START--
INFO: Run Behavior\ReadHtmlCacheBehavior [ RunTime:0.000022s ]
INFO: [ app_begin ] --END-- [ RunTime:0.000044s ]
SQL: SHOW COLUMNS FROM `shop_goods` [ RunTime:0.0005s ]
SQL: SELECT * FROM `shop_goods` WHERE (  fid=1 and status=1 ) ORDER BY sales desc LIMIT 0,13   [ RunTime:0.0001s ]
NOTIC: [8] Undefined variable: status /var/www/html/thinkphp_shop.com/Application/Api/Controller/GoodsController.class.php 第 154 行.

[ 2017-06-04T09:31:19+08:00 ] 127.0.0.1 /Api/Goods/hot
INFO: [ app_init ] --START--
INFO: Run Behavior\BuildLiteBehavior [ RunTime:0.000009s ]
INFO: [ app_init ] --END-- [ RunTime:0.000059s ]
INFO: [ app_begin ] --START--
INFO: Run Behavior\ReadHtmlCacheBehavior [ RunTime:0.000022s ]
INFO: [ app_begin ] --END-- [ RunTime:0.000045s ]
SQL: SHOW COLUMNS FROM `shop_goods` [ RunTime:0.0005s ]
SQL: SELECT * FROM `shop_goods` WHERE (  fid=1 and status=1 ) ORDER BY sales desc LIMIT 0,13   [ RunTime:0.0001s ]
NOTIC: [8] Undefined variable: status /var/www/html/thinkphp_shop.com/Application/Api/Controller/GoodsController.class.php 第 154 行.

[ 2017-06-04T09:31:31+08:00 ] 127.0.0.1 /Api/Goods/hot
INFO: [ app_init ] --START--
INFO: Run Behavior\BuildLiteBehavior [ RunTime:0.000010s ]
INFO: [ app_init ] --END-- [ RunTime:0.000064s ]
INFO: [ app_begin ] --START--
INFO: Run Behavior\ReadHtmlCacheBehavior [ RunTime:0.000023s ]
INFO: [ app_begin ] --END-- [ RunTime:0.000054s ]
SQL: SHOW COLUMNS FROM `shop_goods` [ RunTime:0.0005s ]
SQL: SELECT * FROM `shop_goods` WHERE (  fid=0 and status=1 ) ORDER BY sales desc LIMIT 0,13   [ RunTime:0.0001s ]
NOTIC: [8] Undefined offset: 0 /var/www/html/thinkphp_shop.com/Application/Api/Controller/GoodsController.class.php 第 152 行.
NOTIC: [8] Undefined offset: 0 /var/www/html/thinkphp_shop.com/Application/Api/Controller/GoodsController.class.php 第 152 行.
NOTIC: [8] Undefined offset: 0 /var/www/html/thinkphp_shop.com/Application/Api/Controller/GoodsController.class.php 第 152 行.
NOTIC: [8] Undefined variable: status /var/www/html/thinkphp_shop.com/Application/Api/Controller/GoodsController.class.php 第 154 行.

[ 2017-06-04T09:31:38+08:00 ] 127.0.0.1 /Api/Goods/hot
INFO: [ app_init ] --START--
INFO: Run Behavior\BuildLiteBehavior [ RunTime:0.000010s ]
INFO: [ app_init ] --END-- [ RunTime:0.000059s ]
INFO: [ app_begin ] --START--
INFO: Run Behavior\ReadHtmlCacheBehavior [ RunTime:0.000024s ]
INFO: [ app_begin ] --END-- [ RunTime:0.000046s ]
SQL: SHOW COLUMNS FROM `shop_goods` [ RunTime:0.0004s ]
SQL: SELECT * FROM `shop_goods` WHERE (  fid=0 and status=1 ) ORDER BY sales desc LIMIT 0,13   [ RunTime:0.0001s ]
NOTIC: [8] Undefined offset: 0 /var/www/html/thinkphp_shop.com/Application/Api/Controller/GoodsController.class.php 第 152 行.
NOTIC: [8] Undefined offset: 0 /var/www/html/thinkphp_shop.com/Application/Api/Controller/GoodsController.class.php 第 152 行.
NOTIC: [8] Undefined offset: 0 /var/www/html/thinkphp_shop.com/Application/Api/Controller/GoodsController.class.php 第 152 行.
NOTIC: [8] Undefined variable: status /var/www/html/thinkphp_shop.com/Application/Api/Controller/GoodsController.class.php 第 154 行.

[ 2017-06-04T09:31:40+08:00 ] 127.0.0.1 /Api/Goods/hot
INFO: [ app_init ] --START--
INFO: Run Behavior\BuildLiteBehavior [ RunTime:0.000009s ]
INFO: [ app_init ] --END-- [ RunTime:0.000059s ]
INFO: [ app_begin ] --START--
INFO: Run Behavior\ReadHtmlCacheBehavior [ RunTime:0.000023s ]
INFO: [ app_begin ] --END-- [ RunTime:0.000047s ]
SQL: SHOW COLUMNS FROM `shop_goods` [ RunTime:0.0005s ]
SQL: SELECT * FROM `shop_goods` WHERE (  fid=0 and status=1 ) ORDER BY sales desc LIMIT 0,13   [ RunTime:0.0001s ]
NOTIC: [8] Undefined offset: 0 /var/www/html/thinkphp_shop.com/Application/Api/Controller/GoodsController.class.php 第 152 行.
NOTIC: [8] Undefined offset: 0 /var/www/html/thinkphp_shop.com/Application/Api/Controller/GoodsController.class.php 第 152 行.
NOTIC: [8] Undefined offset: 0 /var/www/html/thinkphp_shop.com/Application/Api/Controller/GoodsController.class.php 第 152 行.
NOTIC: [8] Undefined variable: status /var/www/html/thinkphp_shop.com/Application/Api/Controller/GoodsController.class.php 第 154 行.

[ 2017-06-04T09:31:40+08:00 ] 127.0.0.1 /Api/Goods/hot
INFO: [ app_init ] --START--
INFO: Run Behavior\BuildLiteBehavior [ RunTime:0.000009s ]
INFO: [ app_init ] --END-- [ RunTime:0.000059s ]
INFO: [ app_begin ] --START--
INFO: Run Behavior\ReadHtmlCacheBehavior [ RunTime:0.000025s ]
INFO: [ app_begin ] --END-- [ RunTime:0.000048s ]
SQL: SHOW COLUMNS FROM `shop_goods` [ RunTime:0.0005s ]
SQL: SELECT * FROM `shop_goods` WHERE (  fid=0 and status=1 ) ORDER BY sales desc LIMIT 0,13   [ RunTime:0.0001s ]
NOTIC: [8] Undefined offset: 0 /var/www/html/thinkphp_shop.com/Application/Api/Controller/GoodsController.class.php 第 152 行.
NOTIC: [8] Undefined offset: 0 /var/www/html/thinkphp_shop.com/Application/Api/Controller/GoodsController.class.php 第 152 行.
NOTIC: [8] Undefined offset: 0 /var/www/html/thinkphp_shop.com/Application/Api/Controller/GoodsController.class.php 第 152 行.
NOTIC: [8] Undefined variable: status /var/www/html/thinkphp_shop.com/Application/Api/Controller/GoodsController.class.php 第 154 行.

[ 2017-06-04T09:31:41+08:00 ] 127.0.0.1 /Api/Goods/hot
INFO: [ app_init ] --START--
INFO: Run Behavior\BuildLiteBehavior [ RunTime:0.000009s ]
INFO: [ app_init ] --END-- [ RunTime:0.000059s ]
INFO: [ app_begin ] --START--
INFO: Run Behavior\ReadHtmlCacheBehavior [ RunTime:0.000022s ]
INFO: [ app_begin ] --END-- [ RunTime:0.000045s ]
SQL: SHOW COLUMNS FROM `shop_goods` [ RunTime:0.0005s ]
SQL: SELECT * FROM `shop_goods` WHERE (  fid=0 and status=1 ) ORDER BY sales desc LIMIT 0,13   [ RunTime:0.0001s ]
NOTIC: [8] Undefined offset: 0 /var/www/html/thinkphp_shop.com/Application/Api/Controller/GoodsController.class.php 第 152 行.
NOTIC: [8] Undefined offset: 0 /var/www/html/thinkphp_shop.com/Application/Api/Controller/GoodsController.class.php 第 152 行.
NOTIC: [8] Undefined offset: 0 /var/www/html/thinkphp_shop.com/Application/Api/Controller/GoodsController.class.php 第 152 行.
NOTIC: [8] Undefined variable: status /var/www/html/thinkphp_shop.com/Application/Api/Controller/GoodsController.class.php 第 154 行.

[ 2017-06-04T09:31:42+08:00 ] 127.0.0.1 /Api/Goods/hot
INFO: [ app_init ] --START--
INFO: Run Behavior\BuildLiteBehavior [ RunTime:0.000010s ]
INFO: [ app_init ] --END-- [ RunTime:0.000060s ]
INFO: [ app_begin ] --START--
INFO: Run Behavior\ReadHtmlCacheBehavior [ RunTime:0.000023s ]
INFO: [ app_begin ] --END-- [ RunTime:0.000048s ]
SQL: SHOW COLUMNS FROM `shop_goods` [ RunTime:0.0005s ]
SQL: SELECT * FROM `shop_goods` WHERE (  fid=0 and status=1 ) ORDER BY sales desc LIMIT 0,13   [ RunTime:0.0001s ]
NOTIC: [8] Undefined offset: 0 /var/www/html/thinkphp_shop.com/Application/Api/Controller/GoodsController.class.php 第 152 行.
NOTIC: [8] Undefined offset: 0 /var/www/html/thinkphp_shop.com/Application/Api/Controller/GoodsController.class.php 第 152 行.
NOTIC: [8] Undefined offset: 0 /var/www/html/thinkphp_shop.com/Application/Api/Controller/GoodsController.class.php 第 152 行.
NOTIC: [8] Undefined variable: status /var/www/html/thinkphp_shop.com/Application/Api/Controller/GoodsController.class.php 第 154 行.

[ 2017-06-04T09:31:43+08:00 ] 127.0.0.1 /Api/Goods/hot
INFO: [ app_init ] --START--
INFO: Run Behavior\BuildLiteBehavior [ RunTime:0.000009s ]
INFO: [ app_init ] --END-- [ RunTime:0.000059s ]
INFO: [ app_begin ] --START--
INFO: Run Behavior\ReadHtmlCacheBehavior [ RunTime:0.000022s ]
INFO: [ app_begin ] --END-- [ RunTime:0.000046s ]
SQL: SHOW COLUMNS FROM `shop_goods` [ RunTime:0.0005s ]
SQL: SELECT * FROM `shop_goods` WHERE (  fid=0 and status=1 ) ORDER BY sales desc LIMIT 0,13   [ RunTime:0.0001s ]
NOTIC: [8] Undefined offset: 0 /var/www/html/thinkphp_shop.com/Application/Api/Controller/GoodsController.class.php 第 152 行.
NOTIC: [8] Undefined offset: 0 /var/www/html/thinkphp_shop.com/Application/Api/Controller/GoodsController.class.php 第 152 行.
NOTIC: [8] Undefined offset: 0 /var/www/html/thinkphp_shop.com/Application/Api/Controller/GoodsController.class.php 第 152 行.
NOTIC: [8] Undefined variable: status /var/www/html/thinkphp_shop.com/Application/Api/Controller/GoodsController.class.php 第 154 行.

[ 2017-06-04T09:31:43+08:00 ] 127.0.0.1 /Api/Goods/hot
INFO: [ app_init ] --START--
INFO: Run Behavior\BuildLiteBehavior [ RunTime:0.000009s ]
INFO: [ app_init ] --END-- [ RunTime:0.000060s ]
INFO: [ app_begin ] --START--
INFO: Run Behavior\ReadHtmlCacheBehavior [ RunTime:0.000023s ]
INFO: [ app_begin ] --END-- [ RunTime:0.000046s ]
SQL: SHOW COLUMNS FROM `shop_goods` [ RunTime:0.0004s ]
SQL: SELECT * FROM `shop_goods` WHERE (  fid=0 and status=1 ) ORDER BY sales desc LIMIT 0,13   [ RunTime:0.0001s ]
NOTIC: [8] Undefined offset: 0 /var/www/html/thinkphp_shop.com/Application/Api/Controller/GoodsController.class.php 第 152 行.
NOTIC: [8] Undefined offset: 0 /var/www/html/thinkphp_shop.com/Application/Api/Controller/GoodsController.class.php 第 152 行.
NOTIC: [8] Undefined offset: 0 /var/www/html/thinkphp_shop.com/Application/Api/Controller/GoodsController.class.php 第 152 行.
NOTIC: [8] Undefined variable: status /var/www/html/thinkphp_shop.com/Application/Api/Controller/GoodsController.class.php 第 154 行.

[ 2017-06-04T09:31:44+08:00 ] 127.0.0.1 /Api/Goods/hot
INFO: [ app_init ] --START--
INFO: Run Behavior\BuildLiteBehavior [ RunTime:0.000008s ]
INFO: [ app_init ] --END-- [ RunTime:0.000059s ]
INFO: [ app_begin ] --START--
INFO: Run Behavior\ReadHtmlCacheBehavior [ RunTime:0.000023s ]
INFO: [ app_begin ] --END-- [ RunTime:0.000045s ]
SQL: SHOW COLUMNS FROM `shop_goods` [ RunTime:0.0005s ]
SQL: SELECT * FROM `shop_goods` WHERE (  fid=0 and status=1 ) ORDER BY sales desc LIMIT 0,13   [ RunTime:0.0001s ]
NOTIC: [8] Undefined offset: 0 /var/www/html/thinkphp_shop.com/Application/Api/Controller/GoodsController.class.php 第 152 行.
NOTIC: [8] Undefined offset: 0 /var/www/html/thinkphp_shop.com/Application/Api/Controller/GoodsController.class.php 第 152 行.
NOTIC: [8] Undefined offset: 0 /var/www/html/thinkphp_shop.com/Application/Api/Controller/GoodsController.class.php 第 152 行.
NOTIC: [8] Undefined variable: status /var/www/html/thinkphp_shop.com/Application/Api/Controller/GoodsController.class.php 第 154 行.

[ 2017-06-04T09:31:45+08:00 ] 127.0.0.1 /Api/Goods/hot
INFO: [ app_init ] --START--
INFO: Run Behavior\BuildLiteBehavior [ RunTime:0.000008s ]
INFO: [ app_init ] --END-- [ RunTime:0.000061s ]
INFO: [ app_begin ] --START--
INFO: Run Behavior\ReadHtmlCacheBehavior [ RunTime:0.000022s ]
INFO: [ app_begin ] --END-- [ RunTime:0.000044s ]
SQL: SHOW COLUMNS FROM `shop_goods` [ RunTime:0.0005s ]
SQL: SELECT * FROM `shop_goods` WHERE (  fid=0 and status=1 ) ORDER BY sales desc LIMIT 0,13   [ RunTime:0.0001s ]
NOTIC: [8] Undefined offset: 0 /var/www/html/thinkphp_shop.com/Application/Api/Controller/GoodsController.class.php 第 152 行.
NOTIC: [8] Undefined offset: 0 /var/www/html/thinkphp_shop.com/Application/Api/Controller/GoodsController.class.php 第 152 行.
NOTIC: [8] Undefined offset: 0 /var/www/html/thinkphp_shop.com/Application/Api/Controller/GoodsController.class.php 第 152 行.
NOTIC: [8] Undefined variable: status /var/www/html/thinkphp_shop.com/Application/Api/Controller/GoodsController.class.php 第 154 行.

[ 2017-06-04T09:31:46+08:00 ] 127.0.0.1 /Api/Goods/hot
INFO: [ app_init ] --START--
INFO: Run Behavior\BuildLiteBehavior [ RunTime:0.000010s ]
INFO: [ app_init ] --END-- [ RunTime:0.000061s ]
INFO: [ app_begin ] --START--
INFO: Run Behavior\ReadHtmlCacheBehavior [ RunTime:0.000024s ]
INFO: [ app_begin ] --END-- [ RunTime:0.000046s ]
SQL: SHOW COLUMNS FROM `shop_goods` [ RunTime:0.0005s ]
SQL: SELECT * FROM `shop_goods` WHERE (  fid=0 and status=1 ) ORDER BY sales desc LIMIT 0,13   [ RunTime:0.0001s ]
NOTIC: [8] Undefined offset: 0 /var/www/html/thinkphp_shop.com/Application/Api/Controller/GoodsController.class.php 第 152 行.
NOTIC: [8] Undefined offset: 0 /var/www/html/thinkphp_shop.com/Application/Api/Controller/GoodsController.class.php 第 152 行.
NOTIC: [8] Undefined offset: 0 /var/www/html/thinkphp_shop.com/Application/Api/Controller/GoodsController.class.php 第 152 行.
NOTIC: [8] Undefined variable: status /var/www/html/thinkphp_shop.com/Application/Api/Controller/GoodsController.class.php 第 154 行.

[ 2017-06-04T09:31:46+08:00 ] 127.0.0.1 /Api/Goods/hot
INFO: [ app_init ] --START--
INFO: Run Behavior\BuildLiteBehavior [ RunTime:0.000008s ]
INFO: [ app_init ] --END-- [ RunTime:0.000059s ]
INFO: [ app_begin ] --START--
INFO: Run Behavior\ReadHtmlCacheBehavior [ RunTime:0.000022s ]
INFO: [ app_begin ] --END-- [ RunTime:0.000045s ]
SQL: SHOW COLUMNS FROM `shop_goods` [ RunTime:0.0005s ]
SQL: SELECT * FROM `shop_goods` WHERE (  fid=0 and status=1 ) ORDER BY sales desc LIMIT 0,13   [ RunTime:0.0002s ]
NOTIC: [8] Undefined offset: 0 /var/www/html/thinkphp_shop.com/Application/Api/Controller/GoodsController.class.php 第 152 行.
NOTIC: [8] Undefined offset: 0 /var/www/html/thinkphp_shop.com/Application/Api/Controller/GoodsController.class.php 第 152 行.
NOTIC: [8] Undefined offset: 0 /var/www/html/thinkphp_shop.com/Application/Api/Controller/GoodsController.class.php 第 152 行.
NOTIC: [8] Undefined variable: status /var/www/html/thinkphp_shop.com/Application/Api/Controller/GoodsController.class.php 第 154 行.

[ 2017-06-04T09:32:08+08:00 ] 127.0.0.1 /Api/Goods/hot
INFO: [ app_init ] --START--
INFO: Run Behavior\BuildLiteBehavior [ RunTime:0.000009s ]
INFO: [ app_init ] --END-- [ RunTime:0.000061s ]
INFO: [ app_begin ] --START--
INFO: Run Behavior\ReadHtmlCacheBehavior [ RunTime:0.000024s ]
INFO: [ app_begin ] --END-- [ RunTime:0.000048s ]
SQL: SHOW COLUMNS FROM `shop_goods` [ RunTime:0.0005s ]
SQL: SELECT * FROM `shop_goods` WHERE (  fid=1 and status=1 ) ORDER BY sales desc LIMIT 0,13   [ RunTime:0.0001s ]
NOTIC: [8] Undefined variable: status /var/www/html/thinkphp_shop.com/Application/Api/Controller/GoodsController.class.php 第 154 行.

[ 2017-06-04T09:34:50+08:00 ] 127.0.0.1 /Api/Goods/hot
INFO: [ app_init ] --START--
INFO: Run Behavior\BuildLiteBehavior [ RunTime:0.000017s ]
INFO: [ app_init ] --END-- [ RunTime:0.000114s ]
INFO: [ app_begin ] --START--
INFO: Run Behavior\ReadHtmlCacheBehavior [ RunTime:0.000050s ]
INFO: [ app_begin ] --END-- [ RunTime:0.000106s ]
SQL: SHOW COLUMNS FROM `shop_goods` [ RunTime:0.0005s ]
SQL: SELECT * FROM `shop_goods` WHERE (  fid=1 and status=1 ) ORDER BY sales desc LIMIT 0,13   [ RunTime:0.0001s ]
NOTIC: [8] Undefined variable: status /var/www/html/thinkphp_shop.com/Application/Api/Controller/GoodsController.class.php 第 154 行.

[ 2017-06-04T09:34:59+08:00 ] 127.0.0.1 /Api/Goods/hot
INFO: [ app_init ] --START--
INFO: Run Behavior\BuildLiteBehavior [ RunTime:0.000011s ]
INFO: [ app_init ] --END-- [ RunTime:0.000063s ]
INFO: [ app_begin ] --START--
INFO: Run Behavior\ReadHtmlCacheBehavior [ RunTime:0.000024s ]
INFO: [ app_begin ] --END-- [ RunTime:0.000046s ]
SQL: SHOW COLUMNS FROM `shop_goods` [ RunTime:0.0005s ]
SQL: SELECT * FROM `shop_goods` WHERE (  fid=1 and status=1 ) ORDER BY sales desc LIMIT 0,13   [ RunTime:0.0001s ]
NOTIC: [8] Undefined variable: status /var/www/html/thinkphp_shop.com/Application/Api/Controller/GoodsController.class.php 第 154 行.

[ 2017-06-04T09:35:07+08:00 ] 127.0.0.1 /Api/Goods/hot
INFO: [ app_init ] --START--
INFO: Run Behavior\BuildLiteBehavior [ RunTime:0.000008s ]
INFO: [ app_init ] --END-- [ RunTime:0.000054s ]
INFO: [ app_begin ] --START--
INFO: Run Behavior\ReadHtmlCacheBehavior [ RunTime:0.000019s ]
INFO: [ app_begin ] --END-- [ RunTime:0.000041s ]
SQL: SHOW COLUMNS FROM `shop_goods` [ RunTime:0.0005s ]
SQL: SELECT * FROM `shop_goods` WHERE (  fid=0 and status=1 ) ORDER BY sales desc LIMIT 0,13   [ RunTime:0.0001s ]
NOTIC: [8] Undefined offset: 0 /var/www/html/thinkphp_shop.com/Application/Api/Controller/GoodsController.class.php 第 152 行.
NOTIC: [8] Undefined offset: 0 /var/www/html/thinkphp_shop.com/Application/Api/Controller/GoodsController.class.php 第 152 行.
NOTIC: [8] Undefined offset: 0 /var/www/html/thinkphp_shop.com/Application/Api/Controller/GoodsController.class.php 第 152 行.
NOTIC: [8] Undefined variable: status /var/www/html/thinkphp_shop.com/Application/Api/Controller/GoodsController.class.php 第 154 行.

[ 2017-06-04T09:36:33+08:00 ] 127.0.0.1 /Api/Goods/hot
INFO: [ app_init ] --START--
INFO: Run Behavior\BuildLiteBehavior [ RunTime:0.000008s ]
INFO: [ app_init ] --END-- [ RunTime:0.000061s ]
INFO: [ app_begin ] --START--
INFO: Run Behavior\ReadHtmlCacheBehavior [ RunTime:0.000022s ]
INFO: [ app_begin ] --END-- [ RunTime:0.000046s ]
SQL: SHOW COLUMNS FROM `shop_goods` [ RunTime:0.0004s ]
SQL: SELECT * FROM `shop_goods` WHERE (  fid=1 and status=1 ) ORDER BY sales desc LIMIT 0,13   [ RunTime:0.0001s ]
NOTIC: [8] Undefined variable: status /var/www/html/thinkphp_shop.com/Application/Api/Controller/GoodsController.class.php 第 154 行.

[ 2017-06-04T09:43:16+08:00 ] 127.0.0.1 /Api/Login/login
INFO: [ app_init ] --START--
INFO: Run Behavior\BuildLiteBehavior [ RunTime:0.000010s ]
INFO: [ app_init ] --END-- [ RunTime:0.000061s ]
INFO: [ app_begin ] --START--
INFO: Run Behavior\ReadHtmlCacheBehavior [ RunTime:0.000023s ]
INFO: [ app_begin ] --END-- [ RunTime:0.000046s ]
SQL: SHOW COLUMNS FROM `shop_user` [ RunTime:0.0005s ]
SQL: SELECT * FROM `shop_user` WHERE (  user='22' or email='22' or phone='22'  ) LIMIT 1   [ RunTime:0.0002s ]
SQL: SHOW COLUMNS FROM `shop_user_info` [ RunTime:0.0004s ]
SQL: SELECT `logo` FROM `shop_user_info` WHERE (  userid=2  ) LIMIT 1   [ RunTime:0.0001s ]
SQL: SHOW COLUMNS FROM `shop_shopcart` [ RunTime:0.0003s ]
SQL: SELECT COUNT(*) AS tp_count FROM `shop_shopcart` WHERE (  userid=2  ) LIMIT 1   [ RunTime:0.0001s ]
NOTIC: [2] setcookie() expects parameter 3 to be long, string given /var/www/html/thinkphp_shop.com/Application/Api/Controller/LoginController.class.php 第 132 行.
NOTIC: [8] Undefined variable: data /var/www/html/thinkphp_shop.com/Application/Api/Controller/LoginController.class.php 第 134 行.

[ 2017-06-04T09:43:18+08:00 ] 127.0.0.1 /Api/Address/getProvice
INFO: [ app_init ] --START--
INFO: Run Behavior\BuildLiteBehavior [ RunTime:0.000009s ]
INFO: [ app_init ] --END-- [ RunTime:0.000057s ]
INFO: [ app_begin ] --START--
INFO: Run Behavior\ReadHtmlCacheBehavior [ RunTime:0.000021s ]
INFO: [ app_begin ] --END-- [ RunTime:0.000045s ]
SQL: SHOW COLUMNS FROM `shop_city` [ RunTime:0.0004s ]
SQL: SELECT * FROM `shop_city` WHERE (  pid=0  )  [ RunTime:0.0017s ]

[ 2017-06-04T09:43:38+08:00 ] 127.0.0.1 /Api/Address/getProvice
INFO: [ app_init ] --START--
INFO: Run Behavior\BuildLiteBehavior [ RunTime:0.000009s ]
INFO: [ app_init ] --END-- [ RunTime:0.000059s ]
INFO: [ app_begin ] --START--
INFO: Run Behavior\ReadHtmlCacheBehavior [ RunTime:0.000023s ]
INFO: [ app_begin ] --END-- [ RunTime:0.000045s ]
SQL: SHOW COLUMNS FROM `shop_city` [ RunTime:0.0004s ]
SQL: SELECT * FROM `shop_city` WHERE (  pid=0  )  [ RunTime:0.0001s ]

[ 2017-06-04T09:43:45+08:00 ] 127.0.0.1 /Api/Address/getProvice
INFO: [ app_init ] --START--
INFO: Run Behavior\BuildLiteBehavior [ RunTime:0.000009s ]
INFO: [ app_init ] --END-- [ RunTime:0.000059s ]
INFO: [ app_begin ] --START--
INFO: Run Behavior\ReadHtmlCacheBehavior [ RunTime:0.000022s ]
INFO: [ app_begin ] --END-- [ RunTime:0.000045s ]
SQL: SHOW COLUMNS FROM `shop_city` [ RunTime:0.0004s ]
SQL: SELECT * FROM `shop_city` WHERE (  pid=0  )  [ RunTime:0.0001s ]

[ 2017-06-04T09:43:50+08:00 ] 127.0.0.1 /Api/Address/getProvice
INFO: [ app_init ] --START--
INFO: Run Behavior\BuildLiteBehavior [ RunTime:0.000009s ]
INFO: [ app_init ] --END-- [ RunTime:0.000059s ]
INFO: [ app_begin ] --START--
INFO: Run Behavior\ReadHtmlCacheBehavior [ RunTime:0.000023s ]
INFO: [ app_begin ] --END-- [ RunTime:0.000045s ]
SQL: SHOW COLUMNS FROM `shop_city` [ RunTime:0.0004s ]
SQL: SELECT * FROM `shop_city` WHERE (  pid=0  )  [ RunTime:0.0001s ]

[ 2017-06-04T09:43:59+08:00 ] 127.0.0.1 /Api/Address/getProvice
INFO: [ app_init ] --START--
INFO: Run Behavior\BuildLiteBehavior [ RunTime:0.000009s ]
INFO: [ app_init ] --END-- [ RunTime:0.000058s ]
INFO: [ app_begin ] --START--
INFO: Run Behavior\ReadHtmlCacheBehavior [ RunTime:0.000022s ]
INFO: [ app_begin ] --END-- [ RunTime:0.000045s ]
SQL: SHOW COLUMNS FROM `shop_city` [ RunTime:0.0004s ]
SQL: SELECT * FROM `shop_city` WHERE (  pid=0  )  [ RunTime:0.0001s ]

[ 2017-06-04T09:44:21+08:00 ] 127.0.0.1 /Api/Goods/hot
INFO: [ app_init ] --START--
INFO: Run Behavior\BuildLiteBehavior [ RunTime:0.000011s ]
INFO: [ app_init ] --END-- [ RunTime:0.000060s ]
INFO: [ app_begin ] --START--
INFO: Run Behavior\ReadHtmlCacheBehavior [ RunTime:0.000023s ]
INFO: [ app_begin ] --END-- [ RunTime:0.000047s ]
SQL: SHOW COLUMNS FROM `shop_goods` [ RunTime:0.0005s ]
SQL: SELECT * FROM `shop_goods` WHERE (  fid=1 and status=1 ) ORDER BY sales desc LIMIT 0,13   [ RunTime:0.0001s ]
NOTIC: [8] Undefined variable: status /var/www/html/thinkphp_shop.com/Application/Api/Controller/GoodsController.class.php 第 154 行.

[ 2017-06-04T09:44:29+08:00 ] 127.0.0.1 /Api/Address/getProvice
INFO: [ app_init ] --START--
INFO: Run Behavior\BuildLiteBehavior [ RunTime:0.000012s ]
INFO: [ app_init ] --END-- [ RunTime:0.000091s ]
INFO: [ app_begin ] --START--
INFO: Run Behavior\ReadHtmlCacheBehavior [ RunTime:0.000035s ]
INFO: [ app_begin ] --END-- [ RunTime:0.000060s ]
SQL: SHOW COLUMNS FROM `shop_city` [ RunTime:0.0004s ]
SQL: SELECT * FROM `shop_city` WHERE (  pid=0  )  [ RunTime:0.0001s ]

[ 2017-06-04T09:47:27+08:00 ] 127.0.0.1 /Api/Login/login
INFO: [ app_init ] --START--
INFO: Run Behavior\BuildLiteBehavior [ RunTime:0.000010s ]
INFO: [ app_init ] --END-- [ RunTime:0.000073s ]
INFO: [ app_begin ] --START--
INFO: Run Behavior\ReadHtmlCacheBehavior [ RunTime:0.000029s ]
INFO: [ app_begin ] --END-- [ RunTime:0.000058s ]
SQL: SHOW COLUMNS FROM `shop_user` [ RunTime:0.0004s ]
ERR: 1064:You have an error in your SQL syntax; check the manual that corresponds to your MySQL server version for the right syntax to use near ''''  ) LIMIT 1' at line 1
 [ SQL语句 ] : SELECT * FROM `shop_user` WHERE (  user=''' or email=''' or phone='''  ) LIMIT 1  
ERR: 1064:You have an error in your SQL syntax; check the manual that corresponds to your MySQL server version for the right syntax to use near ''''  ) LIMIT 1' at line 1
 [ SQL语句 ] : SELECT * FROM `shop_user` WHERE (  user=''' or email=''' or phone='''  ) LIMIT 1  

[ 2017-06-04T09:47:40+08:00 ] 127.0.0.1 /Api/Login/login
INFO: [ app_init ] --START--
INFO: Run Behavior\BuildLiteBehavior [ RunTime:0.000010s ]
INFO: [ app_init ] --END-- [ RunTime:0.000070s ]
INFO: [ app_begin ] --START--
INFO: Run Behavior\ReadHtmlCacheBehavior [ RunTime:0.000029s ]
INFO: [ app_begin ] --END-- [ RunTime:0.000056s ]
SQL: SHOW COLUMNS FROM `shop_user` [ RunTime:0.0004s ]
SQL: SELECT * FROM `shop_user` WHERE (  user='vb' or email='vb' or phone='vb'  ) LIMIT 1   [ RunTime:0.0002s ]

[ 2017-06-04T09:47:43+08:00 ] 127.0.0.1 /Api/Login/login
INFO: [ app_init ] --START--
INFO: Run Behavior\BuildLiteBehavior [ RunTime:0.000011s ]
INFO: [ app_init ] --END-- [ RunTime:0.000078s ]
INFO: [ app_begin ] --START--
INFO: Run Behavior\ReadHtmlCacheBehavior [ RunTime:0.000031s ]
INFO: [ app_begin ] --END-- [ RunTime:0.000062s ]
SQL: SHOW COLUMNS FROM `shop_user` [ RunTime:0.0005s ]
ERR: 1064:You have an error in your SQL syntax; check the manual that corresponds to your MySQL server version for the right syntax to use near ''''  ) LIMIT 1' at line 1
 [ SQL语句 ] : SELECT * FROM `shop_user` WHERE (  user=''' or email=''' or phone='''  ) LIMIT 1  
ERR: 1064:You have an error in your SQL syntax; check the manual that corresponds to your MySQL server version for the right syntax to use near ''''  ) LIMIT 1' at line 1
 [ SQL语句 ] : SELECT * FROM `shop_user` WHERE (  user=''' or email=''' or phone='''  ) LIMIT 1  

[ 2017-06-04T09:54:56+08:00 ] 127.0.0.1 /Api/Login/login
INFO: [ app_init ] --START--
INFO: Run Behavior\BuildLiteBehavior [ RunTime:0.000008s ]
INFO: [ app_init ] --END-- [ RunTime:0.000063s ]
INFO: [ app_begin ] --START--
INFO: Run Behavior\ReadHtmlCacheBehavior [ RunTime:0.000025s ]
INFO: [ app_begin ] --END-- [ RunTime:0.000050s ]
SQL: SHOW COLUMNS FROM `shop_user` [ RunTime:0.0004s ]
ERR: 1064:You have an error in your SQL syntax; check the manual that corresponds to your MySQL server version for the right syntax to use near ''''  ) LIMIT 1' at line 1
 [ SQL语句 ] : SELECT * FROM `shop_user` WHERE (  user=''' or email=''' or phone='''  ) LIMIT 1  
ERR: 1064:You have an error in your SQL syntax; check the manual that corresponds to your MySQL server version for the right syntax to use near ''''  ) LIMIT 1' at line 1
 [ SQL语句 ] : SELECT * FROM `shop_user` WHERE (  user=''' or email=''' or phone='''  ) LIMIT 1  

[ 2017-06-04T09:58:09+08:00 ] 127.0.0.1 /Api/Login/login
INFO: [ app_init ] --START--
INFO: Run Behavior\BuildLiteBehavior [ RunTime:0.000009s ]
INFO: [ app_init ] --END-- [ RunTime:0.000069s ]
INFO: [ app_begin ] --START--
INFO: Run Behavior\ReadHtmlCacheBehavior [ RunTime:0.000026s ]
INFO: [ app_begin ] --END-- [ RunTime:0.000051s ]
SQL: SHOW COLUMNS FROM `shop_user` [ RunTime:0.0004s ]
SQL: SELECT * FROM `shop_user` WHERE (  user='22' or email='22' or phone='22'  ) LIMIT 1   [ RunTime:0.0001s ]
SQL: SHOW COLUMNS FROM `shop_user_info` [ RunTime:0.0003s ]
SQL: SELECT `logo` FROM `shop_user_info` WHERE (  userid=2  ) LIMIT 1   [ RunTime:0.0000s ]
SQL: SHOW COLUMNS FROM `shop_shopcart` [ RunTime:0.0003s ]
SQL: SELECT COUNT(*) AS tp_count FROM `shop_shopcart` WHERE (  userid=2  ) LIMIT 1   [ RunTime:0.0000s ]
NOTIC: [2] setcookie() expects parameter 3 to be long, string given /var/www/html/thinkphp_shop.com/Application/Api/Controller/LoginController.class.php 第 132 行.
NOTIC: [8] Undefined variable: data /var/www/html/thinkphp_shop.com/Application/Api/Controller/LoginController.class.php 第 134 行.

[ 2017-06-04T09:58:57+08:00 ] 127.0.0.1 /Api/Address/getProvice
INFO: [ app_init ] --START--
INFO: Run Behavior\BuildLiteBehavior [ RunTime:0.000009s ]
INFO: [ app_init ] --END-- [ RunTime:0.000061s ]
INFO: [ app_begin ] --START--
INFO: Run Behavior\ReadHtmlCacheBehavior [ RunTime:0.000023s ]
INFO: [ app_begin ] --END-- [ RunTime:0.000047s ]
SQL: SHOW COLUMNS FROM `shop_city` [ RunTime:0.0004s ]
SQL: SELECT * FROM `shop_city` WHERE (  pid=0  )  [ RunTime:0.0001s ]

[ 2017-06-04T09:59:22+08:00 ] 127.0.0.1 /Api/Address/getProvice
INFO: [ app_init ] --START--
INFO: Run Behavior\BuildLiteBehavior [ RunTime:0.000009s ]
INFO: [ app_init ] --END-- [ RunTime:0.000059s ]
INFO: [ app_begin ] --START--
INFO: Run Behavior\ReadHtmlCacheBehavior [ RunTime:0.000023s ]
INFO: [ app_begin ] --END-- [ RunTime:0.000046s ]
SQL: SHOW COLUMNS FROM `shop_city` [ RunTime:0.0004s ]
SQL: SELECT * FROM `shop_city` WHERE (  pid=0  )  [ RunTime:0.0001s ]

[ 2017-06-04T10:03:13+08:00 ] 127.0.0.1 /Api/Address/getProvice
INFO: [ app_init ] --START--
INFO: Run Behavior\BuildLiteBehavior [ RunTime:0.000010s ]
INFO: [ app_init ] --END-- [ RunTime:0.000062s ]
INFO: [ app_begin ] --START--
INFO: Run Behavior\ReadHtmlCacheBehavior [ RunTime:0.000022s ]
INFO: [ app_begin ] --END-- [ RunTime:0.000046s ]
SQL: SHOW COLUMNS FROM `shop_city` [ RunTime:0.0004s ]
SQL: SELECT * FROM `shop_city` WHERE (  pid=0  )  [ RunTime:0.0001s ]

[ 2017-06-04T10:04:05+08:00 ] 127.0.0.1 //Api/Order/cartorder?adrid=3&cartid=4
INFO: [ app_init ] --START--
INFO: Run Behavior\BuildLiteBehavior [ RunTime:0.000009s ]
INFO: [ app_init ] --END-- [ RunTime:0.000062s ]
INFO: [ app_begin ] --START--
INFO: Run Behavior\ReadHtmlCacheBehavior [ RunTime:0.000028s ]
INFO: [ app_begin ] --END-- [ RunTime:0.000053s ]
SQL: SHOW COLUMNS FROM `shop_shopcart` [ RunTime:0.0004s ]
SQL: SHOW COLUMNS FROM `shop_order` [ RunTime:0.0004s ]
SQL: SHOW COLUMNS FROM `shop_goods_detail` [ RunTime:0.0004s ]
ERR: 1064:You have an error in your SQL syntax; check the manual that corresponds to your MySQL server version for the right syntax to use near ') LIMIT 1' at line 1
 [ SQL语句 ] : SELECT * FROM `shop_shopcart` WHERE (  id=  ) LIMIT 1  
ERR: 1064:You have an error in your SQL syntax; check the manual that corresponds to your MySQL server version for the right syntax to use near ') LIMIT 1' at line 1
 [ SQL语句 ] : SELECT * FROM `shop_shopcart` WHERE (  id=  ) LIMIT 1  

[ 2017-06-04T10:04:19+08:00 ] 127.0.0.1 /Api/Order/cartorder?adrid=3&cartid=4
INFO: [ app_init ] --START--
INFO: Run Behavior\BuildLiteBehavior [ RunTime:0.000009s ]
INFO: [ app_init ] --END-- [ RunTime:0.000063s ]
INFO: [ app_begin ] --START--
INFO: Run Behavior\ReadHtmlCacheBehavior [ RunTime:0.000027s ]
INFO: [ app_begin ] --END-- [ RunTime:0.000052s ]
SQL: SHOW COLUMNS FROM `shop_shopcart` [ RunTime:0.0004s ]
SQL: SHOW COLUMNS FROM `shop_order` [ RunTime:0.0004s ]
SQL: SHOW COLUMNS FROM `shop_goods_detail` [ RunTime:0.0003s ]
ERR: 1064:You have an error in your SQL syntax; check the manual that corresponds to your MySQL server version for the right syntax to use near ') LIMIT 1' at line 1
 [ SQL语句 ] : SELECT * FROM `shop_shopcart` WHERE (  id=  ) LIMIT 1  
ERR: 1064:You have an error in your SQL syntax; check the manual that corresponds to your MySQL server version for the right syntax to use near ') LIMIT 1' at line 1
 [ SQL语句 ] : SELECT * FROM `shop_shopcart` WHERE (  id=  ) LIMIT 1  

[ 2017-06-04T10:04:30+08:00 ] 127.0.0.1 /Api/Order/cartorder?adrid=3&cartid=1
INFO: [ app_init ] --START--
INFO: Run Behavior\BuildLiteBehavior [ RunTime:0.000010s ]
INFO: [ app_init ] --END-- [ RunTime:0.000063s ]
INFO: [ app_begin ] --START--
INFO: Run Behavior\ReadHtmlCacheBehavior [ RunTime:0.000027s ]
INFO: [ app_begin ] --END-- [ RunTime:0.000052s ]
SQL: SHOW COLUMNS FROM `shop_shopcart` [ RunTime:0.0004s ]
SQL: SHOW COLUMNS FROM `shop_order` [ RunTime:0.0004s ]
SQL: SHOW COLUMNS FROM `shop_goods_detail` [ RunTime:0.0003s ]
ERR: 1064:You have an error in your SQL syntax; check the manual that corresponds to your MySQL server version for the right syntax to use near ') LIMIT 1' at line 1
 [ SQL语句 ] : SELECT * FROM `shop_shopcart` WHERE (  id=  ) LIMIT 1  
ERR: 1064:You have an error in your SQL syntax; check the manual that corresponds to your MySQL server version for the right syntax to use near ') LIMIT 1' at line 1
 [ SQL语句 ] : SELECT * FROM `shop_shopcart` WHERE (  id=  ) LIMIT 1  

[ 2017-06-04T10:05:17+08:00 ] 127.0.0.1 /Api/Order/cartorder?adrid=3&id=1
INFO: [ app_init ] --START--
INFO: Run Behavior\BuildLiteBehavior [ RunTime:0.000008s ]
INFO: [ app_init ] --END-- [ RunTime:0.000061s ]
INFO: [ app_begin ] --START--
INFO: Run Behavior\ReadHtmlCacheBehavior [ RunTime:0.000027s ]
INFO: [ app_begin ] --END-- [ RunTime:0.000051s ]
SQL: SHOW COLUMNS FROM `shop_shopcart` [ RunTime:0.0004s ]
SQL: SHOW COLUMNS FROM `shop_order` [ RunTime:0.0003s ]
SQL: SHOW COLUMNS FROM `shop_goods_detail` [ RunTime:0.0003s ]
ERR: 1064:You have an error in your SQL syntax; check the manual that corresponds to your MySQL server version for the right syntax to use near ') LIMIT 1' at line 1
 [ SQL语句 ] : SELECT * FROM `shop_shopcart` WHERE (  id=  ) LIMIT 1  
ERR: 1064:You have an error in your SQL syntax; check the manual that corresponds to your MySQL server version for the right syntax to use near ') LIMIT 1' at line 1
 [ SQL语句 ] : SELECT * FROM `shop_shopcart` WHERE (  id=  ) LIMIT 1  

[ 2017-06-04T10:05:35+08:00 ] 127.0.0.1 /Api/Order/cartorder?id=1
INFO: [ app_init ] --START--
INFO: Run Behavior\BuildLiteBehavior [ RunTime:0.000009s ]
INFO: [ app_init ] --END-- [ RunTime:0.000065s ]
INFO: [ app_begin ] --START--
INFO: Run Behavior\ReadHtmlCacheBehavior [ RunTime:0.000023s ]
INFO: [ app_begin ] --END-- [ RunTime:0.000047s ]
SQL: SHOW COLUMNS FROM `shop_shopcart` [ RunTime:0.0004s ]
SQL: SHOW COLUMNS FROM `shop_order` [ RunTime:0.0003s ]
SQL: SHOW COLUMNS FROM `shop_goods_detail` [ RunTime:0.0003s ]
ERR: 1064:You have an error in your SQL syntax; check the manual that corresponds to your MySQL server version for the right syntax to use near ') LIMIT 1' at line 1
 [ SQL语句 ] : SELECT * FROM `shop_shopcart` WHERE (  id=  ) LIMIT 1  
ERR: 1064:You have an error in your SQL syntax; check the manual that corresponds to your MySQL server version for the right syntax to use near ') LIMIT 1' at line 1
 [ SQL语句 ] : SELECT * FROM `shop_shopcart` WHERE (  id=  ) LIMIT 1  

[ 2017-06-04T10:05:49+08:00 ] 127.0.0.1 /Api/Order/cartorder?id=1
INFO: [ app_init ] --START--
INFO: Run Behavior\BuildLiteBehavior [ RunTime:0.000018s ]
INFO: [ app_init ] --END-- [ RunTime:0.000137s ]
INFO: [ app_begin ] --START--
INFO: Run Behavior\ReadHtmlCacheBehavior [ RunTime:0.000045s ]
INFO: [ app_begin ] --END-- [ RunTime:0.000084s ]
SQL: SHOW COLUMNS FROM `shop_shopcart` [ RunTime:0.0004s ]
SQL: SHOW COLUMNS FROM `shop_order` [ RunTime:0.0004s ]
SQL: SHOW COLUMNS FROM `shop_goods_detail` [ RunTime:0.0003s ]
ERR: 1064:You have an error in your SQL syntax; check the manual that corresponds to your MySQL server version for the right syntax to use near ') LIMIT 1' at line 1
 [ SQL语句 ] : SELECT * FROM `shop_shopcart` WHERE (  id=  ) LIMIT 1  
ERR: 1064:You have an error in your SQL syntax; check the manual that corresponds to your MySQL server version for the right syntax to use near ') LIMIT 1' at line 1
 [ SQL语句 ] : SELECT * FROM `shop_shopcart` WHERE (  id=  ) LIMIT 1  

[ 2017-06-04T10:06:12+08:00 ] 127.0.0.1 /Api/Address/getProvice
INFO: [ app_init ] --START--
INFO: Run Behavior\BuildLiteBehavior [ RunTime:0.000008s ]
INFO: [ app_init ] --END-- [ RunTime:0.000059s ]
INFO: [ app_begin ] --START--
INFO: Run Behavior\ReadHtmlCacheBehavior [ RunTime:0.000022s ]
INFO: [ app_begin ] --END-- [ RunTime:0.000045s ]
SQL: SHOW COLUMNS FROM `shop_city` [ RunTime:0.0004s ]
SQL: SELECT * FROM `shop_city` WHERE (  pid=0  )  [ RunTime:0.0001s ]

[ 2017-06-04T10:06:24+08:00 ] 127.0.0.1 /Api/Address/getProvice
INFO: [ app_init ] --START--
INFO: Run Behavior\BuildLiteBehavior [ RunTime:0.000009s ]
INFO: [ app_init ] --END-- [ RunTime:0.000061s ]
INFO: [ app_begin ] --START--
INFO: Run Behavior\ReadHtmlCacheBehavior [ RunTime:0.000023s ]
INFO: [ app_begin ] --END-- [ RunTime:0.000045s ]
SQL: SHOW COLUMNS FROM `shop_city` [ RunTime:0.0004s ]
SQL: SELECT * FROM `shop_city` WHERE (  pid=0  )  [ RunTime:0.0001s ]

[ 2017-06-04T10:07:18+08:00 ] 127.0.0.1 /Api/Order/cartorder?cartid=1
INFO: [ app_init ] --START--
INFO: Run Behavior\BuildLiteBehavior [ RunTime:0.000009s ]
INFO: [ app_init ] --END-- [ RunTime:0.000062s ]
INFO: [ app_begin ] --START--
INFO: Run Behavior\ReadHtmlCacheBehavior [ RunTime:0.000026s ]
INFO: [ app_begin ] --END-- [ RunTime:0.000050s ]
SQL: SHOW COLUMNS FROM `shop_shopcart` [ RunTime:0.0004s ]
SQL: SHOW COLUMNS FROM `shop_order` [ RunTime:0.0004s ]
SQL: SHOW COLUMNS FROM `shop_goods_detail` [ RunTime:0.0005s ]
ERR: 1064:You have an error in your SQL syntax; check the manual that corresponds to your MySQL server version for the right syntax to use near ') LIMIT 1' at line 1
 [ SQL语句 ] : SELECT * FROM `shop_shopcart` WHERE (  id=  ) LIMIT 1  
ERR: 1064:You have an error in your SQL syntax; check the manual that corresponds to your MySQL server version for the right syntax to use near ') LIMIT 1' at line 1
 [ SQL语句 ] : SELECT * FROM `shop_shopcart` WHERE (  id=  ) LIMIT 1  

[ 2017-06-04T10:10:24+08:00 ] 127.0.0.1 /Api/Order/cartorder?cartid=1
INFO: [ app_init ] --START--
INFO: Run Behavior\BuildLiteBehavior [ RunTime:0.000008s ]
INFO: [ app_init ] --END-- [ RunTime:0.000063s ]
INFO: [ app_begin ] --START--
INFO: Run Behavior\ReadHtmlCacheBehavior [ RunTime:0.000027s ]
INFO: [ app_begin ] --END-- [ RunTime:0.000052s ]
SQL: SHOW COLUMNS FROM `shop_shopcart` [ RunTime:0.0004s ]
SQL: SHOW COLUMNS FROM `shop_order` [ RunTime:0.0006s ]
SQL: SHOW COLUMNS FROM `shop_goods_detail` [ RunTime:0.0004s ]
ERR: 1064:You have an error in your SQL syntax; check the manual that corresponds to your MySQL server version for the right syntax to use near ') LIMIT 1' at line 1
 [ SQL语句 ] : SELECT * FROM `shop_shopcart` WHERE (  id=  ) LIMIT 1  
ERR: 1064:You have an error in your SQL syntax; check the manual that corresponds to your MySQL server version for the right syntax to use near ') LIMIT 1' at line 1
 [ SQL语句 ] : SELECT * FROM `shop_shopcart` WHERE (  id=  ) LIMIT 1  

[ 2017-06-04T10:10:40+08:00 ] 127.0.0.1 /Api/Order/cartorder?cartid=1
INFO: [ app_init ] --START--
INFO: Run Behavior\BuildLiteBehavior [ RunTime:0.000010s ]
INFO: [ app_init ] --END-- [ RunTime:0.000075s ]
INFO: [ app_begin ] --START--
INFO: Run Behavior\ReadHtmlCacheBehavior [ RunTime:0.000029s ]
INFO: [ app_begin ] --END-- [ RunTime:0.000060s ]
SQL: SHOW COLUMNS FROM `shop_shopcart` [ RunTime:0.0004s ]
SQL: SHOW COLUMNS FROM `shop_order` [ RunTime:0.0004s ]
SQL: SHOW COLUMNS FROM `shop_goods_detail` [ RunTime:0.0004s ]
ERR: 1064:You have an error in your SQL syntax; check the manual that corresponds to your MySQL server version for the right syntax to use near ') LIMIT 1' at line 1
 [ SQL语句 ] : SELECT * FROM `shop_shopcart` WHERE (  id=  ) LIMIT 1  
ERR: 1064:You have an error in your SQL syntax; check the manual that corresponds to your MySQL server version for the right syntax to use near ') LIMIT 1' at line 1
 [ SQL语句 ] : SELECT * FROM `shop_shopcart` WHERE (  id=  ) LIMIT 1  

[ 2017-06-04T10:33:55+08:00 ] 127.0.0.1 /Api/Goods/hot
INFO: [ app_init ] --START--
INFO: Run Behavior\BuildLiteBehavior [ RunTime:0.000009s ]
INFO: [ app_init ] --END-- [ RunTime:0.000065s ]
INFO: [ app_begin ] --START--
INFO: Run Behavior\ReadHtmlCacheBehavior [ RunTime:0.000025s ]
INFO: [ app_begin ] --END-- [ RunTime:0.000047s ]
SQL: SHOW COLUMNS FROM `shop_goods` [ RunTime:0.0005s ]
SQL: SELECT * FROM `shop_goods` WHERE (  fid=1 and status=1 ) ORDER BY sales desc LIMIT 0,13   [ RunTime:0.0001s ]
NOTIC: [8] Undefined variable: status /var/www/html/thinkphp_shop.com/Application/Api/Controller/GoodsController.class.php 第 154 行.

[ 2017-06-04T10:34:08+08:00 ] 127.0.0.1 /Api/Goods/hot
INFO: [ app_init ] --START--
INFO: Run Behavior\BuildLiteBehavior [ RunTime:0.000009s ]
INFO: [ app_init ] --END-- [ RunTime:0.000061s ]
INFO: [ app_begin ] --START--
INFO: Run Behavior\ReadHtmlCacheBehavior [ RunTime:0.000023s ]
INFO: [ app_begin ] --END-- [ RunTime:0.000047s ]
SQL: SHOW COLUMNS FROM `shop_goods` [ RunTime:0.0005s ]
SQL: SELECT * FROM `shop_goods` WHERE (  fid=1 and status=1 ) ORDER BY sales desc LIMIT 0,13   [ RunTime:0.0001s ]
NOTIC: [8] Undefined variable: status /var/www/html/thinkphp_shop.com/Application/Api/Controller/GoodsController.class.php 第 154 行.

[ 2017-06-04T10:34:16+08:00 ] 127.0.0.1 /Api/Login/login
INFO: [ app_init ] --START--
INFO: Run Behavior\BuildLiteBehavior [ RunTime:0.000010s ]
INFO: [ app_init ] --END-- [ RunTime:0.000071s ]
INFO: [ app_begin ] --START--
INFO: Run Behavior\ReadHtmlCacheBehavior [ RunTime:0.000027s ]
INFO: [ app_begin ] --END-- [ RunTime:0.000054s ]
SQL: SHOW COLUMNS FROM `shop_user` [ RunTime:0.0005s ]
ERR: 1064:You have an error in your SQL syntax; check the manual that corresponds to your MySQL server version for the right syntax to use near ''''  ) LIMIT 1' at line 1
 [ SQL语句 ] : SELECT * FROM `shop_user` WHERE (  user=''' or email=''' or phone='''  ) LIMIT 1  
ERR: 1064:You have an error in your SQL syntax; check the manual that corresponds to your MySQL server version for the right syntax to use near ''''  ) LIMIT 1' at line 1
 [ SQL语句 ] : SELECT * FROM `shop_user` WHERE (  user=''' or email=''' or phone='''  ) LIMIT 1  

[ 2017-06-04T10:34:20+08:00 ] 127.0.0.1 /Api/Login/login
INFO: [ app_init ] --START--
INFO: Run Behavior\BuildLiteBehavior [ RunTime:0.000009s ]
INFO: [ app_init ] --END-- [ RunTime:0.000068s ]
INFO: [ app_begin ] --START--
INFO: Run Behavior\ReadHtmlCacheBehavior [ RunTime:0.000027s ]
INFO: [ app_begin ] --END-- [ RunTime:0.000055s ]
SQL: SHOW COLUMNS FROM `shop_user` [ RunTime:0.0004s ]
ERR: 1064:You have an error in your SQL syntax; check the manual that corresponds to your MySQL server version for the right syntax to use near ''''  ) LIMIT 1' at line 1
 [ SQL语句 ] : SELECT * FROM `shop_user` WHERE (  user=''' or email=''' or phone='''  ) LIMIT 1  
ERR: 1064:You have an error in your SQL syntax; check the manual that corresponds to your MySQL server version for the right syntax to use near ''''  ) LIMIT 1' at line 1
 [ SQL语句 ] : SELECT * FROM `shop_user` WHERE (  user=''' or email=''' or phone='''  ) LIMIT 1  

[ 2017-06-04T10:35:02+08:00 ] 127.0.0.1 /Api/Login/login
INFO: [ app_init ] --START--
INFO: Run Behavior\BuildLiteBehavior [ RunTime:0.000009s ]
INFO: [ app_init ] --END-- [ RunTime:0.000068s ]
INFO: [ app_begin ] --START--
INFO: Run Behavior\ReadHtmlCacheBehavior [ RunTime:0.000034s ]
INFO: [ app_begin ] --END-- [ RunTime:0.000058s ]
SQL: SHOW COLUMNS FROM `shop_user` [ RunTime:0.0005s ]
ERR: 1064:You have an error in your SQL syntax; check the manual that corresponds to your MySQL server version for the right syntax to use near ''''  ) LIMIT 1' at line 1
 [ SQL语句 ] : SELECT * FROM `shop_user` WHERE (  user=''' or email=''' or phone='''  ) LIMIT 1  
ERR: 1064:You have an error in your SQL syntax; check the manual that corresponds to your MySQL server version for the right syntax to use near ''''  ) LIMIT 1' at line 1
 [ SQL语句 ] : SELECT * FROM `shop_user` WHERE (  user=''' or email=''' or phone='''  ) LIMIT 1  

[ 2017-06-04T10:35:32+08:00 ] 127.0.0.1 /Api/Login/login
INFO: [ app_init ] --START--
INFO: Run Behavior\BuildLiteBehavior [ RunTime:0.000014s ]
INFO: [ app_init ] --END-- [ RunTime:0.000145s ]
INFO: [ app_begin ] --START--
INFO: Run Behavior\ReadHtmlCacheBehavior [ RunTime:0.000034s ]
INFO: [ app_begin ] --END-- [ RunTime:0.000068s ]
SQL: SHOW COLUMNS FROM `shop_user` [ RunTime:0.0005s ]
ERR: 1064:You have an error in your SQL syntax; check the manual that corresponds to your MySQL server version for the right syntax to use near ''''  ) LIMIT 1' at line 1
 [ SQL语句 ] : SELECT * FROM `shop_user` WHERE (  user=''' or email=''' or phone='''  ) LIMIT 1  
ERR: 1064:You have an error in your SQL syntax; check the manual that corresponds to your MySQL server version for the right syntax to use near ''''  ) LIMIT 1' at line 1
 [ SQL语句 ] : SELECT * FROM `shop_user` WHERE (  user=''' or email=''' or phone='''  ) LIMIT 1  

[ 2017-06-04T10:35:53+08:00 ] 127.0.0.1 /Api/Login/login
INFO: [ app_init ] --START--
INFO: Run Behavior\BuildLiteBehavior [ RunTime:0.000021s ]
INFO: [ app_init ] --END-- [ RunTime:0.000137s ]
INFO: [ app_begin ] --START--
INFO: Run Behavior\ReadHtmlCacheBehavior [ RunTime:0.000061s ]
INFO: [ app_begin ] --END-- [ RunTime:0.000118s ]
SQL: SHOW COLUMNS FROM `shop_user` [ RunTime:0.0009s ]
ERR: 1064:You have an error in your SQL syntax; check the manual that corresponds to your MySQL server version for the right syntax to use near ''''  ) LIMIT 1' at line 1
 [ SQL语句 ] : SELECT * FROM `shop_user` WHERE (  user=''' or email=''' or phone='''  ) LIMIT 1  
ERR: 1064:You have an error in your SQL syntax; check the manual that corresponds to your MySQL server version for the right syntax to use near ''''  ) LIMIT 1' at line 1
 [ SQL语句 ] : SELECT * FROM `shop_user` WHERE (  user=''' or email=''' or phone='''  ) LIMIT 1  

[ 2017-06-04T10:36:07+08:00 ] 127.0.0.1 /Api/Login/login
INFO: [ app_init ] --START--
INFO: Run Behavior\BuildLiteBehavior [ RunTime:0.000014s ]
INFO: [ app_init ] --END-- [ RunTime:0.000107s ]
INFO: [ app_begin ] --START--
INFO: Run Behavior\ReadHtmlCacheBehavior [ RunTime:0.000042s ]
INFO: [ app_begin ] --END-- [ RunTime:0.000086s ]
SQL: SHOW COLUMNS FROM `shop_user` [ RunTime:0.0006s ]
ERR: 1064:You have an error in your SQL syntax; check the manual that corresponds to your MySQL server version for the right syntax to use near ''''  ) LIMIT 1' at line 1
 [ SQL语句 ] : SELECT * FROM `shop_user` WHERE (  user=''' or email=''' or phone='''  ) LIMIT 1  
ERR: 1064:You have an error in your SQL syntax; check the manual that corresponds to your MySQL server version for the right syntax to use near ''''  ) LIMIT 1' at line 1
 [ SQL语句 ] : SELECT * FROM `shop_user` WHERE (  user=''' or email=''' or phone='''  ) LIMIT 1  

[ 2017-06-04T11:08:25+08:00 ] 127.0.0.1 /Api/Login/login
INFO: [ app_init ] --START--
INFO: Run Behavior\BuildLiteBehavior [ RunTime:0.000017s ]
INFO: [ app_init ] --END-- [ RunTime:0.000135s ]
INFO: [ app_begin ] --START--
INFO: Run Behavior\ReadHtmlCacheBehavior [ RunTime:0.000027s ]
INFO: [ app_begin ] --END-- [ RunTime:0.000062s ]
SQL: SHOW COLUMNS FROM `shop_user` [ RunTime:0.0010s ]
SQL: SELECT * FROM `shop_user` WHERE (  user='or ' or email='or ' or phone='or '  ) LIMIT 1   [ RunTime:0.0006s ]

[ 2017-06-04T11:08:32+08:00 ] 127.0.0.1 /Api/Login/login
INFO: [ app_init ] --START--
INFO: Run Behavior\BuildLiteBehavior [ RunTime:0.000012s ]
INFO: [ app_init ] --END-- [ RunTime:0.000082s ]
INFO: [ app_begin ] --START--
INFO: Run Behavior\ReadHtmlCacheBehavior [ RunTime:0.000085s ]
INFO: [ app_begin ] --END-- [ RunTime:0.000161s ]
SQL: SHOW COLUMNS FROM `shop_user` [ RunTime:0.0005s ]
SQL: SELECT * FROM `shop_user` WHERE (  user='' 'or ' or email='' 'or ' or phone='' 'or '  ) LIMIT 1   [ RunTime:0.0003s ]

[ 2017-06-04T11:08:36+08:00 ] 127.0.0.1 /Api/Login/login
INFO: [ app_init ] --START--
INFO: Run Behavior\BuildLiteBehavior [ RunTime:0.000013s ]
INFO: [ app_init ] --END-- [ RunTime:0.000093s ]
INFO: [ app_begin ] --START--
INFO: Run Behavior\ReadHtmlCacheBehavior [ RunTime:0.000040s ]
INFO: [ app_begin ] --END-- [ RunTime:0.000088s ]
SQL: SHOW COLUMNS FROM `shop_user` [ RunTime:0.0011s ]
SQL: SELECT * FROM `shop_user` WHERE (  user='''or ' or email='''or ' or phone='''or '  ) LIMIT 1   [ RunTime:0.0003s ]

[ 2017-06-04T11:08:41+08:00 ] 127.0.0.1 /Api/Login/login
INFO: [ app_init ] --START--
INFO: Run Behavior\BuildLiteBehavior [ RunTime:0.000012s ]
INFO: [ app_init ] --END-- [ RunTime:0.000083s ]
INFO: [ app_begin ] --START--
INFO: Run Behavior\ReadHtmlCacheBehavior [ RunTime:0.000032s ]
INFO: [ app_begin ] --END-- [ RunTime:0.000064s ]
SQL: SHOW COLUMNS FROM `shop_user` [ RunTime:0.0005s ]
ERR: 1064:You have an error in your SQL syntax; check the manual that corresponds to your MySQL server version for the right syntax to use near ''  ) LIMIT 1' at line 1
 [ SQL语句 ] : SELECT * FROM `shop_user` WHERE (  user='' or ' or email='' or ' or phone='' or '  ) LIMIT 1  
ERR: 1064:You have an error in your SQL syntax; check the manual that corresponds to your MySQL server version for the right syntax to use near ''  ) LIMIT 1' at line 1
 [ SQL语句 ] : SELECT * FROM `shop_user` WHERE (  user='' or ' or email='' or ' or phone='' or '  ) LIMIT 1  

[ 2017-06-04T11:08:46+08:00 ] 127.0.0.1 /Api/Login/login
INFO: [ app_init ] --START--
INFO: Run Behavior\BuildLiteBehavior [ RunTime:0.000019s ]
INFO: [ app_init ] --END-- [ RunTime:0.000137s ]
INFO: [ app_begin ] --START--
INFO: Run Behavior\ReadHtmlCacheBehavior [ RunTime:0.000060s ]
INFO: [ app_begin ] --END-- [ RunTime:0.000117s ]
SQL: SHOW COLUMNS FROM `shop_user` [ RunTime:0.0004s ]
ERR: 1064:You have an error in your SQL syntax; check the manual that corresponds to your MySQL server version for the right syntax to use near ''  ) LIMIT 1' at line 1
 [ SQL语句 ] : SELECT * FROM `shop_user` WHERE (  user='' or ' or email='' or ' or phone='' or '  ) LIMIT 1  
ERR: 1064:You have an error in your SQL syntax; check the manual that corresponds to your MySQL server version for the right syntax to use near ''  ) LIMIT 1' at line 1
 [ SQL语句 ] : SELECT * FROM `shop_user` WHERE (  user='' or ' or email='' or ' or phone='' or '  ) LIMIT 1  

[ 2017-06-04T11:09:53+08:00 ] 127.0.0.1 /Api/Goods/hot
INFO: [ app_init ] --START--
INFO: Run Behavior\BuildLiteBehavior [ RunTime:0.000009s ]
INFO: [ app_init ] --END-- [ RunTime:0.000060s ]
INFO: [ app_begin ] --START--
INFO: Run Behavior\ReadHtmlCacheBehavior [ RunTime:0.000023s ]
INFO: [ app_begin ] --END-- [ RunTime:0.000047s ]
SQL: SHOW COLUMNS FROM `shop_goods` [ RunTime:0.0005s ]
SQL: SELECT * FROM `shop_goods` WHERE (  fid=1 and status=1 ) ORDER BY sales desc LIMIT 0,13   [ RunTime:0.0001s ]
NOTIC: [8] Undefined variable: status /var/www/html/thinkphp_shop.com/Application/Api/Controller/GoodsController.class.php 第 154 行.

[ 2017-06-04T15:32:48+08:00 ] 127.0.0.1 /Api/Goods/hot
INFO: [ app_init ] --START--
INFO: Run Behavior\BuildLiteBehavior [ RunTime:0.000010s ]
INFO: [ app_init ] --END-- [ RunTime:0.000065s ]
INFO: [ app_begin ] --START--
INFO: Run Behavior\ReadHtmlCacheBehavior [ RunTime:0.000026s ]
INFO: [ app_begin ] --END-- [ RunTime:0.000057s ]
SQL: SHOW COLUMNS FROM `shop_goods` [ RunTime:0.0005s ]
SQL: SELECT * FROM `shop_goods` WHERE (  fid=1 and status=1 ) ORDER BY sales desc LIMIT 0,13   [ RunTime:0.0001s ]
NOTIC: [8] Undefined variable: status /var/www/html/thinkphp_shop.com/Application/Api/Controller/GoodsController.class.php 第 154 行.

[ 2017-06-04T15:32:50+08:00 ] 127.0.0.1 /Api/Goods/hot
INFO: [ app_init ] --START--
INFO: Run Behavior\BuildLiteBehavior [ RunTime:0.000009s ]
INFO: [ app_init ] --END-- [ RunTime:0.000060s ]
INFO: [ app_begin ] --START--
INFO: Run Behavior\ReadHtmlCacheBehavior [ RunTime:0.000023s ]
INFO: [ app_begin ] --END-- [ RunTime:0.000046s ]
SQL: SHOW COLUMNS FROM `shop_goods` [ RunTime:0.0005s ]
SQL: SELECT * FROM `shop_goods` WHERE (  fid=1 and status=1 ) ORDER BY sales desc LIMIT 0,13   [ RunTime:0.0001s ]
NOTIC: [8] Undefined variable: status /var/www/html/thinkphp_shop.com/Application/Api/Controller/GoodsController.class.php 第 154 行.

[ 2017-06-04T15:32:51+08:00 ] 127.0.0.1 /Api/Goods/hot
INFO: [ app_init ] --START--
INFO: Run Behavior\BuildLiteBehavior [ RunTime:0.000008s ]
INFO: [ app_init ] --END-- [ RunTime:0.000055s ]
INFO: [ app_begin ] --START--
INFO: Run Behavior\ReadHtmlCacheBehavior [ RunTime:0.000020s ]
INFO: [ app_begin ] --END-- [ RunTime:0.000042s ]
SQL: SHOW COLUMNS FROM `shop_goods` [ RunTime:0.0005s ]
SQL: SELECT * FROM `shop_goods` WHERE (  fid=1 and status=1 ) ORDER BY sales desc LIMIT 0,13   [ RunTime:0.0001s ]
NOTIC: [8] Undefined variable: status /var/www/html/thinkphp_shop.com/Application/Api/Controller/GoodsController.class.php 第 154 行.

[ 2017-06-04T15:32:53+08:00 ] 127.0.0.1 /Api/Goods/hot
INFO: [ app_init ] --START--
INFO: Run Behavior\BuildLiteBehavior [ RunTime:0.000009s ]
INFO: [ app_init ] --END-- [ RunTime:0.000055s ]
INFO: [ app_begin ] --START--
INFO: Run Behavior\ReadHtmlCacheBehavior [ RunTime:0.000020s ]
INFO: [ app_begin ] --END-- [ RunTime:0.000042s ]
SQL: SHOW COLUMNS FROM `shop_goods` [ RunTime:0.0005s ]
SQL: SELECT * FROM `shop_goods` WHERE (  fid=1 and status=1 ) ORDER BY sales desc LIMIT 0,13   [ RunTime:0.0001s ]
NOTIC: [8] Undefined variable: status /var/www/html/thinkphp_shop.com/Application/Api/Controller/GoodsController.class.php 第 154 行.

[ 2017-06-04T15:32:54+08:00 ] 127.0.0.1 /Api/Goods/hot
INFO: [ app_init ] --START--
INFO: Run Behavior\BuildLiteBehavior [ RunTime:0.000008s ]
INFO: [ app_init ] --END-- [ RunTime:0.000060s ]
INFO: [ app_begin ] --START--
INFO: Run Behavior\ReadHtmlCacheBehavior [ RunTime:0.000023s ]
INFO: [ app_begin ] --END-- [ RunTime:0.000046s ]
SQL: SHOW COLUMNS FROM `shop_goods` [ RunTime:0.0005s ]
SQL: SELECT * FROM `shop_goods` WHERE (  fid=1 and status=1 ) ORDER BY sales desc LIMIT 0,13   [ RunTime:0.0001s ]
NOTIC: [8] Undefined variable: status /var/www/html/thinkphp_shop.com/Application/Api/Controller/GoodsController.class.php 第 154 行.

[ 2017-06-04T15:32:55+08:00 ] 127.0.0.1 /Api/Goods/hot
INFO: [ app_init ] --START--
INFO: Run Behavior\BuildLiteBehavior [ RunTime:0.000010s ]
INFO: [ app_init ] --END-- [ RunTime:0.000060s ]
INFO: [ app_begin ] --START--
INFO: Run Behavior\ReadHtmlCacheBehavior [ RunTime:0.000023s ]
INFO: [ app_begin ] --END-- [ RunTime:0.000047s ]
SQL: SHOW COLUMNS FROM `shop_goods` [ RunTime:0.0005s ]
SQL: SELECT * FROM `shop_goods` WHERE (  fid=1 and status=1 ) ORDER BY sales desc LIMIT 0,13   [ RunTime:0.0001s ]
NOTIC: [8] Undefined variable: status /var/www/html/thinkphp_shop.com/Application/Api/Controller/GoodsController.class.php 第 154 行.

[ 2017-06-04T15:32:56+08:00 ] 127.0.0.1 /Api/Goods/hot
INFO: [ app_init ] --START--
INFO: Run Behavior\BuildLiteBehavior [ RunTime:0.000009s ]
INFO: [ app_init ] --END-- [ RunTime:0.000060s ]
INFO: [ app_begin ] --START--
INFO: Run Behavior\ReadHtmlCacheBehavior [ RunTime:0.000023s ]
INFO: [ app_begin ] --END-- [ RunTime:0.000047s ]
SQL: SHOW COLUMNS FROM `shop_goods` [ RunTime:0.0005s ]
SQL: SELECT * FROM `shop_goods` WHERE (  fid=1 and status=1 ) ORDER BY sales desc LIMIT 0,13   [ RunTime:0.0001s ]
NOTIC: [8] Undefined variable: status /var/www/html/thinkphp_shop.com/Application/Api/Controller/GoodsController.class.php 第 154 行.

[ 2017-06-04T15:32:57+08:00 ] 127.0.0.1 /Api/Goods/hot
INFO: [ app_init ] --START--
INFO: Run Behavior\BuildLiteBehavior [ RunTime:0.000009s ]
INFO: [ app_init ] --END-- [ RunTime:0.000061s ]
INFO: [ app_begin ] --START--
INFO: Run Behavior\ReadHtmlCacheBehavior [ RunTime:0.000022s ]
INFO: [ app_begin ] --END-- [ RunTime:0.000046s ]
SQL: SHOW COLUMNS FROM `shop_goods` [ RunTime:0.0005s ]
SQL: SELECT * FROM `shop_goods` WHERE (  fid=1 and status=1 ) ORDER BY sales desc LIMIT 0,13   [ RunTime:0.0001s ]
NOTIC: [8] Undefined variable: status /var/www/html/thinkphp_shop.com/Application/Api/Controller/GoodsController.class.php 第 154 行.

[ 2017-06-04T15:32:58+08:00 ] 127.0.0.1 /Api/Goods/hot
INFO: [ app_init ] --START--
INFO: Run Behavior\BuildLiteBehavior [ RunTime:0.000009s ]
INFO: [ app_init ] --END-- [ RunTime:0.000061s ]
INFO: [ app_begin ] --START--
INFO: Run Behavior\ReadHtmlCacheBehavior [ RunTime:0.000023s ]
INFO: [ app_begin ] --END-- [ RunTime:0.000046s ]
SQL: SHOW COLUMNS FROM `shop_goods` [ RunTime:0.0005s ]
SQL: SELECT * FROM `shop_goods` WHERE (  fid=1 and status=1 ) ORDER BY sales desc LIMIT 0,13   [ RunTime:0.0001s ]
NOTIC: [8] Undefined variable: status /var/www/html/thinkphp_shop.com/Application/Api/Controller/GoodsController.class.php 第 154 行.

[ 2017-06-04T15:32:58+08:00 ] 127.0.0.1 /Api/Goods/hot
INFO: [ app_init ] --START--
INFO: Run Behavior\BuildLiteBehavior [ RunTime:0.000010s ]
INFO: [ app_init ] --END-- [ RunTime:0.000061s ]
INFO: [ app_begin ] --START--
INFO: Run Behavior\ReadHtmlCacheBehavior [ RunTime:0.000022s ]
INFO: [ app_begin ] --END-- [ RunTime:0.000046s ]
SQL: SHOW COLUMNS FROM `shop_goods` [ RunTime:0.0005s ]
SQL: SELECT * FROM `shop_goods` WHERE (  fid=1 and status=1 ) ORDER BY sales desc LIMIT 0,13   [ RunTime:0.0001s ]
NOTIC: [8] Undefined variable: status /var/www/html/thinkphp_shop.com/Application/Api/Controller/GoodsController.class.php 第 154 行.

[ 2017-06-04T15:32:59+08:00 ] 127.0.0.1 /Api/Goods/hot
INFO: [ app_init ] --START--
INFO: Run Behavior\BuildLiteBehavior [ RunTime:0.000009s ]
INFO: [ app_init ] --END-- [ RunTime:0.000060s ]
INFO: [ app_begin ] --START--
INFO: Run Behavior\ReadHtmlCacheBehavior [ RunTime:0.000023s ]
INFO: [ app_begin ] --END-- [ RunTime:0.000046s ]
SQL: SHOW COLUMNS FROM `shop_goods` [ RunTime:0.0005s ]
SQL: SELECT * FROM `shop_goods` WHERE (  fid=1 and status=1 ) ORDER BY sales desc LIMIT 0,13   [ RunTime:0.0001s ]
NOTIC: [8] Undefined variable: status /var/www/html/thinkphp_shop.com/Application/Api/Controller/GoodsController.class.php 第 154 行.

[ 2017-06-04T15:33:00+08:00 ] 127.0.0.1 /Api/Goods/hot
INFO: [ app_init ] --START--
INFO: Run Behavior\BuildLiteBehavior [ RunTime:0.000009s ]
INFO: [ app_init ] --END-- [ RunTime:0.000060s ]
INFO: [ app_begin ] --START--
INFO: Run Behavior\ReadHtmlCacheBehavior [ RunTime:0.000022s ]
INFO: [ app_begin ] --END-- [ RunTime:0.000045s ]
SQL: SHOW COLUMNS FROM `shop_goods` [ RunTime:0.0005s ]
SQL: SELECT * FROM `shop_goods` WHERE (  fid=1 and status=1 ) ORDER BY sales desc LIMIT 0,13   [ RunTime:0.0001s ]
NOTIC: [8] Undefined variable: status /var/www/html/thinkphp_shop.com/Application/Api/Controller/GoodsController.class.php 第 154 行.

[ 2017-06-04T15:35:49+08:00 ] 127.0.0.1 /Api/Goods/hot
INFO: [ app_init ] --START--
INFO: Run Behavior\BuildLiteBehavior [ RunTime:0.000010s ]
INFO: [ app_init ] --END-- [ RunTime:0.000061s ]
INFO: [ app_begin ] --START--
INFO: Run Behavior\ReadHtmlCacheBehavior [ RunTime:0.000023s ]
INFO: [ app_begin ] --END-- [ RunTime:0.000047s ]
SQL: SHOW COLUMNS FROM `shop_goods` [ RunTime:0.0005s ]
SQL: SELECT * FROM `shop_goods` WHERE (  fid=1 and status=1 ) ORDER BY sales desc LIMIT 0,13   [ RunTime:0.0001s ]
NOTIC: [8] Undefined variable: status /var/www/html/thinkphp_shop.com/Application/Api/Controller/GoodsController.class.php 第 154 行.

[ 2017-06-04T15:55:36+08:00 ] 127.0.0.1 /Api/Goods/hot
INFO: [ app_init ] --START--
INFO: Run Behavior\BuildLiteBehavior [ RunTime:0.000007s ]
INFO: [ app_init ] --END-- [ RunTime:0.000055s ]
INFO: [ app_begin ] --START--
INFO: Run Behavior\ReadHtmlCacheBehavior [ RunTime:0.000020s ]
INFO: [ app_begin ] --END-- [ RunTime:0.000042s ]
SQL: SHOW COLUMNS FROM `shop_goods` [ RunTime:0.0004s ]
SQL: SELECT * FROM `shop_goods` WHERE (  fid=1 and status=1 ) ORDER BY sales desc LIMIT 0,13   [ RunTime:0.0001s ]
NOTIC: [8] Undefined variable: status /var/www/html/thinkphp_shop.com/Application/Api/Controller/GoodsController.class.php 第 154 行.

[ 2017-06-04T15:55:38+08:00 ] 127.0.0.1 /Api/Goods/hot
INFO: [ app_init ] --START--
INFO: Run Behavior\BuildLiteBehavior [ RunTime:0.000010s ]
INFO: [ app_init ] --END-- [ RunTime:0.000060s ]
INFO: [ app_begin ] --START--
INFO: Run Behavior\ReadHtmlCacheBehavior [ RunTime:0.000023s ]
INFO: [ app_begin ] --END-- [ RunTime:0.000047s ]
SQL: SHOW COLUMNS FROM `shop_goods` [ RunTime:0.0005s ]
SQL: SELECT * FROM `shop_goods` WHERE (  fid=1 and status=1 ) ORDER BY sales desc LIMIT 0,13   [ RunTime:0.0001s ]
NOTIC: [8] Undefined variable: status /var/www/html/thinkphp_shop.com/Application/Api/Controller/GoodsController.class.php 第 154 行.

[ 2017-06-04T15:55:39+08:00 ] 127.0.0.1 /Api/Goods/hot
INFO: [ app_init ] --START--
INFO: Run Behavior\BuildLiteBehavior [ RunTime:0.000010s ]
INFO: [ app_init ] --END-- [ RunTime:0.000060s ]
INFO: [ app_begin ] --START--
INFO: Run Behavior\ReadHtmlCacheBehavior [ RunTime:0.000022s ]
INFO: [ app_begin ] --END-- [ RunTime:0.000047s ]
SQL: SHOW COLUMNS FROM `shop_goods` [ RunTime:0.0005s ]
SQL: SELECT * FROM `shop_goods` WHERE (  fid=1 and status=1 ) ORDER BY sales desc LIMIT 0,13   [ RunTime:0.0001s ]
NOTIC: [8] Undefined variable: status /var/www/html/thinkphp_shop.com/Application/Api/Controller/GoodsController.class.php 第 154 行.

[ 2017-06-04T15:55:39+08:00 ] 127.0.0.1 /Api/Goods/hot
INFO: [ app_init ] --START--
INFO: Run Behavior\BuildLiteBehavior [ RunTime:0.000010s ]
INFO: [ app_init ] --END-- [ RunTime:0.000063s ]
INFO: [ app_begin ] --START--
INFO: Run Behavior\ReadHtmlCacheBehavior [ RunTime:0.000022s ]
INFO: [ app_begin ] --END-- [ RunTime:0.000046s ]
SQL: SHOW COLUMNS FROM `shop_goods` [ RunTime:0.0005s ]
SQL: SELECT * FROM `shop_goods` WHERE (  fid=1 and status=1 ) ORDER BY sales desc LIMIT 0,13   [ RunTime:0.0001s ]
NOTIC: [8] Undefined variable: status /var/www/html/thinkphp_shop.com/Application/Api/Controller/GoodsController.class.php 第 154 行.

[ 2017-06-04T15:55:40+08:00 ] 127.0.0.1 /Api/Goods/hot
INFO: [ app_init ] --START--
INFO: Run Behavior\BuildLiteBehavior [ RunTime:0.000009s ]
INFO: [ app_init ] --END-- [ RunTime:0.000061s ]
INFO: [ app_begin ] --START--
INFO: Run Behavior\ReadHtmlCacheBehavior [ RunTime:0.000023s ]
INFO: [ app_begin ] --END-- [ RunTime:0.000046s ]
SQL: SHOW COLUMNS FROM `shop_goods` [ RunTime:0.0005s ]
SQL: SELECT * FROM `shop_goods` WHERE (  fid=1 and status=1 ) ORDER BY sales desc LIMIT 0,13   [ RunTime:0.0001s ]
NOTIC: [8] Undefined variable: status /var/www/html/thinkphp_shop.com/Application/Api/Controller/GoodsController.class.php 第 154 行.

