[ 2017-05-28T13:32:43+08:00 ] 127.0.0.1 /Api/Goods/showformat
INFO: [ app_init ] --START--
INFO: Run Behavior\BuildLiteBehavior [ RunTime:0.000015s ]
INFO: [ app_init ] --END-- [ RunTime:0.000106s ]
INFO: [ app_begin ] --START--
INFO: Run Behavior\ReadHtmlCacheBehavior [ RunTime:0.000053s ]
INFO: [ app_begin ] --END-- [ RunTime:0.000108s ]
SQL: SHOW COLUMNS FROM `shop_goods` [ RunTime:0.0007s ]
SQL: SELECT `id`,`name`,`cover`,`price` FROM `shop_goods` WHERE (  id=1  ) LIMIT 1   [ RunTime:0.0003s ]
SQL: SHOW COLUMNS FROM `shop_goods_detail` [ RunTime:0.0006s ]
SQL: SELECT * FROM `shop_goods_detail` WHERE (  pid=1  )  [ RunTime:0.0002s ]
NOTIC: [8] Undefined variable: status /var/www/html/thinkphp_shop.com/Application/Api/Controller/GoodsController.class.php 第 150 行.

[ 2017-05-28T13:32:45+08:00 ] 127.0.0.1 /Api/Goods/selformat
INFO: [ app_init ] --START--
INFO: Run Behavior\BuildLiteBehavior [ RunTime:0.000014s ]
INFO: [ app_init ] --END-- [ RunTime:0.000096s ]
INFO: [ app_begin ] --START--
INFO: Run Behavior\ReadHtmlCacheBehavior [ RunTime:0.000038s ]
INFO: [ app_begin ] --END-- [ RunTime:0.000082s ]
SQL: SHOW COLUMNS FROM `shop_goods_detail` [ RunTime:0.0006s ]
SQL: SELECT * FROM `shop_goods_detail` WHERE (  goodsid=2  ) LIMIT 1   [ RunTime:0.0001s ]

[ 2017-05-28T13:32:45+08:00 ] 127.0.0.1 /Api/Goods/selformat
INFO: [ app_init ] --START--
INFO: Run Behavior\BuildLiteBehavior [ RunTime:0.000016s ]
INFO: [ app_init ] --END-- [ RunTime:0.000089s ]
INFO: [ app_begin ] --START--
INFO: Run Behavior\ReadHtmlCacheBehavior [ RunTime:0.000034s ]
INFO: [ app_begin ] --END-- [ RunTime:0.000071s ]
SQL: SHOW COLUMNS FROM `shop_goods_detail` [ RunTime:0.0006s ]
SQL: SELECT * FROM `shop_goods_detail` WHERE (  goodsid=1  ) LIMIT 1   [ RunTime:0.0001s ]

[ 2017-05-28T13:32:46+08:00 ] 127.0.0.1 /Api/Goods/selformat
INFO: [ app_init ] --START--
INFO: Run Behavior\BuildLiteBehavior [ RunTime:0.000014s ]
INFO: [ app_init ] --END-- [ RunTime:0.000094s ]
INFO: [ app_begin ] --START--
INFO: Run Behavior\ReadHtmlCacheBehavior [ RunTime:0.000041s ]
INFO: [ app_begin ] --END-- [ RunTime:0.000079s ]
SQL: SHOW COLUMNS FROM `shop_goods_detail` [ RunTime:0.0006s ]
SQL: SELECT * FROM `shop_goods_detail` WHERE (  goodsid=2  ) LIMIT 1   [ RunTime:0.0001s ]

[ 2017-05-28T13:32:46+08:00 ] 127.0.0.1 /Api/Goods/selformat
INFO: [ app_init ] --START--
INFO: Run Behavior\BuildLiteBehavior [ RunTime:0.000028s ]
INFO: [ app_init ] --END-- [ RunTime:0.000182s ]
INFO: [ app_begin ] --START--
INFO: Run Behavior\ReadHtmlCacheBehavior [ RunTime:0.000073s ]
INFO: [ app_begin ] --END-- [ RunTime:0.000159s ]
SQL: SHOW COLUMNS FROM `shop_goods_detail` [ RunTime:0.0012s ]
SQL: SELECT * FROM `shop_goods_detail` WHERE (  goodsid=1  ) LIMIT 1   [ RunTime:0.0002s ]

[ 2017-05-28T13:34:56+08:00 ] 127.0.0.1 /Api/Goods/showformat
INFO: [ app_init ] --START--
INFO: Run Behavior\BuildLiteBehavior [ RunTime:0.000010s ]
INFO: [ app_init ] --END-- [ RunTime:0.000066s ]
INFO: [ app_begin ] --START--
INFO: Run Behavior\ReadHtmlCacheBehavior [ RunTime:0.000031s ]
INFO: [ app_begin ] --END-- [ RunTime:0.000060s ]
SQL: SHOW COLUMNS FROM `shop_goods` [ RunTime:0.0005s ]
SQL: SELECT `id`,`name`,`cover`,`price` FROM `shop_goods` WHERE (  id=1  ) LIMIT 1   [ RunTime:0.0001s ]
SQL: SHOW COLUMNS FROM `shop_goods_detail` [ RunTime:0.0004s ]
SQL: SELECT * FROM `shop_goods_detail` WHERE (  pid=1  )  [ RunTime:0.0001s ]
NOTIC: [8] Undefined variable: status /var/www/html/thinkphp_shop.com/Application/Api/Controller/GoodsController.class.php 第 150 行.

[ 2017-05-28T13:34:58+08:00 ] 127.0.0.1 /Api/Goods/showformat
INFO: [ app_init ] --START--
INFO: Run Behavior\BuildLiteBehavior [ RunTime:0.000009s ]
INFO: [ app_init ] --END-- [ RunTime:0.000066s ]
INFO: [ app_begin ] --START--
INFO: Run Behavior\ReadHtmlCacheBehavior [ RunTime:0.000025s ]
INFO: [ app_begin ] --END-- [ RunTime:0.000047s ]
SQL: SHOW COLUMNS FROM `shop_goods` [ RunTime:0.0005s ]
SQL: SELECT `id`,`name`,`cover`,`price` FROM `shop_goods` WHERE (  id=1  ) LIMIT 1   [ RunTime:0.0001s ]
SQL: SHOW COLUMNS FROM `shop_goods_detail` [ RunTime:0.0004s ]
SQL: SELECT * FROM `shop_goods_detail` WHERE (  pid=1  )  [ RunTime:0.0001s ]
NOTIC: [8] Undefined variable: status /var/www/html/thinkphp_shop.com/Application/Api/Controller/GoodsController.class.php 第 150 行.

[ 2017-05-28T13:34:59+08:00 ] 127.0.0.1 /Api/Goods/showformat
INFO: [ app_init ] --START--
INFO: Run Behavior\BuildLiteBehavior [ RunTime:0.000028s ]
INFO: [ app_init ] --END-- [ RunTime:0.000186s ]
INFO: [ app_begin ] --START--
INFO: Run Behavior\ReadHtmlCacheBehavior [ RunTime:0.000072s ]
INFO: [ app_begin ] --END-- [ RunTime:0.000158s ]
SQL: SHOW COLUMNS FROM `shop_goods` [ RunTime:0.0009s ]
SQL: SELECT `id`,`name`,`cover`,`price` FROM `shop_goods` WHERE (  id=1  ) LIMIT 1   [ RunTime:0.0001s ]
SQL: SHOW COLUMNS FROM `shop_goods_detail` [ RunTime:0.0004s ]
SQL: SELECT * FROM `shop_goods_detail` WHERE (  pid=1  )  [ RunTime:0.0001s ]
NOTIC: [8] Undefined variable: status /var/www/html/thinkphp_shop.com/Application/Api/Controller/GoodsController.class.php 第 150 行.

[ 2017-05-28T13:35:21+08:00 ] 127.0.0.1 /Api/Goods/showformat
INFO: [ app_init ] --START--
INFO: Run Behavior\BuildLiteBehavior [ RunTime:0.000011s ]
INFO: [ app_init ] --END-- [ RunTime:0.000102s ]
INFO: [ app_begin ] --START--
INFO: Run Behavior\ReadHtmlCacheBehavior [ RunTime:0.000033s ]
INFO: [ app_begin ] --END-- [ RunTime:0.000065s ]
SQL: SHOW COLUMNS FROM `shop_goods` [ RunTime:0.0005s ]
SQL: SELECT `id`,`name`,`cover`,`price` FROM `shop_goods` WHERE (  id=1  ) LIMIT 1   [ RunTime:0.0001s ]
SQL: SHOW COLUMNS FROM `shop_goods_detail` [ RunTime:0.0004s ]
SQL: SELECT * FROM `shop_goods_detail` WHERE (  pid=1  )  [ RunTime:0.0001s ]
NOTIC: [8] Undefined variable: status /var/www/html/thinkphp_shop.com/Application/Api/Controller/GoodsController.class.php 第 150 行.

[ 2017-05-28T13:35:36+08:00 ] 127.0.0.1 /Api/Goods/selformat
INFO: [ app_init ] --START--
INFO: Run Behavior\BuildLiteBehavior [ RunTime:0.000031s ]
INFO: [ app_init ] --END-- [ RunTime:0.000231s ]
INFO: [ app_begin ] --START--
INFO: Run Behavior\ReadHtmlCacheBehavior [ RunTime:0.000045s ]
INFO: [ app_begin ] --END-- [ RunTime:0.000083s ]
SQL: SHOW COLUMNS FROM `shop_goods_detail` [ RunTime:0.0004s ]
SQL: SELECT * FROM `shop_goods_detail` WHERE (  goodsid=1  ) LIMIT 1   [ RunTime:0.0001s ]

[ 2017-05-28T13:35:37+08:00 ] 127.0.0.1 /Api/Goods/selformat
INFO: [ app_init ] --START--
INFO: Run Behavior\BuildLiteBehavior [ RunTime:0.000010s ]
INFO: [ app_init ] --END-- [ RunTime:0.000065s ]
INFO: [ app_begin ] --START--
INFO: Run Behavior\ReadHtmlCacheBehavior [ RunTime:0.000023s ]
INFO: [ app_begin ] --END-- [ RunTime:0.000048s ]
SQL: SHOW COLUMNS FROM `shop_goods_detail` [ RunTime:0.0004s ]
SQL: SELECT * FROM `shop_goods_detail` WHERE (  goodsid=2  ) LIMIT 1   [ RunTime:0.0002s ]

[ 2017-05-28T13:35:38+08:00 ] 127.0.0.1 /Api/Goods/selformat
INFO: [ app_init ] --START--
INFO: Run Behavior\BuildLiteBehavior [ RunTime:0.000009s ]
INFO: [ app_init ] --END-- [ RunTime:0.000058s ]
INFO: [ app_begin ] --START--
INFO: Run Behavior\ReadHtmlCacheBehavior [ RunTime:0.000020s ]
INFO: [ app_begin ] --END-- [ RunTime:0.000043s ]
SQL: SHOW COLUMNS FROM `shop_goods_detail` [ RunTime:0.0004s ]
SQL: SELECT * FROM `shop_goods_detail` WHERE (  goodsid=1  ) LIMIT 1   [ RunTime:0.0001s ]

[ 2017-05-28T13:38:14+08:00 ] 127.0.0.1 /Api/Goods/showformat
INFO: [ app_init ] --START--
INFO: Run Behavior\BuildLiteBehavior [ RunTime:0.000009s ]
INFO: [ app_init ] --END-- [ RunTime:0.000060s ]
INFO: [ app_begin ] --START--
INFO: Run Behavior\ReadHtmlCacheBehavior [ RunTime:0.000027s ]
INFO: [ app_begin ] --END-- [ RunTime:0.000057s ]
SQL: SHOW COLUMNS FROM `shop_goods` [ RunTime:0.0004s ]
SQL: SELECT `id`,`name`,`cover`,`price` FROM `shop_goods` WHERE (  id=1  ) LIMIT 1   [ RunTime:0.0001s ]
SQL: SHOW COLUMNS FROM `shop_goods_detail` [ RunTime:0.0004s ]
SQL: SELECT * FROM `shop_goods_detail` WHERE (  pid=1  )  [ RunTime:0.0001s ]
NOTIC: [8] Undefined variable: status /var/www/html/thinkphp_shop.com/Application/Api/Controller/GoodsController.class.php 第 150 行.

[ 2017-05-28T13:38:19+08:00 ] 127.0.0.1 /Api/Goods/showformat
INFO: [ app_init ] --START--
INFO: Run Behavior\BuildLiteBehavior [ RunTime:0.000022s ]
INFO: [ app_init ] --END-- [ RunTime:0.000158s ]
INFO: [ app_begin ] --START--
INFO: Run Behavior\ReadHtmlCacheBehavior [ RunTime:0.000067s ]
INFO: [ app_begin ] --END-- [ RunTime:0.000134s ]
SQL: SHOW COLUMNS FROM `shop_goods` [ RunTime:0.0004s ]
SQL: SELECT `id`,`name`,`cover`,`price` FROM `shop_goods` WHERE (  id=1  ) LIMIT 1   [ RunTime:0.0001s ]
SQL: SHOW COLUMNS FROM `shop_goods_detail` [ RunTime:0.0004s ]
SQL: SELECT * FROM `shop_goods_detail` WHERE (  pid=1  )  [ RunTime:0.0001s ]
NOTIC: [8] Undefined variable: status /var/www/html/thinkphp_shop.com/Application/Api/Controller/GoodsController.class.php 第 150 行.

[ 2017-05-28T13:38:20+08:00 ] 127.0.0.1 /Api/Goods/selformat
INFO: [ app_init ] --START--
INFO: Run Behavior\BuildLiteBehavior [ RunTime:0.000010s ]
INFO: [ app_init ] --END-- [ RunTime:0.000060s ]
INFO: [ app_begin ] --START--
INFO: Run Behavior\ReadHtmlCacheBehavior [ RunTime:0.000022s ]
INFO: [ app_begin ] --END-- [ RunTime:0.000044s ]
SQL: SHOW COLUMNS FROM `shop_goods_detail` [ RunTime:0.0004s ]
SQL: SELECT * FROM `shop_goods_detail` WHERE (  goodsid=1  ) LIMIT 1   [ RunTime:0.0001s ]

[ 2017-05-28T13:38:40+08:00 ] 127.0.0.1 /Api/Goods/showformat
INFO: [ app_init ] --START--
INFO: Run Behavior\BuildLiteBehavior [ RunTime:0.000017s ]
INFO: [ app_init ] --END-- [ RunTime:0.000127s ]
INFO: [ app_begin ] --START--
INFO: Run Behavior\ReadHtmlCacheBehavior [ RunTime:0.000038s ]
INFO: [ app_begin ] --END-- [ RunTime:0.000065s ]
SQL: SHOW COLUMNS FROM `shop_goods` [ RunTime:0.0005s ]
SQL: SELECT `id`,`name`,`cover`,`price` FROM `shop_goods` WHERE (  id=1  ) LIMIT 1   [ RunTime:0.0002s ]
SQL: SHOW COLUMNS FROM `shop_goods_detail` [ RunTime:0.0004s ]
SQL: SELECT * FROM `shop_goods_detail` WHERE (  pid=1  )  [ RunTime:0.0001s ]
NOTIC: [8] Undefined variable: status /var/www/html/thinkphp_shop.com/Application/Api/Controller/GoodsController.class.php 第 150 行.

[ 2017-05-28T13:38:40+08:00 ] 127.0.0.1 /Api/Goods/selformat
INFO: [ app_init ] --START--
INFO: Run Behavior\BuildLiteBehavior [ RunTime:0.000009s ]
INFO: [ app_init ] --END-- [ RunTime:0.000058s ]
INFO: [ app_begin ] --START--
INFO: Run Behavior\ReadHtmlCacheBehavior [ RunTime:0.000022s ]
INFO: [ app_begin ] --END-- [ RunTime:0.000045s ]
SQL: SHOW COLUMNS FROM `shop_goods_detail` [ RunTime:0.0004s ]
SQL: SELECT * FROM `shop_goods_detail` WHERE (  goodsid=2  ) LIMIT 1   [ RunTime:0.0001s ]

[ 2017-05-28T13:39:14+08:00 ] 127.0.0.1 /Api/Goods/showformat
INFO: [ app_init ] --START--
INFO: Run Behavior\BuildLiteBehavior [ RunTime:0.000010s ]
INFO: [ app_init ] --END-- [ RunTime:0.000064s ]
INFO: [ app_begin ] --START--
INFO: Run Behavior\ReadHtmlCacheBehavior [ RunTime:0.000024s ]
INFO: [ app_begin ] --END-- [ RunTime:0.000047s ]
SQL: SHOW COLUMNS FROM `shop_goods` [ RunTime:0.0005s ]
SQL: SELECT `id`,`name`,`cover`,`price` FROM `shop_goods` WHERE (  id=1  ) LIMIT 1   [ RunTime:0.0001s ]
SQL: SHOW COLUMNS FROM `shop_goods_detail` [ RunTime:0.0004s ]
SQL: SELECT * FROM `shop_goods_detail` WHERE (  pid=1  )  [ RunTime:0.0001s ]
NOTIC: [8] Undefined variable: status /var/www/html/thinkphp_shop.com/Application/Api/Controller/GoodsController.class.php 第 150 行.

[ 2017-05-28T13:39:15+08:00 ] 127.0.0.1 /Api/Goods/selformat
INFO: [ app_init ] --START--
INFO: Run Behavior\BuildLiteBehavior [ RunTime:0.000009s ]
INFO: [ app_init ] --END-- [ RunTime:0.000061s ]
INFO: [ app_begin ] --START--
INFO: Run Behavior\ReadHtmlCacheBehavior [ RunTime:0.000023s ]
INFO: [ app_begin ] --END-- [ RunTime:0.000046s ]
SQL: SHOW COLUMNS FROM `shop_goods_detail` [ RunTime:0.0004s ]
SQL: SELECT * FROM `shop_goods_detail` WHERE (  goodsid=1  ) LIMIT 1   [ RunTime:0.0001s ]

[ 2017-05-28T13:39:49+08:00 ] 127.0.0.1 /Api/Goods/showformat
INFO: [ app_init ] --START--
INFO: Run Behavior\BuildLiteBehavior [ RunTime:0.000010s ]
INFO: [ app_init ] --END-- [ RunTime:0.000064s ]
INFO: [ app_begin ] --START--
INFO: Run Behavior\ReadHtmlCacheBehavior [ RunTime:0.000023s ]
INFO: [ app_begin ] --END-- [ RunTime:0.000045s ]
SQL: SHOW COLUMNS FROM `shop_goods` [ RunTime:0.0005s ]
SQL: SELECT `id`,`name`,`cover`,`price` FROM `shop_goods` WHERE (  id=1  ) LIMIT 1   [ RunTime:0.0001s ]
SQL: SHOW COLUMNS FROM `shop_goods_detail` [ RunTime:0.0004s ]
SQL: SELECT * FROM `shop_goods_detail` WHERE (  pid=1  )  [ RunTime:0.0001s ]
NOTIC: [8] Undefined variable: status /var/www/html/thinkphp_shop.com/Application/Api/Controller/GoodsController.class.php 第 150 行.

[ 2017-05-28T13:39:50+08:00 ] 127.0.0.1 /Api/Goods/selformat
INFO: [ app_init ] --START--
INFO: Run Behavior\BuildLiteBehavior [ RunTime:0.000009s ]
INFO: [ app_init ] --END-- [ RunTime:0.000059s ]
INFO: [ app_begin ] --START--
INFO: Run Behavior\ReadHtmlCacheBehavior [ RunTime:0.000022s ]
INFO: [ app_begin ] --END-- [ RunTime:0.000046s ]
SQL: SHOW COLUMNS FROM `shop_goods_detail` [ RunTime:0.0004s ]
SQL: SELECT * FROM `shop_goods_detail` WHERE (  goodsid=2  ) LIMIT 1   [ RunTime:0.0001s ]

[ 2017-05-28T13:40:10+08:00 ] 127.0.0.1 /Api/Goods/showformat
INFO: [ app_init ] --START--
INFO: Run Behavior\BuildLiteBehavior [ RunTime:0.000009s ]
INFO: [ app_init ] --END-- [ RunTime:0.000063s ]
INFO: [ app_begin ] --START--
INFO: Run Behavior\ReadHtmlCacheBehavior [ RunTime:0.000023s ]
INFO: [ app_begin ] --END-- [ RunTime:0.000048s ]
SQL: SHOW COLUMNS FROM `shop_goods` [ RunTime:0.0004s ]
SQL: SELECT `id`,`name`,`cover`,`price` FROM `shop_goods` WHERE (  id=1  ) LIMIT 1   [ RunTime:0.0001s ]
SQL: SHOW COLUMNS FROM `shop_goods_detail` [ RunTime:0.0004s ]
SQL: SELECT * FROM `shop_goods_detail` WHERE (  pid=1  )  [ RunTime:0.0001s ]
NOTIC: [8] Undefined variable: status /var/www/html/thinkphp_shop.com/Application/Api/Controller/GoodsController.class.php 第 150 行.

[ 2017-05-28T13:40:11+08:00 ] 127.0.0.1 /Api/Goods/selformat
INFO: [ app_init ] --START--
INFO: Run Behavior\BuildLiteBehavior [ RunTime:0.000009s ]
INFO: [ app_init ] --END-- [ RunTime:0.000062s ]
INFO: [ app_begin ] --START--
INFO: Run Behavior\ReadHtmlCacheBehavior [ RunTime:0.000023s ]
INFO: [ app_begin ] --END-- [ RunTime:0.000046s ]
SQL: SHOW COLUMNS FROM `shop_goods_detail` [ RunTime:0.0004s ]
SQL: SELECT * FROM `shop_goods_detail` WHERE (  goodsid=2  ) LIMIT 1   [ RunTime:0.0001s ]

[ 2017-05-28T13:40:22+08:00 ] 127.0.0.1 /Api/Goods/showformat
INFO: [ app_init ] --START--
INFO: Run Behavior\BuildLiteBehavior [ RunTime:0.000010s ]
INFO: [ app_init ] --END-- [ RunTime:0.000067s ]
INFO: [ app_begin ] --START--
INFO: Run Behavior\ReadHtmlCacheBehavior [ RunTime:0.000027s ]
INFO: [ app_begin ] --END-- [ RunTime:0.000053s ]
SQL: SHOW COLUMNS FROM `shop_goods` [ RunTime:0.0005s ]
SQL: SELECT `id`,`name`,`cover`,`price` FROM `shop_goods` WHERE (  id=1  ) LIMIT 1   [ RunTime:0.0001s ]
SQL: SHOW COLUMNS FROM `shop_goods_detail` [ RunTime:0.0004s ]
SQL: SELECT * FROM `shop_goods_detail` WHERE (  pid=1  )  [ RunTime:0.0001s ]
NOTIC: [8] Undefined variable: status /var/www/html/thinkphp_shop.com/Application/Api/Controller/GoodsController.class.php 第 150 行.

[ 2017-05-28T13:40:23+08:00 ] 127.0.0.1 /Api/Goods/selformat
INFO: [ app_init ] --START--
INFO: Run Behavior\BuildLiteBehavior [ RunTime:0.000009s ]
INFO: [ app_init ] --END-- [ RunTime:0.000059s ]
INFO: [ app_begin ] --START--
INFO: Run Behavior\ReadHtmlCacheBehavior [ RunTime:0.000024s ]
INFO: [ app_begin ] --END-- [ RunTime:0.000047s ]
SQL: SHOW COLUMNS FROM `shop_goods_detail` [ RunTime:0.0004s ]
SQL: SELECT * FROM `shop_goods_detail` WHERE (  goodsid=2  ) LIMIT 1   [ RunTime:0.0001s ]

[ 2017-05-28T13:40:45+08:00 ] 127.0.0.1 /Api/Goods/showformat
INFO: [ app_init ] --START--
INFO: Run Behavior\BuildLiteBehavior [ RunTime:0.000008s ]
INFO: [ app_init ] --END-- [ RunTime:0.000063s ]
INFO: [ app_begin ] --START--
INFO: Run Behavior\ReadHtmlCacheBehavior [ RunTime:0.000025s ]
INFO: [ app_begin ] --END-- [ RunTime:0.000047s ]
SQL: SHOW COLUMNS FROM `shop_goods` [ RunTime:0.0005s ]
SQL: SELECT `id`,`name`,`cover`,`price` FROM `shop_goods` WHERE (  id=1  ) LIMIT 1   [ RunTime:0.0001s ]
SQL: SHOW COLUMNS FROM `shop_goods_detail` [ RunTime:0.0004s ]
SQL: SELECT * FROM `shop_goods_detail` WHERE (  pid=1  )  [ RunTime:0.0001s ]
NOTIC: [8] Undefined variable: status /var/www/html/thinkphp_shop.com/Application/Api/Controller/GoodsController.class.php 第 150 行.

[ 2017-05-28T13:40:54+08:00 ] 127.0.0.1 /Api/Goods/selformat
INFO: [ app_init ] --START--
INFO: Run Behavior\BuildLiteBehavior [ RunTime:0.000015s ]
INFO: [ app_init ] --END-- [ RunTime:0.000126s ]
INFO: [ app_begin ] --START--
INFO: Run Behavior\ReadHtmlCacheBehavior [ RunTime:0.000069s ]
INFO: [ app_begin ] --END-- [ RunTime:0.000098s ]
SQL: SHOW COLUMNS FROM `shop_goods_detail` [ RunTime:0.0005s ]
SQL: SELECT * FROM `shop_goods_detail` WHERE (  goodsid=1  ) LIMIT 1   [ RunTime:0.0001s ]

[ 2017-05-28T13:40:55+08:00 ] 127.0.0.1 /Api/Goods/selformat
INFO: [ app_init ] --START--
INFO: Run Behavior\BuildLiteBehavior [ RunTime:0.000009s ]
INFO: [ app_init ] --END-- [ RunTime:0.000061s ]
INFO: [ app_begin ] --START--
INFO: Run Behavior\ReadHtmlCacheBehavior [ RunTime:0.000022s ]
INFO: [ app_begin ] --END-- [ RunTime:0.000046s ]
SQL: SHOW COLUMNS FROM `shop_goods_detail` [ RunTime:0.0004s ]
SQL: SELECT * FROM `shop_goods_detail` WHERE (  goodsid=2  ) LIMIT 1   [ RunTime:0.0001s ]

[ 2017-05-28T13:40:57+08:00 ] 127.0.0.1 /Api/Goods/selformat
INFO: [ app_init ] --START--
INFO: Run Behavior\BuildLiteBehavior [ RunTime:0.000027s ]
INFO: [ app_init ] --END-- [ RunTime:0.000195s ]
INFO: [ app_begin ] --START--
INFO: Run Behavior\ReadHtmlCacheBehavior [ RunTime:0.000081s ]
INFO: [ app_begin ] --END-- [ RunTime:0.000165s ]
SQL: SHOW COLUMNS FROM `shop_goods_detail` [ RunTime:0.0004s ]
SQL: SELECT * FROM `shop_goods_detail` WHERE (  goodsid=1  ) LIMIT 1   [ RunTime:0.0001s ]

[ 2017-05-28T13:42:27+08:00 ] 127.0.0.1 /Api/Goods/showformat
INFO: [ app_init ] --START--
INFO: Run Behavior\BuildLiteBehavior [ RunTime:0.000010s ]
INFO: [ app_init ] --END-- [ RunTime:0.000062s ]
INFO: [ app_begin ] --START--
INFO: Run Behavior\ReadHtmlCacheBehavior [ RunTime:0.000023s ]
INFO: [ app_begin ] --END-- [ RunTime:0.000046s ]
SQL: SHOW COLUMNS FROM `shop_goods` [ RunTime:0.0005s ]
SQL: SELECT `id`,`name`,`cover`,`price` FROM `shop_goods` WHERE (  id=1  ) LIMIT 1   [ RunTime:0.0001s ]
SQL: SHOW COLUMNS FROM `shop_goods_detail` [ RunTime:0.0004s ]
SQL: SELECT * FROM `shop_goods_detail` WHERE (  pid=1  )  [ RunTime:0.0001s ]
NOTIC: [8] Undefined variable: status /var/www/html/thinkphp_shop.com/Application/Api/Controller/GoodsController.class.php 第 150 行.

[ 2017-05-28T13:42:28+08:00 ] 127.0.0.1 /Api/Goods/selformat
INFO: [ app_init ] --START--
INFO: Run Behavior\BuildLiteBehavior [ RunTime:0.000028s ]
INFO: [ app_init ] --END-- [ RunTime:0.000195s ]
INFO: [ app_begin ] --START--
INFO: Run Behavior\ReadHtmlCacheBehavior [ RunTime:0.000080s ]
INFO: [ app_begin ] --END-- [ RunTime:0.000165s ]
SQL: SHOW COLUMNS FROM `shop_goods_detail` [ RunTime:0.0004s ]
SQL: SELECT * FROM `shop_goods_detail` WHERE (  goodsid=1  ) LIMIT 1   [ RunTime:0.0001s ]

[ 2017-05-28T13:43:46+08:00 ] 127.0.0.1 /Api/Goods/showformat
INFO: [ app_init ] --START--
INFO: Run Behavior\BuildLiteBehavior [ RunTime:0.000009s ]
INFO: [ app_init ] --END-- [ RunTime:0.000059s ]
INFO: [ app_begin ] --START--
INFO: Run Behavior\ReadHtmlCacheBehavior [ RunTime:0.000024s ]
INFO: [ app_begin ] --END-- [ RunTime:0.000049s ]
SQL: SHOW COLUMNS FROM `shop_goods` [ RunTime:0.0004s ]
SQL: SELECT `id`,`name`,`cover`,`price` FROM `shop_goods` WHERE (  id=1  ) LIMIT 1   [ RunTime:0.0001s ]
SQL: SHOW COLUMNS FROM `shop_goods_detail` [ RunTime:0.0004s ]
SQL: SELECT * FROM `shop_goods_detail` WHERE (  pid=1  )  [ RunTime:0.0001s ]
NOTIC: [8] Undefined variable: status /var/www/html/thinkphp_shop.com/Application/Api/Controller/GoodsController.class.php 第 150 行.

[ 2017-05-28T13:43:48+08:00 ] 127.0.0.1 /Api/Goods/selformat
INFO: [ app_init ] --START--
INFO: Run Behavior\BuildLiteBehavior [ RunTime:0.000009s ]
INFO: [ app_init ] --END-- [ RunTime:0.000063s ]
INFO: [ app_begin ] --START--
INFO: Run Behavior\ReadHtmlCacheBehavior [ RunTime:0.000026s ]
INFO: [ app_begin ] --END-- [ RunTime:0.000049s ]
SQL: SHOW COLUMNS FROM `shop_goods_detail` [ RunTime:0.0004s ]
SQL: SELECT * FROM `shop_goods_detail` WHERE (  goodsid=2  ) LIMIT 1   [ RunTime:0.0001s ]

[ 2017-05-28T13:44:02+08:00 ] 127.0.0.1 /Api/Goods/showformat
INFO: [ app_init ] --START--
INFO: Run Behavior\BuildLiteBehavior [ RunTime:0.000010s ]
INFO: [ app_init ] --END-- [ RunTime:0.000068s ]
INFO: [ app_begin ] --START--
INFO: Run Behavior\ReadHtmlCacheBehavior [ RunTime:0.000026s ]
INFO: [ app_begin ] --END-- [ RunTime:0.000054s ]
SQL: SHOW COLUMNS FROM `shop_goods` [ RunTime:0.0005s ]
SQL: SELECT `id`,`name`,`cover`,`price` FROM `shop_goods` WHERE (  id=1  ) LIMIT 1   [ RunTime:0.0001s ]
SQL: SHOW COLUMNS FROM `shop_goods_detail` [ RunTime:0.0004s ]
SQL: SELECT * FROM `shop_goods_detail` WHERE (  pid=1  )  [ RunTime:0.0001s ]
NOTIC: [8] Undefined variable: status /var/www/html/thinkphp_shop.com/Application/Api/Controller/GoodsController.class.php 第 150 行.

[ 2017-05-28T13:44:03+08:00 ] 127.0.0.1 /Api/Goods/selformat
INFO: [ app_init ] --START--
INFO: Run Behavior\BuildLiteBehavior [ RunTime:0.000009s ]
INFO: [ app_init ] --END-- [ RunTime:0.000062s ]
INFO: [ app_begin ] --START--
INFO: Run Behavior\ReadHtmlCacheBehavior [ RunTime:0.000023s ]
INFO: [ app_begin ] --END-- [ RunTime:0.000046s ]
SQL: SHOW COLUMNS FROM `shop_goods_detail` [ RunTime:0.0004s ]
SQL: SELECT * FROM `shop_goods_detail` WHERE (  goodsid=2  ) LIMIT 1   [ RunTime:0.0001s ]

[ 2017-05-28T13:44:31+08:00 ] 127.0.0.1 /Api/Goods/showformat
INFO: [ app_init ] --START--
INFO: Run Behavior\BuildLiteBehavior [ RunTime:0.000011s ]
INFO: [ app_init ] --END-- [ RunTime:0.000068s ]
INFO: [ app_begin ] --START--
INFO: Run Behavior\ReadHtmlCacheBehavior [ RunTime:0.000027s ]
INFO: [ app_begin ] --END-- [ RunTime:0.000055s ]
SQL: SHOW COLUMNS FROM `shop_goods` [ RunTime:0.0005s ]
SQL: SELECT `id`,`name`,`cover`,`price` FROM `shop_goods` WHERE (  id=1  ) LIMIT 1   [ RunTime:0.0001s ]
SQL: SHOW COLUMNS FROM `shop_goods_detail` [ RunTime:0.0004s ]
SQL: SELECT * FROM `shop_goods_detail` WHERE (  pid=1  )  [ RunTime:0.0001s ]
NOTIC: [8] Undefined variable: status /var/www/html/thinkphp_shop.com/Application/Api/Controller/GoodsController.class.php 第 150 行.

[ 2017-05-28T13:44:39+08:00 ] 127.0.0.1 /Api/Goods/showformat
INFO: [ app_init ] --START--
INFO: Run Behavior\BuildLiteBehavior [ RunTime:0.000018s ]
INFO: [ app_init ] --END-- [ RunTime:0.000138s ]
INFO: [ app_begin ] --START--
INFO: Run Behavior\ReadHtmlCacheBehavior [ RunTime:0.000044s ]
INFO: [ app_begin ] --END-- [ RunTime:0.000074s ]
SQL: SHOW COLUMNS FROM `shop_goods` [ RunTime:0.0005s ]
SQL: SELECT `id`,`name`,`cover`,`price` FROM `shop_goods` WHERE (  id=1  ) LIMIT 1   [ RunTime:0.0001s ]
SQL: SHOW COLUMNS FROM `shop_goods_detail` [ RunTime:0.0004s ]
SQL: SELECT * FROM `shop_goods_detail` WHERE (  pid=1  )  [ RunTime:0.0001s ]
NOTIC: [8] Undefined variable: status /var/www/html/thinkphp_shop.com/Application/Api/Controller/GoodsController.class.php 第 150 行.

[ 2017-05-28T13:44:40+08:00 ] 127.0.0.1 /Api/Goods/selformat
INFO: [ app_init ] --START--
INFO: Run Behavior\BuildLiteBehavior [ RunTime:0.000017s ]
INFO: [ app_init ] --END-- [ RunTime:0.000109s ]
INFO: [ app_begin ] --START--
INFO: Run Behavior\ReadHtmlCacheBehavior [ RunTime:0.000041s ]
INFO: [ app_begin ] --END-- [ RunTime:0.000087s ]
SQL: SHOW COLUMNS FROM `shop_goods_detail` [ RunTime:0.0004s ]
SQL: SELECT * FROM `shop_goods_detail` WHERE (  goodsid=2  ) LIMIT 1   [ RunTime:0.0001s ]

[ 2017-05-28T13:44:46+08:00 ] 127.0.0.1 /Api/Goods/showformat
INFO: [ app_init ] --START--
INFO: Run Behavior\BuildLiteBehavior [ RunTime:0.000009s ]
INFO: [ app_init ] --END-- [ RunTime:0.000065s ]
INFO: [ app_begin ] --START--
INFO: Run Behavior\ReadHtmlCacheBehavior [ RunTime:0.000027s ]
INFO: [ app_begin ] --END-- [ RunTime:0.000050s ]
SQL: SHOW COLUMNS FROM `shop_goods` [ RunTime:0.0005s ]
SQL: SELECT `id`,`name`,`cover`,`price` FROM `shop_goods` WHERE (  id=1  ) LIMIT 1   [ RunTime:0.0001s ]
SQL: SHOW COLUMNS FROM `shop_goods_detail` [ RunTime:0.0004s ]
SQL: SELECT * FROM `shop_goods_detail` WHERE (  pid=1  )  [ RunTime:0.0001s ]
NOTIC: [8] Undefined variable: status /var/www/html/thinkphp_shop.com/Application/Api/Controller/GoodsController.class.php 第 150 行.

[ 2017-05-28T13:44:47+08:00 ] 127.0.0.1 /Api/Goods/selformat
INFO: [ app_init ] --START--
INFO: Run Behavior\BuildLiteBehavior [ RunTime:0.000009s ]
INFO: [ app_init ] --END-- [ RunTime:0.000060s ]
INFO: [ app_begin ] --START--
INFO: Run Behavior\ReadHtmlCacheBehavior [ RunTime:0.000022s ]
INFO: [ app_begin ] --END-- [ RunTime:0.000045s ]
SQL: SHOW COLUMNS FROM `shop_goods_detail` [ RunTime:0.0005s ]
SQL: SELECT * FROM `shop_goods_detail` WHERE (  goodsid=1  ) LIMIT 1   [ RunTime:0.0001s ]

[ 2017-05-28T13:46:11+08:00 ] 127.0.0.1 /Api/Goods/showformat
INFO: [ app_init ] --START--
INFO: Run Behavior\BuildLiteBehavior [ RunTime:0.000009s ]
INFO: [ app_init ] --END-- [ RunTime:0.000062s ]
INFO: [ app_begin ] --START--
INFO: Run Behavior\ReadHtmlCacheBehavior [ RunTime:0.000024s ]
INFO: [ app_begin ] --END-- [ RunTime:0.000046s ]
SQL: SHOW COLUMNS FROM `shop_goods` [ RunTime:0.0004s ]
SQL: SELECT `id`,`name`,`cover`,`price` FROM `shop_goods` WHERE (  id=1  ) LIMIT 1   [ RunTime:0.0001s ]
SQL: SHOW COLUMNS FROM `shop_goods_detail` [ RunTime:0.0004s ]
SQL: SELECT * FROM `shop_goods_detail` WHERE (  pid=1  )  [ RunTime:0.0001s ]
NOTIC: [8] Undefined variable: status /var/www/html/thinkphp_shop.com/Application/Api/Controller/GoodsController.class.php 第 150 行.

[ 2017-05-28T13:46:12+08:00 ] 127.0.0.1 /Api/Goods/selformat
INFO: [ app_init ] --START--
INFO: Run Behavior\BuildLiteBehavior [ RunTime:0.000009s ]
INFO: [ app_init ] --END-- [ RunTime:0.000062s ]
INFO: [ app_begin ] --START--
INFO: Run Behavior\ReadHtmlCacheBehavior [ RunTime:0.000023s ]
INFO: [ app_begin ] --END-- [ RunTime:0.000046s ]
SQL: SHOW COLUMNS FROM `shop_goods_detail` [ RunTime:0.0004s ]
SQL: SELECT * FROM `shop_goods_detail` WHERE (  goodsid=2  ) LIMIT 1   [ RunTime:0.0001s ]

[ 2017-05-28T13:46:34+08:00 ] 127.0.0.1 /Api/Goods/showformat
INFO: [ app_init ] --START--
INFO: Run Behavior\BuildLiteBehavior [ RunTime:0.000010s ]
INFO: [ app_init ] --END-- [ RunTime:0.000064s ]
INFO: [ app_begin ] --START--
INFO: Run Behavior\ReadHtmlCacheBehavior [ RunTime:0.000023s ]
INFO: [ app_begin ] --END-- [ RunTime:0.000047s ]
SQL: SHOW COLUMNS FROM `shop_goods` [ RunTime:0.0004s ]
SQL: SELECT `id`,`name`,`cover`,`price` FROM `shop_goods` WHERE (  id=1  ) LIMIT 1   [ RunTime:0.0001s ]
SQL: SHOW COLUMNS FROM `shop_goods_detail` [ RunTime:0.0004s ]
SQL: SELECT * FROM `shop_goods_detail` WHERE (  pid=1  )  [ RunTime:0.0001s ]
NOTIC: [8] Undefined variable: status /var/www/html/thinkphp_shop.com/Application/Api/Controller/GoodsController.class.php 第 150 行.

[ 2017-05-28T13:46:36+08:00 ] 127.0.0.1 /Api/Goods/selformat
INFO: [ app_init ] --START--
INFO: Run Behavior\BuildLiteBehavior [ RunTime:0.000008s ]
INFO: [ app_init ] --END-- [ RunTime:0.000064s ]
INFO: [ app_begin ] --START--
INFO: Run Behavior\ReadHtmlCacheBehavior [ RunTime:0.000024s ]
INFO: [ app_begin ] --END-- [ RunTime:0.000048s ]
SQL: SHOW COLUMNS FROM `shop_goods_detail` [ RunTime:0.0004s ]
SQL: SELECT * FROM `shop_goods_detail` WHERE (  goodsid=2  ) LIMIT 1   [ RunTime:0.0001s ]

[ 2017-05-28T13:46:38+08:00 ] 127.0.0.1 /Api/Goods/showformat
INFO: [ app_init ] --START--
INFO: Run Behavior\BuildLiteBehavior [ RunTime:0.000016s ]
INFO: [ app_init ] --END-- [ RunTime:0.000104s ]
INFO: [ app_begin ] --START--
INFO: Run Behavior\ReadHtmlCacheBehavior [ RunTime:0.000041s ]
INFO: [ app_begin ] --END-- [ RunTime:0.000087s ]
SQL: SHOW COLUMNS FROM `shop_goods` [ RunTime:0.0004s ]
SQL: SELECT `id`,`name`,`cover`,`price` FROM `shop_goods` WHERE (  id=1  ) LIMIT 1   [ RunTime:0.0001s ]
SQL: SHOW COLUMNS FROM `shop_goods_detail` [ RunTime:0.0003s ]
SQL: SELECT * FROM `shop_goods_detail` WHERE (  pid=1  )  [ RunTime:0.0001s ]
NOTIC: [8] Undefined variable: status /var/www/html/thinkphp_shop.com/Application/Api/Controller/GoodsController.class.php 第 150 行.

[ 2017-05-28T13:46:39+08:00 ] 127.0.0.1 /Api/Goods/selformat
INFO: [ app_init ] --START--
INFO: Run Behavior\BuildLiteBehavior [ RunTime:0.000010s ]
INFO: [ app_init ] --END-- [ RunTime:0.000070s ]
INFO: [ app_begin ] --START--
INFO: Run Behavior\ReadHtmlCacheBehavior [ RunTime:0.000028s ]
INFO: [ app_begin ] --END-- [ RunTime:0.000055s ]
SQL: SHOW COLUMNS FROM `shop_goods_detail` [ RunTime:0.0005s ]
SQL: SELECT * FROM `shop_goods_detail` WHERE (  goodsid=1  ) LIMIT 1   [ RunTime:0.0002s ]

[ 2017-05-28T13:46:49+08:00 ] 127.0.0.1 /Api/Goods/showformat
INFO: [ app_init ] --START--
INFO: Run Behavior\BuildLiteBehavior [ RunTime:0.000010s ]
INFO: [ app_init ] --END-- [ RunTime:0.000068s ]
INFO: [ app_begin ] --START--
INFO: Run Behavior\ReadHtmlCacheBehavior [ RunTime:0.000030s ]
INFO: [ app_begin ] --END-- [ RunTime:0.000063s ]
SQL: SHOW COLUMNS FROM `shop_goods` [ RunTime:0.0005s ]
SQL: SELECT `id`,`name`,`cover`,`price` FROM `shop_goods` WHERE (  id=1  ) LIMIT 1   [ RunTime:0.0001s ]
SQL: SHOW COLUMNS FROM `shop_goods_detail` [ RunTime:0.0005s ]
SQL: SELECT * FROM `shop_goods_detail` WHERE (  pid=1  )  [ RunTime:0.0001s ]
NOTIC: [8] Undefined variable: status /var/www/html/thinkphp_shop.com/Application/Api/Controller/GoodsController.class.php 第 150 行.

[ 2017-05-28T13:46:51+08:00 ] 127.0.0.1 /Api/Goods/selformat
INFO: [ app_init ] --START--
INFO: Run Behavior\BuildLiteBehavior [ RunTime:0.000009s ]
INFO: [ app_init ] --END-- [ RunTime:0.000064s ]
INFO: [ app_begin ] --START--
INFO: Run Behavior\ReadHtmlCacheBehavior [ RunTime:0.000025s ]
INFO: [ app_begin ] --END-- [ RunTime:0.000048s ]
SQL: SHOW COLUMNS FROM `shop_goods_detail` [ RunTime:0.0004s ]
SQL: SELECT * FROM `shop_goods_detail` WHERE (  goodsid=2  ) LIMIT 1   [ RunTime:0.0001s ]

[ 2017-05-28T13:47:14+08:00 ] 127.0.0.1 /Api/Goods/showformat
INFO: [ app_init ] --START--
INFO: Run Behavior\BuildLiteBehavior [ RunTime:0.000009s ]
INFO: [ app_init ] --END-- [ RunTime:0.000060s ]
INFO: [ app_begin ] --START--
INFO: Run Behavior\ReadHtmlCacheBehavior [ RunTime:0.000024s ]
INFO: [ app_begin ] --END-- [ RunTime:0.000047s ]
SQL: SHOW COLUMNS FROM `shop_goods` [ RunTime:0.0004s ]
SQL: SELECT `id`,`name`,`cover`,`price` FROM `shop_goods` WHERE (  id=1  ) LIMIT 1   [ RunTime:0.0001s ]
SQL: SHOW COLUMNS FROM `shop_goods_detail` [ RunTime:0.0004s ]
SQL: SELECT * FROM `shop_goods_detail` WHERE (  pid=1  )  [ RunTime:0.0001s ]
NOTIC: [8] Undefined variable: status /var/www/html/thinkphp_shop.com/Application/Api/Controller/GoodsController.class.php 第 150 行.

[ 2017-05-28T13:47:15+08:00 ] 127.0.0.1 /Api/Goods/selformat
INFO: [ app_init ] --START--
INFO: Run Behavior\BuildLiteBehavior [ RunTime:0.000009s ]
INFO: [ app_init ] --END-- [ RunTime:0.000059s ]
INFO: [ app_begin ] --START--
INFO: Run Behavior\ReadHtmlCacheBehavior [ RunTime:0.000023s ]
INFO: [ app_begin ] --END-- [ RunTime:0.000046s ]
SQL: SHOW COLUMNS FROM `shop_goods_detail` [ RunTime:0.0005s ]
SQL: SELECT * FROM `shop_goods_detail` WHERE (  goodsid=2  ) LIMIT 1   [ RunTime:0.0001s ]

[ 2017-05-28T13:47:18+08:00 ] 127.0.0.1 /Api/Goods/showformat
INFO: [ app_init ] --START--
INFO: Run Behavior\BuildLiteBehavior [ RunTime:0.000009s ]
INFO: [ app_init ] --END-- [ RunTime:0.000059s ]
INFO: [ app_begin ] --START--
INFO: Run Behavior\ReadHtmlCacheBehavior [ RunTime:0.000022s ]
INFO: [ app_begin ] --END-- [ RunTime:0.000044s ]
SQL: SHOW COLUMNS FROM `shop_goods` [ RunTime:0.0004s ]
SQL: SELECT `id`,`name`,`cover`,`price` FROM `shop_goods` WHERE (  id=1  ) LIMIT 1   [ RunTime:0.0001s ]
SQL: SHOW COLUMNS FROM `shop_goods_detail` [ RunTime:0.0004s ]
SQL: SELECT * FROM `shop_goods_detail` WHERE (  pid=1  )  [ RunTime:0.0001s ]
NOTIC: [8] Undefined variable: status /var/www/html/thinkphp_shop.com/Application/Api/Controller/GoodsController.class.php 第 150 行.

[ 2017-05-28T13:47:19+08:00 ] 127.0.0.1 /Api/Goods/selformat
INFO: [ app_init ] --START--
INFO: Run Behavior\BuildLiteBehavior [ RunTime:0.000010s ]
INFO: [ app_init ] --END-- [ RunTime:0.000060s ]
INFO: [ app_begin ] --START--
INFO: Run Behavior\ReadHtmlCacheBehavior [ RunTime:0.000022s ]
INFO: [ app_begin ] --END-- [ RunTime:0.000047s ]
SQL: SHOW COLUMNS FROM `shop_goods_detail` [ RunTime:0.0004s ]
SQL: SELECT * FROM `shop_goods_detail` WHERE (  goodsid=1  ) LIMIT 1   [ RunTime:0.0001s ]

[ 2017-05-28T13:47:22+08:00 ] 127.0.0.1 /Api/Goods/showformat
INFO: [ app_init ] --START--
INFO: Run Behavior\BuildLiteBehavior [ RunTime:0.000011s ]
INFO: [ app_init ] --END-- [ RunTime:0.000071s ]
INFO: [ app_begin ] --START--
INFO: Run Behavior\ReadHtmlCacheBehavior [ RunTime:0.000028s ]
INFO: [ app_begin ] --END-- [ RunTime:0.000055s ]
SQL: SHOW COLUMNS FROM `shop_goods` [ RunTime:0.0005s ]
SQL: SELECT `id`,`name`,`cover`,`price` FROM `shop_goods` WHERE (  id=2  ) LIMIT 1   [ RunTime:0.0002s ]
SQL: SHOW COLUMNS FROM `shop_goods_detail` [ RunTime:0.0004s ]
SQL: SELECT * FROM `shop_goods_detail` WHERE (  pid=2  )  [ RunTime:0.0002s ]
NOTIC: [8] Undefined variable: status /var/www/html/thinkphp_shop.com/Application/Api/Controller/GoodsController.class.php 第 150 行.

[ 2017-05-28T13:47:23+08:00 ] 127.0.0.1 /Api/Goods/selformat
INFO: [ app_init ] --START--
INFO: Run Behavior\BuildLiteBehavior [ RunTime:0.000011s ]
INFO: [ app_init ] --END-- [ RunTime:0.000069s ]
INFO: [ app_begin ] --START--
INFO: Run Behavior\ReadHtmlCacheBehavior [ RunTime:0.000026s ]
INFO: [ app_begin ] --END-- [ RunTime:0.000053s ]
SQL: SHOW COLUMNS FROM `shop_goods_detail` [ RunTime:0.0005s ]
SQL: SELECT * FROM `shop_goods_detail` WHERE (  goodsid=4  ) LIMIT 1   [ RunTime:0.0002s ]

[ 2017-05-28T13:47:24+08:00 ] 127.0.0.1 /Api/Goods/selformat
INFO: [ app_init ] --START--
INFO: Run Behavior\BuildLiteBehavior [ RunTime:0.000012s ]
INFO: [ app_init ] --END-- [ RunTime:0.000086s ]
INFO: [ app_begin ] --START--
INFO: Run Behavior\ReadHtmlCacheBehavior [ RunTime:0.000035s ]
INFO: [ app_begin ] --END-- [ RunTime:0.000072s ]
SQL: SHOW COLUMNS FROM `shop_goods_detail` [ RunTime:0.0006s ]
SQL: SELECT * FROM `shop_goods_detail` WHERE (  goodsid=3  ) LIMIT 1   [ RunTime:0.0001s ]

[ 2017-05-28T13:47:24+08:00 ] 127.0.0.1 /Api/Goods/selformat
INFO: [ app_init ] --START--
INFO: Run Behavior\BuildLiteBehavior [ RunTime:0.000009s ]
INFO: [ app_init ] --END-- [ RunTime:0.000060s ]
INFO: [ app_begin ] --START--
INFO: Run Behavior\ReadHtmlCacheBehavior [ RunTime:0.000024s ]
INFO: [ app_begin ] --END-- [ RunTime:0.000047s ]
SQL: SHOW COLUMNS FROM `shop_goods_detail` [ RunTime:0.0004s ]
SQL: SELECT * FROM `shop_goods_detail` WHERE (  goodsid=4  ) LIMIT 1   [ RunTime:0.0001s ]

[ 2017-05-28T13:47:28+08:00 ] 127.0.0.1 /Api/Goods/showformat
INFO: [ app_init ] --START--
INFO: Run Behavior\BuildLiteBehavior [ RunTime:0.000011s ]
INFO: [ app_init ] --END-- [ RunTime:0.000080s ]
INFO: [ app_begin ] --START--
INFO: Run Behavior\ReadHtmlCacheBehavior [ RunTime:0.000033s ]
INFO: [ app_begin ] --END-- [ RunTime:0.000063s ]
SQL: SHOW COLUMNS FROM `shop_goods` [ RunTime:0.0006s ]
SQL: SELECT `id`,`name`,`cover`,`price` FROM `shop_goods` WHERE (  id=2  ) LIMIT 1   [ RunTime:0.0001s ]
SQL: SHOW COLUMNS FROM `shop_goods_detail` [ RunTime:0.0005s ]
SQL: SELECT * FROM `shop_goods_detail` WHERE (  pid=2  )  [ RunTime:0.0001s ]
NOTIC: [8] Undefined variable: status /var/www/html/thinkphp_shop.com/Application/Api/Controller/GoodsController.class.php 第 150 行.

[ 2017-05-28T13:47:28+08:00 ] 127.0.0.1 /Api/Goods/selformat
INFO: [ app_init ] --START--
INFO: Run Behavior\BuildLiteBehavior [ RunTime:0.000010s ]
INFO: [ app_init ] --END-- [ RunTime:0.000061s ]
INFO: [ app_begin ] --START--
INFO: Run Behavior\ReadHtmlCacheBehavior [ RunTime:0.000022s ]
INFO: [ app_begin ] --END-- [ RunTime:0.000044s ]
SQL: SHOW COLUMNS FROM `shop_goods_detail` [ RunTime:0.0004s ]
SQL: SELECT * FROM `shop_goods_detail` WHERE (  goodsid=3  ) LIMIT 1   [ RunTime:0.0001s ]

[ 2017-05-28T13:47:40+08:00 ] 127.0.0.1 /Api/Goods/showformat
INFO: [ app_init ] --START--
INFO: Run Behavior\BuildLiteBehavior [ RunTime:0.000010s ]
INFO: [ app_init ] --END-- [ RunTime:0.000065s ]
INFO: [ app_begin ] --START--
INFO: Run Behavior\ReadHtmlCacheBehavior [ RunTime:0.000024s ]
INFO: [ app_begin ] --END-- [ RunTime:0.000052s ]
SQL: SHOW COLUMNS FROM `shop_goods` [ RunTime:0.0005s ]
SQL: SELECT `id`,`name`,`cover`,`price` FROM `shop_goods` WHERE (  id=2  ) LIMIT 1   [ RunTime:0.0001s ]
SQL: SHOW COLUMNS FROM `shop_goods_detail` [ RunTime:0.0004s ]
SQL: SELECT * FROM `shop_goods_detail` WHERE (  pid=2  )  [ RunTime:0.0001s ]
NOTIC: [8] Undefined variable: status /var/www/html/thinkphp_shop.com/Application/Api/Controller/GoodsController.class.php 第 150 行.

[ 2017-05-28T13:47:46+08:00 ] 127.0.0.1 /Api/Goods/showformat
INFO: [ app_init ] --START--
INFO: Run Behavior\BuildLiteBehavior [ RunTime:0.000010s ]
INFO: [ app_init ] --END-- [ RunTime:0.000060s ]
INFO: [ app_begin ] --START--
INFO: Run Behavior\ReadHtmlCacheBehavior [ RunTime:0.000023s ]
INFO: [ app_begin ] --END-- [ RunTime:0.000045s ]
SQL: SHOW COLUMNS FROM `shop_goods` [ RunTime:0.0005s ]
SQL: SELECT `id`,`name`,`cover`,`price` FROM `shop_goods` WHERE (  id=2  ) LIMIT 1   [ RunTime:0.0001s ]
SQL: SHOW COLUMNS FROM `shop_goods_detail` [ RunTime:0.0004s ]
SQL: SELECT * FROM `shop_goods_detail` WHERE (  pid=2  )  [ RunTime:0.0001s ]
NOTIC: [8] Undefined variable: status /var/www/html/thinkphp_shop.com/Application/Api/Controller/GoodsController.class.php 第 150 行.

[ 2017-05-28T13:47:48+08:00 ] 127.0.0.1 /Api/Goods/selformat
INFO: [ app_init ] --START--
INFO: Run Behavior\BuildLiteBehavior [ RunTime:0.000011s ]
INFO: [ app_init ] --END-- [ RunTime:0.000078s ]
INFO: [ app_begin ] --START--
INFO: Run Behavior\ReadHtmlCacheBehavior [ RunTime:0.000032s ]
INFO: [ app_begin ] --END-- [ RunTime:0.000062s ]
SQL: SHOW COLUMNS FROM `shop_goods_detail` [ RunTime:0.0005s ]
SQL: SELECT * FROM `shop_goods_detail` WHERE (  goodsid=4  ) LIMIT 1   [ RunTime:0.0001s ]

[ 2017-05-28T13:47:53+08:00 ] 127.0.0.1 /Api/Goods/showformat
INFO: [ app_init ] --START--
INFO: Run Behavior\BuildLiteBehavior [ RunTime:0.000011s ]
INFO: [ app_init ] --END-- [ RunTime:0.000073s ]
INFO: [ app_begin ] --START--
INFO: Run Behavior\ReadHtmlCacheBehavior [ RunTime:0.000029s ]
INFO: [ app_begin ] --END-- [ RunTime:0.000057s ]
SQL: SHOW COLUMNS FROM `shop_goods` [ RunTime:0.0005s ]
SQL: SELECT `id`,`name`,`cover`,`price` FROM `shop_goods` WHERE (  id=2  ) LIMIT 1   [ RunTime:0.0001s ]
SQL: SHOW COLUMNS FROM `shop_goods_detail` [ RunTime:0.0004s ]
SQL: SELECT * FROM `shop_goods_detail` WHERE (  pid=2  )  [ RunTime:0.0001s ]
NOTIC: [8] Undefined variable: status /var/www/html/thinkphp_shop.com/Application/Api/Controller/GoodsController.class.php 第 150 行.

[ 2017-05-28T13:48:25+08:00 ] 127.0.0.1 /Api/Goods/showformat
INFO: [ app_init ] --START--
INFO: Run Behavior\BuildLiteBehavior [ RunTime:0.000009s ]
INFO: [ app_init ] --END-- [ RunTime:0.000067s ]
INFO: [ app_begin ] --START--
INFO: Run Behavior\ReadHtmlCacheBehavior [ RunTime:0.000027s ]
INFO: [ app_begin ] --END-- [ RunTime:0.000050s ]
SQL: SHOW COLUMNS FROM `shop_goods` [ RunTime:0.0004s ]
SQL: SELECT `id`,`name`,`cover`,`price` FROM `shop_goods` WHERE (  id=2  ) LIMIT 1   [ RunTime:0.0001s ]
SQL: SHOW COLUMNS FROM `shop_goods_detail` [ RunTime:0.0004s ]
SQL: SELECT * FROM `shop_goods_detail` WHERE (  pid=2  )  [ RunTime:0.0001s ]
NOTIC: [8] Undefined variable: status /var/www/html/thinkphp_shop.com/Application/Api/Controller/GoodsController.class.php 第 150 行.

[ 2017-05-28T13:50:46+08:00 ] 127.0.0.1 /Api/Goods/showformat
INFO: [ app_init ] --START--
INFO: Run Behavior\BuildLiteBehavior [ RunTime:0.000009s ]
INFO: [ app_init ] --END-- [ RunTime:0.000059s ]
INFO: [ app_begin ] --START--
INFO: Run Behavior\ReadHtmlCacheBehavior [ RunTime:0.000024s ]
INFO: [ app_begin ] --END-- [ RunTime:0.000047s ]
SQL: SHOW COLUMNS FROM `shop_goods` [ RunTime:0.0004s ]
SQL: SELECT `id`,`name`,`cover`,`price` FROM `shop_goods` WHERE (  id=2  ) LIMIT 1   [ RunTime:0.0001s ]
SQL: SHOW COLUMNS FROM `shop_goods_detail` [ RunTime:0.0004s ]
SQL: SELECT * FROM `shop_goods_detail` WHERE (  pid=2  )  [ RunTime:0.0001s ]
NOTIC: [8] Undefined variable: status /var/www/html/thinkphp_shop.com/Application/Api/Controller/GoodsController.class.php 第 150 行.

[ 2017-05-28T13:58:50+08:00 ] 127.0.0.1 /Api/Goods/showformat
INFO: [ app_init ] --START--
INFO: Run Behavior\BuildLiteBehavior [ RunTime:0.000018s ]
INFO: [ app_init ] --END-- [ RunTime:0.000138s ]
INFO: [ app_begin ] --START--
INFO: Run Behavior\ReadHtmlCacheBehavior [ RunTime:0.000046s ]
INFO: [ app_begin ] --END-- [ RunTime:0.000078s ]
SQL: SHOW COLUMNS FROM `shop_goods` [ RunTime:0.0006s ]
SQL: SELECT `id`,`name`,`cover`,`price` FROM `shop_goods` WHERE (  id=2  ) LIMIT 1   [ RunTime:0.0001s ]
SQL: SHOW COLUMNS FROM `shop_goods_detail` [ RunTime:0.0004s ]
SQL: SELECT * FROM `shop_goods_detail` WHERE (  pid=2  )  [ RunTime:0.0001s ]
NOTIC: [8] Undefined variable: status /var/www/html/thinkphp_shop.com/Application/Api/Controller/GoodsController.class.php 第 150 行.

[ 2017-05-28T14:01:10+08:00 ] 127.0.0.1 /Api/Goods/showformat
INFO: [ app_init ] --START--
INFO: Run Behavior\BuildLiteBehavior [ RunTime:0.000010s ]
INFO: [ app_init ] --END-- [ RunTime:0.000064s ]
INFO: [ app_begin ] --START--
INFO: Run Behavior\ReadHtmlCacheBehavior [ RunTime:0.000024s ]
INFO: [ app_begin ] --END-- [ RunTime:0.000052s ]
SQL: SHOW COLUMNS FROM `shop_goods` [ RunTime:0.0005s ]
SQL: SELECT `id`,`name`,`cover`,`price` FROM `shop_goods` WHERE (  id=2  ) LIMIT 1   [ RunTime:0.0001s ]
SQL: SHOW COLUMNS FROM `shop_goods_detail` [ RunTime:0.0004s ]
SQL: SELECT * FROM `shop_goods_detail` WHERE (  pid=2  )  [ RunTime:0.0001s ]
NOTIC: [8] Undefined variable: status /var/www/html/thinkphp_shop.com/Application/Api/Controller/GoodsController.class.php 第 150 行.

[ 2017-05-28T14:50:45+08:00 ] 127.0.0.1 /Api/Goods/showformat
INFO: [ app_init ] --START--
INFO: Run Behavior\BuildLiteBehavior [ RunTime:0.000010s ]
INFO: [ app_init ] --END-- [ RunTime:0.000071s ]
INFO: [ app_begin ] --START--
INFO: Run Behavior\ReadHtmlCacheBehavior [ RunTime:0.000029s ]
INFO: [ app_begin ] --END-- [ RunTime:0.000058s ]
SQL: SHOW COLUMNS FROM `shop_goods` [ RunTime:0.0005s ]
SQL: SELECT `id`,`name`,`cover`,`price` FROM `shop_goods` WHERE (  id=1  ) LIMIT 1   [ RunTime:0.0001s ]
SQL: SHOW COLUMNS FROM `shop_goods_detail` [ RunTime:0.0004s ]
SQL: SELECT * FROM `shop_goods_detail` WHERE (  pid=1  )  [ RunTime:0.0001s ]
NOTIC: [8] Undefined variable: status /var/www/html/thinkphp_shop.com/Application/Api/Controller/GoodsController.class.php 第 150 行.

[ 2017-05-28T14:50:46+08:00 ] 127.0.0.1 /Api/Goods/selformat
INFO: [ app_init ] --START--
INFO: Run Behavior\BuildLiteBehavior [ RunTime:0.000008s ]
INFO: [ app_init ] --END-- [ RunTime:0.000056s ]
INFO: [ app_begin ] --START--
INFO: Run Behavior\ReadHtmlCacheBehavior [ RunTime:0.000020s ]
INFO: [ app_begin ] --END-- [ RunTime:0.000044s ]
SQL: SHOW COLUMNS FROM `shop_goods_detail` [ RunTime:0.0004s ]
SQL: SELECT * FROM `shop_goods_detail` WHERE (  goodsid=2  ) LIMIT 1   [ RunTime:0.0001s ]

[ 2017-05-28T14:51:43+08:00 ] 127.0.0.1 /Api/Goods/showformat
INFO: [ app_init ] --START--
INFO: Run Behavior\BuildLiteBehavior [ RunTime:0.000016s ]
INFO: [ app_init ] --END-- [ RunTime:0.000089s ]
INFO: [ app_begin ] --START--
INFO: Run Behavior\ReadHtmlCacheBehavior [ RunTime:0.000049s ]
INFO: [ app_begin ] --END-- [ RunTime:0.000092s ]
SQL: SHOW COLUMNS FROM `shop_goods` [ RunTime:0.0006s ]
SQL: SELECT `id`,`name`,`cover`,`price` FROM `shop_goods` WHERE (  id=1  ) LIMIT 1   [ RunTime:0.0001s ]
SQL: SHOW COLUMNS FROM `shop_goods_detail` [ RunTime:0.0005s ]
SQL: SELECT * FROM `shop_goods_detail` WHERE (  pid=1  )  [ RunTime:0.0001s ]
NOTIC: [8] Undefined variable: status /var/www/html/thinkphp_shop.com/Application/Api/Controller/GoodsController.class.php 第 150 行.

[ 2017-05-28T14:51:44+08:00 ] 127.0.0.1 /Api/Goods/showformat
INFO: [ app_init ] --START--
INFO: Run Behavior\BuildLiteBehavior [ RunTime:0.000009s ]
INFO: [ app_init ] --END-- [ RunTime:0.000063s ]
INFO: [ app_begin ] --START--
INFO: Run Behavior\ReadHtmlCacheBehavior [ RunTime:0.000025s ]
INFO: [ app_begin ] --END-- [ RunTime:0.000047s ]
SQL: SHOW COLUMNS FROM `shop_goods` [ RunTime:0.0004s ]
SQL: SELECT `id`,`name`,`cover`,`price` FROM `shop_goods` WHERE (  id=1  ) LIMIT 1   [ RunTime:0.0001s ]
SQL: SHOW COLUMNS FROM `shop_goods_detail` [ RunTime:0.0004s ]
SQL: SELECT * FROM `shop_goods_detail` WHERE (  pid=1  )  [ RunTime:0.0001s ]
NOTIC: [8] Undefined variable: status /var/www/html/thinkphp_shop.com/Application/Api/Controller/GoodsController.class.php 第 150 行.

[ 2017-05-28T14:51:46+08:00 ] 127.0.0.1 /Api/Goods/selformat
INFO: [ app_init ] --START--
INFO: Run Behavior\BuildLiteBehavior [ RunTime:0.000011s ]
INFO: [ app_init ] --END-- [ RunTime:0.000068s ]
INFO: [ app_begin ] --START--
INFO: Run Behavior\ReadHtmlCacheBehavior [ RunTime:0.000026s ]
INFO: [ app_begin ] --END-- [ RunTime:0.000053s ]
SQL: SHOW COLUMNS FROM `shop_goods_detail` [ RunTime:0.0005s ]
SQL: SELECT * FROM `shop_goods_detail` WHERE (  goodsid=2  ) LIMIT 1   [ RunTime:0.0001s ]

[ 2017-05-28T14:51:50+08:00 ] 127.0.0.1 /Api/Goods/selformat
INFO: [ app_init ] --START--
INFO: Run Behavior\BuildLiteBehavior [ RunTime:0.000010s ]
INFO: [ app_init ] --END-- [ RunTime:0.000087s ]
INFO: [ app_begin ] --START--
INFO: Run Behavior\ReadHtmlCacheBehavior [ RunTime:0.000025s ]
INFO: [ app_begin ] --END-- [ RunTime:0.000047s ]
SQL: SHOW COLUMNS FROM `shop_goods_detail` [ RunTime:0.0005s ]
SQL: SELECT * FROM `shop_goods_detail` WHERE (  goodsid=1  ) LIMIT 1   [ RunTime:0.0001s ]

[ 2017-05-28T14:51:50+08:00 ] 127.0.0.1 /Api/Goods/selformat
INFO: [ app_init ] --START--
INFO: Run Behavior\BuildLiteBehavior [ RunTime:0.000010s ]
INFO: [ app_init ] --END-- [ RunTime:0.000061s ]
INFO: [ app_begin ] --START--
INFO: Run Behavior\ReadHtmlCacheBehavior [ RunTime:0.000022s ]
INFO: [ app_begin ] --END-- [ RunTime:0.000046s ]
SQL: SHOW COLUMNS FROM `shop_goods_detail` [ RunTime:0.0004s ]
SQL: SELECT * FROM `shop_goods_detail` WHERE (  goodsid=2  ) LIMIT 1   [ RunTime:0.0001s ]

[ 2017-05-28T14:52:14+08:00 ] 127.0.0.1 /Api/Goods/showformat
INFO: [ app_init ] --START--
INFO: Run Behavior\BuildLiteBehavior [ RunTime:0.000010s ]
INFO: [ app_init ] --END-- [ RunTime:0.000068s ]
INFO: [ app_begin ] --START--
INFO: Run Behavior\ReadHtmlCacheBehavior [ RunTime:0.000027s ]
INFO: [ app_begin ] --END-- [ RunTime:0.000056s ]
SQL: SHOW COLUMNS FROM `shop_goods` [ RunTime:0.0007s ]
SQL: SELECT `id`,`name`,`cover`,`price` FROM `shop_goods` WHERE (  id=1  ) LIMIT 1   [ RunTime:0.0001s ]
SQL: SHOW COLUMNS FROM `shop_goods_detail` [ RunTime:0.0004s ]
SQL: SELECT * FROM `shop_goods_detail` WHERE (  pid=1  )  [ RunTime:0.0001s ]
NOTIC: [8] Undefined variable: status /var/www/html/thinkphp_shop.com/Application/Api/Controller/GoodsController.class.php 第 150 行.

[ 2017-05-28T14:52:15+08:00 ] 127.0.0.1 /Api/Goods/selformat
INFO: [ app_init ] --START--
INFO: Run Behavior\BuildLiteBehavior [ RunTime:0.000011s ]
INFO: [ app_init ] --END-- [ RunTime:0.000071s ]
INFO: [ app_begin ] --START--
INFO: Run Behavior\ReadHtmlCacheBehavior [ RunTime:0.000027s ]
INFO: [ app_begin ] --END-- [ RunTime:0.000054s ]
SQL: SHOW COLUMNS FROM `shop_goods_detail` [ RunTime:0.0005s ]
SQL: SELECT * FROM `shop_goods_detail` WHERE (  goodsid=2  ) LIMIT 1   [ RunTime:0.0001s ]

[ 2017-05-28T14:52:47+08:00 ] 127.0.0.1 /Api/Goods/showformat
INFO: [ app_init ] --START--
INFO: Run Behavior\BuildLiteBehavior [ RunTime:0.000009s ]
INFO: [ app_init ] --END-- [ RunTime:0.000086s ]
INFO: [ app_begin ] --START--
INFO: Run Behavior\ReadHtmlCacheBehavior [ RunTime:0.000026s ]
INFO: [ app_begin ] --END-- [ RunTime:0.000050s ]
SQL: SHOW COLUMNS FROM `shop_goods` [ RunTime:0.0005s ]
SQL: SELECT `id`,`name`,`cover`,`price` FROM `shop_goods` WHERE (  id=1  ) LIMIT 1   [ RunTime:0.0001s ]
SQL: SHOW COLUMNS FROM `shop_goods_detail` [ RunTime:0.0004s ]
SQL: SELECT * FROM `shop_goods_detail` WHERE (  pid=1  )  [ RunTime:0.0001s ]
NOTIC: [8] Undefined variable: status /var/www/html/thinkphp_shop.com/Application/Api/Controller/GoodsController.class.php 第 150 行.

[ 2017-05-28T14:53:21+08:00 ] 127.0.0.1 /Api/Goods/showformat
INFO: [ app_init ] --START--
INFO: Run Behavior\BuildLiteBehavior [ RunTime:0.000009s ]
INFO: [ app_init ] --END-- [ RunTime:0.000054s ]
INFO: [ app_begin ] --START--
INFO: Run Behavior\ReadHtmlCacheBehavior [ RunTime:0.000019s ]
INFO: [ app_begin ] --END-- [ RunTime:0.000041s ]
SQL: SHOW COLUMNS FROM `shop_goods` [ RunTime:0.0004s ]
SQL: SELECT `id`,`name`,`cover`,`price` FROM `shop_goods` WHERE (  id=1  ) LIMIT 1   [ RunTime:0.0001s ]
SQL: SHOW COLUMNS FROM `shop_goods_detail` [ RunTime:0.0004s ]
SQL: SELECT * FROM `shop_goods_detail` WHERE (  pid=1  )  [ RunTime:0.0002s ]
NOTIC: [8] Undefined variable: status /var/www/html/thinkphp_shop.com/Application/Api/Controller/GoodsController.class.php 第 150 行.

[ 2017-05-28T14:53:55+08:00 ] 127.0.0.1 /Api/Goods/showformat
INFO: [ app_init ] --START--
INFO: Run Behavior\BuildLiteBehavior [ RunTime:0.000009s ]
INFO: [ app_init ] --END-- [ RunTime:0.000061s ]
INFO: [ app_begin ] --START--
INFO: Run Behavior\ReadHtmlCacheBehavior [ RunTime:0.000022s ]
INFO: [ app_begin ] --END-- [ RunTime:0.000046s ]
SQL: SHOW COLUMNS FROM `shop_goods` [ RunTime:0.0004s ]
SQL: SELECT `id`,`name`,`cover`,`price` FROM `shop_goods` WHERE (  id=1  ) LIMIT 1   [ RunTime:0.0001s ]
SQL: SHOW COLUMNS FROM `shop_goods_detail` [ RunTime:0.0004s ]
SQL: SELECT * FROM `shop_goods_detail` WHERE (  pid=1  )  [ RunTime:0.0001s ]
NOTIC: [8] Undefined variable: status /var/www/html/thinkphp_shop.com/Application/Api/Controller/GoodsController.class.php 第 150 行.

[ 2017-05-28T14:53:59+08:00 ] 127.0.0.1 /Api/Goods/selformat
INFO: [ app_init ] --START--
INFO: Run Behavior\BuildLiteBehavior [ RunTime:0.000012s ]
INFO: [ app_init ] --END-- [ RunTime:0.000082s ]
INFO: [ app_begin ] --START--
INFO: Run Behavior\ReadHtmlCacheBehavior [ RunTime:0.000033s ]
INFO: [ app_begin ] --END-- [ RunTime:0.000064s ]
SQL: SHOW COLUMNS FROM `shop_goods_detail` [ RunTime:0.0005s ]
SQL: SELECT * FROM `shop_goods_detail` WHERE (  goodsid=2  ) LIMIT 1   [ RunTime:0.0001s ]

[ 2017-05-28T14:54:02+08:00 ] 127.0.0.1 /Api/Cart/changeformat
INFO: [ app_init ] --START--
INFO: Run Behavior\BuildLiteBehavior [ RunTime:0.000009s ]
INFO: [ app_init ] --END-- [ RunTime:0.000062s ]
INFO: [ app_begin ] --START--
INFO: Run Behavior\ReadHtmlCacheBehavior [ RunTime:0.000023s ]
INFO: [ app_begin ] --END-- [ RunTime:0.000046s ]
SQL: SHOW COLUMNS FROM `shop_shopcart` [ RunTime:0.0004s ]
NOTIC: [8] Undefined variable: _SEESION /var/www/html/thinkphp_shop.com/Application/Api/Controller/CartController.class.php 第 110 行.
ERR: 1064:You have an error in your SQL syntax; check the manual that corresponds to your MySQL server version for the right syntax to use near 'and goodsid=2  ) LIMIT 1' at line 1
 [ SQL语句 ] : SELECT * FROM `shop_shopcart` WHERE (  userid= and goodsid=2  ) LIMIT 1  
ERR: 1064:You have an error in your SQL syntax; check the manual that corresponds to your MySQL server version for the right syntax to use near 'and goodsid=2  ) LIMIT 1' at line 1
 [ SQL语句 ] : SELECT * FROM `shop_shopcart` WHERE (  userid= and goodsid=2  ) LIMIT 1  

[ 2017-05-28T14:54:36+08:00 ] 127.0.0.1 /Api/Goods/showformat
INFO: [ app_init ] --START--
INFO: Run Behavior\BuildLiteBehavior [ RunTime:0.000009s ]
INFO: [ app_init ] --END-- [ RunTime:0.000063s ]
INFO: [ app_begin ] --START--
INFO: Run Behavior\ReadHtmlCacheBehavior [ RunTime:0.000025s ]
INFO: [ app_begin ] --END-- [ RunTime:0.000048s ]
SQL: SHOW COLUMNS FROM `shop_goods` [ RunTime:0.0004s ]
SQL: SELECT `id`,`name`,`cover`,`price` FROM `shop_goods` WHERE (  id=1  ) LIMIT 1   [ RunTime:0.0001s ]
SQL: SHOW COLUMNS FROM `shop_goods_detail` [ RunTime:0.0004s ]
SQL: SELECT * FROM `shop_goods_detail` WHERE (  pid=1  )  [ RunTime:0.0001s ]
NOTIC: [8] Undefined variable: status /var/www/html/thinkphp_shop.com/Application/Api/Controller/GoodsController.class.php 第 150 行.

[ 2017-05-28T14:54:39+08:00 ] 127.0.0.1 /Api/Goods/selformat
INFO: [ app_init ] --START--
INFO: Run Behavior\BuildLiteBehavior [ RunTime:0.000009s ]
INFO: [ app_init ] --END-- [ RunTime:0.000065s ]
INFO: [ app_begin ] --START--
INFO: Run Behavior\ReadHtmlCacheBehavior [ RunTime:0.000026s ]
INFO: [ app_begin ] --END-- [ RunTime:0.000050s ]
SQL: SHOW COLUMNS FROM `shop_goods_detail` [ RunTime:0.0004s ]
SQL: SELECT * FROM `shop_goods_detail` WHERE (  goodsid=2  ) LIMIT 1   [ RunTime:0.0001s ]

[ 2017-05-28T14:54:39+08:00 ] 127.0.0.1 /Api/Cart/changeformat
INFO: [ app_init ] --START--
INFO: Run Behavior\BuildLiteBehavior [ RunTime:0.000012s ]
INFO: [ app_init ] --END-- [ RunTime:0.000075s ]
INFO: [ app_begin ] --START--
INFO: Run Behavior\ReadHtmlCacheBehavior [ RunTime:0.000058s ]
INFO: [ app_begin ] --END-- [ RunTime:0.000089s ]
SQL: SHOW COLUMNS FROM `shop_shopcart` [ RunTime:0.0005s ]
NOTIC: [8] Undefined variable: _SEESION /var/www/html/thinkphp_shop.com/Application/Api/Controller/CartController.class.php 第 110 行.
ERR: 1064:You have an error in your SQL syntax; check the manual that corresponds to your MySQL server version for the right syntax to use near 'and goodsid=2  ) LIMIT 1' at line 1
 [ SQL语句 ] : SELECT * FROM `shop_shopcart` WHERE (  userid= and goodsid=2  ) LIMIT 1  
ERR: 1064:You have an error in your SQL syntax; check the manual that corresponds to your MySQL server version for the right syntax to use near 'and goodsid=2  ) LIMIT 1' at line 1
 [ SQL语句 ] : SELECT * FROM `shop_shopcart` WHERE (  userid= and goodsid=2  ) LIMIT 1  

[ 2017-05-28T14:55:18+08:00 ] 127.0.0.1 /Api/Goods/showformat
INFO: [ app_init ] --START--
INFO: Run Behavior\BuildLiteBehavior [ RunTime:0.000009s ]
INFO: [ app_init ] --END-- [ RunTime:0.000061s ]
INFO: [ app_begin ] --START--
INFO: Run Behavior\ReadHtmlCacheBehavior [ RunTime:0.000022s ]
INFO: [ app_begin ] --END-- [ RunTime:0.000046s ]
SQL: SHOW COLUMNS FROM `shop_goods` [ RunTime:0.0004s ]
SQL: SELECT `id`,`name`,`cover`,`price` FROM `shop_goods` WHERE (  id=1  ) LIMIT 1   [ RunTime:0.0001s ]
SQL: SHOW COLUMNS FROM `shop_goods_detail` [ RunTime:0.0004s ]
SQL: SELECT * FROM `shop_goods_detail` WHERE (  pid=1  )  [ RunTime:0.0001s ]
NOTIC: [8] Undefined variable: status /var/www/html/thinkphp_shop.com/Application/Api/Controller/GoodsController.class.php 第 150 行.

[ 2017-05-28T14:55:20+08:00 ] 127.0.0.1 /Api/Goods/selformat
INFO: [ app_init ] --START--
INFO: Run Behavior\BuildLiteBehavior [ RunTime:0.000010s ]
INFO: [ app_init ] --END-- [ RunTime:0.000073s ]
INFO: [ app_begin ] --START--
INFO: Run Behavior\ReadHtmlCacheBehavior [ RunTime:0.000028s ]
INFO: [ app_begin ] --END-- [ RunTime:0.000057s ]
SQL: SHOW COLUMNS FROM `shop_goods_detail` [ RunTime:0.0004s ]
SQL: SELECT * FROM `shop_goods_detail` WHERE (  goodsid=2  ) LIMIT 1   [ RunTime:0.0001s ]

[ 2017-05-28T14:55:20+08:00 ] 127.0.0.1 /Api/Cart/changeformat
INFO: [ app_init ] --START--
INFO: Run Behavior\BuildLiteBehavior [ RunTime:0.000011s ]
INFO: [ app_init ] --END-- [ RunTime:0.000087s ]
INFO: [ app_begin ] --START--
INFO: Run Behavior\ReadHtmlCacheBehavior [ RunTime:0.000030s ]
INFO: [ app_begin ] --END-- [ RunTime:0.000065s ]
SQL: SHOW COLUMNS FROM `shop_shopcart` [ RunTime:0.0005s ]
SQL: SELECT * FROM `shop_shopcart` WHERE (  userid=2 and goodsid=2  ) LIMIT 1   [ RunTime:0.0002s ]
SQL: SHOW COLUMNS FROM `shop_goods_detail` [ RunTime:0.0005s ]
SQL: SELECT * FROM `shop_goods_detail` WHERE ( goodsid=2 ) LIMIT 1   [ RunTime:0.0001s ]
NOTIC: [8] Undefined variable: cart /var/www/html/thinkphp_shop.com/Application/Api/Controller/CartController.class.php 第 113 行.
SQL: INSERT INTO `shop_shopcart` (`userid`,`goodsid`,`nums`) VALUES ('2','2','12') [ RunTime:0.0002s ]

[ 2017-05-28T14:59:33+08:00 ] 127.0.0.1 /Api/Cart/addbasket
INFO: [ app_init ] --START--
INFO: Run Behavior\BuildLiteBehavior [ RunTime:0.000008s ]
INFO: [ app_init ] --END-- [ RunTime:0.000060s ]
INFO: [ app_begin ] --START--
INFO: Run Behavior\ReadHtmlCacheBehavior [ RunTime:0.000022s ]
INFO: [ app_begin ] --END-- [ RunTime:0.000045s ]
SQL: SHOW COLUMNS FROM `shop_shopcart` [ RunTime:0.0005s ]
SQL: SELECT * FROM `shop_shopcart` WHERE (  userid=2 and goodsid=1  ) LIMIT 1   [ RunTime:0.0002s ]
SQL: INSERT INTO `shop_shopcart` (`goodsid`,`nums`,`userid`,`pid`) VALUES ('1','8','2','1') [ RunTime:0.0002s ]

[ 2017-05-28T14:59:37+08:00 ] 127.0.0.1 /Api/Goods/showformat
INFO: [ app_init ] --START--
INFO: Run Behavior\BuildLiteBehavior [ RunTime:0.000009s ]
INFO: [ app_init ] --END-- [ RunTime:0.000066s ]
INFO: [ app_begin ] --START--
INFO: Run Behavior\ReadHtmlCacheBehavior [ RunTime:0.000025s ]
INFO: [ app_begin ] --END-- [ RunTime:0.000049s ]
SQL: SHOW COLUMNS FROM `shop_goods` [ RunTime:0.0005s ]
SQL: SELECT `id`,`name`,`cover`,`price` FROM `shop_goods` WHERE (  id=1  ) LIMIT 1   [ RunTime:0.0001s ]
SQL: SHOW COLUMNS FROM `shop_goods_detail` [ RunTime:0.0004s ]
SQL: SELECT * FROM `shop_goods_detail` WHERE (  pid=1  )  [ RunTime:0.0002s ]
NOTIC: [8] Undefined variable: status /var/www/html/thinkphp_shop.com/Application/Api/Controller/GoodsController.class.php 第 150 行.

[ 2017-05-28T14:59:39+08:00 ] 127.0.0.1 /Api/Goods/selformat
INFO: [ app_init ] --START--
INFO: Run Behavior\BuildLiteBehavior [ RunTime:0.000011s ]
INFO: [ app_init ] --END-- [ RunTime:0.000072s ]
INFO: [ app_begin ] --START--
INFO: Run Behavior\ReadHtmlCacheBehavior [ RunTime:0.000027s ]
INFO: [ app_begin ] --END-- [ RunTime:0.000054s ]
SQL: SHOW COLUMNS FROM `shop_goods_detail` [ RunTime:0.0005s ]
SQL: SELECT * FROM `shop_goods_detail` WHERE (  goodsid=1  ) LIMIT 1   [ RunTime:0.0001s ]

[ 2017-05-28T14:59:41+08:00 ] 127.0.0.1 /Api/Cart/changeformat
INFO: [ app_init ] --START--
INFO: Run Behavior\BuildLiteBehavior [ RunTime:0.000008s ]
INFO: [ app_init ] --END-- [ RunTime:0.000063s ]
INFO: [ app_begin ] --START--
INFO: Run Behavior\ReadHtmlCacheBehavior [ RunTime:0.000025s ]
INFO: [ app_begin ] --END-- [ RunTime:0.000047s ]
SQL: SHOW COLUMNS FROM `shop_shopcart` [ RunTime:0.0004s ]
SQL: SELECT * FROM `shop_shopcart` WHERE (  userid=2 and goodsid=1  ) LIMIT 1   [ RunTime:0.0002s ]
SQL: SHOW COLUMNS FROM `shop_goods_detail` [ RunTime:0.0004s ]
SQL: SELECT * FROM `shop_goods_detail` WHERE ( goodsid=1 ) LIMIT 1   [ RunTime:0.0002s ]
NOTIC: [8] Undefined variable: cart /var/www/html/thinkphp_shop.com/Application/Api/Controller/CartController.class.php 第 113 行.
SQL: SHOW COLUMNS FROM `shop_goods` [ RunTime:0.0004s ]
SQL: SELECT * FROM `shop_goods` WHERE (  id=1  ) LIMIT 1   [ RunTime:0.0001s ]
SQL: INSERT INTO `shop_shopcart` (`pid`,`userid`,`goodsid`,`nums`) VALUES ('1','2','1','7') [ RunTime:0.0001s ]

[ 2017-05-28T15:01:52+08:00 ] 127.0.0.1 /Api/Goods/showformat
INFO: [ app_init ] --START--
INFO: Run Behavior\BuildLiteBehavior [ RunTime:0.000010s ]
INFO: [ app_init ] --END-- [ RunTime:0.000064s ]
INFO: [ app_begin ] --START--
INFO: Run Behavior\ReadHtmlCacheBehavior [ RunTime:0.000023s ]
INFO: [ app_begin ] --END-- [ RunTime:0.000047s ]
SQL: SHOW COLUMNS FROM `shop_goods` [ RunTime:0.0005s ]
SQL: SELECT `id`,`name`,`cover`,`price` FROM `shop_goods` WHERE (  id=1  ) LIMIT 1   [ RunTime:0.0001s ]
SQL: SHOW COLUMNS FROM `shop_goods_detail` [ RunTime:0.0004s ]
SQL: SELECT * FROM `shop_goods_detail` WHERE (  pid=1  )  [ RunTime:0.0001s ]
NOTIC: [8] Undefined variable: status /var/www/html/thinkphp_shop.com/Application/Api/Controller/GoodsController.class.php 第 150 行.

[ 2017-05-28T15:01:53+08:00 ] 127.0.0.1 /Api/Goods/selformat
INFO: [ app_init ] --START--
INFO: Run Behavior\BuildLiteBehavior [ RunTime:0.000011s ]
INFO: [ app_init ] --END-- [ RunTime:0.000074s ]
INFO: [ app_begin ] --START--
INFO: Run Behavior\ReadHtmlCacheBehavior [ RunTime:0.000030s ]
INFO: [ app_begin ] --END-- [ RunTime:0.000058s ]
SQL: SHOW COLUMNS FROM `shop_goods_detail` [ RunTime:0.0004s ]
SQL: SELECT * FROM `shop_goods_detail` WHERE (  goodsid=1  ) LIMIT 1   [ RunTime:0.0001s ]

[ 2017-05-28T15:01:55+08:00 ] 127.0.0.1 /Api/Cart/changeformat
INFO: [ app_init ] --START--
INFO: Run Behavior\BuildLiteBehavior [ RunTime:0.000008s ]
INFO: [ app_init ] --END-- [ RunTime:0.000054s ]
INFO: [ app_begin ] --START--
INFO: Run Behavior\ReadHtmlCacheBehavior [ RunTime:0.000020s ]
INFO: [ app_begin ] --END-- [ RunTime:0.000041s ]
SQL: SHOW COLUMNS FROM `shop_shopcart` [ RunTime:0.0004s ]
SQL: SELECT * FROM `shop_shopcart` WHERE (  userid=2 and goodsid=1  ) LIMIT 1   [ RunTime:0.0002s ]
SQL: SHOW COLUMNS FROM `shop_goods_detail` [ RunTime:0.0003s ]
SQL: SHOW COLUMNS FROM `shop_goods` [ RunTime:0.0003s ]
NOTIC: [8] Undefined variable: goods /var/www/html/thinkphp_shop.com/Application/Api/Controller/CartController.class.php 第 124 行.
ERR: 1064:You have an error in your SQL syntax; check the manual that corresponds to your MySQL server version for the right syntax to use near ') LIMIT 1' at line 1
 [ SQL语句 ] : SELECT * FROM `shop_goods` WHERE (  id=  ) LIMIT 1  
ERR: 1064:You have an error in your SQL syntax; check the manual that corresponds to your MySQL server version for the right syntax to use near ') LIMIT 1' at line 1
 [ SQL语句 ] : SELECT * FROM `shop_goods` WHERE (  id=  ) LIMIT 1  

[ 2017-05-28T15:01:56+08:00 ] 127.0.0.1 /Api/Cart/changeformat
INFO: [ app_init ] --START--
INFO: Run Behavior\BuildLiteBehavior [ RunTime:0.000009s ]
INFO: [ app_init ] --END-- [ RunTime:0.000063s ]
INFO: [ app_begin ] --START--
INFO: Run Behavior\ReadHtmlCacheBehavior [ RunTime:0.000024s ]
INFO: [ app_begin ] --END-- [ RunTime:0.000046s ]
SQL: SHOW COLUMNS FROM `shop_shopcart` [ RunTime:0.0004s ]
SQL: SELECT * FROM `shop_shopcart` WHERE (  userid=2 and goodsid=1  ) LIMIT 1   [ RunTime:0.0001s ]
SQL: SHOW COLUMNS FROM `shop_goods_detail` [ RunTime:0.0003s ]
SQL: SHOW COLUMNS FROM `shop_goods` [ RunTime:0.0003s ]
NOTIC: [8] Undefined variable: goods /var/www/html/thinkphp_shop.com/Application/Api/Controller/CartController.class.php 第 124 行.
ERR: 1064:You have an error in your SQL syntax; check the manual that corresponds to your MySQL server version for the right syntax to use near ') LIMIT 1' at line 1
 [ SQL语句 ] : SELECT * FROM `shop_goods` WHERE (  id=  ) LIMIT 1  
ERR: 1064:You have an error in your SQL syntax; check the manual that corresponds to your MySQL server version for the right syntax to use near ') LIMIT 1' at line 1
 [ SQL语句 ] : SELECT * FROM `shop_goods` WHERE (  id=  ) LIMIT 1  

[ 2017-05-28T15:02:17+08:00 ] 127.0.0.1 /Api/Goods/showformat
INFO: [ app_init ] --START--
INFO: Run Behavior\BuildLiteBehavior [ RunTime:0.000010s ]
INFO: [ app_init ] --END-- [ RunTime:0.000066s ]
INFO: [ app_begin ] --START--
INFO: Run Behavior\ReadHtmlCacheBehavior [ RunTime:0.000026s ]
INFO: [ app_begin ] --END-- [ RunTime:0.000049s ]
SQL: SHOW COLUMNS FROM `shop_goods` [ RunTime:0.0005s ]
SQL: SELECT `id`,`name`,`cover`,`price` FROM `shop_goods` WHERE (  id=1  ) LIMIT 1   [ RunTime:0.0001s ]
SQL: SHOW COLUMNS FROM `shop_goods_detail` [ RunTime:0.0004s ]
SQL: SELECT * FROM `shop_goods_detail` WHERE (  pid=1  )  [ RunTime:0.0001s ]
NOTIC: [8] Undefined variable: status /var/www/html/thinkphp_shop.com/Application/Api/Controller/GoodsController.class.php 第 150 行.

[ 2017-05-28T15:02:18+08:00 ] 127.0.0.1 /Api/Goods/selformat
INFO: [ app_init ] --START--
INFO: Run Behavior\BuildLiteBehavior [ RunTime:0.000010s ]
INFO: [ app_init ] --END-- [ RunTime:0.000061s ]
INFO: [ app_begin ] --START--
INFO: Run Behavior\ReadHtmlCacheBehavior [ RunTime:0.000023s ]
INFO: [ app_begin ] --END-- [ RunTime:0.000045s ]
SQL: SHOW COLUMNS FROM `shop_goods_detail` [ RunTime:0.0004s ]
SQL: SELECT * FROM `shop_goods_detail` WHERE (  goodsid=1  ) LIMIT 1   [ RunTime:0.0001s ]

[ 2017-05-28T15:02:21+08:00 ] 127.0.0.1 /Api/Cart/changeformat
INFO: [ app_init ] --START--
INFO: Run Behavior\BuildLiteBehavior [ RunTime:0.000010s ]
INFO: [ app_init ] --END-- [ RunTime:0.000071s ]
INFO: [ app_begin ] --START--
INFO: Run Behavior\ReadHtmlCacheBehavior [ RunTime:0.000027s ]
INFO: [ app_begin ] --END-- [ RunTime:0.000054s ]
SQL: SHOW COLUMNS FROM `shop_shopcart` [ RunTime:0.0004s ]
SQL: SELECT * FROM `shop_shopcart` WHERE (  userid=2 and goodsid=1  ) LIMIT 1   [ RunTime:0.0001s ]
SQL: SHOW COLUMNS FROM `shop_goods_detail` [ RunTime:0.0004s ]
SQL: SELECT * FROM `shop_goods_detail` WHERE ( goodsid=1 ) LIMIT 1   [ RunTime:0.0001s ]
SQL: SHOW COLUMNS FROM `shop_goods` [ RunTime:0.0004s ]
SQL: SELECT * FROM `shop_goods` WHERE (  id=1  ) LIMIT 1   [ RunTime:0.0001s ]
SQL: INSERT INTO `shop_shopcart` (`pid`,`userid`,`goodsid`,`nums`) VALUES ('1','2','1','12') [ RunTime:0.0002s ]

[ 2017-05-28T15:03:33+08:00 ] 127.0.0.1 /Api/Cart/addbasket
INFO: [ app_init ] --START--
INFO: Run Behavior\BuildLiteBehavior [ RunTime:0.000012s ]
INFO: [ app_init ] --END-- [ RunTime:0.000082s ]
INFO: [ app_begin ] --START--
INFO: Run Behavior\ReadHtmlCacheBehavior [ RunTime:0.000032s ]
INFO: [ app_begin ] --END-- [ RunTime:0.000067s ]
SQL: SHOW COLUMNS FROM `shop_shopcart` [ RunTime:0.0004s ]
SQL: SELECT * FROM `shop_shopcart` WHERE (  userid=2 and goodsid=1  ) LIMIT 1   [ RunTime:0.0002s ]
SQL: INSERT INTO `shop_shopcart` (`goodsid`,`nums`,`userid`,`pid`) VALUES ('1','6','2','1') [ RunTime:0.0001s ]

[ 2017-05-28T15:03:37+08:00 ] 127.0.0.1 /Api/Goods/showformat
INFO: [ app_init ] --START--
INFO: Run Behavior\BuildLiteBehavior [ RunTime:0.000009s ]
INFO: [ app_init ] --END-- [ RunTime:0.000063s ]
INFO: [ app_begin ] --START--
INFO: Run Behavior\ReadHtmlCacheBehavior [ RunTime:0.000025s ]
INFO: [ app_begin ] --END-- [ RunTime:0.000049s ]
SQL: SHOW COLUMNS FROM `shop_goods` [ RunTime:0.0004s ]
SQL: SELECT `id`,`name`,`cover`,`price` FROM `shop_goods` WHERE (  id=1  ) LIMIT 1   [ RunTime:0.0001s ]
SQL: SHOW COLUMNS FROM `shop_goods_detail` [ RunTime:0.0003s ]
SQL: SELECT * FROM `shop_goods_detail` WHERE (  pid=1  )  [ RunTime:0.0001s ]
NOTIC: [8] Undefined variable: status /var/www/html/thinkphp_shop.com/Application/Api/Controller/GoodsController.class.php 第 150 行.

[ 2017-05-28T15:03:38+08:00 ] 127.0.0.1 /Api/Goods/selformat
INFO: [ app_init ] --START--
INFO: Run Behavior\BuildLiteBehavior [ RunTime:0.000010s ]
INFO: [ app_init ] --END-- [ RunTime:0.000061s ]
INFO: [ app_begin ] --START--
INFO: Run Behavior\ReadHtmlCacheBehavior [ RunTime:0.000024s ]
INFO: [ app_begin ] --END-- [ RunTime:0.000047s ]
SQL: SHOW COLUMNS FROM `shop_goods_detail` [ RunTime:0.0004s ]
SQL: SELECT * FROM `shop_goods_detail` WHERE (  goodsid=1  ) LIMIT 1   [ RunTime:0.0001s ]

[ 2017-05-28T15:03:40+08:00 ] 127.0.0.1 /Api/Cart/changeformat
INFO: [ app_init ] --START--
INFO: Run Behavior\BuildLiteBehavior [ RunTime:0.000010s ]
INFO: [ app_init ] --END-- [ RunTime:0.000061s ]
INFO: [ app_begin ] --START--
INFO: Run Behavior\ReadHtmlCacheBehavior [ RunTime:0.000023s ]
INFO: [ app_begin ] --END-- [ RunTime:0.000045s ]
SQL: SHOW COLUMNS FROM `shop_shopcart` [ RunTime:0.0010s ]
SQL: SELECT * FROM `shop_shopcart` WHERE (  userid=2 and goodsid=1  ) LIMIT 1   [ RunTime:0.0002s ]
SQL: SHOW COLUMNS FROM `shop_goods_detail` [ RunTime:0.0004s ]
SQL: SELECT * FROM `shop_goods_detail` WHERE ( goodsid=1 ) LIMIT 1   [ RunTime:0.0001s ]
NOTIC: [8] Undefined index: num /var/www/html/thinkphp_shop.com/Application/Api/Controller/CartController.class.php 第 114 行.

[ 2017-05-28T15:03:53+08:00 ] 127.0.0.1 /Api/Goods/showformat
INFO: [ app_init ] --START--
INFO: Run Behavior\BuildLiteBehavior [ RunTime:0.000015s ]
INFO: [ app_init ] --END-- [ RunTime:0.000127s ]
INFO: [ app_begin ] --START--
INFO: Run Behavior\ReadHtmlCacheBehavior [ RunTime:0.000040s ]
INFO: [ app_begin ] --END-- [ RunTime:0.000069s ]
SQL: SHOW COLUMNS FROM `shop_goods` [ RunTime:0.0005s ]
SQL: SELECT `id`,`name`,`cover`,`price` FROM `shop_goods` WHERE (  id=1  ) LIMIT 1   [ RunTime:0.0001s ]
SQL: SHOW COLUMNS FROM `shop_goods_detail` [ RunTime:0.0003s ]
SQL: SELECT * FROM `shop_goods_detail` WHERE (  pid=1  )  [ RunTime:0.0000s ]
NOTIC: [8] Undefined variable: status /var/www/html/thinkphp_shop.com/Application/Api/Controller/GoodsController.class.php 第 150 行.

[ 2017-05-28T15:03:56+08:00 ] 127.0.0.1 /Api/Goods/selformat
INFO: [ app_init ] --START--
INFO: Run Behavior\BuildLiteBehavior [ RunTime:0.000010s ]
INFO: [ app_init ] --END-- [ RunTime:0.000071s ]
INFO: [ app_begin ] --START--
INFO: Run Behavior\ReadHtmlCacheBehavior [ RunTime:0.000029s ]
INFO: [ app_begin ] --END-- [ RunTime:0.000057s ]
SQL: SHOW COLUMNS FROM `shop_goods_detail` [ RunTime:0.0004s ]
SQL: SELECT * FROM `shop_goods_detail` WHERE (  goodsid=1  ) LIMIT 1   [ RunTime:0.0001s ]

[ 2017-05-28T15:03:57+08:00 ] 127.0.0.1 /Api/Cart/changeformat
INFO: [ app_init ] --START--
INFO: Run Behavior\BuildLiteBehavior [ RunTime:0.000010s ]
INFO: [ app_init ] --END-- [ RunTime:0.000068s ]
INFO: [ app_begin ] --START--
INFO: Run Behavior\ReadHtmlCacheBehavior [ RunTime:0.000024s ]
INFO: [ app_begin ] --END-- [ RunTime:0.000050s ]
SQL: SHOW COLUMNS FROM `shop_shopcart` [ RunTime:0.0004s ]
SQL: SELECT * FROM `shop_shopcart` WHERE (  userid=2 and goodsid=1  ) LIMIT 1   [ RunTime:0.0001s ]
SQL: SHOW COLUMNS FROM `shop_goods_detail` [ RunTime:0.0004s ]
SQL: SELECT * FROM `shop_goods_detail` WHERE ( goodsid=1 ) LIMIT 1   [ RunTime:0.0001s ]
NOTIC: [8] Undefined index: num /var/www/html/thinkphp_shop.com/Application/Api/Controller/CartController.class.php 第 114 行.

[ 2017-05-28T15:04:29+08:00 ] 127.0.0.1 /Api/Goods/showformat
INFO: [ app_init ] --START--
INFO: Run Behavior\BuildLiteBehavior [ RunTime:0.000010s ]
INFO: [ app_init ] --END-- [ RunTime:0.000069s ]
INFO: [ app_begin ] --START--
INFO: Run Behavior\ReadHtmlCacheBehavior [ RunTime:0.000027s ]
INFO: [ app_begin ] --END-- [ RunTime:0.000055s ]
SQL: SHOW COLUMNS FROM `shop_goods` [ RunTime:0.0005s ]
SQL: SELECT `id`,`name`,`cover`,`price` FROM `shop_goods` WHERE (  id=1  ) LIMIT 1   [ RunTime:0.0001s ]
SQL: SHOW COLUMNS FROM `shop_goods_detail` [ RunTime:0.0004s ]
SQL: SELECT * FROM `shop_goods_detail` WHERE (  pid=1  )  [ RunTime:0.0001s ]
NOTIC: [8] Undefined variable: status /var/www/html/thinkphp_shop.com/Application/Api/Controller/GoodsController.class.php 第 150 行.

[ 2017-05-28T15:04:30+08:00 ] 127.0.0.1 /Api/Goods/selformat
INFO: [ app_init ] --START--
INFO: Run Behavior\BuildLiteBehavior [ RunTime:0.000009s ]
INFO: [ app_init ] --END-- [ RunTime:0.000061s ]
INFO: [ app_begin ] --START--
INFO: Run Behavior\ReadHtmlCacheBehavior [ RunTime:0.000022s ]
INFO: [ app_begin ] --END-- [ RunTime:0.000045s ]
SQL: SHOW COLUMNS FROM `shop_goods_detail` [ RunTime:0.0004s ]
SQL: SELECT * FROM `shop_goods_detail` WHERE (  goodsid=1  ) LIMIT 1   [ RunTime:0.0001s ]

[ 2017-05-28T15:04:31+08:00 ] 127.0.0.1 /Api/Cart/changeformat
INFO: [ app_init ] --START--
INFO: Run Behavior\BuildLiteBehavior [ RunTime:0.000010s ]
INFO: [ app_init ] --END-- [ RunTime:0.000071s ]
INFO: [ app_begin ] --START--
INFO: Run Behavior\ReadHtmlCacheBehavior [ RunTime:0.000027s ]
INFO: [ app_begin ] --END-- [ RunTime:0.000054s ]
SQL: SHOW COLUMNS FROM `shop_shopcart` [ RunTime:0.0004s ]
SQL: SELECT * FROM `shop_shopcart` WHERE (  userid=2 and goodsid=1  ) LIMIT 1   [ RunTime:0.0001s ]
SQL: SHOW COLUMNS FROM `shop_goods_detail` [ RunTime:0.0005s ]
SQL: SELECT * FROM `shop_goods_detail` WHERE ( goodsid=1 ) LIMIT 1   [ RunTime:0.0001s ]

[ 2017-05-28T15:04:53+08:00 ] 127.0.0.1 /Api/Goods/showformat
INFO: [ app_init ] --START--
INFO: Run Behavior\BuildLiteBehavior [ RunTime:0.000009s ]
INFO: [ app_init ] --END-- [ RunTime:0.000064s ]
INFO: [ app_begin ] --START--
INFO: Run Behavior\ReadHtmlCacheBehavior [ RunTime:0.000025s ]
INFO: [ app_begin ] --END-- [ RunTime:0.000048s ]
SQL: SHOW COLUMNS FROM `shop_goods` [ RunTime:0.0004s ]
SQL: SELECT `id`,`name`,`cover`,`price` FROM `shop_goods` WHERE (  id=1  ) LIMIT 1   [ RunTime:0.0001s ]
SQL: SHOW COLUMNS FROM `shop_goods_detail` [ RunTime:0.0004s ]
SQL: SELECT * FROM `shop_goods_detail` WHERE (  pid=1  )  [ RunTime:0.0001s ]
NOTIC: [8] Undefined variable: status /var/www/html/thinkphp_shop.com/Application/Api/Controller/GoodsController.class.php 第 150 行.

[ 2017-05-28T15:04:54+08:00 ] 127.0.0.1 /Api/Goods/selformat
INFO: [ app_init ] --START--
INFO: Run Behavior\BuildLiteBehavior [ RunTime:0.000011s ]
INFO: [ app_init ] --END-- [ RunTime:0.000062s ]
INFO: [ app_begin ] --START--
INFO: Run Behavior\ReadHtmlCacheBehavior [ RunTime:0.000024s ]
INFO: [ app_begin ] --END-- [ RunTime:0.000047s ]
SQL: SHOW COLUMNS FROM `shop_goods_detail` [ RunTime:0.0004s ]
SQL: SELECT * FROM `shop_goods_detail` WHERE (  goodsid=1  ) LIMIT 1   [ RunTime:0.0002s ]

[ 2017-05-28T15:04:56+08:00 ] 127.0.0.1 /Api/Cart/changeformat
INFO: [ app_init ] --START--
INFO: Run Behavior\BuildLiteBehavior [ RunTime:0.000008s ]
INFO: [ app_init ] --END-- [ RunTime:0.000061s ]
INFO: [ app_begin ] --START--
INFO: Run Behavior\ReadHtmlCacheBehavior [ RunTime:0.000022s ]
INFO: [ app_begin ] --END-- [ RunTime:0.000044s ]
SQL: SHOW COLUMNS FROM `shop_shopcart` [ RunTime:0.0004s ]
SQL: SELECT * FROM `shop_shopcart` WHERE (  userid=2 and goodsid=1  ) LIMIT 1   [ RunTime:0.0001s ]
SQL: SHOW COLUMNS FROM `shop_goods_detail` [ RunTime:0.0004s ]
SQL: SELECT * FROM `shop_goods_detail` WHERE ( goodsid=1 ) LIMIT 1   [ RunTime:0.0001s ]

[ 2017-05-28T15:05:45+08:00 ] 127.0.0.1 /Api/Goods/showformat
INFO: [ app_init ] --START--
INFO: Run Behavior\BuildLiteBehavior [ RunTime:0.000011s ]
INFO: [ app_init ] --END-- [ RunTime:0.000071s ]
INFO: [ app_begin ] --START--
INFO: Run Behavior\ReadHtmlCacheBehavior [ RunTime:0.000026s ]
INFO: [ app_begin ] --END-- [ RunTime:0.000055s ]
SQL: SHOW COLUMNS FROM `shop_goods` [ RunTime:0.0005s ]
SQL: SELECT `id`,`name`,`cover`,`price` FROM `shop_goods` WHERE (  id=1  ) LIMIT 1   [ RunTime:0.0001s ]
SQL: SHOW COLUMNS FROM `shop_goods_detail` [ RunTime:0.0004s ]
SQL: SELECT * FROM `shop_goods_detail` WHERE (  pid=1  )  [ RunTime:0.0001s ]
NOTIC: [8] Undefined variable: status /var/www/html/thinkphp_shop.com/Application/Api/Controller/GoodsController.class.php 第 150 行.

[ 2017-05-28T15:05:49+08:00 ] 127.0.0.1 /Api/Goods/selformat
INFO: [ app_init ] --START--
INFO: Run Behavior\BuildLiteBehavior [ RunTime:0.000009s ]
INFO: [ app_init ] --END-- [ RunTime:0.000065s ]
INFO: [ app_begin ] --START--
INFO: Run Behavior\ReadHtmlCacheBehavior [ RunTime:0.000025s ]
INFO: [ app_begin ] --END-- [ RunTime:0.000048s ]
SQL: SHOW COLUMNS FROM `shop_goods_detail` [ RunTime:0.0004s ]
SQL: SELECT * FROM `shop_goods_detail` WHERE (  goodsid=1  ) LIMIT 1   [ RunTime:0.0001s ]

[ 2017-05-28T15:05:50+08:00 ] 127.0.0.1 /Api/Cart/changeformat
INFO: [ app_init ] --START--
INFO: Run Behavior\BuildLiteBehavior [ RunTime:0.000010s ]
INFO: [ app_init ] --END-- [ RunTime:0.000065s ]
INFO: [ app_begin ] --START--
INFO: Run Behavior\ReadHtmlCacheBehavior [ RunTime:0.000024s ]
INFO: [ app_begin ] --END-- [ RunTime:0.000051s ]
SQL: SHOW COLUMNS FROM `shop_shopcart` [ RunTime:0.0004s ]
SQL: SELECT * FROM `shop_shopcart` WHERE (  userid=2 and goodsid=1  ) LIMIT 1   [ RunTime:0.0002s ]
SQL: SHOW COLUMNS FROM `shop_goods_detail` [ RunTime:0.0004s ]
SQL: SELECT * FROM `shop_goods_detail` WHERE ( goodsid=1 ) LIMIT 1   [ RunTime:0.0001s ]

[ 2017-05-28T15:06:25+08:00 ] 127.0.0.1 /Api/Goods/showformat
INFO: [ app_init ] --START--
INFO: Run Behavior\BuildLiteBehavior [ RunTime:0.000012s ]
INFO: [ app_init ] --END-- [ RunTime:0.000076s ]
INFO: [ app_begin ] --START--
INFO: Run Behavior\ReadHtmlCacheBehavior [ RunTime:0.000030s ]
INFO: [ app_begin ] --END-- [ RunTime:0.000061s ]
SQL: SHOW COLUMNS FROM `shop_goods` [ RunTime:0.0006s ]
SQL: SELECT `id`,`name`,`cover`,`price` FROM `shop_goods` WHERE (  id=1  ) LIMIT 1   [ RunTime:0.0001s ]
SQL: SHOW COLUMNS FROM `shop_goods_detail` [ RunTime:0.0005s ]
SQL: SELECT * FROM `shop_goods_detail` WHERE (  pid=1  )  [ RunTime:0.0001s ]
NOTIC: [8] Undefined variable: status /var/www/html/thinkphp_shop.com/Application/Api/Controller/GoodsController.class.php 第 150 行.

[ 2017-05-28T15:06:27+08:00 ] 127.0.0.1 /Api/Goods/selformat
INFO: [ app_init ] --START--
INFO: Run Behavior\BuildLiteBehavior [ RunTime:0.000012s ]
INFO: [ app_init ] --END-- [ RunTime:0.000081s ]
INFO: [ app_begin ] --START--
INFO: Run Behavior\ReadHtmlCacheBehavior [ RunTime:0.000033s ]
INFO: [ app_begin ] --END-- [ RunTime:0.000065s ]
SQL: SHOW COLUMNS FROM `shop_goods_detail` [ RunTime:0.0005s ]
SQL: SELECT * FROM `shop_goods_detail` WHERE (  goodsid=1  ) LIMIT 1   [ RunTime:0.0001s ]

[ 2017-05-28T15:06:27+08:00 ] 127.0.0.1 /Api/Cart/changeformat
INFO: [ app_init ] --START--
INFO: Run Behavior\BuildLiteBehavior [ RunTime:0.000009s ]
INFO: [ app_init ] --END-- [ RunTime:0.000059s ]
INFO: [ app_begin ] --START--
INFO: Run Behavior\ReadHtmlCacheBehavior [ RunTime:0.000021s ]
INFO: [ app_begin ] --END-- [ RunTime:0.000043s ]
SQL: SHOW COLUMNS FROM `shop_shopcart` [ RunTime:0.0004s ]
SQL: SELECT * FROM `shop_shopcart` WHERE (  userid=2 and goodsid=1  ) LIMIT 1   [ RunTime:0.0001s ]
SQL: SHOW COLUMNS FROM `shop_goods_detail` [ RunTime:0.0003s ]
SQL: SELECT * FROM `shop_goods_detail` WHERE ( goodsid=1 ) LIMIT 1   [ RunTime:0.0001s ]

[ 2017-05-28T15:07:44+08:00 ] 127.0.0.1 /Api/Goods/showformat
INFO: [ app_init ] --START--
INFO: Run Behavior\BuildLiteBehavior [ RunTime:0.000017s ]
INFO: [ app_init ] --END-- [ RunTime:0.000128s ]
INFO: [ app_begin ] --START--
INFO: Run Behavior\ReadHtmlCacheBehavior [ RunTime:0.000334s ]
INFO: [ app_begin ] --END-- [ RunTime:0.000369s ]
SQL: SHOW COLUMNS FROM `shop_goods` [ RunTime:0.0005s ]
SQL: SELECT `id`,`name`,`cover`,`price` FROM `shop_goods` WHERE (  id=1  ) LIMIT 1   [ RunTime:0.0001s ]
SQL: SHOW COLUMNS FROM `shop_goods_detail` [ RunTime:0.0003s ]
SQL: SELECT * FROM `shop_goods_detail` WHERE (  pid=1  )  [ RunTime:0.0000s ]
NOTIC: [8] Undefined variable: status /var/www/html/thinkphp_shop.com/Application/Api/Controller/GoodsController.class.php 第 150 行.

[ 2017-05-28T15:07:45+08:00 ] 127.0.0.1 /Api/Goods/selformat
INFO: [ app_init ] --START--
INFO: Run Behavior\BuildLiteBehavior [ RunTime:0.000010s ]
INFO: [ app_init ] --END-- [ RunTime:0.000063s ]
INFO: [ app_begin ] --START--
INFO: Run Behavior\ReadHtmlCacheBehavior [ RunTime:0.000022s ]
INFO: [ app_begin ] --END-- [ RunTime:0.000045s ]
SQL: SHOW COLUMNS FROM `shop_goods_detail` [ RunTime:0.0004s ]
SQL: SELECT * FROM `shop_goods_detail` WHERE (  goodsid=2  ) LIMIT 1   [ RunTime:0.0001s ]

[ 2017-05-28T15:07:46+08:00 ] 127.0.0.1 /Api/Cart/changeformat
INFO: [ app_init ] --START--
INFO: Run Behavior\BuildLiteBehavior [ RunTime:0.000009s ]
INFO: [ app_init ] --END-- [ RunTime:0.000058s ]
INFO: [ app_begin ] --START--
INFO: Run Behavior\ReadHtmlCacheBehavior [ RunTime:0.000022s ]
INFO: [ app_begin ] --END-- [ RunTime:0.000044s ]
SQL: SHOW COLUMNS FROM `shop_shopcart` [ RunTime:0.0004s ]
SQL: SELECT * FROM `shop_shopcart` WHERE (  userid=2 and goodsid=2  ) LIMIT 1   [ RunTime:0.0002s ]
SQL: SHOW COLUMNS FROM `shop_goods_detail` [ RunTime:0.0003s ]
SQL: SELECT * FROM `shop_goods_detail` WHERE ( goodsid=2 ) LIMIT 1   [ RunTime:0.0001s ]
SQL: SHOW COLUMNS FROM `shop_goods` [ RunTime:0.0003s ]
SQL: SELECT * FROM `shop_goods` WHERE (  id=1  ) LIMIT 1   [ RunTime:0.0001s ]
SQL: INSERT INTO `shop_shopcart` (`pid`,`userid`,`goodsid`,`nums`) VALUES ('1','2','2','9') [ RunTime:0.0002s ]

[ 2017-05-28T15:12:57+08:00 ] 127.0.0.1 /Api/Goods/showformat
INFO: [ app_init ] --START--
INFO: Run Behavior\BuildLiteBehavior [ RunTime:0.000009s ]
INFO: [ app_init ] --END-- [ RunTime:0.000059s ]
INFO: [ app_begin ] --START--
INFO: Run Behavior\ReadHtmlCacheBehavior [ RunTime:0.000025s ]
INFO: [ app_begin ] --END-- [ RunTime:0.000048s ]
SQL: SHOW COLUMNS FROM `shop_goods` [ RunTime:0.0004s ]
SQL: SELECT `id`,`name`,`cover`,`price` FROM `shop_goods` WHERE (  id=1  ) LIMIT 1   [ RunTime:0.0001s ]
SQL: SHOW COLUMNS FROM `shop_goods_detail` [ RunTime:0.0004s ]
SQL: SELECT * FROM `shop_goods_detail` WHERE (  pid=1  )  [ RunTime:0.0001s ]
NOTIC: [8] Undefined variable: status /var/www/html/thinkphp_shop.com/Application/Api/Controller/GoodsController.class.php 第 150 行.

[ 2017-05-28T15:12:57+08:00 ] 127.0.0.1 /Api/Goods/selformat
INFO: [ app_init ] --START--
INFO: Run Behavior\BuildLiteBehavior [ RunTime:0.000010s ]
INFO: [ app_init ] --END-- [ RunTime:0.000062s ]
INFO: [ app_begin ] --START--
INFO: Run Behavior\ReadHtmlCacheBehavior [ RunTime:0.000023s ]
INFO: [ app_begin ] --END-- [ RunTime:0.000045s ]
SQL: SHOW COLUMNS FROM `shop_goods_detail` [ RunTime:0.0004s ]
SQL: SELECT * FROM `shop_goods_detail` WHERE (  goodsid=1  ) LIMIT 1   [ RunTime:0.0001s ]

[ 2017-05-28T15:12:58+08:00 ] 127.0.0.1 /Api/Cart/changeformat
INFO: [ app_init ] --START--
INFO: Run Behavior\BuildLiteBehavior [ RunTime:0.000011s ]
INFO: [ app_init ] --END-- [ RunTime:0.000078s ]
INFO: [ app_begin ] --START--
INFO: Run Behavior\ReadHtmlCacheBehavior [ RunTime:0.000031s ]
INFO: [ app_begin ] --END-- [ RunTime:0.000062s ]
SQL: SHOW COLUMNS FROM `shop_shopcart` [ RunTime:0.0005s ]
SQL: SELECT * FROM `shop_shopcart` WHERE (  userid=2 and goodsid=1  ) LIMIT 1   [ RunTime:0.0002s ]
SQL: SHOW COLUMNS FROM `shop_goods_detail` [ RunTime:0.0005s ]
SQL: SELECT * FROM `shop_goods_detail` WHERE ( goodsid=1 ) LIMIT 1   [ RunTime:0.0001s ]

[ 2017-05-28T15:13:33+08:00 ] 127.0.0.1 /Api/Goods/showformat
INFO: [ app_init ] --START--
INFO: Run Behavior\BuildLiteBehavior [ RunTime:0.000009s ]
INFO: [ app_init ] --END-- [ RunTime:0.000061s ]
INFO: [ app_begin ] --START--
INFO: Run Behavior\ReadHtmlCacheBehavior [ RunTime:0.000023s ]
INFO: [ app_begin ] --END-- [ RunTime:0.000046s ]
SQL: SHOW COLUMNS FROM `shop_goods` [ RunTime:0.0004s ]
SQL: SELECT `id`,`name`,`cover`,`price` FROM `shop_goods` WHERE (  id=1  ) LIMIT 1   [ RunTime:0.0001s ]
SQL: SHOW COLUMNS FROM `shop_goods_detail` [ RunTime:0.0004s ]
SQL: SELECT * FROM `shop_goods_detail` WHERE (  pid=1  )  [ RunTime:0.0001s ]
NOTIC: [8] Undefined variable: status /var/www/html/thinkphp_shop.com/Application/Api/Controller/GoodsController.class.php 第 150 行.

[ 2017-05-28T15:13:34+08:00 ] 127.0.0.1 /Api/Goods/selformat
INFO: [ app_init ] --START--
INFO: Run Behavior\BuildLiteBehavior [ RunTime:0.000010s ]
INFO: [ app_init ] --END-- [ RunTime:0.000066s ]
INFO: [ app_begin ] --START--
INFO: Run Behavior\ReadHtmlCacheBehavior [ RunTime:0.000026s ]
INFO: [ app_begin ] --END-- [ RunTime:0.000048s ]
SQL: SHOW COLUMNS FROM `shop_goods_detail` [ RunTime:0.0004s ]
SQL: SELECT * FROM `shop_goods_detail` WHERE (  goodsid=1  ) LIMIT 1   [ RunTime:0.0001s ]

[ 2017-05-28T15:13:35+08:00 ] 127.0.0.1 /Api/Cart/changeformat
INFO: [ app_init ] --START--
INFO: Run Behavior\BuildLiteBehavior [ RunTime:0.000009s ]
INFO: [ app_init ] --END-- [ RunTime:0.000058s ]
INFO: [ app_begin ] --START--
INFO: Run Behavior\ReadHtmlCacheBehavior [ RunTime:0.000020s ]
INFO: [ app_begin ] --END-- [ RunTime:0.000054s ]
SQL: SHOW COLUMNS FROM `shop_shopcart` [ RunTime:0.0004s ]
SQL: SELECT * FROM `shop_shopcart` WHERE (  userid=2 and goodsid=1  ) LIMIT 1   [ RunTime:0.0001s ]
SQL: SHOW COLUMNS FROM `shop_goods_detail` [ RunTime:0.0003s ]
SQL: SELECT * FROM `shop_goods_detail` WHERE ( goodsid=1 ) LIMIT 1   [ RunTime:0.0000s ]

[ 2017-05-28T15:14:04+08:00 ] 127.0.0.1 /Api/Goods/showformat
INFO: [ app_init ] --START--
INFO: Run Behavior\BuildLiteBehavior [ RunTime:0.000009s ]
INFO: [ app_init ] --END-- [ RunTime:0.000060s ]
INFO: [ app_begin ] --START--
INFO: Run Behavior\ReadHtmlCacheBehavior [ RunTime:0.000023s ]
INFO: [ app_begin ] --END-- [ RunTime:0.000046s ]
SQL: SHOW COLUMNS FROM `shop_goods` [ RunTime:0.0004s ]
SQL: SELECT `id`,`name`,`cover`,`price` FROM `shop_goods` WHERE (  id=1  ) LIMIT 1   [ RunTime:0.0001s ]
SQL: SHOW COLUMNS FROM `shop_goods_detail` [ RunTime:0.0004s ]
SQL: SELECT * FROM `shop_goods_detail` WHERE (  pid=1  )  [ RunTime:0.0001s ]
NOTIC: [8] Undefined variable: status /var/www/html/thinkphp_shop.com/Application/Api/Controller/GoodsController.class.php 第 150 行.

[ 2017-05-28T15:14:05+08:00 ] 127.0.0.1 /Api/Goods/selformat
INFO: [ app_init ] --START--
INFO: Run Behavior\BuildLiteBehavior [ RunTime:0.000027s ]
INFO: [ app_init ] --END-- [ RunTime:0.000194s ]
INFO: [ app_begin ] --START--
INFO: Run Behavior\ReadHtmlCacheBehavior [ RunTime:0.000025s ]
INFO: [ app_begin ] --END-- [ RunTime:0.000048s ]
SQL: SHOW COLUMNS FROM `shop_goods_detail` [ RunTime:0.0004s ]
SQL: SELECT * FROM `shop_goods_detail` WHERE (  goodsid=1  ) LIMIT 1   [ RunTime:0.0001s ]

[ 2017-05-28T15:14:06+08:00 ] 127.0.0.1 /Api/Cart/changeformat
INFO: [ app_init ] --START--
INFO: Run Behavior\BuildLiteBehavior [ RunTime:0.000008s ]
INFO: [ app_init ] --END-- [ RunTime:0.000059s ]
INFO: [ app_begin ] --START--
INFO: Run Behavior\ReadHtmlCacheBehavior [ RunTime:0.000021s ]
INFO: [ app_begin ] --END-- [ RunTime:0.000043s ]
SQL: SHOW COLUMNS FROM `shop_shopcart` [ RunTime:0.0005s ]
SQL: SELECT * FROM `shop_shopcart` WHERE (  userid=2 and goodsid=1  ) LIMIT 1   [ RunTime:0.0001s ]
SQL: SHOW COLUMNS FROM `shop_goods_detail` [ RunTime:0.0004s ]
SQL: SELECT * FROM `shop_goods_detail` WHERE ( goodsid=1 ) LIMIT 1   [ RunTime:0.0001s ]

[ 2017-05-28T15:14:34+08:00 ] 127.0.0.1 /Api/Goods/showformat
INFO: [ app_init ] --START--
INFO: Run Behavior\BuildLiteBehavior [ RunTime:0.000010s ]
INFO: [ app_init ] --END-- [ RunTime:0.000083s ]
INFO: [ app_begin ] --START--
INFO: Run Behavior\ReadHtmlCacheBehavior [ RunTime:0.000024s ]
INFO: [ app_begin ] --END-- [ RunTime:0.000047s ]
SQL: SHOW COLUMNS FROM `shop_goods` [ RunTime:0.0004s ]
SQL: SELECT `id`,`name`,`cover`,`price` FROM `shop_goods` WHERE (  id=1  ) LIMIT 1   [ RunTime:0.0001s ]
SQL: SHOW COLUMNS FROM `shop_goods_detail` [ RunTime:0.0004s ]
SQL: SELECT * FROM `shop_goods_detail` WHERE (  pid=1  )  [ RunTime:0.0001s ]
NOTIC: [8] Undefined variable: status /var/www/html/thinkphp_shop.com/Application/Api/Controller/GoodsController.class.php 第 150 行.

[ 2017-05-28T15:14:43+08:00 ] 127.0.0.1 /Api/Goods/showformat
INFO: [ app_init ] --START--
INFO: Run Behavior\BuildLiteBehavior [ RunTime:0.000027s ]
INFO: [ app_init ] --END-- [ RunTime:0.000193s ]
INFO: [ app_begin ] --START--
INFO: Run Behavior\ReadHtmlCacheBehavior [ RunTime:0.000025s ]
INFO: [ app_begin ] --END-- [ RunTime:0.000049s ]
SQL: SHOW COLUMNS FROM `shop_goods` [ RunTime:0.0004s ]
SQL: SELECT `id`,`name`,`cover`,`price` FROM `shop_goods` WHERE (  id=1  ) LIMIT 1   [ RunTime:0.0001s ]
SQL: SHOW COLUMNS FROM `shop_goods_detail` [ RunTime:0.0004s ]
SQL: SELECT * FROM `shop_goods_detail` WHERE (  pid=1  )  [ RunTime:0.0001s ]
NOTIC: [8] Undefined variable: status /var/www/html/thinkphp_shop.com/Application/Api/Controller/GoodsController.class.php 第 150 行.

[ 2017-05-28T15:14:44+08:00 ] 127.0.0.1 /Api/Goods/selformat
INFO: [ app_init ] --START--
INFO: Run Behavior\BuildLiteBehavior [ RunTime:0.000010s ]
INFO: [ app_init ] --END-- [ RunTime:0.000122s ]
INFO: [ app_begin ] --START--
INFO: Run Behavior\ReadHtmlCacheBehavior [ RunTime:0.000024s ]
INFO: [ app_begin ] --END-- [ RunTime:0.000047s ]
SQL: SHOW COLUMNS FROM `shop_goods_detail` [ RunTime:0.0004s ]
SQL: SELECT * FROM `shop_goods_detail` WHERE (  goodsid=1  ) LIMIT 1   [ RunTime:0.0001s ]

[ 2017-05-28T15:14:46+08:00 ] 127.0.0.1 /Api/Cart/changeformat
INFO: [ app_init ] --START--
INFO: Run Behavior\BuildLiteBehavior [ RunTime:0.000011s ]
INFO: [ app_init ] --END-- [ RunTime:0.000077s ]
INFO: [ app_begin ] --START--
INFO: Run Behavior\ReadHtmlCacheBehavior [ RunTime:0.000030s ]
INFO: [ app_begin ] --END-- [ RunTime:0.000060s ]
SQL: SHOW COLUMNS FROM `shop_shopcart` [ RunTime:0.0004s ]
SQL: SELECT * FROM `shop_shopcart` WHERE (  userid=2 and goodsid=1  ) LIMIT 1   [ RunTime:0.0001s ]
SQL: SHOW COLUMNS FROM `shop_goods_detail` [ RunTime:0.0011s ]
SQL: SELECT * FROM `shop_goods_detail` WHERE ( goodsid=1 ) LIMIT 1   [ RunTime:0.0001s ]

[ 2017-05-28T15:15:13+08:00 ] 127.0.0.1 /Api/Goods/showformat
INFO: [ app_init ] --START--
INFO: Run Behavior\BuildLiteBehavior [ RunTime:0.000009s ]
INFO: [ app_init ] --END-- [ RunTime:0.000065s ]
INFO: [ app_begin ] --START--
INFO: Run Behavior\ReadHtmlCacheBehavior [ RunTime:0.000025s ]
INFO: [ app_begin ] --END-- [ RunTime:0.000048s ]
SQL: SHOW COLUMNS FROM `shop_goods` [ RunTime:0.0004s ]
SQL: SELECT `id`,`name`,`cover`,`price` FROM `shop_goods` WHERE (  id=1  ) LIMIT 1   [ RunTime:0.0001s ]
SQL: SHOW COLUMNS FROM `shop_goods_detail` [ RunTime:0.0004s ]
SQL: SELECT * FROM `shop_goods_detail` WHERE (  pid=1  )  [ RunTime:0.0001s ]
NOTIC: [8] Undefined variable: status /var/www/html/thinkphp_shop.com/Application/Api/Controller/GoodsController.class.php 第 150 行.

[ 2017-05-28T15:15:14+08:00 ] 127.0.0.1 /Api/Goods/selformat
INFO: [ app_init ] --START--
INFO: Run Behavior\BuildLiteBehavior [ RunTime:0.000008s ]
INFO: [ app_init ] --END-- [ RunTime:0.000061s ]
INFO: [ app_begin ] --START--
INFO: Run Behavior\ReadHtmlCacheBehavior [ RunTime:0.000023s ]
INFO: [ app_begin ] --END-- [ RunTime:0.000045s ]
SQL: SHOW COLUMNS FROM `shop_goods_detail` [ RunTime:0.0004s ]
SQL: SELECT * FROM `shop_goods_detail` WHERE (  goodsid=1  ) LIMIT 1   [ RunTime:0.0001s ]

[ 2017-05-28T15:15:15+08:00 ] 127.0.0.1 /Api/Cart/changeformat
INFO: [ app_init ] --START--
INFO: Run Behavior\BuildLiteBehavior [ RunTime:0.000009s ]
INFO: [ app_init ] --END-- [ RunTime:0.000065s ]
INFO: [ app_begin ] --START--
INFO: Run Behavior\ReadHtmlCacheBehavior [ RunTime:0.000025s ]
INFO: [ app_begin ] --END-- [ RunTime:0.000051s ]
SQL: SHOW COLUMNS FROM `shop_shopcart` [ RunTime:0.0004s ]
SQL: SELECT * FROM `shop_shopcart` WHERE (  userid=2 and goodsid=1  ) LIMIT 1   [ RunTime:0.0001s ]
SQL: SHOW COLUMNS FROM `shop_goods_detail` [ RunTime:0.0003s ]
SQL: SELECT * FROM `shop_goods_detail` WHERE ( goodsid=1 ) LIMIT 1   [ RunTime:0.0001s ]
SQL: UPDATE `shop_shopcart` SET `nums`='23' WHERE (  userid=2 and goodsid=1  ) [ RunTime:0.0009s ]

[ 2017-05-28T15:15:37+08:00 ] 127.0.0.1 /Api/Goods/showformat
INFO: [ app_init ] --START--
INFO: Run Behavior\BuildLiteBehavior [ RunTime:0.000009s ]
INFO: [ app_init ] --END-- [ RunTime:0.000059s ]
INFO: [ app_begin ] --START--
INFO: Run Behavior\ReadHtmlCacheBehavior [ RunTime:0.000024s ]
INFO: [ app_begin ] --END-- [ RunTime:0.000047s ]
SQL: SHOW COLUMNS FROM `shop_goods` [ RunTime:0.0006s ]
SQL: SELECT `id`,`name`,`cover`,`price` FROM `shop_goods` WHERE (  id=1  ) LIMIT 1   [ RunTime:0.0001s ]
SQL: SHOW COLUMNS FROM `shop_goods_detail` [ RunTime:0.0005s ]
SQL: SELECT * FROM `shop_goods_detail` WHERE (  pid=1  )  [ RunTime:0.0001s ]
NOTIC: [8] Undefined variable: status /var/www/html/thinkphp_shop.com/Application/Api/Controller/GoodsController.class.php 第 150 行.

[ 2017-05-28T15:15:39+08:00 ] 127.0.0.1 /Api/Goods/selformat
INFO: [ app_init ] --START--
INFO: Run Behavior\BuildLiteBehavior [ RunTime:0.000028s ]
INFO: [ app_init ] --END-- [ RunTime:0.000199s ]
INFO: [ app_begin ] --START--
INFO: Run Behavior\ReadHtmlCacheBehavior [ RunTime:0.000027s ]
INFO: [ app_begin ] --END-- [ RunTime:0.000050s ]
SQL: SHOW COLUMNS FROM `shop_goods_detail` [ RunTime:0.0004s ]
SQL: SELECT * FROM `shop_goods_detail` WHERE (  goodsid=1  ) LIMIT 1   [ RunTime:0.0001s ]

[ 2017-05-28T15:15:41+08:00 ] 127.0.0.1 /Api/Cart/changeformat
INFO: [ app_init ] --START--
INFO: Run Behavior\BuildLiteBehavior [ RunTime:0.000013s ]
INFO: [ app_init ] --END-- [ RunTime:0.000085s ]
INFO: [ app_begin ] --START--
INFO: Run Behavior\ReadHtmlCacheBehavior [ RunTime:0.000034s ]
INFO: [ app_begin ] --END-- [ RunTime:0.000071s ]
SQL: SHOW COLUMNS FROM `shop_shopcart` [ RunTime:0.0006s ]
SQL: SELECT * FROM `shop_shopcart` WHERE (  userid=2 and goodsid=1  ) LIMIT 1   [ RunTime:0.0002s ]
SQL: SHOW COLUMNS FROM `shop_goods_detail` [ RunTime:0.0005s ]
SQL: SELECT * FROM `shop_goods_detail` WHERE ( goodsid=1 ) LIMIT 1   [ RunTime:0.0001s ]
SQL: UPDATE `shop_shopcart` SET `nums`='40' WHERE (  userid=2 and goodsid=1  ) [ RunTime:0.0002s ]
INFO: [ app_end ] --START--
INFO: Run Behavior\ShowPageTraceBehavior [ RunTime:0.000097s ]
INFO: [ app_end ] --END-- [ RunTime:0.000137s ]

[ 2017-05-28T15:15:51+08:00 ] 127.0.0.1 /Api/Goods/showformat
INFO: [ app_init ] --START--
INFO: Run Behavior\BuildLiteBehavior [ RunTime:0.000016s ]
INFO: [ app_init ] --END-- [ RunTime:0.000129s ]
INFO: [ app_begin ] --START--
INFO: Run Behavior\ReadHtmlCacheBehavior [ RunTime:0.000038s ]
INFO: [ app_begin ] --END-- [ RunTime:0.000066s ]
SQL: SHOW COLUMNS FROM `shop_goods` [ RunTime:0.0005s ]
SQL: SELECT `id`,`name`,`cover`,`price` FROM `shop_goods` WHERE (  id=1  ) LIMIT 1   [ RunTime:0.0001s ]
SQL: SHOW COLUMNS FROM `shop_goods_detail` [ RunTime:0.0003s ]
SQL: SELECT * FROM `shop_goods_detail` WHERE (  pid=1  )  [ RunTime:0.0000s ]
NOTIC: [8] Undefined variable: status /var/www/html/thinkphp_shop.com/Application/Api/Controller/GoodsController.class.php 第 150 行.

[ 2017-05-28T15:15:52+08:00 ] 127.0.0.1 /Api/Goods/selformat
INFO: [ app_init ] --START--
INFO: Run Behavior\BuildLiteBehavior [ RunTime:0.000013s ]
INFO: [ app_init ] --END-- [ RunTime:0.000081s ]
INFO: [ app_begin ] --START--
INFO: Run Behavior\ReadHtmlCacheBehavior [ RunTime:0.000046s ]
INFO: [ app_begin ] --END-- [ RunTime:0.000080s ]
SQL: SHOW COLUMNS FROM `shop_goods_detail` [ RunTime:0.0005s ]
SQL: SELECT * FROM `shop_goods_detail` WHERE (  goodsid=2  ) LIMIT 1   [ RunTime:0.0001s ]

[ 2017-05-28T15:15:57+08:00 ] 127.0.0.1 /Api/Cart/changeformat
INFO: [ app_init ] --START--
INFO: Run Behavior\BuildLiteBehavior [ RunTime:0.000016s ]
INFO: [ app_init ] --END-- [ RunTime:0.000068s ]
INFO: [ app_begin ] --START--
INFO: Run Behavior\ReadHtmlCacheBehavior [ RunTime:0.000023s ]
INFO: [ app_begin ] --END-- [ RunTime:0.000046s ]
SQL: SHOW COLUMNS FROM `shop_shopcart` [ RunTime:0.0004s ]
SQL: SELECT * FROM `shop_shopcart` WHERE (  userid=2 and goodsid=2  ) LIMIT 1   [ RunTime:0.0006s ]
SQL: SHOW COLUMNS FROM `shop_goods_detail` [ RunTime:0.0005s ]
SQL: SELECT * FROM `shop_goods_detail` WHERE ( goodsid=2 ) LIMIT 1   [ RunTime:0.0001s ]
SQL: UPDATE `shop_shopcart` SET `nums`='10' WHERE (  userid=2 and goodsid=2  ) [ RunTime:0.0002s ]
INFO: [ app_end ] --START--
INFO: Run Behavior\ShowPageTraceBehavior [ RunTime:0.000063s ]
INFO: [ app_end ] --END-- [ RunTime:0.000088s ]

[ 2017-05-28T15:16:08+08:00 ] 127.0.0.1 /Api/Goods/showformat
INFO: [ app_init ] --START--
INFO: Run Behavior\BuildLiteBehavior [ RunTime:0.000010s ]
INFO: [ app_init ] --END-- [ RunTime:0.000069s ]
INFO: [ app_begin ] --START--
INFO: Run Behavior\ReadHtmlCacheBehavior [ RunTime:0.000027s ]
INFO: [ app_begin ] --END-- [ RunTime:0.000054s ]
SQL: SHOW COLUMNS FROM `shop_goods` [ RunTime:0.0005s ]
SQL: SELECT `id`,`name`,`cover`,`price` FROM `shop_goods` WHERE (  id=1  ) LIMIT 1   [ RunTime:0.0001s ]
SQL: SHOW COLUMNS FROM `shop_goods_detail` [ RunTime:0.0004s ]
SQL: SELECT * FROM `shop_goods_detail` WHERE (  pid=1  )  [ RunTime:0.0001s ]
NOTIC: [8] Undefined variable: status /var/www/html/thinkphp_shop.com/Application/Api/Controller/GoodsController.class.php 第 150 行.

[ 2017-05-28T15:16:15+08:00 ] 127.0.0.1 /Api/Goods/selformat
INFO: [ app_init ] --START--
INFO: Run Behavior\BuildLiteBehavior [ RunTime:0.000012s ]
INFO: [ app_init ] --END-- [ RunTime:0.000082s ]
INFO: [ app_begin ] --START--
INFO: Run Behavior\ReadHtmlCacheBehavior [ RunTime:0.000032s ]
INFO: [ app_begin ] --END-- [ RunTime:0.000061s ]
SQL: SHOW COLUMNS FROM `shop_goods_detail` [ RunTime:0.0005s ]
SQL: SELECT * FROM `shop_goods_detail` WHERE (  goodsid=1  ) LIMIT 1   [ RunTime:0.0001s ]

[ 2017-05-28T15:16:15+08:00 ] 127.0.0.1 /Api/Cart/changeformat
INFO: [ app_init ] --START--
INFO: Run Behavior\BuildLiteBehavior [ RunTime:0.000011s ]
INFO: [ app_init ] --END-- [ RunTime:0.000067s ]
INFO: [ app_begin ] --START--
INFO: Run Behavior\ReadHtmlCacheBehavior [ RunTime:0.000024s ]
INFO: [ app_begin ] --END-- [ RunTime:0.000051s ]
SQL: SHOW COLUMNS FROM `shop_shopcart` [ RunTime:0.0004s ]
SQL: SELECT * FROM `shop_shopcart` WHERE (  userid=2 and goodsid=1  ) LIMIT 1   [ RunTime:0.0002s ]
SQL: SHOW COLUMNS FROM `shop_goods_detail` [ RunTime:0.0004s ]
SQL: SELECT * FROM `shop_goods_detail` WHERE ( goodsid=1 ) LIMIT 1   [ RunTime:0.0001s ]
SQL: UPDATE `shop_shopcart` SET `nums`='50' WHERE (  userid=2 and goodsid=1  ) [ RunTime:0.0002s ]
INFO: [ app_end ] --START--
INFO: Run Behavior\ShowPageTraceBehavior [ RunTime:0.000053s ]
INFO: [ app_end ] --END-- [ RunTime:0.000093s ]

[ 2017-05-28T15:16:40+08:00 ] 127.0.0.1 /Api/Login/login
INFO: [ app_init ] --START--
INFO: Run Behavior\BuildLiteBehavior [ RunTime:0.000009s ]
INFO: [ app_init ] --END-- [ RunTime:0.000062s ]
INFO: [ app_begin ] --START--
INFO: Run Behavior\ReadHtmlCacheBehavior [ RunTime:0.000023s ]
INFO: [ app_begin ] --END-- [ RunTime:0.000045s ]
SQL: SHOW COLUMNS FROM `shop_user` [ RunTime:0.0004s ]
SQL: SELECT * FROM `shop_user` WHERE (  user='22' or email='22' or phone='22'  ) LIMIT 1   [ RunTime:0.0006s ]
SQL: SHOW COLUMNS FROM `shop_user_info` [ RunTime:0.0003s ]
SQL: SELECT `logo` FROM `shop_user_info` WHERE (  userid=2  ) LIMIT 1   [ RunTime:0.0004s ]
SQL: SHOW COLUMNS FROM `shop_shopcart` [ RunTime:0.0003s ]
SQL: SELECT COUNT(*) AS tp_count FROM `shop_shopcart` WHERE (  userid=2  ) LIMIT 1   [ RunTime:0.0001s ]
NOTIC: [8] Undefined variable: data /var/www/html/thinkphp_shop.com/Application/Api/Controller/LoginController.class.php 第 130 行.

