[ 2017-06-02T15:59:53+08:00 ] 127.0.0.1 /Admin/
INFO: [ app_init ] --START--
INFO: Run Behavior\BuildLiteBehavior [ RunTime:0.000011s ]
INFO: [ app_init ] --END-- [ RunTime:0.000070s ]
INFO: [ app_begin ] --START--
INFO: Run Behavior\ReadHtmlCacheBehavior [ RunTime:0.000040s ]
INFO: [ app_begin ] --END-- [ RunTime:0.000076s ]
NOTIC: [8] Undefined variable: html /var/www/html/thinkphp_shop.com/Application/Admin/Controller/CommonController.class.php 第 8 行.

[ 2017-06-02T15:59:55+08:00 ] 127.0.0.1 /Admin/Login/login
INFO: [ app_init ] --START--
INFO: Run Behavior\BuildLiteBehavior [ RunTime:0.000018s ]
INFO: [ app_init ] --END-- [ RunTime:0.000124s ]
INFO: [ app_begin ] --START--
INFO: Run Behavior\ReadHtmlCacheBehavior [ RunTime:0.000052s ]
INFO: [ app_begin ] --END-- [ RunTime:0.000112s ]
INFO: [ view_parse ] --START--
INFO: [ template_filter ] --START--
INFO: Run Behavior\ContentReplaceBehavior [ RunTime:0.000026s ]
INFO: [ template_filter ] --END-- [ RunTime:0.000064s ]
INFO: Run Behavior\ParseTemplateBehavior [ RunTime:0.002260s ]
INFO: [ view_parse ] --END-- [ RunTime:0.002315s ]
INFO: [ view_filter ] --START--
INFO: Run Behavior\WriteHtmlCacheBehavior [ RunTime:0.000029s ]
INFO: [ view_filter ] --END-- [ RunTime:0.000051s ]
INFO: [ app_end ] --START--
INFO: Run Behavior\ShowPageTraceBehavior [ RunTime:0.000025s ]
INFO: [ app_end ] --END-- [ RunTime:0.000048s ]

[ 2017-06-02T16:00:22+08:00 ] 127.0.0.1 /Admin/Login/login
INFO: [ app_init ] --START--
INFO: Run Behavior\BuildLiteBehavior [ RunTime:0.000009s ]
INFO: [ app_init ] --END-- [ RunTime:0.000064s ]
INFO: [ app_begin ] --START--
INFO: Run Behavior\ReadHtmlCacheBehavior [ RunTime:0.000028s ]
INFO: [ app_begin ] --END-- [ RunTime:0.000053s ]
INFO: [ view_parse ] --START--
INFO: [ template_filter ] --START--
INFO: Run Behavior\ContentReplaceBehavior [ RunTime:0.000027s ]
INFO: [ template_filter ] --END-- [ RunTime:0.000064s ]
INFO: Run Behavior\ParseTemplateBehavior [ RunTime:0.001454s ]
INFO: [ view_parse ] --END-- [ RunTime:0.001483s ]
INFO: [ view_filter ] --START--
INFO: Run Behavior\WriteHtmlCacheBehavior [ RunTime:0.000033s ]
INFO: [ view_filter ] --END-- [ RunTime:0.000054s ]
INFO: [ app_end ] --START--
INFO: Run Behavior\ShowPageTraceBehavior [ RunTime:0.000025s ]
INFO: [ app_end ] --END-- [ RunTime:0.000047s ]

[ 2017-06-02T16:01:31+08:00 ] 127.0.0.1 /Admin/Login/login
INFO: [ app_init ] --START--
INFO: Run Behavior\BuildLiteBehavior [ RunTime:0.000017s ]
INFO: [ app_init ] --END-- [ RunTime:0.000123s ]
INFO: [ app_begin ] --START--
INFO: Run Behavior\ReadHtmlCacheBehavior [ RunTime:0.000044s ]
INFO: [ app_begin ] --END-- [ RunTime:0.000074s ]
INFO: [ view_parse ] --START--
INFO: [ template_filter ] --START--
INFO: Run Behavior\ContentReplaceBehavior [ RunTime:0.000033s ]
INFO: [ template_filter ] --END-- [ RunTime:0.000074s ]
INFO: Run Behavior\ParseTemplateBehavior [ RunTime:0.001763s ]
INFO: [ view_parse ] --END-- [ RunTime:0.001795s ]
INFO: [ view_filter ] --START--
INFO: Run Behavior\WriteHtmlCacheBehavior [ RunTime:0.000036s ]
INFO: [ view_filter ] --END-- [ RunTime:0.000057s ]
INFO: [ app_end ] --START--
INFO: Run Behavior\ShowPageTraceBehavior [ RunTime:0.000033s ]
INFO: [ app_end ] --END-- [ RunTime:0.000056s ]

[ 2017-06-02T16:02:00+08:00 ] 127.0.0.1 /Admin/Login/login
INFO: [ app_init ] --START--
INFO: Run Behavior\BuildLiteBehavior [ RunTime:0.000009s ]
INFO: [ app_init ] --END-- [ RunTime:0.000064s ]
INFO: [ app_begin ] --START--
INFO: Run Behavior\ReadHtmlCacheBehavior [ RunTime:0.000028s ]
INFO: [ app_begin ] --END-- [ RunTime:0.000052s ]
INFO: [ view_parse ] --START--
INFO: [ template_filter ] --START--
INFO: Run Behavior\ContentReplaceBehavior [ RunTime:0.000025s ]
INFO: [ template_filter ] --END-- [ RunTime:0.000062s ]
INFO: Run Behavior\ParseTemplateBehavior [ RunTime:0.001323s ]
INFO: [ view_parse ] --END-- [ RunTime:0.001353s ]
INFO: [ view_filter ] --START--
INFO: Run Behavior\WriteHtmlCacheBehavior [ RunTime:0.000034s ]
INFO: [ view_filter ] --END-- [ RunTime:0.000056s ]
INFO: [ app_end ] --START--
INFO: Run Behavior\ShowPageTraceBehavior [ RunTime:0.000026s ]
INFO: [ app_end ] --END-- [ RunTime:0.000048s ]

[ 2017-06-02T16:02:03+08:00 ] 127.0.0.1 /Admin/Login/login
INFO: [ app_init ] --START--
INFO: Run Behavior\BuildLiteBehavior [ RunTime:0.000010s ]
INFO: [ app_init ] --END-- [ RunTime:0.000065s ]
INFO: [ app_begin ] --START--
INFO: Run Behavior\ReadHtmlCacheBehavior [ RunTime:0.000043s ]
INFO: [ app_begin ] --END-- [ RunTime:0.000070s ]
INFO: [ view_parse ] --START--
INFO: [ template_filter ] --START--
INFO: Run Behavior\ContentReplaceBehavior [ RunTime:0.000033s ]
INFO: [ template_filter ] --END-- [ RunTime:0.000070s ]
INFO: Run Behavior\ParseTemplateBehavior [ RunTime:0.001641s ]
INFO: [ view_parse ] --END-- [ RunTime:0.001671s ]
INFO: [ view_filter ] --START--
INFO: Run Behavior\WriteHtmlCacheBehavior [ RunTime:0.000038s ]
INFO: [ view_filter ] --END-- [ RunTime:0.000060s ]
INFO: [ app_end ] --START--
INFO: Run Behavior\ShowPageTraceBehavior [ RunTime:0.000034s ]
INFO: [ app_end ] --END-- [ RunTime:0.000056s ]

[ 2017-06-02T16:02:29+08:00 ] 127.0.0.1 /Admin/Login/regist
INFO: [ app_init ] --START--
INFO: Run Behavior\BuildLiteBehavior [ RunTime:0.000017s ]
INFO: [ app_init ] --END-- [ RunTime:0.000072s ]
INFO: [ app_begin ] --START--
INFO: Run Behavior\ReadHtmlCacheBehavior [ RunTime:0.000026s ]
INFO: [ app_begin ] --END-- [ RunTime:0.000051s ]
INFO: [ view_parse ] --START--
INFO: [ template_filter ] --START--
INFO: Run Behavior\ContentReplaceBehavior [ RunTime:0.000022s ]
INFO: [ template_filter ] --END-- [ RunTime:0.000047s ]
INFO: Run Behavior\ParseTemplateBehavior [ RunTime:0.001490s ]
INFO: [ view_parse ] --END-- [ RunTime:0.001517s ]
INFO: [ view_filter ] --START--
INFO: Run Behavior\WriteHtmlCacheBehavior [ RunTime:0.000026s ]
INFO: [ view_filter ] --END-- [ RunTime:0.000046s ]
INFO: [ app_end ] --START--
INFO: Run Behavior\ShowPageTraceBehavior [ RunTime:0.000023s ]
INFO: [ app_end ] --END-- [ RunTime:0.000044s ]

[ 2017-06-02T16:03:00+08:00 ] 127.0.0.1 /Admin/Login/regist
INFO: [ app_init ] --START--
INFO: Run Behavior\BuildLiteBehavior [ RunTime:0.000008s ]
INFO: [ app_init ] --END-- [ RunTime:0.000064s ]
INFO: [ app_begin ] --START--
INFO: Run Behavior\ReadHtmlCacheBehavior [ RunTime:0.000025s ]
INFO: [ app_begin ] --END-- [ RunTime:0.000050s ]
INFO: [ view_parse ] --START--
INFO: [ template_filter ] --START--
INFO: Run Behavior\ContentReplaceBehavior [ RunTime:0.000026s ]
INFO: [ template_filter ] --END-- [ RunTime:0.000058s ]
INFO: Run Behavior\ParseTemplateBehavior [ RunTime:0.001386s ]
INFO: [ view_parse ] --END-- [ RunTime:0.001416s ]
INFO: [ view_filter ] --START--
INFO: Run Behavior\WriteHtmlCacheBehavior [ RunTime:0.000030s ]
INFO: [ view_filter ] --END-- [ RunTime:0.000051s ]
INFO: [ app_end ] --START--
INFO: Run Behavior\ShowPageTraceBehavior [ RunTime:0.000023s ]
INFO: [ app_end ] --END-- [ RunTime:0.000045s ]

[ 2017-06-02T16:03:00+08:00 ] 127.0.0.1 /Admin/Login/regist
INFO: [ app_init ] --START--
INFO: Run Behavior\BuildLiteBehavior [ RunTime:0.000009s ]
INFO: [ app_init ] --END-- [ RunTime:0.000061s ]
INFO: [ app_begin ] --START--
INFO: Run Behavior\ReadHtmlCacheBehavior [ RunTime:0.000023s ]
INFO: [ app_begin ] --END-- [ RunTime:0.000047s ]
INFO: [ view_parse ] --START--
INFO: [ template_filter ] --START--
INFO: Run Behavior\ContentReplaceBehavior [ RunTime:0.000025s ]
INFO: [ template_filter ] --END-- [ RunTime:0.000060s ]
INFO: Run Behavior\ParseTemplateBehavior [ RunTime:0.001405s ]
INFO: [ view_parse ] --END-- [ RunTime:0.001434s ]
INFO: [ view_filter ] --START--
INFO: Run Behavior\WriteHtmlCacheBehavior [ RunTime:0.000028s ]
INFO: [ view_filter ] --END-- [ RunTime:0.000049s ]
INFO: [ app_end ] --START--
INFO: Run Behavior\ShowPageTraceBehavior [ RunTime:0.000022s ]
INFO: [ app_end ] --END-- [ RunTime:0.000044s ]

[ 2017-06-02T16:03:01+08:00 ] 127.0.0.1 /Admin/Login/regist
INFO: [ app_init ] --START--
INFO: Run Behavior\BuildLiteBehavior [ RunTime:0.000012s ]
INFO: [ app_init ] --END-- [ RunTime:0.000078s ]
INFO: [ app_begin ] --START--
INFO: Run Behavior\ReadHtmlCacheBehavior [ RunTime:0.000032s ]
INFO: [ app_begin ] --END-- [ RunTime:0.000068s ]
INFO: [ view_parse ] --START--
INFO: [ template_filter ] --START--
INFO: Run Behavior\ContentReplaceBehavior [ RunTime:0.000022s ]
INFO: [ template_filter ] --END-- [ RunTime:0.000050s ]
INFO: Run Behavior\ParseTemplateBehavior [ RunTime:0.001684s ]
INFO: [ view_parse ] --END-- [ RunTime:0.001715s ]
INFO: [ view_filter ] --START--
INFO: Run Behavior\WriteHtmlCacheBehavior [ RunTime:0.000022s ]
INFO: [ view_filter ] --END-- [ RunTime:0.000041s ]
INFO: [ app_end ] --START--
INFO: Run Behavior\ShowPageTraceBehavior [ RunTime:0.000020s ]
INFO: [ app_end ] --END-- [ RunTime:0.000040s ]

[ 2017-06-02T16:03:01+08:00 ] 127.0.0.1 /Admin/Login/regist
INFO: [ app_init ] --START--
INFO: Run Behavior\BuildLiteBehavior [ RunTime:0.000045s ]
INFO: [ app_init ] --END-- [ RunTime:0.000365s ]
INFO: [ app_begin ] --START--
INFO: Run Behavior\ReadHtmlCacheBehavior [ RunTime:0.000126s ]
INFO: [ app_begin ] --END-- [ RunTime:0.000229s ]
INFO: [ view_parse ] --START--
INFO: [ template_filter ] --START--
INFO: Run Behavior\ContentReplaceBehavior [ RunTime:0.000054s ]
INFO: [ template_filter ] --END-- [ RunTime:0.000120s ]
INFO: Run Behavior\ParseTemplateBehavior [ RunTime:0.004523s ]
INFO: [ view_parse ] --END-- [ RunTime:0.004602s ]
INFO: [ view_filter ] --START--
INFO: Run Behavior\WriteHtmlCacheBehavior [ RunTime:0.000050s ]
INFO: [ view_filter ] --END-- [ RunTime:0.000088s ]
INFO: [ app_end ] --START--
INFO: Run Behavior\ShowPageTraceBehavior [ RunTime:0.000050s ]
INFO: [ app_end ] --END-- [ RunTime:0.000092s ]

[ 2017-06-02T16:03:01+08:00 ] 127.0.0.1 /Admin/Login/regist
INFO: [ app_init ] --START--
INFO: Run Behavior\BuildLiteBehavior [ RunTime:0.000014s ]
INFO: [ app_init ] --END-- [ RunTime:0.000094s ]
INFO: [ app_begin ] --START--
INFO: Run Behavior\ReadHtmlCacheBehavior [ RunTime:0.000043s ]
INFO: [ app_begin ] --END-- [ RunTime:0.000090s ]
INFO: [ view_parse ] --START--
INFO: [ template_filter ] --START--
INFO: Run Behavior\ContentReplaceBehavior [ RunTime:0.000025s ]
INFO: [ template_filter ] --END-- [ RunTime:0.000063s ]
INFO: Run Behavior\ParseTemplateBehavior [ RunTime:0.001617s ]
INFO: [ view_parse ] --END-- [ RunTime:0.001654s ]
INFO: [ view_filter ] --START--
INFO: Run Behavior\WriteHtmlCacheBehavior [ RunTime:0.000028s ]
INFO: [ view_filter ] --END-- [ RunTime:0.000049s ]
INFO: [ app_end ] --START--
INFO: Run Behavior\ShowPageTraceBehavior [ RunTime:0.000021s ]
INFO: [ app_end ] --END-- [ RunTime:0.000041s ]

[ 2017-06-02T16:03:02+08:00 ] 127.0.0.1 /Admin/Login/regist
INFO: [ app_init ] --START--
INFO: Run Behavior\BuildLiteBehavior [ RunTime:0.000010s ]
INFO: [ app_init ] --END-- [ RunTime:0.000060s ]
INFO: [ app_begin ] --START--
INFO: Run Behavior\ReadHtmlCacheBehavior [ RunTime:0.000024s ]
INFO: [ app_begin ] --END-- [ RunTime:0.000051s ]
INFO: [ view_parse ] --START--
INFO: [ template_filter ] --START--
INFO: Run Behavior\ContentReplaceBehavior [ RunTime:0.000027s ]
INFO: [ template_filter ] --END-- [ RunTime:0.000204s ]
INFO: Run Behavior\ParseTemplateBehavior [ RunTime:0.001891s ]
INFO: [ view_parse ] --END-- [ RunTime:0.001965s ]
INFO: [ view_filter ] --START--
INFO: Run Behavior\WriteHtmlCacheBehavior [ RunTime:0.000155s ]
INFO: [ view_filter ] --END-- [ RunTime:0.000237s ]
INFO: [ app_end ] --START--
INFO: Run Behavior\ShowPageTraceBehavior [ RunTime:0.000076s ]
INFO: [ app_end ] --END-- [ RunTime:0.000157s ]

[ 2017-06-02T16:04:02+08:00 ] 127.0.0.1 /Admin/Index/index
INFO: [ app_init ] --START--
INFO: Run Behavior\BuildLiteBehavior [ RunTime:0.000009s ]
INFO: [ app_init ] --END-- [ RunTime:0.000055s ]
INFO: [ app_begin ] --START--
INFO: Run Behavior\ReadHtmlCacheBehavior [ RunTime:0.000022s ]
INFO: [ app_begin ] --END-- [ RunTime:0.000045s ]
INFO: [ view_parse ] --START--
INFO: [ template_filter ] --START--
INFO: Run Behavior\ContentReplaceBehavior [ RunTime:0.000046s ]
INFO: [ template_filter ] --END-- [ RunTime:0.000096s ]
INFO: Run Behavior\ParseTemplateBehavior [ RunTime:0.006528s ]
INFO: [ view_parse ] --END-- [ RunTime:0.006559s ]
INFO: [ view_filter ] --START--
INFO: Run Behavior\WriteHtmlCacheBehavior [ RunTime:0.000038s ]
INFO: [ view_filter ] --END-- [ RunTime:0.000059s ]
INFO: [ app_end ] --START--
INFO: Run Behavior\ShowPageTraceBehavior [ RunTime:0.000031s ]
INFO: [ app_end ] --END-- [ RunTime:0.000060s ]

[ 2017-06-02T16:04:06+08:00 ] 127.0.0.1 /Admin/Login/regist
INFO: [ app_init ] --START--
INFO: Run Behavior\BuildLiteBehavior [ RunTime:0.000009s ]
INFO: [ app_init ] --END-- [ RunTime:0.000063s ]
INFO: [ app_begin ] --START--
INFO: Run Behavior\ReadHtmlCacheBehavior [ RunTime:0.000087s ]
INFO: [ app_begin ] --END-- [ RunTime:0.000176s ]
INFO: [ view_parse ] --START--
INFO: [ template_filter ] --START--
INFO: Run Behavior\ContentReplaceBehavior [ RunTime:0.000023s ]
INFO: [ template_filter ] --END-- [ RunTime:0.000054s ]
INFO: Run Behavior\ParseTemplateBehavior [ RunTime:0.002545s ]
INFO: [ view_parse ] --END-- [ RunTime:0.002599s ]
INFO: [ view_filter ] --START--
INFO: Run Behavior\WriteHtmlCacheBehavior [ RunTime:0.000026s ]
INFO: [ view_filter ] --END-- [ RunTime:0.000047s ]
INFO: [ app_end ] --START--
INFO: Run Behavior\ShowPageTraceBehavior [ RunTime:0.000022s ]
INFO: [ app_end ] --END-- [ RunTime:0.000043s ]

[ 2017-06-02T16:04:12+08:00 ] 127.0.0.1 /Admin/Login/regist
INFO: [ app_init ] --START--
INFO: Run Behavior\BuildLiteBehavior [ RunTime:0.000018s ]
INFO: [ app_init ] --END-- [ RunTime:0.000138s ]
INFO: [ app_begin ] --START--
INFO: Run Behavior\ReadHtmlCacheBehavior [ RunTime:0.000055s ]
INFO: [ app_begin ] --END-- [ RunTime:0.000089s ]
INFO: [ view_parse ] --START--
INFO: [ template_filter ] --START--
INFO: Run Behavior\ContentReplaceBehavior [ RunTime:0.000033s ]
INFO: [ template_filter ] --END-- [ RunTime:0.000078s ]
INFO: Run Behavior\ParseTemplateBehavior [ RunTime:0.002129s ]
INFO: [ view_parse ] --END-- [ RunTime:0.002165s ]
INFO: [ view_filter ] --START--
INFO: Run Behavior\WriteHtmlCacheBehavior [ RunTime:0.000038s ]
INFO: [ view_filter ] --END-- [ RunTime:0.000061s ]
INFO: [ app_end ] --START--
INFO: Run Behavior\ShowPageTraceBehavior [ RunTime:0.000033s ]
INFO: [ app_end ] --END-- [ RunTime:0.000057s ]

[ 2017-06-02T16:04:34+08:00 ] 127.0.0.1 /Admin/Index/index
INFO: [ app_init ] --START--
INFO: Run Behavior\BuildLiteBehavior [ RunTime:0.000008s ]
INFO: [ app_init ] --END-- [ RunTime:0.000057s ]
INFO: [ app_begin ] --START--
INFO: Run Behavior\ReadHtmlCacheBehavior [ RunTime:0.000022s ]
INFO: [ app_begin ] --END-- [ RunTime:0.000047s ]
INFO: [ view_parse ] --START--
INFO: [ template_filter ] --START--
INFO: Run Behavior\ContentReplaceBehavior [ RunTime:0.000063s ]
INFO: [ template_filter ] --END-- [ RunTime:0.000121s ]
INFO: Run Behavior\ParseTemplateBehavior [ RunTime:0.006196s ]
INFO: [ view_parse ] --END-- [ RunTime:0.006239s ]
INFO: [ view_filter ] --START--
INFO: Run Behavior\WriteHtmlCacheBehavior [ RunTime:0.000058s ]
INFO: [ view_filter ] --END-- [ RunTime:0.000098s ]
INFO: [ app_end ] --START--
INFO: Run Behavior\ShowPageTraceBehavior [ RunTime:0.000052s ]
INFO: [ app_end ] --END-- [ RunTime:0.000096s ]

[ 2017-06-02T16:06:54+08:00 ] 127.0.0.1 /Admin/Login/login
INFO: [ app_init ] --START--
INFO: Run Behavior\BuildLiteBehavior [ RunTime:0.000026s ]
INFO: [ app_init ] --END-- [ RunTime:0.000200s ]
INFO: [ app_begin ] --START--
INFO: Run Behavior\ReadHtmlCacheBehavior [ RunTime:0.000091s ]
INFO: [ app_begin ] --END-- [ RunTime:0.000181s ]
INFO: [ view_parse ] --START--
INFO: [ template_filter ] --START--
INFO: Run Behavior\ContentReplaceBehavior [ RunTime:0.000078s ]
INFO: [ template_filter ] --END-- [ RunTime:0.000187s ]
INFO: Run Behavior\ParseTemplateBehavior [ RunTime:0.002972s ]
INFO: [ view_parse ] --END-- [ RunTime:0.003071s ]
INFO: [ view_filter ] --START--
INFO: Run Behavior\WriteHtmlCacheBehavior [ RunTime:0.000105s ]
INFO: [ view_filter ] --END-- [ RunTime:0.000182s ]
INFO: [ app_end ] --START--
INFO: Run Behavior\ShowPageTraceBehavior [ RunTime:0.000087s ]
INFO: [ app_end ] --END-- [ RunTime:0.000165s ]

[ 2017-06-02T16:07:03+08:00 ] 127.0.0.1 /Admin/Index/index
INFO: [ app_init ] --START--
INFO: Run Behavior\BuildLiteBehavior [ RunTime:0.000010s ]
INFO: [ app_init ] --END-- [ RunTime:0.000061s ]
INFO: [ app_begin ] --START--
INFO: Run Behavior\ReadHtmlCacheBehavior [ RunTime:0.000024s ]
INFO: [ app_begin ] --END-- [ RunTime:0.000049s ]
INFO: [ view_parse ] --START--
INFO: [ template_filter ] --START--
INFO: Run Behavior\ContentReplaceBehavior [ RunTime:0.000047s ]
INFO: [ template_filter ] --END-- [ RunTime:0.000097s ]
INFO: Run Behavior\ParseTemplateBehavior [ RunTime:0.005050s ]
INFO: [ view_parse ] --END-- [ RunTime:0.005080s ]
INFO: [ view_filter ] --START--
INFO: Run Behavior\WriteHtmlCacheBehavior [ RunTime:0.000046s ]
INFO: [ view_filter ] --END-- [ RunTime:0.000068s ]
INFO: [ app_end ] --START--
INFO: Run Behavior\ShowPageTraceBehavior [ RunTime:0.000034s ]
INFO: [ app_end ] --END-- [ RunTime:0.000062s ]

[ 2017-06-02T16:07:24+08:00 ] 127.0.0.1 /Admin/Order/index
INFO: [ app_init ] --START--
INFO: Run Behavior\BuildLiteBehavior [ RunTime:0.000033s ]
INFO: [ app_init ] --END-- [ RunTime:0.000261s ]
INFO: [ app_begin ] --START--
INFO: Run Behavior\ReadHtmlCacheBehavior [ RunTime:0.000040s ]
INFO: [ app_begin ] --END-- [ RunTime:0.000067s ]
SQL: SHOW COLUMNS FROM `shop_order` [ RunTime:0.0034s ]
SQL: SHOW COLUMNS FROM `shop_user` [ RunTime:0.0005s ]
SQL: SHOW COLUMNS FROM `shop_manger` [ RunTime:0.0003s ]
SQL: SELECT * FROM `shop_manger` WHERE (  id=3  ) LIMIT 1   [ RunTime:0.0002s ]
SQL: SELECT COUNT(*) AS tp_count FROM `shop_order` WHERE (  shopid=3  ) LIMIT 1   [ RunTime:0.0002s ]
SQL: SELECT * FROM `shop_order` WHERE (  shopid=3  ) LIMIT 0,10   [ RunTime:0.0001s ]
SQL: SELECT * FROM `shop_user` WHERE (  id=2  ) LIMIT 1   [ RunTime:0.0001s ]
SQL: SELECT * FROM `shop_manger` WHERE (  id=3  ) LIMIT 1   [ RunTime:0.0000s ]
SQL: SELECT * FROM `shop_user` WHERE (  id=2  ) LIMIT 1   [ RunTime:0.0000s ]
SQL: SELECT * FROM `shop_manger` WHERE (  id=3  ) LIMIT 1   [ RunTime:0.0000s ]
SQL: SELECT * FROM `shop_user` WHERE (  id=2  ) LIMIT 1   [ RunTime:0.0000s ]
SQL: SELECT * FROM `shop_manger` WHERE (  id=3  ) LIMIT 1   [ RunTime:0.0000s ]
SQL: SELECT * FROM `shop_user` WHERE (  id=2  ) LIMIT 1   [ RunTime:0.0000s ]
SQL: SELECT * FROM `shop_manger` WHERE (  id=3  ) LIMIT 1   [ RunTime:0.0000s ]
SQL: SELECT * FROM `shop_user` WHERE (  id=2  ) LIMIT 1   [ RunTime:0.0000s ]
SQL: SELECT * FROM `shop_manger` WHERE (  id=3  ) LIMIT 1   [ RunTime:0.0001s ]
SQL: SELECT * FROM `shop_user` WHERE (  id=2  ) LIMIT 1   [ RunTime:0.0001s ]
SQL: SELECT * FROM `shop_manger` WHERE (  id=3  ) LIMIT 1   [ RunTime:0.0000s ]
SQL: SELECT * FROM `shop_user` WHERE (  id=2  ) LIMIT 1   [ RunTime:0.0000s ]
SQL: SELECT * FROM `shop_manger` WHERE (  id=3  ) LIMIT 1   [ RunTime:0.0001s ]
SQL: SELECT * FROM `shop_user` WHERE (  id=2  ) LIMIT 1   [ RunTime:0.0001s ]
SQL: SELECT * FROM `shop_manger` WHERE (  id=3  ) LIMIT 1   [ RunTime:0.0001s ]
SQL: SELECT * FROM `shop_user` WHERE (  id=2  ) LIMIT 1   [ RunTime:0.0002s ]
SQL: SELECT * FROM `shop_manger` WHERE (  id=3  ) LIMIT 1   [ RunTime:0.0002s ]
SQL: SELECT * FROM `shop_user` WHERE (  id=2  ) LIMIT 1   [ RunTime:0.0001s ]
SQL: SELECT * FROM `shop_manger` WHERE (  id=3  ) LIMIT 1   [ RunTime:0.0001s ]
INFO: [ view_parse ] --START--
INFO: [ template_filter ] --START--
INFO: Run Behavior\ContentReplaceBehavior [ RunTime:0.000047s ]
INFO: [ template_filter ] --END-- [ RunTime:0.000103s ]
INFO: Run Behavior\ParseTemplateBehavior [ RunTime:0.012458s ]
INFO: [ view_parse ] --END-- [ RunTime:0.012501s ]
INFO: [ view_filter ] --START--
INFO: Run Behavior\WriteHtmlCacheBehavior [ RunTime:0.000039s ]
INFO: [ view_filter ] --END-- [ RunTime:0.000062s ]
INFO: [ app_end ] --START--
INFO: Run Behavior\ShowPageTraceBehavior [ RunTime:0.000040s ]
INFO: [ app_end ] --END-- [ RunTime:0.000065s ]

[ 2017-06-02T16:07:26+08:00 ] 127.0.0.1 /Admin/Goods/goods
INFO: [ app_init ] --START--
INFO: Run Behavior\BuildLiteBehavior [ RunTime:0.000009s ]
INFO: [ app_init ] --END-- [ RunTime:0.000056s ]
INFO: [ app_begin ] --START--
INFO: Run Behavior\ReadHtmlCacheBehavior [ RunTime:0.000022s ]
INFO: [ app_begin ] --END-- [ RunTime:0.000045s ]
SQL: SHOW COLUMNS FROM `shop_types` [ RunTime:0.0004s ]
SQL: SELECT * FROM `shop_types` WHERE (  pid=0  ) ORDER BY types desc  [ RunTime:0.0002s ]
SQL: SHOW COLUMNS FROM `shop_goods` [ RunTime:0.0004s ]
SQL: SHOW COLUMNS FROM `shop_manger` [ RunTime:0.0004s ]
SQL: SELECT * FROM `shop_manger` WHERE (  id=3  ) LIMIT 1   [ RunTime:0.0005s ]
SQL: SELECT COUNT(*) AS tp_count FROM `shop_goods` WHERE (  shopid=3  ) LIMIT 1   [ RunTime:0.0004s ]
SQL: SELECT * FROM `shop_goods` WHERE (  shopid=3  ) LIMIT 0,10   [ RunTime:0.0002s ]
SQL: SELECT * FROM `shop_manger` WHERE (  id=3  ) LIMIT 1   [ RunTime:0.0001s ]
SQL: SELECT * FROM `shop_types` WHERE (  fid = 1 and pid=0 ) LIMIT 1   [ RunTime:0.0001s ]
SQL: SELECT * FROM `shop_types` WHERE (  fid=8  ) LIMIT 1   [ RunTime:0.0001s ]
SQL: SELECT * FROM `shop_manger` WHERE (  id=3  ) LIMIT 1   [ RunTime:0.0000s ]
SQL: SELECT * FROM `shop_types` WHERE (  fid = 1 and pid=0 ) LIMIT 1   [ RunTime:0.0000s ]
SQL: SELECT * FROM `shop_types` WHERE (  fid=8  ) LIMIT 1   [ RunTime:0.0000s ]
SQL: SELECT * FROM `shop_manger` WHERE (  id=3  ) LIMIT 1   [ RunTime:0.0000s ]
SQL: SELECT * FROM `shop_types` WHERE (  fid = 1 and pid=0 ) LIMIT 1   [ RunTime:0.0000s ]
SQL: SELECT * FROM `shop_types` WHERE (  fid=8  ) LIMIT 1   [ RunTime:0.0000s ]
SQL: SELECT * FROM `shop_manger` WHERE (  id=3  ) LIMIT 1   [ RunTime:0.0000s ]
SQL: SELECT * FROM `shop_types` WHERE (  fid = 1 and pid=0 ) LIMIT 1   [ RunTime:0.0000s ]
SQL: SELECT * FROM `shop_types` WHERE (  fid=8  ) LIMIT 1   [ RunTime:0.0000s ]
SQL: SELECT * FROM `shop_manger` WHERE (  id=3  ) LIMIT 1   [ RunTime:0.0000s ]
SQL: SELECT * FROM `shop_types` WHERE (  fid = 1 and pid=0 ) LIMIT 1   [ RunTime:0.0000s ]
SQL: SELECT * FROM `shop_types` WHERE (  fid=8  ) LIMIT 1   [ RunTime:0.0000s ]
SQL: SELECT * FROM `shop_manger` WHERE (  id=3  ) LIMIT 1   [ RunTime:0.0000s ]
SQL: SELECT * FROM `shop_types` WHERE (  fid = 1 and pid=0 ) LIMIT 1   [ RunTime:0.0001s ]
SQL: SELECT * FROM `shop_types` WHERE (  fid=8  ) LIMIT 1   [ RunTime:0.0000s ]
SQL: SELECT * FROM `shop_manger` WHERE (  id=3  ) LIMIT 1   [ RunTime:0.0000s ]
SQL: SELECT * FROM `shop_types` WHERE (  fid = 1 and pid=0 ) LIMIT 1   [ RunTime:0.0000s ]
SQL: SELECT * FROM `shop_types` WHERE (  fid=8  ) LIMIT 1   [ RunTime:0.0000s ]
SQL: SELECT * FROM `shop_manger` WHERE (  id=3  ) LIMIT 1   [ RunTime:0.0000s ]
SQL: SELECT * FROM `shop_types` WHERE (  fid = 1 and pid=0 ) LIMIT 1   [ RunTime:0.0000s ]
SQL: SELECT * FROM `shop_types` WHERE (  fid=8  ) LIMIT 1   [ RunTime:0.0000s ]
SQL: SELECT * FROM `shop_manger` WHERE (  id=3  ) LIMIT 1   [ RunTime:0.0000s ]
SQL: SELECT * FROM `shop_types` WHERE (  fid = 1 and pid=0 ) LIMIT 1   [ RunTime:0.0000s ]
SQL: SELECT * FROM `shop_types` WHERE (  fid=8  ) LIMIT 1   [ RunTime:0.0001s ]
SQL: SELECT * FROM `shop_manger` WHERE (  id=3  ) LIMIT 1   [ RunTime:0.0001s ]
SQL: SELECT * FROM `shop_types` WHERE (  fid = 1 and pid=0 ) LIMIT 1   [ RunTime:0.0000s ]
SQL: SELECT * FROM `shop_types` WHERE (  fid=8  ) LIMIT 1   [ RunTime:0.0002s ]
INFO: [ view_parse ] --START--
INFO: [ template_filter ] --START--
INFO: Run Behavior\ContentReplaceBehavior [ RunTime:0.000041s ]
INFO: [ template_filter ] --END-- [ RunTime:0.000071s ]
INFO: Run Behavior\ParseTemplateBehavior [ RunTime:0.007072s ]
INFO: [ view_parse ] --END-- [ RunTime:0.007108s ]
INFO: [ view_filter ] --START--
INFO: Run Behavior\WriteHtmlCacheBehavior [ RunTime:0.000029s ]
INFO: [ view_filter ] --END-- [ RunTime:0.000051s ]
INFO: [ app_end ] --START--
INFO: Run Behavior\ShowPageTraceBehavior [ RunTime:0.000034s ]
INFO: [ app_end ] --END-- [ RunTime:0.000067s ]

[ 2017-06-02T16:07:29+08:00 ] 127.0.0.1 /index.php/Admin/Goods/goods/p/2.html
INFO: [ app_init ] --START--
INFO: Run Behavior\BuildLiteBehavior [ RunTime:0.000009s ]
INFO: [ app_init ] --END-- [ RunTime:0.000062s ]
INFO: [ app_begin ] --START--
INFO: Run Behavior\ReadHtmlCacheBehavior [ RunTime:0.000027s ]
INFO: [ app_begin ] --END-- [ RunTime:0.000060s ]
SQL: SHOW COLUMNS FROM `shop_types` [ RunTime:0.0005s ]
SQL: SELECT * FROM `shop_types` WHERE (  pid=0  ) ORDER BY types desc  [ RunTime:0.0001s ]
SQL: SHOW COLUMNS FROM `shop_goods` [ RunTime:0.0004s ]
SQL: SHOW COLUMNS FROM `shop_manger` [ RunTime:0.0005s ]
SQL: SELECT * FROM `shop_manger` WHERE (  id=3  ) LIMIT 1   [ RunTime:0.0002s ]
SQL: SELECT COUNT(*) AS tp_count FROM `shop_goods` WHERE (  shopid=3  ) LIMIT 1   [ RunTime:0.0002s ]
SQL: SELECT * FROM `shop_goods` WHERE (  shopid=3  ) LIMIT 10,10   [ RunTime:0.0004s ]
SQL: SELECT * FROM `shop_manger` WHERE (  id=3  ) LIMIT 1   [ RunTime:0.0002s ]
SQL: SELECT * FROM `shop_types` WHERE (  fid = 1 and pid=0 ) LIMIT 1   [ RunTime:0.0001s ]
SQL: SELECT * FROM `shop_types` WHERE (  fid=8  ) LIMIT 1   [ RunTime:0.0000s ]
SQL: SELECT * FROM `shop_manger` WHERE (  id=3  ) LIMIT 1   [ RunTime:0.0000s ]
SQL: SELECT * FROM `shop_types` WHERE (  fid = 1 and pid=0 ) LIMIT 1   [ RunTime:0.0000s ]
SQL: SELECT * FROM `shop_types` WHERE (  fid=8  ) LIMIT 1   [ RunTime:0.0000s ]
SQL: SELECT * FROM `shop_manger` WHERE (  id=3  ) LIMIT 1   [ RunTime:0.0000s ]
SQL: SELECT * FROM `shop_types` WHERE (  fid = 1 and pid=0 ) LIMIT 1   [ RunTime:0.0000s ]
SQL: SELECT * FROM `shop_types` WHERE (  fid=8  ) LIMIT 1   [ RunTime:0.0000s ]
SQL: SELECT * FROM `shop_manger` WHERE (  id=3  ) LIMIT 1   [ RunTime:0.0000s ]
SQL: SELECT * FROM `shop_types` WHERE (  fid = 1 and pid=0 ) LIMIT 1   [ RunTime:0.0000s ]
SQL: SELECT * FROM `shop_types` WHERE (  fid=8  ) LIMIT 1   [ RunTime:0.0000s ]
SQL: SELECT * FROM `shop_manger` WHERE (  id=3  ) LIMIT 1   [ RunTime:0.0000s ]
SQL: SELECT * FROM `shop_types` WHERE (  fid = 1 and pid=0 ) LIMIT 1   [ RunTime:0.0000s ]
SQL: SELECT * FROM `shop_types` WHERE (  fid=8  ) LIMIT 1   [ RunTime:0.0000s ]
SQL: SELECT * FROM `shop_manger` WHERE (  id=3  ) LIMIT 1   [ RunTime:0.0000s ]
SQL: SELECT * FROM `shop_types` WHERE (  fid = 1 and pid=0 ) LIMIT 1   [ RunTime:0.0000s ]
SQL: SELECT * FROM `shop_types` WHERE (  fid=8  ) LIMIT 1   [ RunTime:0.0000s ]
SQL: SELECT * FROM `shop_manger` WHERE (  id=3  ) LIMIT 1   [ RunTime:0.0000s ]
SQL: SELECT * FROM `shop_types` WHERE (  fid = 1 and pid=0 ) LIMIT 1   [ RunTime:0.0000s ]
SQL: SELECT * FROM `shop_types` WHERE (  fid=8  ) LIMIT 1   [ RunTime:0.0000s ]
SQL: SELECT * FROM `shop_manger` WHERE (  id=3  ) LIMIT 1   [ RunTime:0.0000s ]
SQL: SELECT * FROM `shop_types` WHERE (  fid = 1 and pid=0 ) LIMIT 1   [ RunTime:0.0000s ]
SQL: SELECT * FROM `shop_types` WHERE (  fid=8  ) LIMIT 1   [ RunTime:0.0000s ]
SQL: SELECT * FROM `shop_manger` WHERE (  id=3  ) LIMIT 1   [ RunTime:0.0000s ]
SQL: SELECT * FROM `shop_types` WHERE (  fid = 1 and pid=0 ) LIMIT 1   [ RunTime:0.0000s ]
SQL: SELECT * FROM `shop_types` WHERE (  fid=8  ) LIMIT 1   [ RunTime:0.0000s ]
SQL: SELECT * FROM `shop_manger` WHERE (  id=3  ) LIMIT 1   [ RunTime:0.0000s ]
SQL: SELECT * FROM `shop_types` WHERE (  fid = 1 and pid=0 ) LIMIT 1   [ RunTime:0.0000s ]
SQL: SELECT * FROM `shop_types` WHERE (  fid=8  ) LIMIT 1   [ RunTime:0.0001s ]
INFO: [ view_parse ] --START--
INFO: [ template_filter ] --START--
INFO: Run Behavior\ContentReplaceBehavior [ RunTime:0.000063s ]
INFO: [ template_filter ] --END-- [ RunTime:0.000121s ]
INFO: Run Behavior\ParseTemplateBehavior [ RunTime:0.008639s ]
INFO: [ view_parse ] --END-- [ RunTime:0.008693s ]
INFO: [ view_filter ] --START--
INFO: Run Behavior\WriteHtmlCacheBehavior [ RunTime:0.000046s ]
INFO: [ view_filter ] --END-- [ RunTime:0.000079s ]
INFO: [ app_end ] --START--
INFO: Run Behavior\ShowPageTraceBehavior [ RunTime:0.000040s ]
INFO: [ app_end ] --END-- [ RunTime:0.000080s ]

[ 2017-06-02T16:07:31+08:00 ] 127.0.0.1 /index.php/Admin/Goods/goods/p/3.html
INFO: [ app_init ] --START--
INFO: Run Behavior\BuildLiteBehavior [ RunTime:0.000008s ]
INFO: [ app_init ] --END-- [ RunTime:0.000061s ]
INFO: [ app_begin ] --START--
INFO: Run Behavior\ReadHtmlCacheBehavior [ RunTime:0.000021s ]
INFO: [ app_begin ] --END-- [ RunTime:0.000045s ]
SQL: SHOW COLUMNS FROM `shop_types` [ RunTime:0.0004s ]
SQL: SELECT * FROM `shop_types` WHERE (  pid=0  ) ORDER BY types desc  [ RunTime:0.0001s ]
SQL: SHOW COLUMNS FROM `shop_goods` [ RunTime:0.0004s ]
SQL: SHOW COLUMNS FROM `shop_manger` [ RunTime:0.0003s ]
SQL: SELECT * FROM `shop_manger` WHERE (  id=3  ) LIMIT 1   [ RunTime:0.0001s ]
SQL: SELECT COUNT(*) AS tp_count FROM `shop_goods` WHERE (  shopid=3  ) LIMIT 1   [ RunTime:0.0000s ]
SQL: SELECT * FROM `shop_goods` WHERE (  shopid=3  ) LIMIT 20,10   [ RunTime:0.0002s ]
SQL: SELECT * FROM `shop_manger` WHERE (  id=3  ) LIMIT 1   [ RunTime:0.0000s ]
SQL: SELECT * FROM `shop_types` WHERE (  fid = 1 and pid=0 ) LIMIT 1   [ RunTime:0.0000s ]
SQL: SELECT * FROM `shop_types` WHERE (  fid=8  ) LIMIT 1   [ RunTime:0.0000s ]
SQL: SELECT * FROM `shop_manger` WHERE (  id=3  ) LIMIT 1   [ RunTime:0.0000s ]
SQL: SELECT * FROM `shop_types` WHERE (  fid = 1 and pid=0 ) LIMIT 1   [ RunTime:0.0000s ]
SQL: SELECT * FROM `shop_types` WHERE (  fid=8  ) LIMIT 1   [ RunTime:0.0000s ]
INFO: [ view_parse ] --START--
INFO: [ template_filter ] --START--
INFO: Run Behavior\ContentReplaceBehavior [ RunTime:0.000041s ]
INFO: [ template_filter ] --END-- [ RunTime:0.000079s ]
INFO: Run Behavior\ParseTemplateBehavior [ RunTime:0.006494s ]
INFO: [ view_parse ] --END-- [ RunTime:0.006527s ]
INFO: [ view_filter ] --START--
INFO: Run Behavior\WriteHtmlCacheBehavior [ RunTime:0.000032s ]
INFO: [ view_filter ] --END-- [ RunTime:0.000054s ]
INFO: [ app_end ] --START--
INFO: Run Behavior\ShowPageTraceBehavior [ RunTime:0.000038s ]
INFO: [ app_end ] --END-- [ RunTime:0.000073s ]

[ 2017-06-02T16:07:37+08:00 ] 127.0.0.1 /Admin/Login/signOut
INFO: [ app_init ] --START--
INFO: Run Behavior\BuildLiteBehavior [ RunTime:0.000026s ]
INFO: [ app_init ] --END-- [ RunTime:0.000268s ]
INFO: [ app_begin ] --START--
INFO: Run Behavior\ReadHtmlCacheBehavior [ RunTime:0.000027s ]
INFO: [ app_begin ] --END-- [ RunTime:0.000052s ]
INFO: [ view_parse ] --START--
INFO: [ template_filter ] --START--
INFO: Run Behavior\ContentReplaceBehavior [ RunTime:0.000074s ]
INFO: [ template_filter ] --END-- [ RunTime:0.000175s ]
INFO: Run Behavior\ParseTemplateBehavior [ RunTime:0.003224s ]
INFO: [ view_parse ] --END-- [ RunTime:0.003293s ]
INFO: [ view_filter ] --START--
INFO: Run Behavior\WriteHtmlCacheBehavior [ RunTime:0.000193s ]
INFO: [ view_filter ] --END-- [ RunTime:0.000236s ]
INFO: [ app_end ] --START--
INFO: Run Behavior\ShowPageTraceBehavior [ RunTime:0.000027s ]
INFO: [ app_end ] --END-- [ RunTime:0.000049s ]

[ 2017-06-02T16:07:39+08:00 ] 127.0.0.1 /Admin/Login/login
INFO: [ app_init ] --START--
INFO: Run Behavior\BuildLiteBehavior [ RunTime:0.000030s ]
INFO: [ app_init ] --END-- [ RunTime:0.000215s ]
INFO: [ app_begin ] --START--
INFO: Run Behavior\ReadHtmlCacheBehavior [ RunTime:0.000024s ]
INFO: [ app_begin ] --END-- [ RunTime:0.000049s ]
INFO: [ view_parse ] --START--
INFO: [ template_filter ] --START--
INFO: Run Behavior\ContentReplaceBehavior [ RunTime:0.000025s ]
INFO: [ template_filter ] --END-- [ RunTime:0.000059s ]
INFO: Run Behavior\ParseTemplateBehavior [ RunTime:0.001313s ]
INFO: [ view_parse ] --END-- [ RunTime:0.001342s ]
INFO: [ view_filter ] --START--
INFO: Run Behavior\WriteHtmlCacheBehavior [ RunTime:0.000028s ]
INFO: [ view_filter ] --END-- [ RunTime:0.000049s ]
INFO: [ app_end ] --START--
INFO: Run Behavior\ShowPageTraceBehavior [ RunTime:0.000021s ]
INFO: [ app_end ] --END-- [ RunTime:0.000042s ]

[ 2017-06-02T16:07:45+08:00 ] 127.0.0.1 /Admin/Index/index
INFO: [ app_init ] --START--
INFO: Run Behavior\BuildLiteBehavior [ RunTime:0.000014s ]
INFO: [ app_init ] --END-- [ RunTime:0.000097s ]
INFO: [ app_begin ] --START--
INFO: Run Behavior\ReadHtmlCacheBehavior [ RunTime:0.000040s ]
INFO: [ app_begin ] --END-- [ RunTime:0.000087s ]
INFO: [ view_parse ] --START--
INFO: [ template_filter ] --START--
INFO: Run Behavior\ContentReplaceBehavior [ RunTime:0.000075s ]
INFO: [ template_filter ] --END-- [ RunTime:0.000150s ]
INFO: Run Behavior\ParseTemplateBehavior [ RunTime:0.009315s ]
INFO: [ view_parse ] --END-- [ RunTime:0.009366s ]
INFO: [ view_filter ] --START--
INFO: Run Behavior\WriteHtmlCacheBehavior [ RunTime:0.000061s ]
INFO: [ view_filter ] --END-- [ RunTime:0.000100s ]
INFO: [ app_end ] --START--
INFO: Run Behavior\ShowPageTraceBehavior [ RunTime:0.000060s ]
INFO: [ app_end ] --END-- [ RunTime:0.000110s ]

[ 2017-06-02T16:08:00+08:00 ] 127.0.0.1 /Admin/Manger/index
INFO: [ app_init ] --START--
INFO: Run Behavior\BuildLiteBehavior [ RunTime:0.000026s ]
INFO: [ app_init ] --END-- [ RunTime:0.000195s ]
INFO: [ app_begin ] --START--
INFO: Run Behavior\ReadHtmlCacheBehavior [ RunTime:0.000029s ]
INFO: [ app_begin ] --END-- [ RunTime:0.000069s ]
SQL: SHOW COLUMNS FROM `shop_manger` [ RunTime:0.0005s ]
SQL: SELECT * FROM `shop_manger`  [ RunTime:0.0002s ]
INFO: [ view_parse ] --START--
INFO: [ template_filter ] --START--
INFO: Run Behavior\ContentReplaceBehavior [ RunTime:0.000057s ]
INFO: [ template_filter ] --END-- [ RunTime:0.000113s ]
NOTIC: [8] Undefined variable: types /var/www/html/thinkphp_shop.com/Application/Runtime/Cache/Admin/d475e656f80ebc14bfa0d9cca49d8e24.php 第 289 行.
NOTIC: [8] Undefined variable: links /var/www/html/thinkphp_shop.com/Application/Runtime/Cache/Admin/d475e656f80ebc14bfa0d9cca49d8e24.php 第 340 行.
INFO: Run Behavior\ParseTemplateBehavior [ RunTime:0.008880s ]
INFO: [ view_parse ] --END-- [ RunTime:0.008920s ]
INFO: [ view_filter ] --START--
INFO: Run Behavior\WriteHtmlCacheBehavior [ RunTime:0.000046s ]
INFO: [ view_filter ] --END-- [ RunTime:0.000079s ]
INFO: [ app_end ] --START--
INFO: Run Behavior\ShowPageTraceBehavior [ RunTime:0.000027s ]
INFO: [ app_end ] --END-- [ RunTime:0.000052s ]

[ 2017-06-02T16:08:08+08:00 ] 127.0.0.1 /Admin/Order/index
INFO: [ app_init ] --START--
INFO: Run Behavior\BuildLiteBehavior [ RunTime:0.000009s ]
INFO: [ app_init ] --END-- [ RunTime:0.000063s ]
INFO: [ app_begin ] --START--
INFO: Run Behavior\ReadHtmlCacheBehavior [ RunTime:0.000117s ]
INFO: [ app_begin ] --END-- [ RunTime:0.000207s ]
SQL: SHOW COLUMNS FROM `shop_order` [ RunTime:0.0009s ]
SQL: SHOW COLUMNS FROM `shop_user` [ RunTime:0.0004s ]
SQL: SHOW COLUMNS FROM `shop_manger` [ RunTime:0.0003s ]
SQL: SELECT * FROM `shop_manger` WHERE (  id=1  ) LIMIT 1   [ RunTime:0.0002s ]
SQL: SELECT COUNT(*) AS tp_count FROM `shop_order` LIMIT 1   [ RunTime:0.0002s ]
SQL: SELECT * FROM `shop_order` LIMIT 0,10   [ RunTime:0.0001s ]
SQL: SELECT * FROM `shop_user` WHERE (  id=2  ) LIMIT 1   [ RunTime:0.0000s ]
SQL: SELECT * FROM `shop_manger` WHERE (  id=3  ) LIMIT 1   [ RunTime:0.0001s ]
SQL: SELECT * FROM `shop_user` WHERE (  id=2  ) LIMIT 1   [ RunTime:0.0001s ]
SQL: SELECT * FROM `shop_manger` WHERE (  id=3  ) LIMIT 1   [ RunTime:0.0000s ]
SQL: SELECT * FROM `shop_user` WHERE (  id=2  ) LIMIT 1   [ RunTime:0.0000s ]
SQL: SELECT * FROM `shop_manger` WHERE (  id=3  ) LIMIT 1   [ RunTime:0.0000s ]
SQL: SELECT * FROM `shop_user` WHERE (  id=2  ) LIMIT 1   [ RunTime:0.0000s ]
SQL: SELECT * FROM `shop_manger` WHERE (  id=3  ) LIMIT 1   [ RunTime:0.0000s ]
SQL: SELECT * FROM `shop_user` WHERE (  id=2  ) LIMIT 1   [ RunTime:0.0000s ]
SQL: SELECT * FROM `shop_manger` WHERE (  id=3  ) LIMIT 1   [ RunTime:0.0000s ]
SQL: SELECT * FROM `shop_user` WHERE (  id=2  ) LIMIT 1   [ RunTime:0.0000s ]
SQL: SELECT * FROM `shop_manger` WHERE (  id=3  ) LIMIT 1   [ RunTime:0.0000s ]
SQL: SELECT * FROM `shop_user` WHERE (  id=2  ) LIMIT 1   [ RunTime:0.0000s ]
SQL: SELECT * FROM `shop_manger` WHERE (  id=3  ) LIMIT 1   [ RunTime:0.0000s ]
SQL: SELECT * FROM `shop_user` WHERE (  id=2  ) LIMIT 1   [ RunTime:0.0000s ]
SQL: SELECT * FROM `shop_manger` WHERE (  id=3  ) LIMIT 1   [ RunTime:0.0000s ]
SQL: SELECT * FROM `shop_user` WHERE (  id=2  ) LIMIT 1   [ RunTime:0.0000s ]
SQL: SELECT * FROM `shop_manger` WHERE (  id=3  ) LIMIT 1   [ RunTime:0.0000s ]
SQL: SELECT * FROM `shop_user` WHERE (  id=2  ) LIMIT 1   [ RunTime:0.0000s ]
SQL: SELECT * FROM `shop_manger` WHERE (  id=3  ) LIMIT 1   [ RunTime:0.0000s ]
INFO: [ view_parse ] --START--
INFO: [ template_filter ] --START--
INFO: Run Behavior\ContentReplaceBehavior [ RunTime:0.000054s ]
INFO: [ template_filter ] --END-- [ RunTime:0.000101s ]
INFO: Run Behavior\ParseTemplateBehavior [ RunTime:0.009579s ]
INFO: [ view_parse ] --END-- [ RunTime:0.009617s ]
INFO: [ view_filter ] --START--
INFO: Run Behavior\WriteHtmlCacheBehavior [ RunTime:0.000040s ]
INFO: [ view_filter ] --END-- [ RunTime:0.000069s ]
INFO: [ app_end ] --START--
INFO: Run Behavior\ShowPageTraceBehavior [ RunTime:0.000037s ]
INFO: [ app_end ] --END-- [ RunTime:0.000071s ]

[ 2017-06-02T16:08:09+08:00 ] 127.0.0.1 /Admin/Goods/goods
INFO: [ app_init ] --START--
INFO: Run Behavior\BuildLiteBehavior [ RunTime:0.000008s ]
INFO: [ app_init ] --END-- [ RunTime:0.000057s ]
INFO: [ app_begin ] --START--
INFO: Run Behavior\ReadHtmlCacheBehavior [ RunTime:0.000023s ]
INFO: [ app_begin ] --END-- [ RunTime:0.000047s ]
SQL: SHOW COLUMNS FROM `shop_types` [ RunTime:0.0004s ]
SQL: SELECT * FROM `shop_types` WHERE (  pid=0  ) ORDER BY types desc  [ RunTime:0.0001s ]
SQL: SHOW COLUMNS FROM `shop_goods` [ RunTime:0.0003s ]
SQL: SHOW COLUMNS FROM `shop_manger` [ RunTime:0.0003s ]
SQL: SELECT * FROM `shop_manger` WHERE (  id=1  ) LIMIT 1   [ RunTime:0.0001s ]
SQL: SELECT COUNT(*) AS tp_count FROM `shop_goods` LIMIT 1   [ RunTime:0.0000s ]
SQL: SELECT * FROM `shop_goods` LIMIT 0,10   [ RunTime:0.0002s ]
SQL: SELECT * FROM `shop_manger` WHERE (  id=3  ) LIMIT 1   [ RunTime:0.0001s ]
SQL: SELECT * FROM `shop_types` WHERE (  fid = 1 and pid=0 ) LIMIT 1   [ RunTime:0.0000s ]
SQL: SELECT * FROM `shop_types` WHERE (  fid=8  ) LIMIT 1   [ RunTime:0.0000s ]
SQL: SELECT * FROM `shop_manger` WHERE (  id=3  ) LIMIT 1   [ RunTime:0.0000s ]
SQL: SELECT * FROM `shop_types` WHERE (  fid = 1 and pid=0 ) LIMIT 1   [ RunTime:0.0000s ]
SQL: SELECT * FROM `shop_types` WHERE (  fid=8  ) LIMIT 1   [ RunTime:0.0000s ]
SQL: SELECT * FROM `shop_manger` WHERE (  id=3  ) LIMIT 1   [ RunTime:0.0000s ]
SQL: SELECT * FROM `shop_types` WHERE (  fid = 1 and pid=0 ) LIMIT 1   [ RunTime:0.0000s ]
SQL: SELECT * FROM `shop_types` WHERE (  fid=8  ) LIMIT 1   [ RunTime:0.0000s ]
SQL: SELECT * FROM `shop_manger` WHERE (  id=3  ) LIMIT 1   [ RunTime:0.0000s ]
SQL: SELECT * FROM `shop_types` WHERE (  fid = 1 and pid=0 ) LIMIT 1   [ RunTime:0.0000s ]
SQL: SELECT * FROM `shop_types` WHERE (  fid=8  ) LIMIT 1   [ RunTime:0.0000s ]
SQL: SELECT * FROM `shop_manger` WHERE (  id=3  ) LIMIT 1   [ RunTime:0.0000s ]
SQL: SELECT * FROM `shop_types` WHERE (  fid = 1 and pid=0 ) LIMIT 1   [ RunTime:0.0000s ]
SQL: SELECT * FROM `shop_types` WHERE (  fid=8  ) LIMIT 1   [ RunTime:0.0000s ]
SQL: SELECT * FROM `shop_manger` WHERE (  id=3  ) LIMIT 1   [ RunTime:0.0002s ]
SQL: SELECT * FROM `shop_types` WHERE (  fid = 1 and pid=0 ) LIMIT 1   [ RunTime:0.0001s ]
SQL: SELECT * FROM `shop_types` WHERE (  fid=8  ) LIMIT 1   [ RunTime:0.0001s ]
SQL: SELECT * FROM `shop_manger` WHERE (  id=3  ) LIMIT 1   [ RunTime:0.0000s ]
SQL: SELECT * FROM `shop_types` WHERE (  fid = 1 and pid=0 ) LIMIT 1   [ RunTime:0.0000s ]
SQL: SELECT * FROM `shop_types` WHERE (  fid=8  ) LIMIT 1   [ RunTime:0.0000s ]
SQL: SELECT * FROM `shop_manger` WHERE (  id=3  ) LIMIT 1   [ RunTime:0.0000s ]
SQL: SELECT * FROM `shop_types` WHERE (  fid = 1 and pid=0 ) LIMIT 1   [ RunTime:0.0000s ]
SQL: SELECT * FROM `shop_types` WHERE (  fid=8  ) LIMIT 1   [ RunTime:0.0000s ]
SQL: SELECT * FROM `shop_manger` WHERE (  id=3  ) LIMIT 1   [ RunTime:0.0000s ]
SQL: SELECT * FROM `shop_types` WHERE (  fid = 1 and pid=0 ) LIMIT 1   [ RunTime:0.0000s ]
SQL: SELECT * FROM `shop_types` WHERE (  fid=8  ) LIMIT 1   [ RunTime:0.0000s ]
SQL: SELECT * FROM `shop_manger` WHERE (  id=3  ) LIMIT 1   [ RunTime:0.0000s ]
SQL: SELECT * FROM `shop_types` WHERE (  fid = 1 and pid=0 ) LIMIT 1   [ RunTime:0.0000s ]
SQL: SELECT * FROM `shop_types` WHERE (  fid=8  ) LIMIT 1   [ RunTime:0.0000s ]
INFO: [ view_parse ] --START--
INFO: [ template_filter ] --START--
INFO: Run Behavior\ContentReplaceBehavior [ RunTime:0.000043s ]
INFO: [ template_filter ] --END-- [ RunTime:0.000083s ]
INFO: Run Behavior\ParseTemplateBehavior [ RunTime:0.009484s ]
INFO: [ view_parse ] --END-- [ RunTime:0.009522s ]
INFO: [ view_filter ] --START--
INFO: Run Behavior\WriteHtmlCacheBehavior [ RunTime:0.000094s ]
INFO: [ view_filter ] --END-- [ RunTime:0.000171s ]
INFO: [ app_end ] --START--
INFO: Run Behavior\ShowPageTraceBehavior [ RunTime:0.000085s ]
INFO: [ app_end ] --END-- [ RunTime:0.000154s ]

[ 2017-06-02T16:33:26+08:00 ] 127.0.0.1 /Admin/Goods/goods
INFO: [ app_init ] --START--
INFO: Run Behavior\BuildLiteBehavior [ RunTime:0.000009s ]
INFO: [ app_init ] --END-- [ RunTime:0.000063s ]
INFO: [ app_begin ] --START--
INFO: Run Behavior\ReadHtmlCacheBehavior [ RunTime:0.000027s ]
INFO: [ app_begin ] --END-- [ RunTime:0.000052s ]
SQL: SHOW COLUMNS FROM `shop_types` [ RunTime:0.0005s ]
SQL: SELECT * FROM `shop_types` WHERE (  pid=0  ) ORDER BY types desc  [ RunTime:0.0001s ]
SQL: SHOW COLUMNS FROM `shop_goods` [ RunTime:0.0004s ]
SQL: SHOW COLUMNS FROM `shop_manger` [ RunTime:0.0003s ]
SQL: SELECT * FROM `shop_manger` WHERE (  id=1  ) LIMIT 1   [ RunTime:0.0001s ]
SQL: SELECT COUNT(*) AS tp_count FROM `shop_goods` LIMIT 1   [ RunTime:0.0001s ]
SQL: SELECT * FROM `shop_goods` LIMIT 0,10   [ RunTime:0.0001s ]
SQL: SELECT * FROM `shop_manger` WHERE (  id=3  ) LIMIT 1   [ RunTime:0.0001s ]
SQL: SELECT * FROM `shop_types` WHERE (  fid = 1 and pid=0 ) LIMIT 1   [ RunTime:0.0001s ]
SQL: SELECT * FROM `shop_types` WHERE (  fid=8  ) LIMIT 1   [ RunTime:0.0001s ]
SQL: SELECT * FROM `shop_manger` WHERE (  id=3  ) LIMIT 1   [ RunTime:0.0000s ]
SQL: SELECT * FROM `shop_types` WHERE (  fid = 1 and pid=0 ) LIMIT 1   [ RunTime:0.0000s ]
SQL: SELECT * FROM `shop_types` WHERE (  fid=8  ) LIMIT 1   [ RunTime:0.0000s ]
SQL: SELECT * FROM `shop_manger` WHERE (  id=3  ) LIMIT 1   [ RunTime:0.0000s ]
SQL: SELECT * FROM `shop_types` WHERE (  fid = 1 and pid=0 ) LIMIT 1   [ RunTime:0.0000s ]
SQL: SELECT * FROM `shop_types` WHERE (  fid=8  ) LIMIT 1   [ RunTime:0.0000s ]
SQL: SELECT * FROM `shop_manger` WHERE (  id=3  ) LIMIT 1   [ RunTime:0.0000s ]
SQL: SELECT * FROM `shop_types` WHERE (  fid = 1 and pid=0 ) LIMIT 1   [ RunTime:0.0000s ]
SQL: SELECT * FROM `shop_types` WHERE (  fid=8  ) LIMIT 1   [ RunTime:0.0000s ]
SQL: SELECT * FROM `shop_manger` WHERE (  id=3  ) LIMIT 1   [ RunTime:0.0000s ]
SQL: SELECT * FROM `shop_types` WHERE (  fid = 1 and pid=0 ) LIMIT 1   [ RunTime:0.0000s ]
SQL: SELECT * FROM `shop_types` WHERE (  fid=8  ) LIMIT 1   [ RunTime:0.0000s ]
SQL: SELECT * FROM `shop_manger` WHERE (  id=3  ) LIMIT 1   [ RunTime:0.0000s ]
SQL: SELECT * FROM `shop_types` WHERE (  fid = 1 and pid=0 ) LIMIT 1   [ RunTime:0.0000s ]
SQL: SELECT * FROM `shop_types` WHERE (  fid=8  ) LIMIT 1   [ RunTime:0.0000s ]
SQL: SELECT * FROM `shop_manger` WHERE (  id=3  ) LIMIT 1   [ RunTime:0.0000s ]
SQL: SELECT * FROM `shop_types` WHERE (  fid = 1 and pid=0 ) LIMIT 1   [ RunTime:0.0000s ]
SQL: SELECT * FROM `shop_types` WHERE (  fid=8  ) LIMIT 1   [ RunTime:0.0000s ]
SQL: SELECT * FROM `shop_manger` WHERE (  id=3  ) LIMIT 1   [ RunTime:0.0000s ]
SQL: SELECT * FROM `shop_types` WHERE (  fid = 1 and pid=0 ) LIMIT 1   [ RunTime:0.0000s ]
SQL: SELECT * FROM `shop_types` WHERE (  fid=8  ) LIMIT 1   [ RunTime:0.0000s ]
SQL: SELECT * FROM `shop_manger` WHERE (  id=3  ) LIMIT 1   [ RunTime:0.0000s ]
SQL: SELECT * FROM `shop_types` WHERE (  fid = 1 and pid=0 ) LIMIT 1   [ RunTime:0.0000s ]
SQL: SELECT * FROM `shop_types` WHERE (  fid=8  ) LIMIT 1   [ RunTime:0.0000s ]
SQL: SELECT * FROM `shop_manger` WHERE (  id=3  ) LIMIT 1   [ RunTime:0.0000s ]
SQL: SELECT * FROM `shop_types` WHERE (  fid = 1 and pid=0 ) LIMIT 1   [ RunTime:0.0001s ]
SQL: SELECT * FROM `shop_types` WHERE (  fid=8  ) LIMIT 1   [ RunTime:0.0001s ]
INFO: [ view_parse ] --START--
INFO: [ template_filter ] --START--
INFO: Run Behavior\ContentReplaceBehavior [ RunTime:0.000045s ]
INFO: [ template_filter ] --END-- [ RunTime:0.000091s ]
INFO: Run Behavior\ParseTemplateBehavior [ RunTime:0.009628s ]
INFO: [ view_parse ] --END-- [ RunTime:0.009685s ]
INFO: [ view_filter ] --START--
INFO: Run Behavior\WriteHtmlCacheBehavior [ RunTime:0.000036s ]
INFO: [ view_filter ] --END-- [ RunTime:0.000058s ]
INFO: [ app_end ] --START--
INFO: Run Behavior\ShowPageTraceBehavior [ RunTime:0.000036s ]
INFO: [ app_end ] --END-- [ RunTime:0.000061s ]

[ 2017-06-02T16:33:27+08:00 ] 127.0.0.1 /Admin/Goods/goods
INFO: [ app_init ] --START--
INFO: Run Behavior\BuildLiteBehavior [ RunTime:0.000009s ]
INFO: [ app_init ] --END-- [ RunTime:0.000059s ]
INFO: [ app_begin ] --START--
INFO: Run Behavior\ReadHtmlCacheBehavior [ RunTime:0.000022s ]
INFO: [ app_begin ] --END-- [ RunTime:0.000048s ]
SQL: SHOW COLUMNS FROM `shop_types` [ RunTime:0.0004s ]
SQL: SELECT * FROM `shop_types` WHERE (  pid=0  ) ORDER BY types desc  [ RunTime:0.0001s ]
SQL: SHOW COLUMNS FROM `shop_goods` [ RunTime:0.0004s ]
SQL: SHOW COLUMNS FROM `shop_manger` [ RunTime:0.0003s ]
SQL: SELECT * FROM `shop_manger` WHERE (  id=1  ) LIMIT 1   [ RunTime:0.0001s ]
SQL: SELECT COUNT(*) AS tp_count FROM `shop_goods` LIMIT 1   [ RunTime:0.0000s ]
SQL: SELECT * FROM `shop_goods` LIMIT 0,10   [ RunTime:0.0001s ]
SQL: SELECT * FROM `shop_manger` WHERE (  id=3  ) LIMIT 1   [ RunTime:0.0001s ]
SQL: SELECT * FROM `shop_types` WHERE (  fid = 1 and pid=0 ) LIMIT 1   [ RunTime:0.0000s ]
SQL: SELECT * FROM `shop_types` WHERE (  fid=8  ) LIMIT 1   [ RunTime:0.0000s ]
SQL: SELECT * FROM `shop_manger` WHERE (  id=3  ) LIMIT 1   [ RunTime:0.0000s ]
SQL: SELECT * FROM `shop_types` WHERE (  fid = 1 and pid=0 ) LIMIT 1   [ RunTime:0.0000s ]
SQL: SELECT * FROM `shop_types` WHERE (  fid=8  ) LIMIT 1   [ RunTime:0.0000s ]
SQL: SELECT * FROM `shop_manger` WHERE (  id=3  ) LIMIT 1   [ RunTime:0.0000s ]
SQL: SELECT * FROM `shop_types` WHERE (  fid = 1 and pid=0 ) LIMIT 1   [ RunTime:0.0000s ]
SQL: SELECT * FROM `shop_types` WHERE (  fid=8  ) LIMIT 1   [ RunTime:0.0000s ]
SQL: SELECT * FROM `shop_manger` WHERE (  id=3  ) LIMIT 1   [ RunTime:0.0000s ]
SQL: SELECT * FROM `shop_types` WHERE (  fid = 1 and pid=0 ) LIMIT 1   [ RunTime:0.0000s ]
SQL: SELECT * FROM `shop_types` WHERE (  fid=8  ) LIMIT 1   [ RunTime:0.0000s ]
SQL: SELECT * FROM `shop_manger` WHERE (  id=3  ) LIMIT 1   [ RunTime:0.0000s ]
SQL: SELECT * FROM `shop_types` WHERE (  fid = 1 and pid=0 ) LIMIT 1   [ RunTime:0.0000s ]
SQL: SELECT * FROM `shop_types` WHERE (  fid=8  ) LIMIT 1   [ RunTime:0.0000s ]
SQL: SELECT * FROM `shop_manger` WHERE (  id=3  ) LIMIT 1   [ RunTime:0.0000s ]
SQL: SELECT * FROM `shop_types` WHERE (  fid = 1 and pid=0 ) LIMIT 1   [ RunTime:0.0000s ]
SQL: SELECT * FROM `shop_types` WHERE (  fid=8  ) LIMIT 1   [ RunTime:0.0000s ]
SQL: SELECT * FROM `shop_manger` WHERE (  id=3  ) LIMIT 1   [ RunTime:0.0000s ]
SQL: SELECT * FROM `shop_types` WHERE (  fid = 1 and pid=0 ) LIMIT 1   [ RunTime:0.0000s ]
SQL: SELECT * FROM `shop_types` WHERE (  fid=8  ) LIMIT 1   [ RunTime:0.0000s ]
SQL: SELECT * FROM `shop_manger` WHERE (  id=3  ) LIMIT 1   [ RunTime:0.0001s ]
SQL: SELECT * FROM `shop_types` WHERE (  fid = 1 and pid=0 ) LIMIT 1   [ RunTime:0.0000s ]
SQL: SELECT * FROM `shop_types` WHERE (  fid=8  ) LIMIT 1   [ RunTime:0.0000s ]
SQL: SELECT * FROM `shop_manger` WHERE (  id=3  ) LIMIT 1   [ RunTime:0.0000s ]
SQL: SELECT * FROM `shop_types` WHERE (  fid = 1 and pid=0 ) LIMIT 1   [ RunTime:0.0000s ]
SQL: SELECT * FROM `shop_types` WHERE (  fid=8  ) LIMIT 1   [ RunTime:0.0000s ]
SQL: SELECT * FROM `shop_manger` WHERE (  id=3  ) LIMIT 1   [ RunTime:0.0000s ]
SQL: SELECT * FROM `shop_types` WHERE (  fid = 1 and pid=0 ) LIMIT 1   [ RunTime:0.0000s ]
SQL: SELECT * FROM `shop_types` WHERE (  fid=8  ) LIMIT 1   [ RunTime:0.0000s ]
INFO: [ view_parse ] --START--
INFO: [ template_filter ] --START--
INFO: Run Behavior\ContentReplaceBehavior [ RunTime:0.000043s ]
INFO: [ template_filter ] --END-- [ RunTime:0.000085s ]
INFO: Run Behavior\ParseTemplateBehavior [ RunTime:0.009822s ]
INFO: [ view_parse ] --END-- [ RunTime:0.009850s ]
INFO: [ view_filter ] --START--
INFO: Run Behavior\WriteHtmlCacheBehavior [ RunTime:0.000028s ]
INFO: [ view_filter ] --END-- [ RunTime:0.000049s ]
INFO: [ app_end ] --START--
INFO: Run Behavior\ShowPageTraceBehavior [ RunTime:0.000023s ]
INFO: [ app_end ] --END-- [ RunTime:0.000047s ]

[ 2017-06-02T17:06:23+08:00 ] 127.0.0.1 /Admin/Order/index
INFO: [ app_init ] --START--
INFO: Run Behavior\BuildLiteBehavior [ RunTime:0.000009s ]
INFO: [ app_init ] --END-- [ RunTime:0.000062s ]
INFO: [ app_begin ] --START--
INFO: Run Behavior\ReadHtmlCacheBehavior [ RunTime:0.000025s ]
INFO: [ app_begin ] --END-- [ RunTime:0.000050s ]
SQL: SHOW COLUMNS FROM `shop_order` [ RunTime:0.0004s ]
SQL: SHOW COLUMNS FROM `shop_user` [ RunTime:0.0004s ]
SQL: SHOW COLUMNS FROM `shop_manger` [ RunTime:0.0003s ]
SQL: SELECT * FROM `shop_manger` WHERE (  id=1  ) LIMIT 1   [ RunTime:0.0001s ]
SQL: SELECT COUNT(*) AS tp_count FROM `shop_order` LIMIT 1   [ RunTime:0.0002s ]
SQL: SELECT * FROM `shop_order` LIMIT 0,10   [ RunTime:0.0002s ]
SQL: SELECT * FROM `shop_user` WHERE (  id=2  ) LIMIT 1   [ RunTime:0.0001s ]
SQL: SELECT * FROM `shop_manger` WHERE (  id=3  ) LIMIT 1   [ RunTime:0.0001s ]
SQL: SELECT * FROM `shop_user` WHERE (  id=2  ) LIMIT 1   [ RunTime:0.0001s ]
SQL: SELECT * FROM `shop_manger` WHERE (  id=3  ) LIMIT 1   [ RunTime:0.0001s ]
SQL: SELECT * FROM `shop_user` WHERE (  id=2  ) LIMIT 1   [ RunTime:0.0001s ]
SQL: SELECT * FROM `shop_manger` WHERE (  id=3  ) LIMIT 1   [ RunTime:0.0001s ]
SQL: SELECT * FROM `shop_user` WHERE (  id=2  ) LIMIT 1   [ RunTime:0.0000s ]
SQL: SELECT * FROM `shop_manger` WHERE (  id=3  ) LIMIT 1   [ RunTime:0.0001s ]
SQL: SELECT * FROM `shop_user` WHERE (  id=2  ) LIMIT 1   [ RunTime:0.0000s ]
SQL: SELECT * FROM `shop_manger` WHERE (  id=3  ) LIMIT 1   [ RunTime:0.0001s ]
SQL: SELECT * FROM `shop_user` WHERE (  id=2  ) LIMIT 1   [ RunTime:0.0000s ]
SQL: SELECT * FROM `shop_manger` WHERE (  id=3  ) LIMIT 1   [ RunTime:0.0000s ]
SQL: SELECT * FROM `shop_user` WHERE (  id=2  ) LIMIT 1   [ RunTime:0.0000s ]
SQL: SELECT * FROM `shop_manger` WHERE (  id=3  ) LIMIT 1   [ RunTime:0.0000s ]
SQL: SELECT * FROM `shop_user` WHERE (  id=2  ) LIMIT 1   [ RunTime:0.0000s ]
SQL: SELECT * FROM `shop_manger` WHERE (  id=3  ) LIMIT 1   [ RunTime:0.0001s ]
SQL: SELECT * FROM `shop_user` WHERE (  id=2  ) LIMIT 1   [ RunTime:0.0000s ]
SQL: SELECT * FROM `shop_manger` WHERE (  id=3  ) LIMIT 1   [ RunTime:0.0000s ]
SQL: SELECT * FROM `shop_user` WHERE (  id=2  ) LIMIT 1   [ RunTime:0.0001s ]
SQL: SELECT * FROM `shop_manger` WHERE (  id=3  ) LIMIT 1   [ RunTime:0.0000s ]
INFO: [ view_parse ] --START--
INFO: [ template_filter ] --START--
INFO: Run Behavior\ContentReplaceBehavior [ RunTime:0.000053s ]
INFO: [ template_filter ] --END-- [ RunTime:0.000102s ]
INFO: Run Behavior\ParseTemplateBehavior [ RunTime:0.008006s ]
INFO: [ view_parse ] --END-- [ RunTime:0.008044s ]
INFO: [ view_filter ] --START--
INFO: Run Behavior\WriteHtmlCacheBehavior [ RunTime:0.000044s ]
INFO: [ view_filter ] --END-- [ RunTime:0.000075s ]
INFO: [ app_end ] --START--
INFO: Run Behavior\ShowPageTraceBehavior [ RunTime:0.000039s ]
INFO: [ app_end ] --END-- [ RunTime:0.000072s ]

[ 2017-06-02T17:06:25+08:00 ] 127.0.0.1 /index.php/Admin/Order/index/p/2.html
INFO: [ app_init ] --START--
INFO: Run Behavior\BuildLiteBehavior [ RunTime:0.000008s ]
INFO: [ app_init ] --END-- [ RunTime:0.000053s ]
INFO: [ app_begin ] --START--
INFO: Run Behavior\ReadHtmlCacheBehavior [ RunTime:0.000021s ]
INFO: [ app_begin ] --END-- [ RunTime:0.000044s ]
SQL: SHOW COLUMNS FROM `shop_order` [ RunTime:0.0004s ]
SQL: SHOW COLUMNS FROM `shop_user` [ RunTime:0.0003s ]
SQL: SHOW COLUMNS FROM `shop_manger` [ RunTime:0.0003s ]
SQL: SELECT * FROM `shop_manger` WHERE (  id=1  ) LIMIT 1   [ RunTime:0.0001s ]
SQL: SELECT COUNT(*) AS tp_count FROM `shop_order` LIMIT 1   [ RunTime:0.0000s ]
SQL: SELECT * FROM `shop_order` LIMIT 10,10   [ RunTime:0.0002s ]
SQL: SELECT * FROM `shop_user` WHERE (  id=2  ) LIMIT 1   [ RunTime:0.0001s ]
SQL: SELECT * FROM `shop_manger` WHERE (  id=3  ) LIMIT 1   [ RunTime:0.0000s ]
SQL: SELECT * FROM `shop_user` WHERE (  id=2  ) LIMIT 1   [ RunTime:0.0000s ]
SQL: SELECT * FROM `shop_manger` WHERE (  id=3  ) LIMIT 1   [ RunTime:0.0000s ]
SQL: SELECT * FROM `shop_user` WHERE (  id=2  ) LIMIT 1   [ RunTime:0.0000s ]
SQL: SELECT * FROM `shop_manger` WHERE (  id=3  ) LIMIT 1   [ RunTime:0.0000s ]
SQL: SELECT * FROM `shop_user` WHERE (  id=2  ) LIMIT 1   [ RunTime:0.0000s ]
SQL: SELECT * FROM `shop_manger` WHERE (  id=3  ) LIMIT 1   [ RunTime:0.0000s ]
SQL: SELECT * FROM `shop_user` WHERE (  id=2  ) LIMIT 1   [ RunTime:0.0000s ]
SQL: SELECT * FROM `shop_manger` WHERE (  id=3  ) LIMIT 1   [ RunTime:0.0000s ]
SQL: SELECT * FROM `shop_user` WHERE (  id=2  ) LIMIT 1   [ RunTime:0.0000s ]
SQL: SELECT * FROM `shop_manger` WHERE (  id=3  ) LIMIT 1   [ RunTime:0.0000s ]
SQL: SELECT * FROM `shop_user` WHERE (  id=2  ) LIMIT 1   [ RunTime:0.0000s ]
SQL: SELECT * FROM `shop_manger` WHERE (  id=4  ) LIMIT 1   [ RunTime:0.0000s ]
SQL: SELECT * FROM `shop_user` WHERE (  id=2  ) LIMIT 1   [ RunTime:0.0000s ]
SQL: SELECT * FROM `shop_manger` WHERE (  id=3  ) LIMIT 1   [ RunTime:0.0000s ]
SQL: SELECT * FROM `shop_user` WHERE (  id=4  ) LIMIT 1   [ RunTime:0.0001s ]
SQL: SELECT * FROM `shop_manger` WHERE (  id=3  ) LIMIT 1   [ RunTime:0.0000s ]
SQL: SELECT * FROM `shop_user` WHERE (  id=5  ) LIMIT 1   [ RunTime:0.0001s ]
SQL: SELECT * FROM `shop_manger` WHERE (  id=3  ) LIMIT 1   [ RunTime:0.0000s ]
INFO: [ view_parse ] --START--
INFO: [ template_filter ] --START--
INFO: Run Behavior\ContentReplaceBehavior [ RunTime:0.000052s ]
INFO: [ template_filter ] --END-- [ RunTime:0.000101s ]
INFO: Run Behavior\ParseTemplateBehavior [ RunTime:0.009139s ]
INFO: [ view_parse ] --END-- [ RunTime:0.009180s ]
INFO: [ view_filter ] --START--
INFO: Run Behavior\WriteHtmlCacheBehavior [ RunTime:0.000037s ]
INFO: [ view_filter ] --END-- [ RunTime:0.000067s ]
INFO: [ app_end ] --START--
INFO: Run Behavior\ShowPageTraceBehavior [ RunTime:0.000036s ]
INFO: [ app_end ] --END-- [ RunTime:0.000071s ]

[ 2017-06-02T17:06:33+08:00 ] 127.0.0.1 /Admin/Order/detail?ordernum=149637297510250102
INFO: [ app_init ] --START--
INFO: Run Behavior\BuildLiteBehavior [ RunTime:0.000010s ]
INFO: [ app_init ] --END-- [ RunTime:0.000073s ]
INFO: [ app_begin ] --START--
INFO: Run Behavior\ReadHtmlCacheBehavior [ RunTime:0.000034s ]
INFO: [ app_begin ] --END-- [ RunTime:0.000065s ]
SQL: SHOW COLUMNS FROM `shop_order` [ RunTime:0.0005s ]
SQL: SHOW COLUMNS FROM `shop_goods_detail` [ RunTime:0.0003s ]
SQL: SHOW COLUMNS FROM `shop_address` [ RunTime:0.0003s ]
SQL: SELECT * FROM `shop_order` WHERE (  ordernum=149637297510250102  ) LIMIT 1   [ RunTime:0.0002s ]
SQL: SELECT * FROM `shop_goods_detail` WHERE (  goodsid=3  ) LIMIT 1   [ RunTime:0.0001s ]
SQL: SELECT * FROM `shop_address` WHERE (  id=7  ) LIMIT 1   [ RunTime:0.0001s ]
INFO: [ view_parse ] --START--
INFO: [ template_filter ] --START--
INFO: Run Behavior\ContentReplaceBehavior [ RunTime:0.000030s ]
INFO: [ template_filter ] --END-- [ RunTime:0.000084s ]
INFO: Run Behavior\ParseTemplateBehavior [ RunTime:0.002707s ]
INFO: [ view_parse ] --END-- [ RunTime:0.002739s ]
INFO: [ view_filter ] --START--
INFO: Run Behavior\WriteHtmlCacheBehavior [ RunTime:0.000032s ]
INFO: [ view_filter ] --END-- [ RunTime:0.000053s ]
INFO: [ app_end ] --START--
INFO: Run Behavior\ShowPageTraceBehavior [ RunTime:0.000025s ]
INFO: [ app_end ] --END-- [ RunTime:0.000046s ]

[ 2017-06-02T17:06:39+08:00 ] 127.0.0.1 /Admin/Order/detail?ordernum=149637350448575750
INFO: [ app_init ] --START--
INFO: Run Behavior\BuildLiteBehavior [ RunTime:0.000009s ]
INFO: [ app_init ] --END-- [ RunTime:0.000060s ]
INFO: [ app_begin ] --START--
INFO: Run Behavior\ReadHtmlCacheBehavior [ RunTime:0.000027s ]
INFO: [ app_begin ] --END-- [ RunTime:0.000051s ]
SQL: SHOW COLUMNS FROM `shop_order` [ RunTime:0.0004s ]
SQL: SHOW COLUMNS FROM `shop_goods_detail` [ RunTime:0.0003s ]
SQL: SHOW COLUMNS FROM `shop_address` [ RunTime:0.0004s ]
SQL: SELECT * FROM `shop_order` WHERE (  ordernum=149637350448575750  ) LIMIT 1   [ RunTime:0.0003s ]
SQL: SELECT * FROM `shop_goods_detail` WHERE (  goodsid=3  ) LIMIT 1   [ RunTime:0.0001s ]
SQL: SELECT * FROM `shop_address` WHERE (  id=9  ) LIMIT 1   [ RunTime:0.0001s ]
INFO: [ view_parse ] --START--
INFO: [ template_filter ] --START--
INFO: Run Behavior\ContentReplaceBehavior [ RunTime:0.000037s ]
INFO: [ template_filter ] --END-- [ RunTime:0.000081s ]
INFO: Run Behavior\ParseTemplateBehavior [ RunTime:0.002910s ]
INFO: [ view_parse ] --END-- [ RunTime:0.002953s ]
INFO: [ view_filter ] --START--
INFO: Run Behavior\WriteHtmlCacheBehavior [ RunTime:0.000035s ]
INFO: [ view_filter ] --END-- [ RunTime:0.000057s ]
INFO: [ app_end ] --START--
INFO: Run Behavior\ShowPageTraceBehavior [ RunTime:0.000025s ]
INFO: [ app_end ] --END-- [ RunTime:0.000047s ]

[ 2017-06-02T17:06:45+08:00 ] 127.0.0.1 /Admin/Goods/goods
INFO: [ app_init ] --START--
INFO: Run Behavior\BuildLiteBehavior [ RunTime:0.000008s ]
INFO: [ app_init ] --END-- [ RunTime:0.000067s ]
INFO: [ app_begin ] --START--
INFO: Run Behavior\ReadHtmlCacheBehavior [ RunTime:0.000029s ]
INFO: [ app_begin ] --END-- [ RunTime:0.000055s ]
SQL: SHOW COLUMNS FROM `shop_types` [ RunTime:0.0012s ]
SQL: SELECT * FROM `shop_types` WHERE (  pid=0  ) ORDER BY types desc  [ RunTime:0.0002s ]
SQL: SHOW COLUMNS FROM `shop_goods` [ RunTime:0.0007s ]
SQL: SHOW COLUMNS FROM `shop_manger` [ RunTime:0.0004s ]
SQL: SELECT * FROM `shop_manger` WHERE (  id=1  ) LIMIT 1   [ RunTime:0.0002s ]
SQL: SELECT COUNT(*) AS tp_count FROM `shop_goods` LIMIT 1   [ RunTime:0.0001s ]
SQL: SELECT * FROM `shop_goods` LIMIT 0,10   [ RunTime:0.0001s ]
SQL: SELECT * FROM `shop_manger` WHERE (  id=3  ) LIMIT 1   [ RunTime:0.0001s ]
SQL: SELECT * FROM `shop_types` WHERE (  fid = 1 and pid=0 ) LIMIT 1   [ RunTime:0.0001s ]
SQL: SELECT * FROM `shop_types` WHERE (  fid=8  ) LIMIT 1   [ RunTime:0.0001s ]
SQL: SELECT * FROM `shop_manger` WHERE (  id=3  ) LIMIT 1   [ RunTime:0.0001s ]
SQL: SELECT * FROM `shop_types` WHERE (  fid = 1 and pid=0 ) LIMIT 1   [ RunTime:0.0001s ]
SQL: SELECT * FROM `shop_types` WHERE (  fid=8  ) LIMIT 1   [ RunTime:0.0001s ]
SQL: SELECT * FROM `shop_manger` WHERE (  id=3  ) LIMIT 1   [ RunTime:0.0001s ]
SQL: SELECT * FROM `shop_types` WHERE (  fid = 1 and pid=0 ) LIMIT 1   [ RunTime:0.0001s ]
SQL: SELECT * FROM `shop_types` WHERE (  fid=8  ) LIMIT 1   [ RunTime:0.0001s ]
SQL: SELECT * FROM `shop_manger` WHERE (  id=3  ) LIMIT 1   [ RunTime:0.0001s ]
SQL: SELECT * FROM `shop_types` WHERE (  fid = 1 and pid=0 ) LIMIT 1   [ RunTime:0.0001s ]
SQL: SELECT * FROM `shop_types` WHERE (  fid=8  ) LIMIT 1   [ RunTime:0.0001s ]
SQL: SELECT * FROM `shop_manger` WHERE (  id=3  ) LIMIT 1   [ RunTime:0.0001s ]
SQL: SELECT * FROM `shop_types` WHERE (  fid = 1 and pid=0 ) LIMIT 1   [ RunTime:0.0001s ]
SQL: SELECT * FROM `shop_types` WHERE (  fid=8  ) LIMIT 1   [ RunTime:0.0001s ]
SQL: SELECT * FROM `shop_manger` WHERE (  id=3  ) LIMIT 1   [ RunTime:0.0001s ]
SQL: SELECT * FROM `shop_types` WHERE (  fid = 1 and pid=0 ) LIMIT 1   [ RunTime:0.0001s ]
SQL: SELECT * FROM `shop_types` WHERE (  fid=8  ) LIMIT 1   [ RunTime:0.0001s ]
SQL: SELECT * FROM `shop_manger` WHERE (  id=3  ) LIMIT 1   [ RunTime:0.0001s ]
SQL: SELECT * FROM `shop_types` WHERE (  fid = 1 and pid=0 ) LIMIT 1   [ RunTime:0.0001s ]
SQL: SELECT * FROM `shop_types` WHERE (  fid=8  ) LIMIT 1   [ RunTime:0.0001s ]
SQL: SELECT * FROM `shop_manger` WHERE (  id=3  ) LIMIT 1   [ RunTime:0.0001s ]
SQL: SELECT * FROM `shop_types` WHERE (  fid = 1 and pid=0 ) LIMIT 1   [ RunTime:0.0001s ]
SQL: SELECT * FROM `shop_types` WHERE (  fid=8  ) LIMIT 1   [ RunTime:0.0001s ]
SQL: SELECT * FROM `shop_manger` WHERE (  id=3  ) LIMIT 1   [ RunTime:0.0001s ]
SQL: SELECT * FROM `shop_types` WHERE (  fid = 1 and pid=0 ) LIMIT 1   [ RunTime:0.0001s ]
SQL: SELECT * FROM `shop_types` WHERE (  fid=8  ) LIMIT 1   [ RunTime:0.0001s ]
SQL: SELECT * FROM `shop_manger` WHERE (  id=3  ) LIMIT 1   [ RunTime:0.0001s ]
SQL: SELECT * FROM `shop_types` WHERE (  fid = 1 and pid=0 ) LIMIT 1   [ RunTime:0.0001s ]
SQL: SELECT * FROM `shop_types` WHERE (  fid=8  ) LIMIT 1   [ RunTime:0.0001s ]
INFO: [ view_parse ] --START--
INFO: [ template_filter ] --START--
INFO: Run Behavior\ContentReplaceBehavior [ RunTime:0.000051s ]
INFO: [ template_filter ] --END-- [ RunTime:0.000096s ]
INFO: Run Behavior\ParseTemplateBehavior [ RunTime:0.009672s ]
INFO: [ view_parse ] --END-- [ RunTime:0.009713s ]
INFO: [ view_filter ] --START--
INFO: Run Behavior\WriteHtmlCacheBehavior [ RunTime:0.000040s ]
INFO: [ view_filter ] --END-- [ RunTime:0.000068s ]
INFO: [ app_end ] --START--
INFO: Run Behavior\ShowPageTraceBehavior [ RunTime:0.000036s ]
INFO: [ app_end ] --END-- [ RunTime:0.000065s ]

[ 2017-06-02T17:07:11+08:00 ] 127.0.0.1 /Admin/Index/index
INFO: [ app_init ] --START--
INFO: Run Behavior\BuildLiteBehavior [ RunTime:0.000009s ]
INFO: [ app_init ] --END-- [ RunTime:0.000061s ]
INFO: [ app_begin ] --START--
INFO: Run Behavior\ReadHtmlCacheBehavior [ RunTime:0.000025s ]
INFO: [ app_begin ] --END-- [ RunTime:0.000050s ]
INFO: [ view_parse ] --START--
INFO: [ template_filter ] --START--
INFO: Run Behavior\ContentReplaceBehavior [ RunTime:0.000042s ]
INFO: [ template_filter ] --END-- [ RunTime:0.000080s ]
INFO: Run Behavior\ParseTemplateBehavior [ RunTime:0.004796s ]
INFO: [ view_parse ] --END-- [ RunTime:0.004824s ]
INFO: [ view_filter ] --START--
INFO: Run Behavior\WriteHtmlCacheBehavior [ RunTime:0.000030s ]
INFO: [ view_filter ] --END-- [ RunTime:0.000050s ]
INFO: [ app_end ] --START--
INFO: Run Behavior\ShowPageTraceBehavior [ RunTime:0.000027s ]
INFO: [ app_end ] --END-- [ RunTime:0.000051s ]

[ 2017-06-02T17:07:14+08:00 ] 127.0.0.1 /Admin/Goods/goods
INFO: [ app_init ] --START--
INFO: Run Behavior\BuildLiteBehavior [ RunTime:0.000009s ]
INFO: [ app_init ] --END-- [ RunTime:0.000062s ]
INFO: [ app_begin ] --START--
INFO: Run Behavior\ReadHtmlCacheBehavior [ RunTime:0.000026s ]
INFO: [ app_begin ] --END-- [ RunTime:0.000050s ]
SQL: SHOW COLUMNS FROM `shop_types` [ RunTime:0.0004s ]
SQL: SELECT * FROM `shop_types` WHERE (  pid=0  ) ORDER BY types desc  [ RunTime:0.0001s ]
SQL: SHOW COLUMNS FROM `shop_goods` [ RunTime:0.0003s ]
SQL: SHOW COLUMNS FROM `shop_manger` [ RunTime:0.0003s ]
SQL: SELECT * FROM `shop_manger` WHERE (  id=1  ) LIMIT 1   [ RunTime:0.0001s ]
SQL: SELECT COUNT(*) AS tp_count FROM `shop_goods` LIMIT 1   [ RunTime:0.0000s ]
SQL: SELECT * FROM `shop_goods` LIMIT 0,10   [ RunTime:0.0001s ]
SQL: SELECT * FROM `shop_manger` WHERE (  id=3  ) LIMIT 1   [ RunTime:0.0000s ]
SQL: SELECT * FROM `shop_types` WHERE (  fid = 1 and pid=0 ) LIMIT 1   [ RunTime:0.0000s ]
SQL: SELECT * FROM `shop_types` WHERE (  fid=8  ) LIMIT 1   [ RunTime:0.0000s ]
SQL: SELECT * FROM `shop_manger` WHERE (  id=3  ) LIMIT 1   [ RunTime:0.0000s ]
SQL: SELECT * FROM `shop_types` WHERE (  fid = 1 and pid=0 ) LIMIT 1   [ RunTime:0.0000s ]
SQL: SELECT * FROM `shop_types` WHERE (  fid=8  ) LIMIT 1   [ RunTime:0.0000s ]
SQL: SELECT * FROM `shop_manger` WHERE (  id=3  ) LIMIT 1   [ RunTime:0.0000s ]
SQL: SELECT * FROM `shop_types` WHERE (  fid = 1 and pid=0 ) LIMIT 1   [ RunTime:0.0000s ]
SQL: SELECT * FROM `shop_types` WHERE (  fid=8  ) LIMIT 1   [ RunTime:0.0000s ]
SQL: SELECT * FROM `shop_manger` WHERE (  id=3  ) LIMIT 1   [ RunTime:0.0000s ]
SQL: SELECT * FROM `shop_types` WHERE (  fid = 1 and pid=0 ) LIMIT 1   [ RunTime:0.0001s ]
SQL: SELECT * FROM `shop_types` WHERE (  fid=8  ) LIMIT 1   [ RunTime:0.0001s ]
SQL: SELECT * FROM `shop_manger` WHERE (  id=3  ) LIMIT 1   [ RunTime:0.0001s ]
SQL: SELECT * FROM `shop_types` WHERE (  fid = 1 and pid=0 ) LIMIT 1   [ RunTime:0.0000s ]
SQL: SELECT * FROM `shop_types` WHERE (  fid=8  ) LIMIT 1   [ RunTime:0.0000s ]
SQL: SELECT * FROM `shop_manger` WHERE (  id=3  ) LIMIT 1   [ RunTime:0.0000s ]
SQL: SELECT * FROM `shop_types` WHERE (  fid = 1 and pid=0 ) LIMIT 1   [ RunTime:0.0000s ]
SQL: SELECT * FROM `shop_types` WHERE (  fid=8  ) LIMIT 1   [ RunTime:0.0000s ]
SQL: SELECT * FROM `shop_manger` WHERE (  id=3  ) LIMIT 1   [ RunTime:0.0000s ]
SQL: SELECT * FROM `shop_types` WHERE (  fid = 1 and pid=0 ) LIMIT 1   [ RunTime:0.0000s ]
SQL: SELECT * FROM `shop_types` WHERE (  fid=8  ) LIMIT 1   [ RunTime:0.0000s ]
SQL: SELECT * FROM `shop_manger` WHERE (  id=3  ) LIMIT 1   [ RunTime:0.0000s ]
SQL: SELECT * FROM `shop_types` WHERE (  fid = 1 and pid=0 ) LIMIT 1   [ RunTime:0.0002s ]
SQL: SELECT * FROM `shop_types` WHERE (  fid=8  ) LIMIT 1   [ RunTime:0.0003s ]
SQL: SELECT * FROM `shop_manger` WHERE (  id=3  ) LIMIT 1   [ RunTime:0.0003s ]
SQL: SELECT * FROM `shop_types` WHERE (  fid = 1 and pid=0 ) LIMIT 1   [ RunTime:0.0003s ]
SQL: SELECT * FROM `shop_types` WHERE (  fid=8  ) LIMIT 1   [ RunTime:0.0003s ]
SQL: SELECT * FROM `shop_manger` WHERE (  id=3  ) LIMIT 1   [ RunTime:0.0003s ]
SQL: SELECT * FROM `shop_types` WHERE (  fid = 1 and pid=0 ) LIMIT 1   [ RunTime:0.0003s ]
SQL: SELECT * FROM `shop_types` WHERE (  fid=8  ) LIMIT 1   [ RunTime:0.0003s ]
INFO: [ view_parse ] --START--
INFO: [ template_filter ] --START--
INFO: Run Behavior\ContentReplaceBehavior [ RunTime:0.000098s ]
INFO: [ template_filter ] --END-- [ RunTime:0.000244s ]
INFO: Run Behavior\ParseTemplateBehavior [ RunTime:0.007252s ]
INFO: [ view_parse ] --END-- [ RunTime:0.007287s ]
INFO: [ view_filter ] --START--
INFO: Run Behavior\WriteHtmlCacheBehavior [ RunTime:0.000037s ]
INFO: [ view_filter ] --END-- [ RunTime:0.000058s ]
INFO: [ app_end ] --START--
INFO: Run Behavior\ShowPageTraceBehavior [ RunTime:0.000029s ]
INFO: [ app_end ] --END-- [ RunTime:0.000053s ]

[ 2017-06-02T17:07:23+08:00 ] 127.0.0.1 /Admin/Index/index
INFO: [ app_init ] --START--
INFO: Run Behavior\BuildLiteBehavior [ RunTime:0.000008s ]
INFO: [ app_init ] --END-- [ RunTime:0.000062s ]
INFO: [ app_begin ] --START--
INFO: Run Behavior\ReadHtmlCacheBehavior [ RunTime:0.000026s ]
INFO: [ app_begin ] --END-- [ RunTime:0.000051s ]
INFO: [ view_parse ] --START--
INFO: [ template_filter ] --START--
INFO: Run Behavior\ContentReplaceBehavior [ RunTime:0.000053s ]
INFO: [ template_filter ] --END-- [ RunTime:0.000145s ]
INFO: Run Behavior\ParseTemplateBehavior [ RunTime:0.005808s ]
INFO: [ view_parse ] --END-- [ RunTime:0.005881s ]
INFO: [ view_filter ] --START--
INFO: Run Behavior\WriteHtmlCacheBehavior [ RunTime:0.000104s ]
INFO: [ view_filter ] --END-- [ RunTime:0.000182s ]
INFO: [ app_end ] --START--
INFO: Run Behavior\ShowPageTraceBehavior [ RunTime:0.000034s ]
INFO: [ app_end ] --END-- [ RunTime:0.000064s ]

[ 2017-06-02T17:59:27+08:00 ] 127.0.0.1 /Admin/Manger/index
INFO: [ app_init ] --START--
INFO: Run Behavior\BuildLiteBehavior [ RunTime:0.000009s ]
INFO: [ app_init ] --END-- [ RunTime:0.000067s ]
INFO: [ app_begin ] --START--
INFO: Run Behavior\ReadHtmlCacheBehavior [ RunTime:0.000028s ]
INFO: [ app_begin ] --END-- [ RunTime:0.000053s ]
SQL: SHOW COLUMNS FROM `shop_manger` [ RunTime:0.0004s ]
SQL: SELECT * FROM `shop_manger`  [ RunTime:0.0003s ]
INFO: [ view_parse ] --START--
INFO: [ template_filter ] --START--
INFO: Run Behavior\ContentReplaceBehavior [ RunTime:0.000035s ]
INFO: [ template_filter ] --END-- [ RunTime:0.000064s ]
NOTIC: [8] Undefined variable: types /var/www/html/thinkphp_shop.com/Application/Runtime/Cache/Admin/d475e656f80ebc14bfa0d9cca49d8e24.php 第 289 行.
NOTIC: [8] Undefined variable: links /var/www/html/thinkphp_shop.com/Application/Runtime/Cache/Admin/d475e656f80ebc14bfa0d9cca49d8e24.php 第 340 行.
INFO: Run Behavior\ParseTemplateBehavior [ RunTime:0.005221s ]
INFO: [ view_parse ] --END-- [ RunTime:0.005248s ]
INFO: [ view_filter ] --START--
INFO: Run Behavior\WriteHtmlCacheBehavior [ RunTime:0.000028s ]
INFO: [ view_filter ] --END-- [ RunTime:0.000049s ]
INFO: [ app_end ] --START--
INFO: Run Behavior\ShowPageTraceBehavior [ RunTime:0.000028s ]
INFO: [ app_end ] --END-- [ RunTime:0.000052s ]

[ 2017-06-02T17:59:29+08:00 ] 127.0.0.1 /Admin/Login/regist
INFO: [ app_init ] --START--
INFO: Run Behavior\BuildLiteBehavior [ RunTime:0.000008s ]
INFO: [ app_init ] --END-- [ RunTime:0.000055s ]
INFO: [ app_begin ] --START--
INFO: Run Behavior\ReadHtmlCacheBehavior [ RunTime:0.000021s ]
INFO: [ app_begin ] --END-- [ RunTime:0.000044s ]
INFO: [ view_parse ] --START--
INFO: [ template_filter ] --START--
INFO: Run Behavior\ContentReplaceBehavior [ RunTime:0.000026s ]
INFO: [ template_filter ] --END-- [ RunTime:0.000058s ]
INFO: Run Behavior\ParseTemplateBehavior [ RunTime:0.001373s ]
INFO: [ view_parse ] --END-- [ RunTime:0.001401s ]
INFO: [ view_filter ] --START--
INFO: Run Behavior\WriteHtmlCacheBehavior [ RunTime:0.000028s ]
INFO: [ view_filter ] --END-- [ RunTime:0.000048s ]
INFO: [ app_end ] --START--
INFO: Run Behavior\ShowPageTraceBehavior [ RunTime:0.000021s ]
INFO: [ app_end ] --END-- [ RunTime:0.000042s ]

[ 2017-06-02T19:07:01+08:00 ] 127.0.0.1 /Admin/Manger/index
INFO: [ app_init ] --START--
INFO: Run Behavior\BuildLiteBehavior [ RunTime:0.000027s ]
INFO: [ app_init ] --END-- [ RunTime:0.000200s ]
INFO: [ app_begin ] --START--
INFO: Run Behavior\ReadHtmlCacheBehavior [ RunTime:0.000092s ]
INFO: [ app_begin ] --END-- [ RunTime:0.000222s ]
SQL: SHOW COLUMNS FROM `shop_manger` [ RunTime:0.0005s ]
SQL: SELECT * FROM `shop_manger`  [ RunTime:0.0001s ]
INFO: [ view_parse ] --START--
INFO: [ template_filter ] --START--
INFO: Run Behavior\ContentReplaceBehavior [ RunTime:0.000045s ]
INFO: [ template_filter ] --END-- [ RunTime:0.000239s ]
NOTIC: [8] Undefined variable: types /var/www/html/thinkphp_shop.com/Application/Runtime/Cache/Admin/d475e656f80ebc14bfa0d9cca49d8e24.php 第 289 行.
NOTIC: [8] Undefined variable: links /var/www/html/thinkphp_shop.com/Application/Runtime/Cache/Admin/d475e656f80ebc14bfa0d9cca49d8e24.php 第 340 行.
INFO: Run Behavior\ParseTemplateBehavior [ RunTime:0.011033s ]
INFO: [ view_parse ] --END-- [ RunTime:0.011066s ]
INFO: [ view_filter ] --START--
INFO: Run Behavior\WriteHtmlCacheBehavior [ RunTime:0.000034s ]
INFO: [ view_filter ] --END-- [ RunTime:0.000055s ]
INFO: [ app_end ] --START--
INFO: Run Behavior\ShowPageTraceBehavior [ RunTime:0.000027s ]
INFO: [ app_end ] --END-- [ RunTime:0.000050s ]

[ 2017-06-02T19:19:52+08:00 ] 127.0.0.1 /Admin/Manger/index
INFO: [ app_init ] --START--
INFO: Run Behavior\BuildLiteBehavior [ RunTime:0.000010s ]
INFO: [ app_init ] --END-- [ RunTime:0.000065s ]
INFO: [ app_begin ] --START--
INFO: Run Behavior\ReadHtmlCacheBehavior [ RunTime:0.000030s ]
INFO: [ app_begin ] --END-- [ RunTime:0.000057s ]
SQL: SHOW COLUMNS FROM `shop_manger` [ RunTime:0.0004s ]
SQL: SELECT * FROM `shop_manger`  [ RunTime:0.0001s ]
INFO: [ view_parse ] --START--
INFO: [ template_filter ] --START--
INFO: Run Behavior\ContentReplaceBehavior [ RunTime:0.000047s ]
INFO: [ template_filter ] --END-- [ RunTime:0.000095s ]
NOTIC: [8] Undefined variable: types /var/www/html/thinkphp_shop.com/Application/Runtime/Cache/Admin/d475e656f80ebc14bfa0d9cca49d8e24.php 第 289 行.
NOTIC: [8] Undefined variable: links /var/www/html/thinkphp_shop.com/Application/Runtime/Cache/Admin/d475e656f80ebc14bfa0d9cca49d8e24.php 第 340 行.
INFO: Run Behavior\ParseTemplateBehavior [ RunTime:0.011738s ]
INFO: [ view_parse ] --END-- [ RunTime:0.011771s ]
INFO: [ view_filter ] --START--
INFO: Run Behavior\WriteHtmlCacheBehavior [ RunTime:0.000042s ]
INFO: [ view_filter ] --END-- [ RunTime:0.000070s ]
INFO: [ app_end ] --START--
INFO: Run Behavior\ShowPageTraceBehavior [ RunTime:0.000039s ]
INFO: [ app_end ] --END-- [ RunTime:0.000069s ]

[ 2017-06-02T20:35:20+08:00 ] 127.0.0.1 /Admin/Manger/index
INFO: [ app_init ] --START--
INFO: Run Behavior\BuildLiteBehavior [ RunTime:0.000008s ]
INFO: [ app_init ] --END-- [ RunTime:0.000063s ]
INFO: [ app_begin ] --START--
INFO: Run Behavior\ReadHtmlCacheBehavior [ RunTime:0.000029s ]
INFO: [ app_begin ] --END-- [ RunTime:0.000059s ]
SQL: SHOW COLUMNS FROM `shop_manger` [ RunTime:0.0004s ]
SQL: SELECT * FROM `shop_manger`  [ RunTime:0.0001s ]
INFO: [ view_parse ] --START--
INFO: [ template_filter ] --START--
INFO: Run Behavior\ContentReplaceBehavior [ RunTime:0.000041s ]
INFO: [ template_filter ] --END-- [ RunTime:0.000087s ]
NOTIC: [8] Undefined variable: types /var/www/html/thinkphp_shop.com/Application/Runtime/Cache/Admin/d475e656f80ebc14bfa0d9cca49d8e24.php 第 289 行.
NOTIC: [8] Undefined variable: links /var/www/html/thinkphp_shop.com/Application/Runtime/Cache/Admin/d475e656f80ebc14bfa0d9cca49d8e24.php 第 340 行.
INFO: Run Behavior\ParseTemplateBehavior [ RunTime:0.006700s ]
INFO: [ view_parse ] --END-- [ RunTime:0.006733s ]
INFO: [ view_filter ] --START--
INFO: Run Behavior\WriteHtmlCacheBehavior [ RunTime:0.000037s ]
INFO: [ view_filter ] --END-- [ RunTime:0.000061s ]
INFO: [ app_end ] --START--
INFO: Run Behavior\ShowPageTraceBehavior [ RunTime:0.000033s ]
INFO: [ app_end ] --END-- [ RunTime:0.000060s ]

[ 2017-06-02T20:35:21+08:00 ] 127.0.0.1 /Admin/Goods/goods
INFO: [ app_init ] --START--
INFO: Run Behavior\BuildLiteBehavior [ RunTime:0.000010s ]
INFO: [ app_init ] --END-- [ RunTime:0.000066s ]
INFO: [ app_begin ] --START--
INFO: Run Behavior\ReadHtmlCacheBehavior [ RunTime:0.000028s ]
INFO: [ app_begin ] --END-- [ RunTime:0.000057s ]
SQL: SHOW COLUMNS FROM `shop_types` [ RunTime:0.0004s ]
SQL: SELECT * FROM `shop_types` WHERE (  pid=0  ) ORDER BY types desc  [ RunTime:0.0002s ]
SQL: SHOW COLUMNS FROM `shop_goods` [ RunTime:0.0005s ]
SQL: SHOW COLUMNS FROM `shop_manger` [ RunTime:0.0005s ]
SQL: SELECT * FROM `shop_manger` WHERE (  id=1  ) LIMIT 1   [ RunTime:0.0002s ]
SQL: SELECT COUNT(*) AS tp_count FROM `shop_goods` LIMIT 1   [ RunTime:0.0001s ]
SQL: SELECT * FROM `shop_goods` LIMIT 0,10   [ RunTime:0.0003s ]
SQL: SELECT * FROM `shop_manger` WHERE (  id=3  ) LIMIT 1   [ RunTime:0.0002s ]
SQL: SELECT * FROM `shop_types` WHERE (  fid = 1 and pid=0 ) LIMIT 1   [ RunTime:0.0002s ]
SQL: SELECT * FROM `shop_types` WHERE (  fid=8  ) LIMIT 1   [ RunTime:0.0002s ]
SQL: SELECT * FROM `shop_manger` WHERE (  id=3  ) LIMIT 1   [ RunTime:0.0002s ]
SQL: SELECT * FROM `shop_types` WHERE (  fid = 1 and pid=0 ) LIMIT 1   [ RunTime:0.0002s ]
SQL: SELECT * FROM `shop_types` WHERE (  fid=8  ) LIMIT 1   [ RunTime:0.0002s ]
SQL: SELECT * FROM `shop_manger` WHERE (  id=3  ) LIMIT 1   [ RunTime:0.0002s ]
SQL: SELECT * FROM `shop_types` WHERE (  fid = 1 and pid=0 ) LIMIT 1   [ RunTime:0.0002s ]
SQL: SELECT * FROM `shop_types` WHERE (  fid=8  ) LIMIT 1   [ RunTime:0.0002s ]
SQL: SELECT * FROM `shop_manger` WHERE (  id=3  ) LIMIT 1   [ RunTime:0.0002s ]
SQL: SELECT * FROM `shop_types` WHERE (  fid = 1 and pid=0 ) LIMIT 1   [ RunTime:0.0002s ]
SQL: SELECT * FROM `shop_types` WHERE (  fid=8  ) LIMIT 1   [ RunTime:0.0002s ]
SQL: SELECT * FROM `shop_manger` WHERE (  id=3  ) LIMIT 1   [ RunTime:0.0002s ]
SQL: SELECT * FROM `shop_types` WHERE (  fid = 1 and pid=0 ) LIMIT 1   [ RunTime:0.0002s ]
SQL: SELECT * FROM `shop_types` WHERE (  fid=8  ) LIMIT 1   [ RunTime:0.0000s ]
SQL: SELECT * FROM `shop_manger` WHERE (  id=3  ) LIMIT 1   [ RunTime:0.0000s ]
SQL: SELECT * FROM `shop_types` WHERE (  fid = 1 and pid=0 ) LIMIT 1   [ RunTime:0.0000s ]
SQL: SELECT * FROM `shop_types` WHERE (  fid=8  ) LIMIT 1   [ RunTime:0.0000s ]
SQL: SELECT * FROM `shop_manger` WHERE (  id=3  ) LIMIT 1   [ RunTime:0.0000s ]
SQL: SELECT * FROM `shop_types` WHERE (  fid = 1 and pid=0 ) LIMIT 1   [ RunTime:0.0001s ]
SQL: SELECT * FROM `shop_types` WHERE (  fid=8  ) LIMIT 1   [ RunTime:0.0000s ]
SQL: SELECT * FROM `shop_manger` WHERE (  id=3  ) LIMIT 1   [ RunTime:0.0000s ]
SQL: SELECT * FROM `shop_types` WHERE (  fid = 1 and pid=0 ) LIMIT 1   [ RunTime:0.0000s ]
SQL: SELECT * FROM `shop_types` WHERE (  fid=8  ) LIMIT 1   [ RunTime:0.0000s ]
SQL: SELECT * FROM `shop_manger` WHERE (  id=3  ) LIMIT 1   [ RunTime:0.0000s ]
SQL: SELECT * FROM `shop_types` WHERE (  fid = 1 and pid=0 ) LIMIT 1   [ RunTime:0.0000s ]
SQL: SELECT * FROM `shop_types` WHERE (  fid=8  ) LIMIT 1   [ RunTime:0.0000s ]
SQL: SELECT * FROM `shop_manger` WHERE (  id=3  ) LIMIT 1   [ RunTime:0.0000s ]
SQL: SELECT * FROM `shop_types` WHERE (  fid = 1 and pid=0 ) LIMIT 1   [ RunTime:0.0000s ]
SQL: SELECT * FROM `shop_types` WHERE (  fid=8  ) LIMIT 1   [ RunTime:0.0000s ]
INFO: [ view_parse ] --START--
INFO: [ template_filter ] --START--
INFO: Run Behavior\ContentReplaceBehavior [ RunTime:0.000056s ]
INFO: [ template_filter ] --END-- [ RunTime:0.000099s ]
INFO: Run Behavior\ParseTemplateBehavior [ RunTime:0.011848s ]
INFO: [ view_parse ] --END-- [ RunTime:0.011876s ]
INFO: [ view_filter ] --START--
INFO: Run Behavior\WriteHtmlCacheBehavior [ RunTime:0.000029s ]
INFO: [ view_filter ] --END-- [ RunTime:0.000050s ]
INFO: [ app_end ] --START--
INFO: Run Behavior\ShowPageTraceBehavior [ RunTime:0.000024s ]
INFO: [ app_end ] --END-- [ RunTime:0.000047s ]

[ 2017-06-02T20:35:23+08:00 ] 127.0.0.1 /Admin/Order/index
INFO: [ app_init ] --START--
INFO: Run Behavior\BuildLiteBehavior [ RunTime:0.000009s ]
INFO: [ app_init ] --END-- [ RunTime:0.000064s ]
INFO: [ app_begin ] --START--
INFO: Run Behavior\ReadHtmlCacheBehavior [ RunTime:0.000024s ]
INFO: [ app_begin ] --END-- [ RunTime:0.000047s ]
SQL: SHOW COLUMNS FROM `shop_order` [ RunTime:0.0005s ]
SQL: SHOW COLUMNS FROM `shop_user` [ RunTime:0.0003s ]
SQL: SHOW COLUMNS FROM `shop_manger` [ RunTime:0.0003s ]
SQL: SELECT * FROM `shop_manger` WHERE (  id=1  ) LIMIT 1   [ RunTime:0.0001s ]
SQL: SELECT COUNT(*) AS tp_count FROM `shop_order` LIMIT 1   [ RunTime:0.0001s ]
SQL: SELECT * FROM `shop_order` LIMIT 0,10   [ RunTime:0.0001s ]
SQL: SELECT * FROM `shop_user` WHERE (  id=2  ) LIMIT 1   [ RunTime:0.0000s ]
SQL: SELECT * FROM `shop_manger` WHERE (  id=3  ) LIMIT 1   [ RunTime:0.0000s ]
SQL: SELECT * FROM `shop_user` WHERE (  id=2  ) LIMIT 1   [ RunTime:0.0000s ]
SQL: SELECT * FROM `shop_manger` WHERE (  id=3  ) LIMIT 1   [ RunTime:0.0000s ]
SQL: SELECT * FROM `shop_user` WHERE (  id=2  ) LIMIT 1   [ RunTime:0.0000s ]
SQL: SELECT * FROM `shop_manger` WHERE (  id=3  ) LIMIT 1   [ RunTime:0.0000s ]
SQL: SELECT * FROM `shop_user` WHERE (  id=2  ) LIMIT 1   [ RunTime:0.0000s ]
SQL: SELECT * FROM `shop_manger` WHERE (  id=3  ) LIMIT 1   [ RunTime:0.0000s ]
SQL: SELECT * FROM `shop_user` WHERE (  id=2  ) LIMIT 1   [ RunTime:0.0000s ]
SQL: SELECT * FROM `shop_manger` WHERE (  id=3  ) LIMIT 1   [ RunTime:0.0000s ]
SQL: SELECT * FROM `shop_user` WHERE (  id=2  ) LIMIT 1   [ RunTime:0.0000s ]
SQL: SELECT * FROM `shop_manger` WHERE (  id=3  ) LIMIT 1   [ RunTime:0.0000s ]
SQL: SELECT * FROM `shop_user` WHERE (  id=2  ) LIMIT 1   [ RunTime:0.0000s ]
SQL: SELECT * FROM `shop_manger` WHERE (  id=3  ) LIMIT 1   [ RunTime:0.0000s ]
SQL: SELECT * FROM `shop_user` WHERE (  id=2  ) LIMIT 1   [ RunTime:0.0000s ]
SQL: SELECT * FROM `shop_manger` WHERE (  id=3  ) LIMIT 1   [ RunTime:0.0000s ]
SQL: SELECT * FROM `shop_user` WHERE (  id=2  ) LIMIT 1   [ RunTime:0.0000s ]
SQL: SELECT * FROM `shop_manger` WHERE (  id=3  ) LIMIT 1   [ RunTime:0.0000s ]
SQL: SELECT * FROM `shop_user` WHERE (  id=2  ) LIMIT 1   [ RunTime:0.0000s ]
SQL: SELECT * FROM `shop_manger` WHERE (  id=3  ) LIMIT 1   [ RunTime:0.0000s ]
INFO: [ view_parse ] --START--
INFO: [ template_filter ] --START--
INFO: Run Behavior\ContentReplaceBehavior [ RunTime:0.000139s ]
INFO: [ template_filter ] --END-- [ RunTime:0.000266s ]
INFO: Run Behavior\ParseTemplateBehavior [ RunTime:0.013231s ]
INFO: [ view_parse ] --END-- [ RunTime:0.013264s ]
INFO: [ view_filter ] --START--
INFO: Run Behavior\WriteHtmlCacheBehavior [ RunTime:0.000034s ]
INFO: [ view_filter ] --END-- [ RunTime:0.000056s ]
INFO: [ app_end ] --START--
INFO: Run Behavior\ShowPageTraceBehavior [ RunTime:0.000027s ]
INFO: [ app_end ] --END-- [ RunTime:0.000050s ]

[ 2017-06-02T20:35:24+08:00 ] 127.0.0.1 /Admin/Goods/goods
INFO: [ app_init ] --START--
INFO: Run Behavior\BuildLiteBehavior [ RunTime:0.000008s ]
INFO: [ app_init ] --END-- [ RunTime:0.000057s ]
INFO: [ app_begin ] --START--
INFO: Run Behavior\ReadHtmlCacheBehavior [ RunTime:0.000022s ]
INFO: [ app_begin ] --END-- [ RunTime:0.000046s ]
SQL: SHOW COLUMNS FROM `shop_types` [ RunTime:0.0004s ]
SQL: SELECT * FROM `shop_types` WHERE (  pid=0  ) ORDER BY types desc  [ RunTime:0.0002s ]
SQL: SHOW COLUMNS FROM `shop_goods` [ RunTime:0.0004s ]
SQL: SHOW COLUMNS FROM `shop_manger` [ RunTime:0.0003s ]
SQL: SELECT * FROM `shop_manger` WHERE (  id=1  ) LIMIT 1   [ RunTime:0.0001s ]
SQL: SELECT COUNT(*) AS tp_count FROM `shop_goods` LIMIT 1   [ RunTime:0.0000s ]
SQL: SELECT * FROM `shop_goods` LIMIT 0,10   [ RunTime:0.0001s ]
SQL: SELECT * FROM `shop_manger` WHERE (  id=3  ) LIMIT 1   [ RunTime:0.0000s ]
SQL: SELECT * FROM `shop_types` WHERE (  fid = 1 and pid=0 ) LIMIT 1   [ RunTime:0.0000s ]
SQL: SELECT * FROM `shop_types` WHERE (  fid=8  ) LIMIT 1   [ RunTime:0.0000s ]
SQL: SELECT * FROM `shop_manger` WHERE (  id=3  ) LIMIT 1   [ RunTime:0.0000s ]
SQL: SELECT * FROM `shop_types` WHERE (  fid = 1 and pid=0 ) LIMIT 1   [ RunTime:0.0000s ]
SQL: SELECT * FROM `shop_types` WHERE (  fid=8  ) LIMIT 1   [ RunTime:0.0000s ]
SQL: SELECT * FROM `shop_manger` WHERE (  id=3  ) LIMIT 1   [ RunTime:0.0000s ]
SQL: SELECT * FROM `shop_types` WHERE (  fid = 1 and pid=0 ) LIMIT 1   [ RunTime:0.0000s ]
SQL: SELECT * FROM `shop_types` WHERE (  fid=8  ) LIMIT 1   [ RunTime:0.0000s ]
SQL: SELECT * FROM `shop_manger` WHERE (  id=3  ) LIMIT 1   [ RunTime:0.0000s ]
SQL: SELECT * FROM `shop_types` WHERE (  fid = 1 and pid=0 ) LIMIT 1   [ RunTime:0.0000s ]
SQL: SELECT * FROM `shop_types` WHERE (  fid=8  ) LIMIT 1   [ RunTime:0.0000s ]
SQL: SELECT * FROM `shop_manger` WHERE (  id=3  ) LIMIT 1   [ RunTime:0.0000s ]
SQL: SELECT * FROM `shop_types` WHERE (  fid = 1 and pid=0 ) LIMIT 1   [ RunTime:0.0000s ]
SQL: SELECT * FROM `shop_types` WHERE (  fid=8  ) LIMIT 1   [ RunTime:0.0000s ]
SQL: SELECT * FROM `shop_manger` WHERE (  id=3  ) LIMIT 1   [ RunTime:0.0000s ]
SQL: SELECT * FROM `shop_types` WHERE (  fid = 1 and pid=0 ) LIMIT 1   [ RunTime:0.0000s ]
SQL: SELECT * FROM `shop_types` WHERE (  fid=8  ) LIMIT 1   [ RunTime:0.0000s ]
SQL: SELECT * FROM `shop_manger` WHERE (  id=3  ) LIMIT 1   [ RunTime:0.0000s ]
SQL: SELECT * FROM `shop_types` WHERE (  fid = 1 and pid=0 ) LIMIT 1   [ RunTime:0.0000s ]
SQL: SELECT * FROM `shop_types` WHERE (  fid=8  ) LIMIT 1   [ RunTime:0.0000s ]
SQL: SELECT * FROM `shop_manger` WHERE (  id=3  ) LIMIT 1   [ RunTime:0.0000s ]
SQL: SELECT * FROM `shop_types` WHERE (  fid = 1 and pid=0 ) LIMIT 1   [ RunTime:0.0000s ]
SQL: SELECT * FROM `shop_types` WHERE (  fid=8  ) LIMIT 1   [ RunTime:0.0000s ]
SQL: SELECT * FROM `shop_manger` WHERE (  id=3  ) LIMIT 1   [ RunTime:0.0000s ]
SQL: SELECT * FROM `shop_types` WHERE (  fid = 1 and pid=0 ) LIMIT 1   [ RunTime:0.0000s ]
SQL: SELECT * FROM `shop_types` WHERE (  fid=8  ) LIMIT 1   [ RunTime:0.0000s ]
SQL: SELECT * FROM `shop_manger` WHERE (  id=3  ) LIMIT 1   [ RunTime:0.0000s ]
SQL: SELECT * FROM `shop_types` WHERE (  fid = 1 and pid=0 ) LIMIT 1   [ RunTime:0.0000s ]
SQL: SELECT * FROM `shop_types` WHERE (  fid=8  ) LIMIT 1   [ RunTime:0.0000s ]
INFO: [ view_parse ] --START--
INFO: [ template_filter ] --START--
INFO: Run Behavior\ContentReplaceBehavior [ RunTime:0.000057s ]
INFO: [ template_filter ] --END-- [ RunTime:0.000107s ]
INFO: Run Behavior\ParseTemplateBehavior [ RunTime:0.007580s ]
INFO: [ view_parse ] --END-- [ RunTime:0.007617s ]
INFO: [ view_filter ] --START--
INFO: Run Behavior\WriteHtmlCacheBehavior [ RunTime:0.000038s ]
INFO: [ view_filter ] --END-- [ RunTime:0.000069s ]
INFO: [ app_end ] --START--
INFO: Run Behavior\ShowPageTraceBehavior [ RunTime:0.000034s ]
INFO: [ app_end ] --END-- [ RunTime:0.000068s ]

[ 2017-06-02T20:35:31+08:00 ] 127.0.0.1 /Admin/Goods/types
INFO: [ app_init ] --START--
INFO: Run Behavior\BuildLiteBehavior [ RunTime:0.000009s ]
INFO: [ app_init ] --END-- [ RunTime:0.000065s ]
INFO: [ app_begin ] --START--
INFO: Run Behavior\ReadHtmlCacheBehavior [ RunTime:0.000028s ]
INFO: [ app_begin ] --END-- [ RunTime:0.000053s ]
SQL: SHOW COLUMNS FROM `shop_types` [ RunTime:0.0009s ]
SQL: SELECT COUNT(*) AS tp_count FROM `shop_types` WHERE (  pid=0  ) LIMIT 1   [ RunTime:0.0002s ]
SQL: SELECT * FROM `shop_types` WHERE (  pid=0  ) ORDER BY num LIMIT 0,4   [ RunTime:0.0002s ]
INFO: [ view_parse ] --START--
INFO: [ template_filter ] --START--
INFO: Run Behavior\ContentReplaceBehavior [ RunTime:0.000059s ]
INFO: [ template_filter ] --END-- [ RunTime:0.000111s ]
INFO: Run Behavior\ParseTemplateBehavior [ RunTime:0.009869s ]
INFO: [ view_parse ] --END-- [ RunTime:0.009910s ]
INFO: [ view_filter ] --START--
INFO: Run Behavior\WriteHtmlCacheBehavior [ RunTime:0.000045s ]
INFO: [ view_filter ] --END-- [ RunTime:0.000075s ]
INFO: [ app_end ] --START--
INFO: Run Behavior\ShowPageTraceBehavior [ RunTime:0.000039s ]
INFO: [ app_end ] --END-- [ RunTime:0.000072s ]

[ 2017-06-02T20:35:37+08:00 ] 127.0.0.1 /Admin/Goods/goods
INFO: [ app_init ] --START--
INFO: Run Behavior\BuildLiteBehavior [ RunTime:0.000008s ]
INFO: [ app_init ] --END-- [ RunTime:0.000063s ]
INFO: [ app_begin ] --START--
INFO: Run Behavior\ReadHtmlCacheBehavior [ RunTime:0.000028s ]
INFO: [ app_begin ] --END-- [ RunTime:0.000053s ]
SQL: SHOW COLUMNS FROM `shop_types` [ RunTime:0.0004s ]
SQL: SELECT * FROM `shop_types` WHERE (  pid=0  ) ORDER BY types desc  [ RunTime:0.0001s ]
SQL: SHOW COLUMNS FROM `shop_goods` [ RunTime:0.0003s ]
SQL: SHOW COLUMNS FROM `shop_manger` [ RunTime:0.0003s ]
SQL: SELECT * FROM `shop_manger` WHERE (  id=1  ) LIMIT 1   [ RunTime:0.0001s ]
SQL: SELECT COUNT(*) AS tp_count FROM `shop_goods` LIMIT 1   [ RunTime:0.0000s ]
SQL: SELECT * FROM `shop_goods` LIMIT 0,10   [ RunTime:0.0001s ]
SQL: SELECT * FROM `shop_manger` WHERE (  id=3  ) LIMIT 1   [ RunTime:0.0000s ]
SQL: SELECT * FROM `shop_types` WHERE (  fid = 1 and pid=0 ) LIMIT 1   [ RunTime:0.0000s ]
SQL: SELECT * FROM `shop_types` WHERE (  fid=8  ) LIMIT 1   [ RunTime:0.0000s ]
SQL: SELECT * FROM `shop_manger` WHERE (  id=3  ) LIMIT 1   [ RunTime:0.0000s ]
SQL: SELECT * FROM `shop_types` WHERE (  fid = 1 and pid=0 ) LIMIT 1   [ RunTime:0.0000s ]
SQL: SELECT * FROM `shop_types` WHERE (  fid=8  ) LIMIT 1   [ RunTime:0.0000s ]
SQL: SELECT * FROM `shop_manger` WHERE (  id=3  ) LIMIT 1   [ RunTime:0.0000s ]
SQL: SELECT * FROM `shop_types` WHERE (  fid = 1 and pid=0 ) LIMIT 1   [ RunTime:0.0000s ]
SQL: SELECT * FROM `shop_types` WHERE (  fid=8  ) LIMIT 1   [ RunTime:0.0000s ]
SQL: SELECT * FROM `shop_manger` WHERE (  id=3  ) LIMIT 1   [ RunTime:0.0000s ]
SQL: SELECT * FROM `shop_types` WHERE (  fid = 1 and pid=0 ) LIMIT 1   [ RunTime:0.0000s ]
SQL: SELECT * FROM `shop_types` WHERE (  fid=8  ) LIMIT 1   [ RunTime:0.0000s ]
SQL: SELECT * FROM `shop_manger` WHERE (  id=3  ) LIMIT 1   [ RunTime:0.0000s ]
SQL: SELECT * FROM `shop_types` WHERE (  fid = 1 and pid=0 ) LIMIT 1   [ RunTime:0.0000s ]
SQL: SELECT * FROM `shop_types` WHERE (  fid=8  ) LIMIT 1   [ RunTime:0.0000s ]
SQL: SELECT * FROM `shop_manger` WHERE (  id=3  ) LIMIT 1   [ RunTime:0.0000s ]
SQL: SELECT * FROM `shop_types` WHERE (  fid = 1 and pid=0 ) LIMIT 1   [ RunTime:0.0000s ]
SQL: SELECT * FROM `shop_types` WHERE (  fid=8  ) LIMIT 1   [ RunTime:0.0000s ]
SQL: SELECT * FROM `shop_manger` WHERE (  id=3  ) LIMIT 1   [ RunTime:0.0000s ]
SQL: SELECT * FROM `shop_types` WHERE (  fid = 1 and pid=0 ) LIMIT 1   [ RunTime:0.0000s ]
SQL: SELECT * FROM `shop_types` WHERE (  fid=8  ) LIMIT 1   [ RunTime:0.0000s ]
SQL: SELECT * FROM `shop_manger` WHERE (  id=3  ) LIMIT 1   [ RunTime:0.0002s ]
SQL: SELECT * FROM `shop_types` WHERE (  fid = 1 and pid=0 ) LIMIT 1   [ RunTime:0.0001s ]
SQL: SELECT * FROM `shop_types` WHERE (  fid=8  ) LIMIT 1   [ RunTime:0.0000s ]
SQL: SELECT * FROM `shop_manger` WHERE (  id=3  ) LIMIT 1   [ RunTime:0.0000s ]
SQL: SELECT * FROM `shop_types` WHERE (  fid = 1 and pid=0 ) LIMIT 1   [ RunTime:0.0000s ]
SQL: SELECT * FROM `shop_types` WHERE (  fid=8  ) LIMIT 1   [ RunTime:0.0000s ]
SQL: SELECT * FROM `shop_manger` WHERE (  id=3  ) LIMIT 1   [ RunTime:0.0000s ]
SQL: SELECT * FROM `shop_types` WHERE (  fid = 1 and pid=0 ) LIMIT 1   [ RunTime:0.0000s ]
SQL: SELECT * FROM `shop_types` WHERE (  fid=8  ) LIMIT 1   [ RunTime:0.0003s ]
INFO: [ view_parse ] --START--
INFO: [ template_filter ] --START--
INFO: Run Behavior\ContentReplaceBehavior [ RunTime:0.000040s ]
INFO: [ template_filter ] --END-- [ RunTime:0.000076s ]
INFO: Run Behavior\ParseTemplateBehavior [ RunTime:0.006381s ]
INFO: [ view_parse ] --END-- [ RunTime:0.006413s ]
INFO: [ view_filter ] --START--
INFO: Run Behavior\WriteHtmlCacheBehavior [ RunTime:0.000032s ]
INFO: [ view_filter ] --END-- [ RunTime:0.000053s ]
INFO: [ app_end ] --START--
INFO: Run Behavior\ShowPageTraceBehavior [ RunTime:0.000032s ]
INFO: [ app_end ] --END-- [ RunTime:0.000057s ]

[ 2017-06-02T20:35:39+08:00 ] 127.0.0.1 /Admin/Goods/goodsform
INFO: [ app_init ] --START--
INFO: Run Behavior\BuildLiteBehavior [ RunTime:0.000008s ]
INFO: [ app_init ] --END-- [ RunTime:0.000054s ]
INFO: [ app_begin ] --START--
INFO: Run Behavior\ReadHtmlCacheBehavior [ RunTime:0.000022s ]
INFO: [ app_begin ] --END-- [ RunTime:0.000045s ]
SQL: SHOW COLUMNS FROM `shop_types` [ RunTime:0.0005s ]
SQL: SELECT * FROM `shop_types` WHERE (  pid=0  ) ORDER BY types desc  [ RunTime:0.0003s ]
INFO: [ view_parse ] --START--
INFO: [ template_filter ] --START--
INFO: Run Behavior\ContentReplaceBehavior [ RunTime:0.000049s ]
INFO: [ template_filter ] --END-- [ RunTime:0.000092s ]
INFO: Run Behavior\ParseTemplateBehavior [ RunTime:0.006726s ]
INFO: [ view_parse ] --END-- [ RunTime:0.006760s ]
INFO: [ view_filter ] --START--
INFO: Run Behavior\WriteHtmlCacheBehavior [ RunTime:0.000041s ]
INFO: [ view_filter ] --END-- [ RunTime:0.000064s ]
INFO: [ app_end ] --START--
INFO: Run Behavior\ShowPageTraceBehavior [ RunTime:0.000032s ]
INFO: [ app_end ] --END-- [ RunTime:0.000063s ]

[ 2017-06-02T20:36:32+08:00 ] 127.0.0.1 /Admin/Order/index
INFO: [ app_init ] --START--
INFO: Run Behavior\BuildLiteBehavior [ RunTime:0.000027s ]
INFO: [ app_init ] --END-- [ RunTime:0.000201s ]
INFO: [ app_begin ] --START--
INFO: Run Behavior\ReadHtmlCacheBehavior [ RunTime:0.000091s ]
INFO: [ app_begin ] --END-- [ RunTime:0.000181s ]
SQL: SHOW COLUMNS FROM `shop_order` [ RunTime:0.0011s ]
SQL: SHOW COLUMNS FROM `shop_user` [ RunTime:0.0005s ]
SQL: SHOW COLUMNS FROM `shop_manger` [ RunTime:0.0004s ]
SQL: SELECT * FROM `shop_manger` WHERE (  id=1  ) LIMIT 1   [ RunTime:0.0001s ]
SQL: SELECT COUNT(*) AS tp_count FROM `shop_order` LIMIT 1   [ RunTime:0.0001s ]
SQL: SELECT * FROM `shop_order` LIMIT 0,10   [ RunTime:0.0001s ]
SQL: SELECT * FROM `shop_user` WHERE (  id=2  ) LIMIT 1   [ RunTime:0.0000s ]
SQL: SELECT * FROM `shop_manger` WHERE (  id=3  ) LIMIT 1   [ RunTime:0.0000s ]
SQL: SELECT * FROM `shop_user` WHERE (  id=2  ) LIMIT 1   [ RunTime:0.0000s ]
SQL: SELECT * FROM `shop_manger` WHERE (  id=3  ) LIMIT 1   [ RunTime:0.0000s ]
SQL: SELECT * FROM `shop_user` WHERE (  id=2  ) LIMIT 1   [ RunTime:0.0000s ]
SQL: SELECT * FROM `shop_manger` WHERE (  id=3  ) LIMIT 1   [ RunTime:0.0000s ]
SQL: SELECT * FROM `shop_user` WHERE (  id=2  ) LIMIT 1   [ RunTime:0.0000s ]
SQL: SELECT * FROM `shop_manger` WHERE (  id=3  ) LIMIT 1   [ RunTime:0.0000s ]
SQL: SELECT * FROM `shop_user` WHERE (  id=2  ) LIMIT 1   [ RunTime:0.0000s ]
SQL: SELECT * FROM `shop_manger` WHERE (  id=3  ) LIMIT 1   [ RunTime:0.0000s ]
SQL: SELECT * FROM `shop_user` WHERE (  id=2  ) LIMIT 1   [ RunTime:0.0000s ]
SQL: SELECT * FROM `shop_manger` WHERE (  id=3  ) LIMIT 1   [ RunTime:0.0000s ]
SQL: SELECT * FROM `shop_user` WHERE (  id=2  ) LIMIT 1   [ RunTime:0.0000s ]
SQL: SELECT * FROM `shop_manger` WHERE (  id=3  ) LIMIT 1   [ RunTime:0.0000s ]
SQL: SELECT * FROM `shop_user` WHERE (  id=2  ) LIMIT 1   [ RunTime:0.0000s ]
SQL: SELECT * FROM `shop_manger` WHERE (  id=3  ) LIMIT 1   [ RunTime:0.0000s ]
SQL: SELECT * FROM `shop_user` WHERE (  id=2  ) LIMIT 1   [ RunTime:0.0000s ]
SQL: SELECT * FROM `shop_manger` WHERE (  id=3  ) LIMIT 1   [ RunTime:0.0000s ]
SQL: SELECT * FROM `shop_user` WHERE (  id=2  ) LIMIT 1   [ RunTime:0.0000s ]
SQL: SELECT * FROM `shop_manger` WHERE (  id=3  ) LIMIT 1   [ RunTime:0.0000s ]
INFO: [ view_parse ] --START--
INFO: [ template_filter ] --START--
INFO: Run Behavior\ContentReplaceBehavior [ RunTime:0.000049s ]
INFO: [ template_filter ] --END-- [ RunTime:0.000096s ]
INFO: Run Behavior\ParseTemplateBehavior [ RunTime:0.007655s ]
INFO: [ view_parse ] --END-- [ RunTime:0.007689s ]
INFO: [ view_filter ] --START--
INFO: Run Behavior\WriteHtmlCacheBehavior [ RunTime:0.000041s ]
INFO: [ view_filter ] --END-- [ RunTime:0.000067s ]
INFO: [ app_end ] --START--
INFO: Run Behavior\ShowPageTraceBehavior [ RunTime:0.000035s ]
INFO: [ app_end ] --END-- [ RunTime:0.000065s ]

[ 2017-06-02T20:36:34+08:00 ] 127.0.0.1 /Admin/Order/detail?ordernum=149620045454101485
INFO: [ app_init ] --START--
INFO: Run Behavior\BuildLiteBehavior [ RunTime:0.000009s ]
INFO: [ app_init ] --END-- [ RunTime:0.000060s ]
INFO: [ app_begin ] --START--
INFO: Run Behavior\ReadHtmlCacheBehavior [ RunTime:0.000024s ]
INFO: [ app_begin ] --END-- [ RunTime:0.000049s ]
SQL: SHOW COLUMNS FROM `shop_order` [ RunTime:0.0004s ]
SQL: SHOW COLUMNS FROM `shop_goods_detail` [ RunTime:0.0003s ]
SQL: SHOW COLUMNS FROM `shop_address` [ RunTime:0.0003s ]
SQL: SELECT * FROM `shop_order` WHERE (  ordernum=149620045454101485  ) LIMIT 1   [ RunTime:0.0002s ]
SQL: SELECT * FROM `shop_goods_detail` WHERE (  goodsid=3  ) LIMIT 1   [ RunTime:0.0001s ]
SQL: SELECT * FROM `shop_address` WHERE (  id=4  ) LIMIT 1   [ RunTime:0.0001s ]
INFO: [ view_parse ] --START--
INFO: [ template_filter ] --START--
INFO: Run Behavior\ContentReplaceBehavior [ RunTime:0.000030s ]
INFO: [ template_filter ] --END-- [ RunTime:0.000066s ]
INFO: Run Behavior\ParseTemplateBehavior [ RunTime:0.002178s ]
INFO: [ view_parse ] --END-- [ RunTime:0.002217s ]
INFO: [ view_filter ] --START--
INFO: Run Behavior\WriteHtmlCacheBehavior [ RunTime:0.000029s ]
INFO: [ view_filter ] --END-- [ RunTime:0.000051s ]
INFO: [ app_end ] --START--
INFO: Run Behavior\ShowPageTraceBehavior [ RunTime:0.000022s ]
INFO: [ app_end ] --END-- [ RunTime:0.000044s ]

[ 2017-06-02T20:37:00+08:00 ] 127.0.0.1 /Admin/Order/comment?ordernum=149620045454101485
INFO: [ app_init ] --START--
INFO: Run Behavior\BuildLiteBehavior [ RunTime:0.000009s ]
INFO: [ app_init ] --END-- [ RunTime:0.000073s ]
INFO: [ app_begin ] --START--
INFO: Run Behavior\ReadHtmlCacheBehavior [ RunTime:0.000032s ]
INFO: [ app_begin ] --END-- [ RunTime:0.000062s ]
SQL: SHOW COLUMNS FROM `shop_comment` [ RunTime:0.0005s ]
SQL: SELECT * FROM `shop_comment` WHERE (  ordernum=149620045454101485  ) LIMIT 1   [ RunTime:0.0004s ]
ERR: 1064:You have an error in your SQL syntax; check the manual that corresponds to your MySQL server version for the right syntax to use near ') LIMIT 1' at line 1
 [ SQL语句 ] : SELECT * FROM `shop_comment` WHERE (  pid=  ) LIMIT 1  
ERR: 1064:You have an error in your SQL syntax; check the manual that corresponds to your MySQL server version for the right syntax to use near ') LIMIT 1' at line 1
 [ SQL语句 ] : SELECT * FROM `shop_comment` WHERE (  pid=  ) LIMIT 1  

[ 2017-06-02T20:37:05+08:00 ] 127.0.0.1 /Admin/Order/comment?ordernum=149621545198575351
INFO: [ app_init ] --START--
INFO: Run Behavior\BuildLiteBehavior [ RunTime:0.000009s ]
INFO: [ app_init ] --END-- [ RunTime:0.000073s ]
INFO: [ app_begin ] --START--
INFO: Run Behavior\ReadHtmlCacheBehavior [ RunTime:0.000030s ]
INFO: [ app_begin ] --END-- [ RunTime:0.000055s ]
SQL: SHOW COLUMNS FROM `shop_comment` [ RunTime:0.0004s ]
SQL: SELECT * FROM `shop_comment` WHERE (  ordernum=149621545198575351  ) LIMIT 1   [ RunTime:0.0002s ]
SQL: SELECT * FROM `shop_comment` WHERE (  pid=5  ) LIMIT 1   [ RunTime:0.0000s ]
SQL: SHOW COLUMNS FROM `shop_goods_detail` [ RunTime:0.0003s ]
SQL: SELECT * FROM `shop_goods_detail` WHERE ( goodsid=3  ) LIMIT 1   [ RunTime:0.0001s ]
SQL: SHOW COLUMNS FROM `shop_user_info` [ RunTime:0.0003s ]
SQL: SELECT * FROM `shop_user_info` WHERE (  userid=2  ) LIMIT 1   [ RunTime:0.0001s ]
INFO: [ view_parse ] --START--
INFO: [ template_filter ] --START--
INFO: Run Behavior\ContentReplaceBehavior [ RunTime:0.000031s ]
INFO: [ template_filter ] --END-- [ RunTime:0.000073s ]
INFO: Run Behavior\ParseTemplateBehavior [ RunTime:0.003040s ]
INFO: [ view_parse ] --END-- [ RunTime:0.003076s ]
INFO: [ view_filter ] --START--
INFO: Run Behavior\WriteHtmlCacheBehavior [ RunTime:0.000039s ]
INFO: [ view_filter ] --END-- [ RunTime:0.000062s ]
INFO: [ app_end ] --START--
INFO: Run Behavior\ShowPageTraceBehavior [ RunTime:0.000027s ]
INFO: [ app_end ] --END-- [ RunTime:0.000049s ]

