[ 2017-05-25T19:49:01+08:00 ] 127.0.0.1 /Admin/
INFO: [ app_init ] --START--
INFO: Run Behavior\BuildLiteBehavior [ RunTime:0.000009s ]
INFO: [ app_init ] --END-- [ RunTime:0.000062s ]
INFO: [ app_begin ] --START--
INFO: Run Behavior\ReadHtmlCacheBehavior [ RunTime:0.000041s ]
INFO: [ app_begin ] --END-- [ RunTime:0.000083s ]
INFO: [ view_parse ] --START--
INFO: [ template_filter ] --START--
INFO: Run Behavior\ContentReplaceBehavior [ RunTime:0.000048s ]
INFO: [ template_filter ] --END-- [ RunTime:0.000096s ]
INFO: Run Behavior\ParseTemplateBehavior [ RunTime:0.007181s ]
INFO: [ view_parse ] --END-- [ RunTime:0.007320s ]
INFO: [ view_filter ] --START--
INFO: Run Behavior\WriteHtmlCacheBehavior [ RunTime:0.000140s ]
INFO: [ view_filter ] --END-- [ RunTime:0.000182s ]
INFO: [ app_end ] --START--
INFO: Run Behavior\ShowPageTraceBehavior [ RunTime:0.000100s ]
INFO: [ app_end ] --END-- [ RunTime:0.000188s ]

[ 2017-05-25T19:49:07+08:00 ] 127.0.0.1 /Admin/Goods/goods
INFO: [ app_init ] --START--
INFO: Run Behavior\BuildLiteBehavior [ RunTime:0.000008s ]
INFO: [ app_init ] --END-- [ RunTime:0.000059s ]
INFO: [ app_begin ] --START--
INFO: Run Behavior\ReadHtmlCacheBehavior [ RunTime:0.000024s ]
INFO: [ app_begin ] --END-- [ RunTime:0.000047s ]
SQL: SHOW COLUMNS FROM `shop_types` [ RunTime:0.0004s ]
SQL: SELECT * FROM `shop_types` WHERE (  pid=0  ) ORDER BY types desc  [ RunTime:0.0001s ]
SQL: SHOW COLUMNS FROM `shop_goods` [ RunTime:0.0003s ]
SQL: SELECT * FROM `shop_goods`  [ RunTime:0.0001s ]
SQL: SELECT * FROM `shop_types` WHERE (  fid = 6 and pid=0 ) LIMIT 1   [ RunTime:0.0001s ]
SQL: SELECT * FROM `shop_types` WHERE (  fid=7  ) LIMIT 1   [ RunTime:0.0001s ]
SQL: SELECT * FROM `shop_types` WHERE (  fid = 6 and pid=0 ) LIMIT 1   [ RunTime:0.0000s ]
SQL: SELECT * FROM `shop_types` WHERE (  fid=7  ) LIMIT 1   [ RunTime:0.0000s ]
SQL: SELECT * FROM `shop_types` WHERE (  fid = 6 and pid=0 ) LIMIT 1   [ RunTime:0.0000s ]
SQL: SELECT * FROM `shop_types` WHERE (  fid=8  ) LIMIT 1   [ RunTime:0.0001s ]
SQL: SELECT * FROM `shop_types` WHERE (  fid = 6 and pid=0 ) LIMIT 1   [ RunTime:0.0000s ]
SQL: SELECT * FROM `shop_types` WHERE (  fid=7  ) LIMIT 1   [ RunTime:0.0000s ]
SQL: SELECT * FROM `shop_types` WHERE (  fid = 6 and pid=0 ) LIMIT 1   [ RunTime:0.0000s ]
SQL: SELECT * FROM `shop_types` WHERE (  fid=7  ) LIMIT 1   [ RunTime:0.0000s ]
INFO: [ view_parse ] --START--
INFO: [ template_filter ] --START--
INFO: Run Behavior\ContentReplaceBehavior [ RunTime:0.000072s ]
INFO: [ template_filter ] --END-- [ RunTime:0.000132s ]
INFO: Run Behavior\ParseTemplateBehavior [ RunTime:0.008369s ]
INFO: [ view_parse ] --END-- [ RunTime:0.008408s ]
INFO: [ view_filter ] --START--
INFO: Run Behavior\WriteHtmlCacheBehavior [ RunTime:0.000058s ]
INFO: [ view_filter ] --END-- [ RunTime:0.000086s ]
INFO: [ app_end ] --START--
INFO: Run Behavior\ShowPageTraceBehavior [ RunTime:0.000044s ]
INFO: [ app_end ] --END-- [ RunTime:0.000081s ]

[ 2017-05-25T19:49:11+08:00 ] 127.0.0.1 /Admin/Goods/detail?pid=1
INFO: [ app_init ] --START--
INFO: Run Behavior\BuildLiteBehavior [ RunTime:0.000010s ]
INFO: [ app_init ] --END-- [ RunTime:0.000072s ]
INFO: [ app_begin ] --START--
INFO: Run Behavior\ReadHtmlCacheBehavior [ RunTime:0.000031s ]
INFO: [ app_begin ] --END-- [ RunTime:0.000061s ]
SQL: SHOW COLUMNS FROM `shop_goods_detail` [ RunTime:0.0005s ]
SQL: SELECT * FROM `shop_goods_detail` WHERE (  pid=1  )  [ RunTime:0.0002s ]
INFO: [ view_parse ] --START--
INFO: [ template_filter ] --START--
INFO: Run Behavior\ContentReplaceBehavior [ RunTime:0.000035s ]
INFO: [ template_filter ] --END-- [ RunTime:0.000081s ]
INFO: Run Behavior\ParseTemplateBehavior [ RunTime:0.003986s ]
INFO: [ view_parse ] --END-- [ RunTime:0.004022s ]
INFO: [ view_filter ] --START--
INFO: Run Behavior\WriteHtmlCacheBehavior [ RunTime:0.000036s ]
INFO: [ view_filter ] --END-- [ RunTime:0.000059s ]
INFO: [ app_end ] --START--
INFO: Run Behavior\ShowPageTraceBehavior [ RunTime:0.000030s ]
INFO: [ app_end ] --END-- [ RunTime:0.000055s ]

[ 2017-05-25T19:49:14+08:00 ] 127.0.0.1 /Admin/Goods/detail?pid=2
INFO: [ app_init ] --START--
INFO: Run Behavior\BuildLiteBehavior [ RunTime:0.000008s ]
INFO: [ app_init ] --END-- [ RunTime:0.000058s ]
INFO: [ app_begin ] --START--
INFO: Run Behavior\ReadHtmlCacheBehavior [ RunTime:0.000023s ]
INFO: [ app_begin ] --END-- [ RunTime:0.000046s ]
SQL: SHOW COLUMNS FROM `shop_goods_detail` [ RunTime:0.0004s ]
SQL: SELECT * FROM `shop_goods_detail` WHERE (  pid=2  )  [ RunTime:0.0001s ]
INFO: [ view_parse ] --START--
INFO: [ template_filter ] --START--
INFO: Run Behavior\ContentReplaceBehavior [ RunTime:0.000031s ]
INFO: [ template_filter ] --END-- [ RunTime:0.000073s ]
INFO: Run Behavior\ParseTemplateBehavior [ RunTime:0.003143s ]
INFO: [ view_parse ] --END-- [ RunTime:0.003178s ]
INFO: [ view_filter ] --START--
INFO: Run Behavior\WriteHtmlCacheBehavior [ RunTime:0.000037s ]
INFO: [ view_filter ] --END-- [ RunTime:0.000059s ]
INFO: [ app_end ] --START--
INFO: Run Behavior\ShowPageTraceBehavior [ RunTime:0.000026s ]
INFO: [ app_end ] --END-- [ RunTime:0.000047s ]

[ 2017-05-25T19:49:17+08:00 ] 127.0.0.1 /Admin/Goods/detail?pid=3
INFO: [ app_init ] --START--
INFO: Run Behavior\BuildLiteBehavior [ RunTime:0.000009s ]
INFO: [ app_init ] --END-- [ RunTime:0.000061s ]
INFO: [ app_begin ] --START--
INFO: Run Behavior\ReadHtmlCacheBehavior [ RunTime:0.000026s ]
INFO: [ app_begin ] --END-- [ RunTime:0.000049s ]
SQL: SHOW COLUMNS FROM `shop_goods_detail` [ RunTime:0.0004s ]
SQL: SELECT * FROM `shop_goods_detail` WHERE (  pid=3  )  [ RunTime:0.0004s ]
INFO: [ view_parse ] --START--
INFO: [ template_filter ] --START--
INFO: Run Behavior\ContentReplaceBehavior [ RunTime:0.000031s ]
INFO: [ template_filter ] --END-- [ RunTime:0.000072s ]
INFO: Run Behavior\ParseTemplateBehavior [ RunTime:0.003168s ]
INFO: [ view_parse ] --END-- [ RunTime:0.003203s ]
INFO: [ view_filter ] --START--
INFO: Run Behavior\WriteHtmlCacheBehavior [ RunTime:0.000036s ]
INFO: [ view_filter ] --END-- [ RunTime:0.000058s ]
INFO: [ app_end ] --START--
INFO: Run Behavior\ShowPageTraceBehavior [ RunTime:0.000025s ]
INFO: [ app_end ] --END-- [ RunTime:0.000049s ]

[ 2017-05-25T19:49:20+08:00 ] 127.0.0.1 /Admin/Goods/goodsform
INFO: [ app_init ] --START--
INFO: Run Behavior\BuildLiteBehavior [ RunTime:0.000009s ]
INFO: [ app_init ] --END-- [ RunTime:0.000061s ]
INFO: [ app_begin ] --START--
INFO: Run Behavior\ReadHtmlCacheBehavior [ RunTime:0.000026s ]
INFO: [ app_begin ] --END-- [ RunTime:0.000050s ]
SQL: SHOW COLUMNS FROM `shop_types` [ RunTime:0.0004s ]
SQL: SELECT * FROM `shop_types` WHERE (  pid=0  ) ORDER BY types desc  [ RunTime:0.0001s ]
INFO: [ view_parse ] --START--
INFO: [ template_filter ] --START--
INFO: Run Behavior\ContentReplaceBehavior [ RunTime:0.000046s ]
INFO: [ template_filter ] --END-- [ RunTime:0.000087s ]
INFO: Run Behavior\ParseTemplateBehavior [ RunTime:0.006249s ]
INFO: [ view_parse ] --END-- [ RunTime:0.006282s ]
INFO: [ view_filter ] --START--
INFO: Run Behavior\WriteHtmlCacheBehavior [ RunTime:0.000037s ]
INFO: [ view_filter ] --END-- [ RunTime:0.000058s ]
INFO: [ app_end ] --START--
INFO: Run Behavior\ShowPageTraceBehavior [ RunTime:0.000034s ]
INFO: [ app_end ] --END-- [ RunTime:0.000065s ]

[ 2017-05-25T19:49:28+08:00 ] 127.0.0.1 /Admin/Goods/typesform
INFO: [ app_init ] --START--
INFO: Run Behavior\BuildLiteBehavior [ RunTime:0.000010s ]
INFO: [ app_init ] --END-- [ RunTime:0.000064s ]
INFO: [ app_begin ] --START--
INFO: Run Behavior\ReadHtmlCacheBehavior [ RunTime:0.000027s ]
INFO: [ app_begin ] --END-- [ RunTime:0.000053s ]
SQL: SHOW COLUMNS FROM `shop_types` [ RunTime:0.0004s ]
SQL: SELECT * FROM `shop_types` WHERE (  pid=0  ) ORDER BY types desc  [ RunTime:0.0001s ]
INFO: [ view_parse ] --START--
INFO: [ template_filter ] --START--
INFO: Run Behavior\ContentReplaceBehavior [ RunTime:0.000039s ]
INFO: [ template_filter ] --END-- [ RunTime:0.000075s ]
INFO: Run Behavior\ParseTemplateBehavior [ RunTime:0.006319s ]
INFO: [ view_parse ] --END-- [ RunTime:0.006348s ]
INFO: [ view_filter ] --START--
INFO: Run Behavior\WriteHtmlCacheBehavior [ RunTime:0.000031s ]
INFO: [ view_filter ] --END-- [ RunTime:0.000051s ]
INFO: [ app_end ] --START--
INFO: Run Behavior\ShowPageTraceBehavior [ RunTime:0.000029s ]
INFO: [ app_end ] --END-- [ RunTime:0.000052s ]

[ 2017-05-25T19:49:30+08:00 ] 127.0.0.1 /Admin/Goods/goodsform
INFO: [ app_init ] --START--
INFO: Run Behavior\BuildLiteBehavior [ RunTime:0.000008s ]
INFO: [ app_init ] --END-- [ RunTime:0.000053s ]
INFO: [ app_begin ] --START--
INFO: Run Behavior\ReadHtmlCacheBehavior [ RunTime:0.000021s ]
INFO: [ app_begin ] --END-- [ RunTime:0.000044s ]
SQL: SHOW COLUMNS FROM `shop_types` [ RunTime:0.0004s ]
SQL: SELECT * FROM `shop_types` WHERE (  pid=0  ) ORDER BY types desc  [ RunTime:0.0003s ]
INFO: [ view_parse ] --START--
INFO: [ template_filter ] --START--
INFO: Run Behavior\ContentReplaceBehavior [ RunTime:0.000058s ]
INFO: [ template_filter ] --END-- [ RunTime:0.000107s ]
INFO: Run Behavior\ParseTemplateBehavior [ RunTime:0.006929s ]
INFO: [ view_parse ] --END-- [ RunTime:0.006969s ]
INFO: [ view_filter ] --START--
INFO: Run Behavior\WriteHtmlCacheBehavior [ RunTime:0.000039s ]
INFO: [ view_filter ] --END-- [ RunTime:0.000065s ]
INFO: [ app_end ] --START--
INFO: Run Behavior\ShowPageTraceBehavior [ RunTime:0.000103s ]
INFO: [ app_end ] --END-- [ RunTime:0.000230s ]

[ 2017-05-25T20:16:32+08:00 ] 127.0.0.1 /Admin/
INFO: [ app_init ] --START--
INFO: Run Behavior\BuildLiteBehavior [ RunTime:0.000011s ]
INFO: [ app_init ] --END-- [ RunTime:0.000078s ]
INFO: [ app_begin ] --START--
INFO: Run Behavior\ReadHtmlCacheBehavior [ RunTime:0.000033s ]
INFO: [ app_begin ] --END-- [ RunTime:0.000065s ]
INFO: [ view_parse ] --START--
INFO: [ template_filter ] --START--
INFO: Run Behavior\ContentReplaceBehavior [ RunTime:0.000046s ]
INFO: [ template_filter ] --END-- [ RunTime:0.000093s ]
INFO: Run Behavior\ParseTemplateBehavior [ RunTime:0.005020s ]
INFO: [ view_parse ] --END-- [ RunTime:0.005053s ]
INFO: [ view_filter ] --START--
INFO: Run Behavior\WriteHtmlCacheBehavior [ RunTime:0.000032s ]
INFO: [ view_filter ] --END-- [ RunTime:0.000053s ]
INFO: [ app_end ] --START--
INFO: Run Behavior\ShowPageTraceBehavior [ RunTime:0.000030s ]
INFO: [ app_end ] --END-- [ RunTime:0.000055s ]

[ 2017-05-25T20:16:35+08:00 ] 127.0.0.1 /Admin/Goods/goods
INFO: [ app_init ] --START--
INFO: Run Behavior\BuildLiteBehavior [ RunTime:0.000027s ]
INFO: [ app_init ] --END-- [ RunTime:0.000191s ]
INFO: [ app_begin ] --START--
INFO: Run Behavior\ReadHtmlCacheBehavior [ RunTime:0.000036s ]
INFO: [ app_begin ] --END-- [ RunTime:0.000072s ]
SQL: SHOW COLUMNS FROM `shop_types` [ RunTime:0.0007s ]
SQL: SELECT * FROM `shop_types` WHERE (  pid=0  ) ORDER BY types desc  [ RunTime:0.0003s ]
SQL: SHOW COLUMNS FROM `shop_goods` [ RunTime:0.0007s ]
SQL: SELECT * FROM `shop_goods`  [ RunTime:0.0004s ]
SQL: SELECT * FROM `shop_types` WHERE (  fid = 6 and pid=0 ) LIMIT 1   [ RunTime:0.0003s ]
SQL: SELECT * FROM `shop_types` WHERE (  fid=7  ) LIMIT 1   [ RunTime:0.0002s ]
SQL: SELECT * FROM `shop_types` WHERE (  fid = 6 and pid=0 ) LIMIT 1   [ RunTime:0.0003s ]
SQL: SELECT * FROM `shop_types` WHERE (  fid=7  ) LIMIT 1   [ RunTime:0.0002s ]
SQL: SELECT * FROM `shop_types` WHERE (  fid = 6 and pid=0 ) LIMIT 1   [ RunTime:0.0002s ]
SQL: SELECT * FROM `shop_types` WHERE (  fid=8  ) LIMIT 1   [ RunTime:0.0001s ]
SQL: SELECT * FROM `shop_types` WHERE (  fid = 6 and pid=0 ) LIMIT 1   [ RunTime:0.0003s ]
SQL: SELECT * FROM `shop_types` WHERE (  fid=7  ) LIMIT 1   [ RunTime:0.0002s ]
SQL: SELECT * FROM `shop_types` WHERE (  fid = 6 and pid=0 ) LIMIT 1   [ RunTime:0.0001s ]
SQL: SELECT * FROM `shop_types` WHERE (  fid=7  ) LIMIT 1   [ RunTime:0.0001s ]
INFO: [ view_parse ] --START--
INFO: [ template_filter ] --START--
INFO: Run Behavior\ContentReplaceBehavior [ RunTime:0.000068s ]
INFO: [ template_filter ] --END-- [ RunTime:0.000130s ]
INFO: Run Behavior\ParseTemplateBehavior [ RunTime:0.009607s ]
INFO: [ view_parse ] --END-- [ RunTime:0.009652s ]
INFO: [ view_filter ] --START--
INFO: Run Behavior\WriteHtmlCacheBehavior [ RunTime:0.000048s ]
INFO: [ view_filter ] --END-- [ RunTime:0.000080s ]
INFO: [ app_end ] --START--
INFO: Run Behavior\ShowPageTraceBehavior [ RunTime:0.000053s ]
INFO: [ app_end ] --END-- [ RunTime:0.000090s ]

[ 2017-05-25T20:16:37+08:00 ] 127.0.0.1 /Admin/Goods/types
INFO: [ app_init ] --START--
INFO: Run Behavior\BuildLiteBehavior [ RunTime:0.000008s ]
INFO: [ app_init ] --END-- [ RunTime:0.000055s ]
INFO: [ app_begin ] --START--
INFO: Run Behavior\ReadHtmlCacheBehavior [ RunTime:0.000021s ]
INFO: [ app_begin ] --END-- [ RunTime:0.000044s ]
SQL: SHOW COLUMNS FROM `shop_types` [ RunTime:0.0010s ]
SQL: SELECT COUNT(*) AS tp_count FROM `shop_types` WHERE (  pid!=0  ) LIMIT 1   [ RunTime:0.0005s ]
SQL: SELECT * FROM `shop_types` WHERE (  pid!=0  ) ORDER BY pid  LIMIT 0,4   [ RunTime:0.0003s ]
SQL: SELECT * FROM `shop_types` WHERE (  fid=1  ) LIMIT 1   [ RunTime:0.0001s ]
SQL: SELECT * FROM `shop_types` WHERE (  fid=1  ) LIMIT 1   [ RunTime:0.0000s ]
SQL: SELECT * FROM `shop_types` WHERE (  fid=1  ) LIMIT 1   [ RunTime:0.0000s ]
SQL: SELECT * FROM `shop_types` WHERE (  fid=1  ) LIMIT 1   [ RunTime:0.0000s ]
SQL: SELECT * FROM `shop_types` WHERE (  pid=0  ) ORDER BY types desc  [ RunTime:0.0000s ]
INFO: [ view_parse ] --START--
INFO: [ template_filter ] --START--
INFO: Run Behavior\ContentReplaceBehavior [ RunTime:0.000040s ]
INFO: [ template_filter ] --END-- [ RunTime:0.000081s ]
INFO: Run Behavior\ParseTemplateBehavior [ RunTime:0.005868s ]
INFO: [ view_parse ] --END-- [ RunTime:0.005903s ]
INFO: [ view_filter ] --START--
INFO: Run Behavior\WriteHtmlCacheBehavior [ RunTime:0.000032s ]
INFO: [ view_filter ] --END-- [ RunTime:0.000265s ]
INFO: [ app_end ] --START--
INFO: Run Behavior\ShowPageTraceBehavior [ RunTime:0.000028s ]
INFO: [ app_end ] --END-- [ RunTime:0.000052s ]

[ 2017-05-25T20:16:38+08:00 ] 127.0.0.1 /Admin/Goods/goods
INFO: [ app_init ] --START--
INFO: Run Behavior\BuildLiteBehavior [ RunTime:0.000028s ]
INFO: [ app_init ] --END-- [ RunTime:0.000196s ]
INFO: [ app_begin ] --START--
INFO: Run Behavior\ReadHtmlCacheBehavior [ RunTime:0.000085s ]
INFO: [ app_begin ] --END-- [ RunTime:0.000208s ]
SQL: SHOW COLUMNS FROM `shop_types` [ RunTime:0.0012s ]
SQL: SELECT * FROM `shop_types` WHERE (  pid=0  ) ORDER BY types desc  [ RunTime:0.0003s ]
SQL: SHOW COLUMNS FROM `shop_goods` [ RunTime:0.0012s ]
SQL: SELECT * FROM `shop_goods`  [ RunTime:0.0002s ]
SQL: SELECT * FROM `shop_types` WHERE (  fid = 6 and pid=0 ) LIMIT 1   [ RunTime:0.0002s ]
SQL: SELECT * FROM `shop_types` WHERE (  fid=7  ) LIMIT 1   [ RunTime:0.0001s ]
SQL: SELECT * FROM `shop_types` WHERE (  fid = 6 and pid=0 ) LIMIT 1   [ RunTime:0.0001s ]
SQL: SELECT * FROM `shop_types` WHERE (  fid=7  ) LIMIT 1   [ RunTime:0.0000s ]
SQL: SELECT * FROM `shop_types` WHERE (  fid = 6 and pid=0 ) LIMIT 1   [ RunTime:0.0000s ]
SQL: SELECT * FROM `shop_types` WHERE (  fid=8  ) LIMIT 1   [ RunTime:0.0000s ]
SQL: SELECT * FROM `shop_types` WHERE (  fid = 6 and pid=0 ) LIMIT 1   [ RunTime:0.0000s ]
SQL: SELECT * FROM `shop_types` WHERE (  fid=7  ) LIMIT 1   [ RunTime:0.0000s ]
SQL: SELECT * FROM `shop_types` WHERE (  fid = 6 and pid=0 ) LIMIT 1   [ RunTime:0.0000s ]
SQL: SELECT * FROM `shop_types` WHERE (  fid=7  ) LIMIT 1   [ RunTime:0.0000s ]
INFO: [ view_parse ] --START--
INFO: [ template_filter ] --START--
INFO: Run Behavior\ContentReplaceBehavior [ RunTime:0.000072s ]
INFO: [ template_filter ] --END-- [ RunTime:0.000137s ]
INFO: Run Behavior\ParseTemplateBehavior [ RunTime:0.009833s ]
INFO: [ view_parse ] --END-- [ RunTime:0.009871s ]
INFO: [ view_filter ] --START--
INFO: Run Behavior\WriteHtmlCacheBehavior [ RunTime:0.000041s ]
INFO: [ view_filter ] --END-- [ RunTime:0.000063s ]
INFO: [ app_end ] --START--
INFO: Run Behavior\ShowPageTraceBehavior [ RunTime:0.000028s ]
INFO: [ app_end ] --END-- [ RunTime:0.000052s ]

[ 2017-05-25T20:16:39+08:00 ] 127.0.0.1 /Admin/Goods/types
INFO: [ app_init ] --START--
INFO: Run Behavior\BuildLiteBehavior [ RunTime:0.000008s ]
INFO: [ app_init ] --END-- [ RunTime:0.000057s ]
INFO: [ app_begin ] --START--
INFO: Run Behavior\ReadHtmlCacheBehavior [ RunTime:0.000023s ]
INFO: [ app_begin ] --END-- [ RunTime:0.000047s ]
SQL: SHOW COLUMNS FROM `shop_types` [ RunTime:0.0004s ]
SQL: SELECT COUNT(*) AS tp_count FROM `shop_types` WHERE (  pid!=0  ) LIMIT 1   [ RunTime:0.0001s ]
SQL: SELECT * FROM `shop_types` WHERE (  pid!=0  ) ORDER BY pid  LIMIT 0,4   [ RunTime:0.0001s ]
SQL: SELECT * FROM `shop_types` WHERE (  fid=1  ) LIMIT 1   [ RunTime:0.0000s ]
SQL: SELECT * FROM `shop_types` WHERE (  fid=1  ) LIMIT 1   [ RunTime:0.0000s ]
SQL: SELECT * FROM `shop_types` WHERE (  fid=1  ) LIMIT 1   [ RunTime:0.0000s ]
SQL: SELECT * FROM `shop_types` WHERE (  fid=1  ) LIMIT 1   [ RunTime:0.0000s ]
SQL: SELECT * FROM `shop_types` WHERE (  pid=0  ) ORDER BY types desc  [ RunTime:0.0000s ]
INFO: [ view_parse ] --START--
INFO: [ template_filter ] --START--
INFO: Run Behavior\ContentReplaceBehavior [ RunTime:0.000040s ]
INFO: [ template_filter ] --END-- [ RunTime:0.000077s ]
INFO: Run Behavior\ParseTemplateBehavior [ RunTime:0.005397s ]
INFO: [ view_parse ] --END-- [ RunTime:0.005430s ]
INFO: [ view_filter ] --START--
INFO: Run Behavior\WriteHtmlCacheBehavior [ RunTime:0.000029s ]
INFO: [ view_filter ] --END-- [ RunTime:0.000051s ]
INFO: [ app_end ] --START--
INFO: Run Behavior\ShowPageTraceBehavior [ RunTime:0.000027s ]
INFO: [ app_end ] --END-- [ RunTime:0.000052s ]

[ 2017-05-25T20:16:41+08:00 ] 127.0.0.1 /index.php/Admin/Goods/types/p/2.html
INFO: [ app_init ] --START--
INFO: Run Behavior\BuildLiteBehavior [ RunTime:0.000008s ]
INFO: [ app_init ] --END-- [ RunTime:0.000058s ]
INFO: [ app_begin ] --START--
INFO: Run Behavior\ReadHtmlCacheBehavior [ RunTime:0.000024s ]
INFO: [ app_begin ] --END-- [ RunTime:0.000046s ]
SQL: SHOW COLUMNS FROM `shop_types` [ RunTime:0.0004s ]
SQL: SELECT COUNT(*) AS tp_count FROM `shop_types` WHERE (  pid!=0  ) LIMIT 1   [ RunTime:0.0001s ]
SQL: SELECT * FROM `shop_types` WHERE (  pid!=0  ) ORDER BY pid  LIMIT 4,4   [ RunTime:0.0003s ]
SQL: SELECT * FROM `shop_types` WHERE (  fid=1  ) LIMIT 1   [ RunTime:0.0003s ]
SQL: SELECT * FROM `shop_types` WHERE (  fid=6  ) LIMIT 1   [ RunTime:0.0004s ]
SQL: SELECT * FROM `shop_types` WHERE (  fid=6  ) LIMIT 1   [ RunTime:0.0002s ]
SQL: SELECT * FROM `shop_types` WHERE (  fid=9  ) LIMIT 1   [ RunTime:0.0003s ]
SQL: SELECT * FROM `shop_types` WHERE (  pid=0  ) ORDER BY types desc  [ RunTime:0.0003s ]
INFO: [ view_parse ] --START--
INFO: [ template_filter ] --START--
INFO: Run Behavior\ContentReplaceBehavior [ RunTime:0.000048s ]
INFO: [ template_filter ] --END-- [ RunTime:0.000090s ]
INFO: Run Behavior\ParseTemplateBehavior [ RunTime:0.005571s ]
INFO: [ view_parse ] --END-- [ RunTime:0.005617s ]
INFO: [ view_filter ] --START--
INFO: Run Behavior\WriteHtmlCacheBehavior [ RunTime:0.000039s ]
INFO: [ view_filter ] --END-- [ RunTime:0.000066s ]
INFO: [ app_end ] --START--
INFO: Run Behavior\ShowPageTraceBehavior [ RunTime:0.000035s ]
INFO: [ app_end ] --END-- [ RunTime:0.000066s ]

[ 2017-05-25T20:16:42+08:00 ] 127.0.0.1 /index.php/Admin/Goods/types/p/3.html
INFO: [ app_init ] --START--
INFO: Run Behavior\BuildLiteBehavior [ RunTime:0.000010s ]
INFO: [ app_init ] --END-- [ RunTime:0.000074s ]
INFO: [ app_begin ] --START--
INFO: Run Behavior\ReadHtmlCacheBehavior [ RunTime:0.000031s ]
INFO: [ app_begin ] --END-- [ RunTime:0.000065s ]
SQL: SHOW COLUMNS FROM `shop_types` [ RunTime:0.0006s ]
SQL: SELECT COUNT(*) AS tp_count FROM `shop_types` WHERE (  pid!=0  ) LIMIT 1   [ RunTime:0.0002s ]
SQL: SELECT * FROM `shop_types` WHERE (  pid!=0  ) ORDER BY pid  LIMIT 8,4   [ RunTime:0.0003s ]
SQL: SELECT * FROM `shop_types` WHERE (  fid=9  ) LIMIT 1   [ RunTime:0.0003s ]
SQL: SELECT * FROM `shop_types` WHERE (  fid=13  ) LIMIT 1   [ RunTime:0.0003s ]
SQL: SELECT * FROM `shop_types` WHERE (  fid=13  ) LIMIT 1   [ RunTime:0.0002s ]
SQL: SELECT * FROM `shop_types` WHERE (  fid=13  ) LIMIT 1   [ RunTime:0.0001s ]
SQL: SELECT * FROM `shop_types` WHERE (  pid=0  ) ORDER BY types desc  [ RunTime:0.0001s ]
INFO: [ view_parse ] --START--
INFO: [ template_filter ] --START--
INFO: Run Behavior\ContentReplaceBehavior [ RunTime:0.000057s ]
INFO: [ template_filter ] --END-- [ RunTime:0.000112s ]
INFO: Run Behavior\ParseTemplateBehavior [ RunTime:0.007402s ]
INFO: [ view_parse ] --END-- [ RunTime:0.007444s ]
INFO: [ view_filter ] --START--
INFO: Run Behavior\WriteHtmlCacheBehavior [ RunTime:0.000040s ]
INFO: [ view_filter ] --END-- [ RunTime:0.000069s ]
INFO: [ app_end ] --START--
INFO: Run Behavior\ShowPageTraceBehavior [ RunTime:0.000033s ]
INFO: [ app_end ] --END-- [ RunTime:0.000068s ]

[ 2017-05-25T20:16:43+08:00 ] 127.0.0.1 /index.php/Admin/Goods/types/p/4.html
INFO: [ app_init ] --START--
INFO: Run Behavior\BuildLiteBehavior [ RunTime:0.000010s ]
INFO: [ app_init ] --END-- [ RunTime:0.000069s ]
INFO: [ app_begin ] --START--
INFO: Run Behavior\ReadHtmlCacheBehavior [ RunTime:0.000028s ]
INFO: [ app_begin ] --END-- [ RunTime:0.000058s ]
SQL: SHOW COLUMNS FROM `shop_types` [ RunTime:0.0004s ]
SQL: SELECT COUNT(*) AS tp_count FROM `shop_types` WHERE (  pid!=0  ) LIMIT 1   [ RunTime:0.0001s ]
SQL: SELECT * FROM `shop_types` WHERE (  pid!=0  ) ORDER BY pid  LIMIT 12,4   [ RunTime:0.0002s ]
SQL: SELECT * FROM `shop_types` WHERE (  fid=18  ) LIMIT 1   [ RunTime:0.0001s ]
SQL: SELECT * FROM `shop_types` WHERE (  fid=18  ) LIMIT 1   [ RunTime:0.0000s ]
SQL: SELECT * FROM `shop_types` WHERE (  fid=18  ) LIMIT 1   [ RunTime:0.0000s ]
SQL: SELECT * FROM `shop_types` WHERE (  fid=22  ) LIMIT 1   [ RunTime:0.0001s ]
SQL: SELECT * FROM `shop_types` WHERE (  pid=0  ) ORDER BY types desc  [ RunTime:0.0000s ]
INFO: [ view_parse ] --START--
INFO: [ template_filter ] --START--
INFO: Run Behavior\ContentReplaceBehavior [ RunTime:0.000041s ]
INFO: [ template_filter ] --END-- [ RunTime:0.000085s ]
INFO: Run Behavior\ParseTemplateBehavior [ RunTime:0.005467s ]
INFO: [ view_parse ] --END-- [ RunTime:0.005496s ]
INFO: [ view_filter ] --START--
INFO: Run Behavior\WriteHtmlCacheBehavior [ RunTime:0.000028s ]
INFO: [ view_filter ] --END-- [ RunTime:0.000048s ]
INFO: [ app_end ] --START--
INFO: Run Behavior\ShowPageTraceBehavior [ RunTime:0.000023s ]
INFO: [ app_end ] --END-- [ RunTime:0.000045s ]

[ 2017-05-25T20:16:44+08:00 ] 127.0.0.1 /index.php/Admin/Goods/types/p/5.html
INFO: [ app_init ] --START--
INFO: Run Behavior\BuildLiteBehavior [ RunTime:0.000009s ]
INFO: [ app_init ] --END-- [ RunTime:0.000057s ]
INFO: [ app_begin ] --START--
INFO: Run Behavior\ReadHtmlCacheBehavior [ RunTime:0.000024s ]
INFO: [ app_begin ] --END-- [ RunTime:0.000047s ]
SQL: SHOW COLUMNS FROM `shop_types` [ RunTime:0.0010s ]
SQL: SELECT COUNT(*) AS tp_count FROM `shop_types` WHERE (  pid!=0  ) LIMIT 1   [ RunTime:0.0001s ]
SQL: SELECT * FROM `shop_types` WHERE (  pid!=0  ) ORDER BY pid  LIMIT 16,4   [ RunTime:0.0006s ]
SQL: SELECT * FROM `shop_types` WHERE (  fid=22  ) LIMIT 1   [ RunTime:0.0002s ]
SQL: SELECT * FROM `shop_types` WHERE (  pid=0  ) ORDER BY types desc  [ RunTime:0.0003s ]
INFO: [ view_parse ] --START--
INFO: [ template_filter ] --START--
INFO: Run Behavior\ContentReplaceBehavior [ RunTime:0.000055s ]
INFO: [ template_filter ] --END-- [ RunTime:0.000106s ]
INFO: Run Behavior\ParseTemplateBehavior [ RunTime:0.007359s ]
INFO: [ view_parse ] --END-- [ RunTime:0.007402s ]
INFO: [ view_filter ] --START--
INFO: Run Behavior\WriteHtmlCacheBehavior [ RunTime:0.000044s ]
INFO: [ view_filter ] --END-- [ RunTime:0.000073s ]
INFO: [ app_end ] --START--
INFO: Run Behavior\ShowPageTraceBehavior [ RunTime:0.000041s ]
INFO: [ app_end ] --END-- [ RunTime:0.000077s ]

[ 2017-05-25T20:16:46+08:00 ] 127.0.0.1 /index.php/Admin/Goods/types/p/1.html
INFO: [ app_init ] --START--
INFO: Run Behavior\BuildLiteBehavior [ RunTime:0.000008s ]
INFO: [ app_init ] --END-- [ RunTime:0.000054s ]
INFO: [ app_begin ] --START--
INFO: Run Behavior\ReadHtmlCacheBehavior [ RunTime:0.000021s ]
INFO: [ app_begin ] --END-- [ RunTime:0.000044s ]
SQL: SHOW COLUMNS FROM `shop_types` [ RunTime:0.0004s ]
SQL: SELECT COUNT(*) AS tp_count FROM `shop_types` WHERE (  pid!=0  ) LIMIT 1   [ RunTime:0.0001s ]
SQL: SELECT * FROM `shop_types` WHERE (  pid!=0  ) ORDER BY pid  LIMIT 0,4   [ RunTime:0.0002s ]
SQL: SELECT * FROM `shop_types` WHERE (  fid=1  ) LIMIT 1   [ RunTime:0.0002s ]
SQL: SELECT * FROM `shop_types` WHERE (  fid=1  ) LIMIT 1   [ RunTime:0.0002s ]
SQL: SELECT * FROM `shop_types` WHERE (  fid=1  ) LIMIT 1   [ RunTime:0.0002s ]
SQL: SELECT * FROM `shop_types` WHERE (  fid=1  ) LIMIT 1   [ RunTime:0.0003s ]
SQL: SELECT * FROM `shop_types` WHERE (  pid=0  ) ORDER BY types desc  [ RunTime:0.0000s ]
INFO: [ view_parse ] --START--
INFO: [ template_filter ] --START--
INFO: Run Behavior\ContentReplaceBehavior [ RunTime:0.000050s ]
INFO: [ template_filter ] --END-- [ RunTime:0.000102s ]
INFO: Run Behavior\ParseTemplateBehavior [ RunTime:0.006527s ]
INFO: [ view_parse ] --END-- [ RunTime:0.006564s ]
INFO: [ view_filter ] --START--
INFO: Run Behavior\WriteHtmlCacheBehavior [ RunTime:0.000035s ]
INFO: [ view_filter ] --END-- [ RunTime:0.000061s ]
INFO: [ app_end ] --START--
INFO: Run Behavior\ShowPageTraceBehavior [ RunTime:0.000047s ]
INFO: [ app_end ] --END-- [ RunTime:0.000093s ]

[ 2017-05-25T20:16:48+08:00 ] 127.0.0.1 /index.php/Admin/Goods/types/p/2.html
INFO: [ app_init ] --START--
INFO: Run Behavior\BuildLiteBehavior [ RunTime:0.000008s ]
INFO: [ app_init ] --END-- [ RunTime:0.000062s ]
INFO: [ app_begin ] --START--
INFO: Run Behavior\ReadHtmlCacheBehavior [ RunTime:0.000025s ]
INFO: [ app_begin ] --END-- [ RunTime:0.000048s ]
SQL: SHOW COLUMNS FROM `shop_types` [ RunTime:0.0004s ]
SQL: SELECT COUNT(*) AS tp_count FROM `shop_types` WHERE (  pid!=0  ) LIMIT 1   [ RunTime:0.0001s ]
SQL: SELECT * FROM `shop_types` WHERE (  pid!=0  ) ORDER BY pid  LIMIT 4,4   [ RunTime:0.0001s ]
SQL: SELECT * FROM `shop_types` WHERE (  fid=1  ) LIMIT 1   [ RunTime:0.0001s ]
SQL: SELECT * FROM `shop_types` WHERE (  fid=6  ) LIMIT 1   [ RunTime:0.0001s ]
SQL: SELECT * FROM `shop_types` WHERE (  fid=6  ) LIMIT 1   [ RunTime:0.0001s ]
SQL: SELECT * FROM `shop_types` WHERE (  fid=9  ) LIMIT 1   [ RunTime:0.0000s ]
SQL: SELECT * FROM `shop_types` WHERE (  pid=0  ) ORDER BY types desc  [ RunTime:0.0000s ]
INFO: [ view_parse ] --START--
INFO: [ template_filter ] --START--
INFO: Run Behavior\ContentReplaceBehavior [ RunTime:0.000135s ]
INFO: [ template_filter ] --END-- [ RunTime:0.000262s ]
INFO: Run Behavior\ParseTemplateBehavior [ RunTime:0.010409s ]
INFO: [ view_parse ] --END-- [ RunTime:0.010441s ]
INFO: [ view_filter ] --START--
INFO: Run Behavior\WriteHtmlCacheBehavior [ RunTime:0.000031s ]
INFO: [ view_filter ] --END-- [ RunTime:0.000052s ]
INFO: [ app_end ] --START--
INFO: Run Behavior\ShowPageTraceBehavior [ RunTime:0.000025s ]
INFO: [ app_end ] --END-- [ RunTime:0.000047s ]

[ 2017-05-25T20:16:49+08:00 ] 127.0.0.1 /index.php/Admin/Goods/types/p/1.html
INFO: [ app_init ] --START--
INFO: Run Behavior\BuildLiteBehavior [ RunTime:0.000014s ]
INFO: [ app_init ] --END-- [ RunTime:0.000094s ]
INFO: [ app_begin ] --START--
INFO: Run Behavior\ReadHtmlCacheBehavior [ RunTime:0.000043s ]
INFO: [ app_begin ] --END-- [ RunTime:0.000088s ]
SQL: SHOW COLUMNS FROM `shop_types` [ RunTime:0.0006s ]
SQL: SELECT COUNT(*) AS tp_count FROM `shop_types` WHERE (  pid!=0  ) LIMIT 1   [ RunTime:0.0001s ]
SQL: SELECT * FROM `shop_types` WHERE (  pid!=0  ) ORDER BY pid  LIMIT 0,4   [ RunTime:0.0001s ]
SQL: SELECT * FROM `shop_types` WHERE (  fid=1  ) LIMIT 1   [ RunTime:0.0000s ]
SQL: SELECT * FROM `shop_types` WHERE (  fid=1  ) LIMIT 1   [ RunTime:0.0000s ]
SQL: SELECT * FROM `shop_types` WHERE (  fid=1  ) LIMIT 1   [ RunTime:0.0000s ]
SQL: SELECT * FROM `shop_types` WHERE (  fid=1  ) LIMIT 1   [ RunTime:0.0000s ]
SQL: SELECT * FROM `shop_types` WHERE (  pid=0  ) ORDER BY types desc  [ RunTime:0.0000s ]
INFO: [ view_parse ] --START--
INFO: [ template_filter ] --START--
INFO: Run Behavior\ContentReplaceBehavior [ RunTime:0.000041s ]
INFO: [ template_filter ] --END-- [ RunTime:0.000083s ]
INFO: Run Behavior\ParseTemplateBehavior [ RunTime:0.005584s ]
INFO: [ view_parse ] --END-- [ RunTime:0.005612s ]
INFO: [ view_filter ] --START--
INFO: Run Behavior\WriteHtmlCacheBehavior [ RunTime:0.000029s ]
INFO: [ view_filter ] --END-- [ RunTime:0.000049s ]
INFO: [ app_end ] --START--
INFO: Run Behavior\ShowPageTraceBehavior [ RunTime:0.000022s ]
INFO: [ app_end ] --END-- [ RunTime:0.000045s ]

[ 2017-05-25T20:16:50+08:00 ] 127.0.0.1 /index.php/Admin/Goods/types/p/2.html
INFO: [ app_init ] --START--
INFO: Run Behavior\BuildLiteBehavior [ RunTime:0.000009s ]
INFO: [ app_init ] --END-- [ RunTime:0.000058s ]
INFO: [ app_begin ] --START--
INFO: Run Behavior\ReadHtmlCacheBehavior [ RunTime:0.000023s ]
INFO: [ app_begin ] --END-- [ RunTime:0.000048s ]
SQL: SHOW COLUMNS FROM `shop_types` [ RunTime:0.0005s ]
SQL: SELECT COUNT(*) AS tp_count FROM `shop_types` WHERE (  pid!=0  ) LIMIT 1   [ RunTime:0.0002s ]
SQL: SELECT * FROM `shop_types` WHERE (  pid!=0  ) ORDER BY pid  LIMIT 4,4   [ RunTime:0.0003s ]
SQL: SELECT * FROM `shop_types` WHERE (  fid=1  ) LIMIT 1   [ RunTime:0.0003s ]
SQL: SELECT * FROM `shop_types` WHERE (  fid=6  ) LIMIT 1   [ RunTime:0.0002s ]
SQL: SELECT * FROM `shop_types` WHERE (  fid=6  ) LIMIT 1   [ RunTime:0.0002s ]
SQL: SELECT * FROM `shop_types` WHERE (  fid=9  ) LIMIT 1   [ RunTime:0.0001s ]
SQL: SELECT * FROM `shop_types` WHERE (  pid=0  ) ORDER BY types desc  [ RunTime:0.0001s ]
INFO: [ view_parse ] --START--
INFO: [ template_filter ] --START--
INFO: Run Behavior\ContentReplaceBehavior [ RunTime:0.000042s ]
INFO: [ template_filter ] --END-- [ RunTime:0.000077s ]
INFO: Run Behavior\ParseTemplateBehavior [ RunTime:0.008161s ]
INFO: [ view_parse ] --END-- [ RunTime:0.008201s ]
INFO: [ view_filter ] --START--
INFO: Run Behavior\WriteHtmlCacheBehavior [ RunTime:0.000031s ]
INFO: [ view_filter ] --END-- [ RunTime:0.000052s ]
INFO: [ app_end ] --START--
INFO: Run Behavior\ShowPageTraceBehavior [ RunTime:0.000026s ]
INFO: [ app_end ] --END-- [ RunTime:0.000050s ]

[ 2017-05-25T20:16:52+08:00 ] 127.0.0.1 /index.php/Admin/Goods/types/p/1.html
INFO: [ app_init ] --START--
INFO: Run Behavior\BuildLiteBehavior [ RunTime:0.000010s ]
INFO: [ app_init ] --END-- [ RunTime:0.000065s ]
INFO: [ app_begin ] --START--
INFO: Run Behavior\ReadHtmlCacheBehavior [ RunTime:0.000027s ]
INFO: [ app_begin ] --END-- [ RunTime:0.000052s ]
SQL: SHOW COLUMNS FROM `shop_types` [ RunTime:0.0005s ]
SQL: SELECT COUNT(*) AS tp_count FROM `shop_types` WHERE (  pid!=0  ) LIMIT 1   [ RunTime:0.0003s ]
SQL: SELECT * FROM `shop_types` WHERE (  pid!=0  ) ORDER BY pid  LIMIT 0,4   [ RunTime:0.0003s ]
SQL: SELECT * FROM `shop_types` WHERE (  fid=1  ) LIMIT 1   [ RunTime:0.0003s ]
SQL: SELECT * FROM `shop_types` WHERE (  fid=1  ) LIMIT 1   [ RunTime:0.0003s ]
SQL: SELECT * FROM `shop_types` WHERE (  fid=1  ) LIMIT 1   [ RunTime:0.0003s ]
SQL: SELECT * FROM `shop_types` WHERE (  fid=1  ) LIMIT 1   [ RunTime:0.0003s ]
SQL: SELECT * FROM `shop_types` WHERE (  pid=0  ) ORDER BY types desc  [ RunTime:0.0003s ]
INFO: [ view_parse ] --START--
INFO: [ template_filter ] --START--
INFO: Run Behavior\ContentReplaceBehavior [ RunTime:0.000059s ]
INFO: [ template_filter ] --END-- [ RunTime:0.000119s ]
INFO: Run Behavior\ParseTemplateBehavior [ RunTime:0.008670s ]
INFO: [ view_parse ] --END-- [ RunTime:0.008723s ]
INFO: [ view_filter ] --START--
INFO: Run Behavior\WriteHtmlCacheBehavior [ RunTime:0.000049s ]
INFO: [ view_filter ] --END-- [ RunTime:0.000082s ]
INFO: [ app_end ] --START--
INFO: Run Behavior\ShowPageTraceBehavior [ RunTime:0.000043s ]
INFO: [ app_end ] --END-- [ RunTime:0.000083s ]

[ 2017-05-25T20:17:14+08:00 ] 127.0.0.1 /Admin/Goods/typesform
INFO: [ app_init ] --START--
INFO: Run Behavior\BuildLiteBehavior [ RunTime:0.000027s ]
INFO: [ app_init ] --END-- [ RunTime:0.000200s ]
INFO: [ app_begin ] --START--
INFO: Run Behavior\ReadHtmlCacheBehavior [ RunTime:0.000090s ]
INFO: [ app_begin ] --END-- [ RunTime:0.000181s ]
SQL: SHOW COLUMNS FROM `shop_types` [ RunTime:0.0004s ]
SQL: SELECT * FROM `shop_types` WHERE (  pid=0  ) ORDER BY types desc  [ RunTime:0.0001s ]
INFO: [ view_parse ] --START--
INFO: [ template_filter ] --START--
INFO: Run Behavior\ContentReplaceBehavior [ RunTime:0.000150s ]
INFO: [ template_filter ] --END-- [ RunTime:0.000276s ]
INFO: Run Behavior\ParseTemplateBehavior [ RunTime:0.006139s ]
INFO: [ view_parse ] --END-- [ RunTime:0.006177s ]
INFO: [ view_filter ] --START--
INFO: Run Behavior\WriteHtmlCacheBehavior [ RunTime:0.000041s ]
INFO: [ view_filter ] --END-- [ RunTime:0.000062s ]
INFO: [ app_end ] --START--
INFO: Run Behavior\ShowPageTraceBehavior [ RunTime:0.000037s ]
INFO: [ app_end ] --END-- [ RunTime:0.000059s ]

[ 2017-05-25T20:17:17+08:00 ] 127.0.0.1 /Admin/Goods/goodsform
INFO: [ app_init ] --START--
INFO: Run Behavior\BuildLiteBehavior [ RunTime:0.000026s ]
INFO: [ app_init ] --END-- [ RunTime:0.000192s ]
INFO: [ app_begin ] --START--
INFO: Run Behavior\ReadHtmlCacheBehavior [ RunTime:0.000087s ]
INFO: [ app_begin ] --END-- [ RunTime:0.000178s ]
SQL: SHOW COLUMNS FROM `shop_types` [ RunTime:0.0004s ]
SQL: SELECT * FROM `shop_types` WHERE (  pid=0  ) ORDER BY types desc  [ RunTime:0.0001s ]
INFO: [ view_parse ] --START--
INFO: [ template_filter ] --START--
INFO: Run Behavior\ContentReplaceBehavior [ RunTime:0.000066s ]
INFO: [ template_filter ] --END-- [ RunTime:0.000121s ]
INFO: Run Behavior\ParseTemplateBehavior [ RunTime:0.005910s ]
INFO: [ view_parse ] --END-- [ RunTime:0.005955s ]
INFO: [ view_filter ] --START--
INFO: Run Behavior\WriteHtmlCacheBehavior [ RunTime:0.000051s ]
INFO: [ view_filter ] --END-- [ RunTime:0.000084s ]
INFO: [ app_end ] --START--
INFO: Run Behavior\ShowPageTraceBehavior [ RunTime:0.000047s ]
INFO: [ app_end ] --END-- [ RunTime:0.000087s ]

[ 2017-05-25T20:20:01+08:00 ] 127.0.0.1 /Admin/Goods/goodsform
INFO: [ app_init ] --START--
INFO: Run Behavior\BuildLiteBehavior [ RunTime:0.000009s ]
INFO: [ app_init ] --END-- [ RunTime:0.000064s ]
INFO: [ app_begin ] --START--
INFO: Run Behavior\ReadHtmlCacheBehavior [ RunTime:0.000028s ]
INFO: [ app_begin ] --END-- [ RunTime:0.000053s ]
SQL: SHOW COLUMNS FROM `shop_types` [ RunTime:0.0004s ]
SQL: SELECT * FROM `shop_types` WHERE (  pid=0  ) ORDER BY types desc  [ RunTime:0.0001s ]
INFO: [ view_parse ] --START--
INFO: [ template_filter ] --START--
INFO: Run Behavior\ContentReplaceBehavior [ RunTime:0.000050s ]
INFO: [ template_filter ] --END-- [ RunTime:0.000096s ]
INFO: Run Behavior\ParseTemplateBehavior [ RunTime:0.006011s ]
INFO: [ view_parse ] --END-- [ RunTime:0.006049s ]
INFO: [ view_filter ] --START--
INFO: Run Behavior\WriteHtmlCacheBehavior [ RunTime:0.000045s ]
INFO: [ view_filter ] --END-- [ RunTime:0.000067s ]
INFO: [ app_end ] --START--
INFO: Run Behavior\ShowPageTraceBehavior [ RunTime:0.000039s ]
INFO: [ app_end ] --END-- [ RunTime:0.000069s ]

[ 2017-05-25T20:20:26+08:00 ] 127.0.0.1 /Admin/Goods/goodsform
INFO: [ app_init ] --START--
INFO: Run Behavior\BuildLiteBehavior [ RunTime:0.000010s ]
INFO: [ app_init ] --END-- [ RunTime:0.000075s ]
INFO: [ app_begin ] --START--
INFO: Run Behavior\ReadHtmlCacheBehavior [ RunTime:0.000029s ]
INFO: [ app_begin ] --END-- [ RunTime:0.000054s ]
SQL: SHOW COLUMNS FROM `shop_types` [ RunTime:0.0004s ]
SQL: SELECT * FROM `shop_types` WHERE (  pid=0  ) ORDER BY types desc  [ RunTime:0.0001s ]
INFO: [ view_parse ] --START--
INFO: [ template_filter ] --START--
INFO: Run Behavior\ContentReplaceBehavior [ RunTime:0.000051s ]
INFO: [ template_filter ] --END-- [ RunTime:0.000096s ]
INFO: Run Behavior\ParseTemplateBehavior [ RunTime:0.006657s ]
INFO: [ view_parse ] --END-- [ RunTime:0.006695s ]
INFO: [ view_filter ] --START--
INFO: Run Behavior\WriteHtmlCacheBehavior [ RunTime:0.000043s ]
INFO: [ view_filter ] --END-- [ RunTime:0.000080s ]
INFO: [ app_end ] --START--
INFO: Run Behavior\ShowPageTraceBehavior [ RunTime:0.000100s ]
INFO: [ app_end ] --END-- [ RunTime:0.000189s ]

[ 2017-05-25T20:20:26+08:00 ] 127.0.0.1 /Admin/Goods/goodsform
INFO: [ app_init ] --START--
INFO: Run Behavior\BuildLiteBehavior [ RunTime:0.000009s ]
INFO: [ app_init ] --END-- [ RunTime:0.000060s ]
INFO: [ app_begin ] --START--
INFO: Run Behavior\ReadHtmlCacheBehavior [ RunTime:0.000026s ]
INFO: [ app_begin ] --END-- [ RunTime:0.000051s ]
SQL: SHOW COLUMNS FROM `shop_types` [ RunTime:0.0004s ]
SQL: SELECT * FROM `shop_types` WHERE (  pid=0  ) ORDER BY types desc  [ RunTime:0.0001s ]
INFO: [ view_parse ] --START--
INFO: [ template_filter ] --START--
INFO: Run Behavior\ContentReplaceBehavior [ RunTime:0.000051s ]
INFO: [ template_filter ] --END-- [ RunTime:0.000097s ]
INFO: Run Behavior\ParseTemplateBehavior [ RunTime:0.008960s ]
INFO: [ view_parse ] --END-- [ RunTime:0.008996s ]
INFO: [ view_filter ] --START--
INFO: Run Behavior\WriteHtmlCacheBehavior [ RunTime:0.000035s ]
INFO: [ view_filter ] --END-- [ RunTime:0.000075s ]
INFO: [ app_end ] --START--
INFO: Run Behavior\ShowPageTraceBehavior [ RunTime:0.000028s ]
INFO: [ app_end ] --END-- [ RunTime:0.000056s ]

[ 2017-05-25T20:22:19+08:00 ] 127.0.0.1 /Admin/Goods/goodsform
INFO: [ app_init ] --START--
INFO: Run Behavior\BuildLiteBehavior [ RunTime:0.000017s ]
INFO: [ app_init ] --END-- [ RunTime:0.000125s ]
INFO: [ app_begin ] --START--
INFO: Run Behavior\ReadHtmlCacheBehavior [ RunTime:0.000042s ]
INFO: [ app_begin ] --END-- [ RunTime:0.000071s ]
SQL: SHOW COLUMNS FROM `shop_types` [ RunTime:0.0009s ]
SQL: SELECT * FROM `shop_types` WHERE (  pid=0  ) ORDER BY types desc  [ RunTime:0.0001s ]
INFO: [ view_parse ] --START--
INFO: [ template_filter ] --START--
INFO: Run Behavior\ContentReplaceBehavior [ RunTime:0.000073s ]
INFO: [ template_filter ] --END-- [ RunTime:0.000145s ]
INFO: Run Behavior\ParseTemplateBehavior [ RunTime:0.007463s ]
INFO: [ view_parse ] --END-- [ RunTime:0.007505s ]
INFO: [ view_filter ] --START--
INFO: Run Behavior\WriteHtmlCacheBehavior [ RunTime:0.000047s ]
INFO: [ view_filter ] --END-- [ RunTime:0.000069s ]
INFO: [ app_end ] --START--
INFO: Run Behavior\ShowPageTraceBehavior [ RunTime:0.000048s ]
INFO: [ app_end ] --END-- [ RunTime:0.000082s ]

[ 2017-05-25T20:22:33+08:00 ] 127.0.0.1 /Admin/Goods/goodsform
INFO: [ app_init ] --START--
INFO: Run Behavior\BuildLiteBehavior [ RunTime:0.000009s ]
INFO: [ app_init ] --END-- [ RunTime:0.000062s ]
INFO: [ app_begin ] --START--
INFO: Run Behavior\ReadHtmlCacheBehavior [ RunTime:0.000028s ]
INFO: [ app_begin ] --END-- [ RunTime:0.000052s ]
SQL: SHOW COLUMNS FROM `shop_types` [ RunTime:0.0004s ]
SQL: SELECT * FROM `shop_types` WHERE (  pid=0  ) ORDER BY types desc  [ RunTime:0.0001s ]
INFO: [ view_parse ] --START--
INFO: [ template_filter ] --START--
INFO: Run Behavior\ContentReplaceBehavior [ RunTime:0.000159s ]
INFO: [ template_filter ] --END-- [ RunTime:0.000292s ]
INFO: Run Behavior\ParseTemplateBehavior [ RunTime:0.007538s ]
INFO: [ view_parse ] --END-- [ RunTime:0.007633s ]
INFO: [ view_filter ] --START--
INFO: Run Behavior\WriteHtmlCacheBehavior [ RunTime:0.000114s ]
INFO: [ view_filter ] --END-- [ RunTime:0.000192s ]
INFO: [ app_end ] --START--
INFO: Run Behavior\ShowPageTraceBehavior [ RunTime:0.000030s ]
INFO: [ app_end ] --END-- [ RunTime:0.000053s ]

